[DEBUG] 2024-05-01 20-39-41.502 [http-nio-8080-exec-7] IntegratorServiceImpl - Adding Integrator [org.hibernate.cfg.beanvalidation.BeanValidationIntegrator].
[DEBUG] 2024-05-01 20-39-41.510 [http-nio-8080-exec-7] IntegratorServiceImpl - Adding Integrator [org.hibernate.secure.spi.JaccIntegrator].
[DEBUG] 2024-05-01 20-39-41.516 [http-nio-8080-exec-7] IntegratorServiceImpl - Adding Integrator [org.hibernate.cache.internal.CollectionCacheInvalidator].
[INFO ] 2024-05-01 20-39-41.592 [http-nio-8080-exec-7] Version - HHH000412: Hibernate Core {5.4.4.Final}
[DEBUG] 2024-05-01 20-39-41.593 [http-nio-8080-exec-7] Environment - HHH000206: hibernate.properties not found
[DEBUG] 2024-05-01 20-39-41.742 [http-nio-8080-exec-7] LocalXmlResourceResolver - Interpreting public/system identifier : [-//Hibernate/Hibernate Configuration DTD//EN] - [http://www.hibernate.org/dtd/hibernate-configuration-3.0.dtd]
[DEBUG] 2024-05-01 20-39-41.742 [http-nio-8080-exec-7] LocalXmlResourceResolver - Recognized hibernate-configuration identifier; attempting to resolve on classpath under org/hibernate/
[DEBUG] 2024-05-01 20-39-41.744 [http-nio-8080-exec-7] JaxbCfgProcessor - cfg.xml document did not define namespaces; wrapping in custom event reader to introduce namespace information
[DEBUG] 2024-05-01 20-39-41.970 [http-nio-8080-exec-7] ServiceBinding - Overriding existing service binding [org.hibernate.secure.spi.JaccService]
[DEBUG] 2024-05-01 20-39-41.990 [http-nio-8080-exec-7] RegionFactoryInitiator - Cannot default RegionFactory based on registered strategies as `[]` RegionFactory strategies were registered
[DEBUG] 2024-05-01 20-39-41.991 [http-nio-8080-exec-7] RegionFactoryInitiator - Cache region factory : org.hibernate.cache.internal.NoCachingRegionFactory
[INFO ] 2024-05-01 20-39-42.017 [http-nio-8080-exec-7] Version - HCANN000001: Hibernate Commons Annotations {5.1.0.Final}
[DEBUG] 2024-05-01 20-39-42.056 [http-nio-8080-exec-7] BasicTypeRegistry - Adding type registration boolean -> org.hibernate.type.BooleanType@7f5cdefc
[DEBUG] 2024-05-01 20-39-42.056 [http-nio-8080-exec-7] BasicTypeRegistry - Adding type registration boolean -> org.hibernate.type.BooleanType@7f5cdefc
[DEBUG] 2024-05-01 20-39-42.056 [http-nio-8080-exec-7] BasicTypeRegistry - Adding type registration java.lang.Boolean -> org.hibernate.type.BooleanType@7f5cdefc
[DEBUG] 2024-05-01 20-39-42.057 [http-nio-8080-exec-7] BasicTypeRegistry - Adding type registration numeric_boolean -> org.hibernate.type.NumericBooleanType@6927d032
[DEBUG] 2024-05-01 20-39-42.057 [http-nio-8080-exec-7] BasicTypeRegistry - Adding type registration true_false -> org.hibernate.type.TrueFalseType@57cb827
[DEBUG] 2024-05-01 20-39-42.058 [http-nio-8080-exec-7] BasicTypeRegistry - Adding type registration yes_no -> org.hibernate.type.YesNoType@8624b3f
[DEBUG] 2024-05-01 20-39-42.059 [http-nio-8080-exec-7] BasicTypeRegistry - Adding type registration byte -> org.hibernate.type.ByteType@64c9ebd3
[DEBUG] 2024-05-01 20-39-42.059 [http-nio-8080-exec-7] BasicTypeRegistry - Adding type registration byte -> org.hibernate.type.ByteType@64c9ebd3
[DEBUG] 2024-05-01 20-39-42.059 [http-nio-8080-exec-7] BasicTypeRegistry - Adding type registration java.lang.Byte -> org.hibernate.type.ByteType@64c9ebd3
[DEBUG] 2024-05-01 20-39-42.060 [http-nio-8080-exec-7] BasicTypeRegistry - Adding type registration character -> org.hibernate.type.CharacterType@50836642
[DEBUG] 2024-05-01 20-39-42.060 [http-nio-8080-exec-7] BasicTypeRegistry - Adding type registration char -> org.hibernate.type.CharacterType@50836642
[DEBUG] 2024-05-01 20-39-42.060 [http-nio-8080-exec-7] BasicTypeRegistry - Adding type registration java.lang.Character -> org.hibernate.type.CharacterType@50836642
[DEBUG] 2024-05-01 20-39-42.061 [http-nio-8080-exec-7] BasicTypeRegistry - Adding type registration short -> org.hibernate.type.ShortType@4becd119
[DEBUG] 2024-05-01 20-39-42.062 [http-nio-8080-exec-7] BasicTypeRegistry - Adding type registration short -> org.hibernate.type.ShortType@4becd119
[DEBUG] 2024-05-01 20-39-42.062 [http-nio-8080-exec-7] BasicTypeRegistry - Adding type registration java.lang.Short -> org.hibernate.type.ShortType@4becd119
[DEBUG] 2024-05-01 20-39-42.063 [http-nio-8080-exec-7] BasicTypeRegistry - Adding type registration integer -> org.hibernate.type.IntegerType@2668b244
[DEBUG] 2024-05-01 20-39-42.063 [http-nio-8080-exec-7] BasicTypeRegistry - Adding type registration int -> org.hibernate.type.IntegerType@2668b244
[DEBUG] 2024-05-01 20-39-42.063 [http-nio-8080-exec-7] BasicTypeRegistry - Adding type registration java.lang.Integer -> org.hibernate.type.IntegerType@2668b244
[DEBUG] 2024-05-01 20-39-42.064 [http-nio-8080-exec-7] BasicTypeRegistry - Adding type registration long -> org.hibernate.type.LongType@501df6da
[DEBUG] 2024-05-01 20-39-42.064 [http-nio-8080-exec-7] BasicTypeRegistry - Adding type registration long -> org.hibernate.type.LongType@501df6da
[DEBUG] 2024-05-01 20-39-42.064 [http-nio-8080-exec-7] BasicTypeRegistry - Adding type registration java.lang.Long -> org.hibernate.type.LongType@501df6da
[DEBUG] 2024-05-01 20-39-42.065 [http-nio-8080-exec-7] BasicTypeRegistry - Adding type registration float -> org.hibernate.type.FloatType@36ea5ddb
[DEBUG] 2024-05-01 20-39-42.065 [http-nio-8080-exec-7] BasicTypeRegistry - Adding type registration float -> org.hibernate.type.FloatType@36ea5ddb
[DEBUG] 2024-05-01 20-39-42.066 [http-nio-8080-exec-7] BasicTypeRegistry - Adding type registration java.lang.Float -> org.hibernate.type.FloatType@36ea5ddb
[DEBUG] 2024-05-01 20-39-42.067 [http-nio-8080-exec-7] BasicTypeRegistry - Adding type registration double -> org.hibernate.type.DoubleType@4d43ed22
[DEBUG] 2024-05-01 20-39-42.067 [http-nio-8080-exec-7] BasicTypeRegistry - Adding type registration double -> org.hibernate.type.DoubleType@4d43ed22
[DEBUG] 2024-05-01 20-39-42.067 [http-nio-8080-exec-7] BasicTypeRegistry - Adding type registration java.lang.Double -> org.hibernate.type.DoubleType@4d43ed22
[DEBUG] 2024-05-01 20-39-42.068 [http-nio-8080-exec-7] BasicTypeRegistry - Adding type registration big_decimal -> org.hibernate.type.BigDecimalType@e5a80d3
[DEBUG] 2024-05-01 20-39-42.068 [http-nio-8080-exec-7] BasicTypeRegistry - Adding type registration java.math.BigDecimal -> org.hibernate.type.BigDecimalType@e5a80d3
[DEBUG] 2024-05-01 20-39-42.068 [http-nio-8080-exec-7] BasicTypeRegistry - Adding type registration big_integer -> org.hibernate.type.BigIntegerType@7d19ea42
[DEBUG] 2024-05-01 20-39-42.069 [http-nio-8080-exec-7] BasicTypeRegistry - Adding type registration java.math.BigInteger -> org.hibernate.type.BigIntegerType@7d19ea42
[DEBUG] 2024-05-01 20-39-42.069 [http-nio-8080-exec-7] BasicTypeRegistry - Adding type registration string -> org.hibernate.type.StringType@738812a9
[DEBUG] 2024-05-01 20-39-42.069 [http-nio-8080-exec-7] BasicTypeRegistry - Adding type registration java.lang.String -> org.hibernate.type.StringType@738812a9
[DEBUG] 2024-05-01 20-39-42.070 [http-nio-8080-exec-7] BasicTypeRegistry - Adding type registration nstring -> org.hibernate.type.StringNVarcharType@71146eda
[DEBUG] 2024-05-01 20-39-42.070 [http-nio-8080-exec-7] BasicTypeRegistry - Adding type registration ncharacter -> org.hibernate.type.CharacterNCharType@2f06a12a
[DEBUG] 2024-05-01 20-39-42.071 [http-nio-8080-exec-7] BasicTypeRegistry - Adding type registration url -> org.hibernate.type.UrlType@4d5c73ef
[DEBUG] 2024-05-01 20-39-42.071 [http-nio-8080-exec-7] BasicTypeRegistry - Adding type registration java.net.URL -> org.hibernate.type.UrlType@4d5c73ef
[DEBUG] 2024-05-01 20-39-42.072 [http-nio-8080-exec-7] BasicTypeRegistry - Adding type registration Duration -> org.hibernate.type.DurationType@c401001
[DEBUG] 2024-05-01 20-39-42.072 [http-nio-8080-exec-7] BasicTypeRegistry - Adding type registration java.time.Duration -> org.hibernate.type.DurationType@c401001
[DEBUG] 2024-05-01 20-39-42.076 [http-nio-8080-exec-7] BasicTypeRegistry - Adding type registration Instant -> org.hibernate.type.InstantType@7d7d006d
[DEBUG] 2024-05-01 20-39-42.076 [http-nio-8080-exec-7] BasicTypeRegistry - Adding type registration java.time.Instant -> org.hibernate.type.InstantType@7d7d006d
[DEBUG] 2024-05-01 20-39-42.078 [http-nio-8080-exec-7] BasicTypeRegistry - Adding type registration LocalDateTime -> org.hibernate.type.LocalDateTimeType@4c3bef51
[DEBUG] 2024-05-01 20-39-42.078 [http-nio-8080-exec-7] BasicTypeRegistry - Adding type registration java.time.LocalDateTime -> org.hibernate.type.LocalDateTimeType@4c3bef51
[DEBUG] 2024-05-01 20-39-42.079 [http-nio-8080-exec-7] BasicTypeRegistry - Adding type registration LocalDate -> org.hibernate.type.LocalDateType@78abbcd6
[DEBUG] 2024-05-01 20-39-42.079 [http-nio-8080-exec-7] BasicTypeRegistry - Adding type registration java.time.LocalDate -> org.hibernate.type.LocalDateType@78abbcd6
[DEBUG] 2024-05-01 20-39-42.080 [http-nio-8080-exec-7] BasicTypeRegistry - Adding type registration LocalTime -> org.hibernate.type.LocalTimeType@1c2edd87
[DEBUG] 2024-05-01 20-39-42.080 [http-nio-8080-exec-7] BasicTypeRegistry - Adding type registration java.time.LocalTime -> org.hibernate.type.LocalTimeType@1c2edd87
[DEBUG] 2024-05-01 20-39-42.083 [http-nio-8080-exec-7] BasicTypeRegistry - Adding type registration OffsetDateTime -> org.hibernate.type.OffsetDateTimeType@5abd4f02
[DEBUG] 2024-05-01 20-39-42.083 [http-nio-8080-exec-7] BasicTypeRegistry - Adding type registration java.time.OffsetDateTime -> org.hibernate.type.OffsetDateTimeType@5abd4f02
[DEBUG] 2024-05-01 20-39-42.084 [http-nio-8080-exec-7] BasicTypeRegistry - Adding type registration OffsetTime -> org.hibernate.type.OffsetTimeType@1cd8f8f0
[DEBUG] 2024-05-01 20-39-42.084 [http-nio-8080-exec-7] BasicTypeRegistry - Adding type registration java.time.OffsetTime -> org.hibernate.type.OffsetTimeType@1cd8f8f0
[DEBUG] 2024-05-01 20-39-42.085 [http-nio-8080-exec-7] BasicTypeRegistry - Adding type registration ZonedDateTime -> org.hibernate.type.ZonedDateTimeType@181f243
[DEBUG] 2024-05-01 20-39-42.085 [http-nio-8080-exec-7] BasicTypeRegistry - Adding type registration java.time.ZonedDateTime -> org.hibernate.type.ZonedDateTimeType@181f243
[DEBUG] 2024-05-01 20-39-42.087 [http-nio-8080-exec-7] BasicTypeRegistry - Adding type registration date -> org.hibernate.type.DateType@2e7ae558
[DEBUG] 2024-05-01 20-39-42.087 [http-nio-8080-exec-7] BasicTypeRegistry - Adding type registration java.sql.Date -> org.hibernate.type.DateType@2e7ae558
[DEBUG] 2024-05-01 20-39-42.088 [http-nio-8080-exec-7] BasicTypeRegistry - Adding type registration time -> org.hibernate.type.TimeType@25a6e342
[DEBUG] 2024-05-01 20-39-42.088 [http-nio-8080-exec-7] BasicTypeRegistry - Adding type registration java.sql.Time -> org.hibernate.type.TimeType@25a6e342
[DEBUG] 2024-05-01 20-39-42.089 [http-nio-8080-exec-7] BasicTypeRegistry - Adding type registration timestamp -> org.hibernate.type.TimestampType@56c2259c
[DEBUG] 2024-05-01 20-39-42.089 [http-nio-8080-exec-7] BasicTypeRegistry - Adding type registration java.sql.Timestamp -> org.hibernate.type.TimestampType@56c2259c
[DEBUG] 2024-05-01 20-39-42.089 [http-nio-8080-exec-7] BasicTypeRegistry - Adding type registration java.util.Date -> org.hibernate.type.TimestampType@56c2259c
[DEBUG] 2024-05-01 20-39-42.090 [http-nio-8080-exec-7] BasicTypeRegistry - Adding type registration dbtimestamp -> org.hibernate.type.DbTimestampType@10b12a36
[DEBUG] 2024-05-01 20-39-42.091 [http-nio-8080-exec-7] BasicTypeRegistry - Adding type registration calendar -> org.hibernate.type.CalendarType@73ee3ab7
[DEBUG] 2024-05-01 20-39-42.091 [http-nio-8080-exec-7] BasicTypeRegistry - Adding type registration java.util.Calendar -> org.hibernate.type.CalendarType@73ee3ab7
[DEBUG] 2024-05-01 20-39-42.091 [http-nio-8080-exec-7] BasicTypeRegistry - Adding type registration java.util.GregorianCalendar -> org.hibernate.type.CalendarType@73ee3ab7
[DEBUG] 2024-05-01 20-39-42.092 [http-nio-8080-exec-7] BasicTypeRegistry - Adding type registration calendar_date -> org.hibernate.type.CalendarDateType@7fd59270
[DEBUG] 2024-05-01 20-39-42.093 [http-nio-8080-exec-7] BasicTypeRegistry - Adding type registration locale -> org.hibernate.type.LocaleType@1e0740a9
[DEBUG] 2024-05-01 20-39-42.093 [http-nio-8080-exec-7] BasicTypeRegistry - Adding type registration java.util.Locale -> org.hibernate.type.LocaleType@1e0740a9
[DEBUG] 2024-05-01 20-39-42.094 [http-nio-8080-exec-7] BasicTypeRegistry - Adding type registration currency -> org.hibernate.type.CurrencyType@5495dd6b
[DEBUG] 2024-05-01 20-39-42.094 [http-nio-8080-exec-7] BasicTypeRegistry - Adding type registration java.util.Currency -> org.hibernate.type.CurrencyType@5495dd6b
[DEBUG] 2024-05-01 20-39-42.095 [http-nio-8080-exec-7] BasicTypeRegistry - Adding type registration timezone -> org.hibernate.type.TimeZoneType@8183ca8
[DEBUG] 2024-05-01 20-39-42.095 [http-nio-8080-exec-7] BasicTypeRegistry - Adding type registration java.util.TimeZone -> org.hibernate.type.TimeZoneType@8183ca8
[DEBUG] 2024-05-01 20-39-42.096 [http-nio-8080-exec-7] BasicTypeRegistry - Adding type registration class -> org.hibernate.type.ClassType@1458c38
[DEBUG] 2024-05-01 20-39-42.096 [http-nio-8080-exec-7] BasicTypeRegistry - Adding type registration java.lang.Class -> org.hibernate.type.ClassType@1458c38
[DEBUG] 2024-05-01 20-39-42.097 [http-nio-8080-exec-7] BasicTypeRegistry - Adding type registration uuid-binary -> org.hibernate.type.UUIDBinaryType@54ef202b
[DEBUG] 2024-05-01 20-39-42.097 [http-nio-8080-exec-7] BasicTypeRegistry - Adding type registration java.util.UUID -> org.hibernate.type.UUIDBinaryType@54ef202b
[DEBUG] 2024-05-01 20-39-42.098 [http-nio-8080-exec-7] BasicTypeRegistry - Adding type registration uuid-char -> org.hibernate.type.UUIDCharType@ff8dc0f
[DEBUG] 2024-05-01 20-39-42.099 [http-nio-8080-exec-7] BasicTypeRegistry - Adding type registration binary -> org.hibernate.type.BinaryType@6183ad09
[DEBUG] 2024-05-01 20-39-42.099 [http-nio-8080-exec-7] BasicTypeRegistry - Adding type registration byte[] -> org.hibernate.type.BinaryType@6183ad09
[DEBUG] 2024-05-01 20-39-42.099 [http-nio-8080-exec-7] BasicTypeRegistry - Adding type registration [B -> org.hibernate.type.BinaryType@6183ad09
[DEBUG] 2024-05-01 20-39-42.100 [http-nio-8080-exec-7] BasicTypeRegistry - Adding type registration wrapper-binary -> org.hibernate.type.WrapperBinaryType@2de9d6b1
[DEBUG] 2024-05-01 20-39-42.100 [http-nio-8080-exec-7] BasicTypeRegistry - Adding type registration Byte[] -> org.hibernate.type.WrapperBinaryType@2de9d6b1
[DEBUG] 2024-05-01 20-39-42.100 [http-nio-8080-exec-7] BasicTypeRegistry - Adding type registration [Ljava.lang.Byte; -> org.hibernate.type.WrapperBinaryType@2de9d6b1
[DEBUG] 2024-05-01 20-39-42.101 [http-nio-8080-exec-7] BasicTypeRegistry - Adding type registration row_version -> org.hibernate.type.RowVersionType@498be108
[DEBUG] 2024-05-01 20-39-42.101 [http-nio-8080-exec-7] BasicTypeRegistry - Adding type registration image -> org.hibernate.type.ImageType@35579e41
[DEBUG] 2024-05-01 20-39-42.102 [http-nio-8080-exec-7] BasicTypeRegistry - Adding type registration characters -> org.hibernate.type.CharArrayType@2f124fff
[DEBUG] 2024-05-01 20-39-42.102 [http-nio-8080-exec-7] BasicTypeRegistry - Adding type registration char[] -> org.hibernate.type.CharArrayType@2f124fff
[DEBUG] 2024-05-01 20-39-42.102 [http-nio-8080-exec-7] BasicTypeRegistry - Adding type registration [C -> org.hibernate.type.CharArrayType@2f124fff
[DEBUG] 2024-05-01 20-39-42.103 [http-nio-8080-exec-7] BasicTypeRegistry - Adding type registration wrapper-characters -> org.hibernate.type.CharacterArrayType@5a5d3ba4
[DEBUG] 2024-05-01 20-39-42.103 [http-nio-8080-exec-7] BasicTypeRegistry - Adding type registration [Ljava.lang.Character; -> org.hibernate.type.CharacterArrayType@5a5d3ba4
[DEBUG] 2024-05-01 20-39-42.103 [http-nio-8080-exec-7] BasicTypeRegistry - Adding type registration Character[] -> org.hibernate.type.CharacterArrayType@5a5d3ba4
[DEBUG] 2024-05-01 20-39-42.104 [http-nio-8080-exec-7] BasicTypeRegistry - Adding type registration text -> org.hibernate.type.TextType@d780867
[DEBUG] 2024-05-01 20-39-42.104 [http-nio-8080-exec-7] BasicTypeRegistry - Adding type registration ntext -> org.hibernate.type.NTextType@13e1315e
[DEBUG] 2024-05-01 20-39-42.106 [http-nio-8080-exec-7] BasicTypeRegistry - Adding type registration blob -> org.hibernate.type.BlobType@c7d1512
[DEBUG] 2024-05-01 20-39-42.106 [http-nio-8080-exec-7] BasicTypeRegistry - Adding type registration java.sql.Blob -> org.hibernate.type.BlobType@c7d1512
[DEBUG] 2024-05-01 20-39-42.106 [http-nio-8080-exec-7] BasicTypeRegistry - Adding type registration materialized_blob -> org.hibernate.type.MaterializedBlobType@46af0ad4
[DEBUG] 2024-05-01 20-39-42.107 [http-nio-8080-exec-7] BasicTypeRegistry - Adding type registration clob -> org.hibernate.type.ClobType@37ee481c
[DEBUG] 2024-05-01 20-39-42.107 [http-nio-8080-exec-7] BasicTypeRegistry - Adding type registration java.sql.Clob -> org.hibernate.type.ClobType@37ee481c
[DEBUG] 2024-05-01 20-39-42.109 [http-nio-8080-exec-7] BasicTypeRegistry - Adding type registration nclob -> org.hibernate.type.NClobType@28abdb50
[DEBUG] 2024-05-01 20-39-42.109 [http-nio-8080-exec-7] BasicTypeRegistry - Adding type registration java.sql.NClob -> org.hibernate.type.NClobType@28abdb50
[DEBUG] 2024-05-01 20-39-42.109 [http-nio-8080-exec-7] BasicTypeRegistry - Adding type registration materialized_clob -> org.hibernate.type.MaterializedClobType@39bed849
[DEBUG] 2024-05-01 20-39-42.110 [http-nio-8080-exec-7] BasicTypeRegistry - Adding type registration materialized_nclob -> org.hibernate.type.MaterializedNClobType@22101140
[DEBUG] 2024-05-01 20-39-42.111 [http-nio-8080-exec-7] BasicTypeRegistry - Adding type registration serializable -> org.hibernate.type.SerializableType@2b597070
[DEBUG] 2024-05-01 20-39-42.115 [http-nio-8080-exec-7] BasicTypeRegistry - Adding type registration object -> org.hibernate.type.ObjectType@2733b524
[DEBUG] 2024-05-01 20-39-42.115 [http-nio-8080-exec-7] BasicTypeRegistry - Adding type registration java.lang.Object -> org.hibernate.type.ObjectType@2733b524
[DEBUG] 2024-05-01 20-39-42.115 [http-nio-8080-exec-7] BasicTypeRegistry - Adding type registration imm_date -> org.hibernate.type.AdaptedImmutableType@13b6dc07
[DEBUG] 2024-05-01 20-39-42.115 [http-nio-8080-exec-7] BasicTypeRegistry - Adding type registration imm_time -> org.hibernate.type.AdaptedImmutableType@3ea452f4
[DEBUG] 2024-05-01 20-39-42.115 [http-nio-8080-exec-7] BasicTypeRegistry - Adding type registration imm_timestamp -> org.hibernate.type.AdaptedImmutableType@7e4142c2
[DEBUG] 2024-05-01 20-39-42.116 [http-nio-8080-exec-7] BasicTypeRegistry - Adding type registration imm_dbtimestamp -> org.hibernate.type.AdaptedImmutableType@61fc0968
[DEBUG] 2024-05-01 20-39-42.116 [http-nio-8080-exec-7] BasicTypeRegistry - Adding type registration imm_calendar -> org.hibernate.type.AdaptedImmutableType@440fb7b4
[DEBUG] 2024-05-01 20-39-42.116 [http-nio-8080-exec-7] BasicTypeRegistry - Adding type registration imm_calendar_date -> org.hibernate.type.AdaptedImmutableType@58206e33
[DEBUG] 2024-05-01 20-39-42.116 [http-nio-8080-exec-7] BasicTypeRegistry - Adding type registration imm_binary -> org.hibernate.type.AdaptedImmutableType@2c0370a7
[DEBUG] 2024-05-01 20-39-42.116 [http-nio-8080-exec-7] BasicTypeRegistry - Adding type registration imm_serializable -> org.hibernate.type.AdaptedImmutableType@2d359b06
[DEBUG] 2024-05-01 20-39-42.144 [http-nio-8080-exec-7] DefaultIdentifierGeneratorFactory - Registering IdentifierGenerator strategy [uuid2] -> [org.hibernate.id.UUIDGenerator]
[DEBUG] 2024-05-01 20-39-42.145 [http-nio-8080-exec-7] DefaultIdentifierGeneratorFactory - Registering IdentifierGenerator strategy [guid] -> [org.hibernate.id.GUIDGenerator]
[DEBUG] 2024-05-01 20-39-42.146 [http-nio-8080-exec-7] DefaultIdentifierGeneratorFactory - Registering IdentifierGenerator strategy [uuid] -> [org.hibernate.id.UUIDHexGenerator]
[DEBUG] 2024-05-01 20-39-42.146 [http-nio-8080-exec-7] DefaultIdentifierGeneratorFactory - Registering IdentifierGenerator strategy [uuid.hex] -> [org.hibernate.id.UUIDHexGenerator]
[DEBUG] 2024-05-01 20-39-42.147 [http-nio-8080-exec-7] DefaultIdentifierGeneratorFactory - Registering IdentifierGenerator strategy [assigned] -> [org.hibernate.id.Assigned]
[DEBUG] 2024-05-01 20-39-42.148 [http-nio-8080-exec-7] DefaultIdentifierGeneratorFactory - Registering IdentifierGenerator strategy [identity] -> [org.hibernate.id.IdentityGenerator]
[DEBUG] 2024-05-01 20-39-42.148 [http-nio-8080-exec-7] DefaultIdentifierGeneratorFactory - Registering IdentifierGenerator strategy [select] -> [org.hibernate.id.SelectGenerator]
[DEBUG] 2024-05-01 20-39-42.150 [http-nio-8080-exec-7] DefaultIdentifierGeneratorFactory - Registering IdentifierGenerator strategy [sequence] -> [org.hibernate.id.enhanced.SequenceStyleGenerator]
[DEBUG] 2024-05-01 20-39-42.151 [http-nio-8080-exec-7] DefaultIdentifierGeneratorFactory - Registering IdentifierGenerator strategy [seqhilo] -> [org.hibernate.id.SequenceHiLoGenerator]
[DEBUG] 2024-05-01 20-39-42.151 [http-nio-8080-exec-7] DefaultIdentifierGeneratorFactory - Registering IdentifierGenerator strategy [increment] -> [org.hibernate.id.IncrementGenerator]
[DEBUG] 2024-05-01 20-39-42.152 [http-nio-8080-exec-7] DefaultIdentifierGeneratorFactory - Registering IdentifierGenerator strategy [foreign] -> [org.hibernate.id.ForeignGenerator]
[DEBUG] 2024-05-01 20-39-42.152 [http-nio-8080-exec-7] DefaultIdentifierGeneratorFactory - Registering IdentifierGenerator strategy [sequence-identity] -> [org.hibernate.id.SequenceIdentityGenerator]
[DEBUG] 2024-05-01 20-39-42.152 [http-nio-8080-exec-7] DefaultIdentifierGeneratorFactory - Registering IdentifierGenerator strategy [enhanced-sequence] -> [org.hibernate.id.enhanced.SequenceStyleGenerator]
[DEBUG] 2024-05-01 20-39-42.153 [http-nio-8080-exec-7] DefaultIdentifierGeneratorFactory - Registering IdentifierGenerator strategy [enhanced-table] -> [org.hibernate.id.enhanced.TableGenerator]
[WARN ] 2024-05-01 20-39-42.156 [http-nio-8080-exec-7] ConnectionProviderInitiator - HHH000022: c3p0 properties were encountered, but the c3p0 provider class was not found on the classpath; these properties are going to be ignored.
[WARN ] 2024-05-01 20-39-42.158 [http-nio-8080-exec-7] pooling - HHH10001002: Using Hibernate built-in connection pool (not for production use!)
[INFO ] 2024-05-01 20-39-42.162 [http-nio-8080-exec-7] pooling - HHH10001005: using driver [com.mysql.cj.jdbc.Driver] at URL [jdbc:mysql://awseb-e-dpzejsp2a8-stack-awsebrdsdatabase-wz6ttdxqntx5.cfruplhcesjs.us-east-2.rds.amazonaws.com:3306/clockit]
[INFO ] 2024-05-01 20-39-42.163 [http-nio-8080-exec-7] pooling - HHH10001001: Connection properties: {password=RootPass., user=root}
[INFO ] 2024-05-01 20-39-42.163 [http-nio-8080-exec-7] pooling - HHH10001003: Autocommit mode: false
[DEBUG] 2024-05-01 20-39-42.166 [http-nio-8080-exec-7] DriverManagerConnectionProviderImpl - Initializing Connection pool with 1 Connections
[INFO ] 2024-05-01 20-39-42.166 [http-nio-8080-exec-7] DriverManagerConnectionProviderImpl - HHH000115: Hibernate connection pool size: 20 (min=1)
[DEBUG] 2024-05-01 20-39-43.064 [http-nio-8080-exec-7] JdbcEnvironmentInitiator - Database ->
       name : MySQL
    version : 8.0.35
      major : 8
      minor : 0
[DEBUG] 2024-05-01 20-39-43.065 [http-nio-8080-exec-7] JdbcEnvironmentInitiator - Driver ->
       name : MySQL Connector/J
    version : mysql-connector-java-8.0.16 (Revision: 34cbc6bc61f72836e26327537a432d6db7c77de6)
      major : 8
      minor : 0
[DEBUG] 2024-05-01 20-39-43.065 [http-nio-8080-exec-7] JdbcEnvironmentInitiator - JDBC version : 4.2
[INFO ] 2024-05-01 20-39-43.089 [http-nio-8080-exec-7] Dialect - HHH000400: Using dialect: org.hibernate.dialect.MySQLDialect
[DEBUG] 2024-05-01 20-39-43.110 [http-nio-8080-exec-7] IdentifierHelperBuilder - JDBC driver metadata reported database stores quoted identifiers in more than one case
[DEBUG] 2024-05-01 20-39-43.189 [http-nio-8080-exec-7] IdentifierHelperBuilder - IdentifierCaseStrategy for both quoted and unquoted identifiers was set to the same strategy [MIXED]; that will likely lead to problems in schema update and validation if using quoted identifiers
[DEBUG] 2024-05-01 20-39-43.267 [http-nio-8080-exec-7] Namespace - Created database namespace [logicalName=Name{catalog=null, schema=null}, physicalName=Name{catalog=null, schema=null}]
[DEBUG] 2024-05-01 20-39-43.276 [http-nio-8080-exec-7] TypeConfiguration$Scope - Scoping TypeConfiguration [org.hibernate.type.spi.TypeConfiguration@4ecd9094] to MetadataBuildingContext [org.hibernate.boot.internal.MetadataBuildingContextRootImpl@5e0d4cd0]
[DEBUG] 2024-05-01 20-39-43.332 [http-nio-8080-exec-7] AnnotationBinder - Binding entity from annotated class: entity.User
[DEBUG] 2024-05-01 20-39-43.356 [http-nio-8080-exec-7] Ejb3Column - Binding column: Ejb3DiscriminatorColumn{logicalColumnName'DTYPE', discriminatorTypeName='string'}
[DEBUG] 2024-05-01 20-39-43.364 [http-nio-8080-exec-7] EntityBinder - Import with entity name User
[DEBUG] 2024-05-01 20-39-43.367 [http-nio-8080-exec-7] EntityBinder - Bind entity entity.User on table users
[DEBUG] 2024-05-01 20-39-43.391 [http-nio-8080-exec-7] Ejb3Column - Binding column: Ejb3Column{table=org.hibernate.mapping.Table(users), mappingColumn=user_id, insertable=true, updatable=true, unique=false}
[DEBUG] 2024-05-01 20-39-43.395 [http-nio-8080-exec-7] PropertyBinder - MetadataSourceProcessor property id with lazy=false
[DEBUG] 2024-05-01 20-39-43.397 [http-nio-8080-exec-7] AbstractPropertyHolder - Attempting to locate auto-apply AttributeConverter for property [entity.User:id]
[DEBUG] 2024-05-01 20-39-43.399 [http-nio-8080-exec-7] SimpleValueBinder - building SimpleValue for id
[DEBUG] 2024-05-01 20-39-43.401 [http-nio-8080-exec-7] PropertyBinder - Building property id
[DEBUG] 2024-05-01 20-39-43.406 [http-nio-8080-exec-7] BinderHelper - #makeIdGenerator(org.hibernate.mapping.SimpleValue([org.hibernate.mapping.Column(user_id)]), id, org.hibernate.id.enhanced.SequenceStyleGenerator, native, ...)
[DEBUG] 2024-05-01 20-39-43.408 [http-nio-8080-exec-7] Ejb3Column - Binding column: Ejb3JoinColumn{logicalColumnName='null', referencedColumn='null', mappedBy='user'}
[DEBUG] 2024-05-01 20-39-43.410 [http-nio-8080-exec-7] Ejb3Column - Binding column: Ejb3Column{table=org.hibernate.mapping.Table(users), mappingColumn=attendance, insertable=true, updatable=true, unique=false}
[DEBUG] 2024-05-01 20-39-43.412 [http-nio-8080-exec-7] Ejb3Column - Binding column: Ejb3Column{table=org.hibernate.mapping.Table(users), mappingColumn=null, insertable=true, updatable=true, unique=false}
[DEBUG] 2024-05-01 20-39-43.421 [http-nio-8080-exec-7] Ejb3Column - Binding column: Ejb3Column{table=org.hibernate.mapping.Table(users), mappingColumn=element, insertable=true, updatable=true, unique=false}
[DEBUG] 2024-05-01 20-39-43.422 [http-nio-8080-exec-7] Ejb3Column - Binding column: Ejb3Column{table=org.hibernate.mapping.Table(users), mappingColumn=attendance_KEY, insertable=true, updatable=true, unique=false}
[DEBUG] 2024-05-01 20-39-43.422 [http-nio-8080-exec-7] Ejb3Column - Binding column: Ejb3JoinColumn{logicalColumnName='attendance_KEY', referencedColumn='null', mappedBy='null'}
[DEBUG] 2024-05-01 20-39-43.424 [http-nio-8080-exec-7] Ejb3Column - Binding column: Ejb3JoinColumn{logicalColumnName='null', referencedColumn='null', mappedBy='user'}
[DEBUG] 2024-05-01 20-39-43.424 [http-nio-8080-exec-7] Ejb3Column - Binding column: Ejb3JoinColumn{logicalColumnName='null', referencedColumn='null', mappedBy='user'}
[DEBUG] 2024-05-01 20-39-43.424 [http-nio-8080-exec-7] CollectionBinder - Collection role: entity.User.attendance
[DEBUG] 2024-05-01 20-39-43.427 [http-nio-8080-exec-7] PropertyBinder - Building property attendance
[DEBUG] 2024-05-01 20-39-43.427 [http-nio-8080-exec-7] Ejb3Column - Binding column: Ejb3Column{table=org.hibernate.mapping.Table(users), mappingColumn=password_hash, insertable=true, updatable=true, unique=false}
[DEBUG] 2024-05-01 20-39-43.427 [http-nio-8080-exec-7] PropertyBinder - MetadataSourceProcessor property passwordHash with lazy=false
[DEBUG] 2024-05-01 20-39-43.427 [http-nio-8080-exec-7] AbstractPropertyHolder - Attempting to locate auto-apply AttributeConverter for property [entity.User:passwordHash]
[DEBUG] 2024-05-01 20-39-43.427 [http-nio-8080-exec-7] SimpleValueBinder - building SimpleValue for passwordHash
[DEBUG] 2024-05-01 20-39-43.427 [http-nio-8080-exec-7] PropertyBinder - Building property passwordHash
[DEBUG] 2024-05-01 20-39-43.427 [http-nio-8080-exec-7] Ejb3Column - Binding column: Ejb3Column{table=org.hibernate.mapping.Table(users), mappingColumn=username, insertable=true, updatable=true, unique=false}
[DEBUG] 2024-05-01 20-39-43.427 [http-nio-8080-exec-7] PropertyBinder - MetadataSourceProcessor property username with lazy=false
[DEBUG] 2024-05-01 20-39-43.427 [http-nio-8080-exec-7] AbstractPropertyHolder - Attempting to locate auto-apply AttributeConverter for property [entity.User:username]
[DEBUG] 2024-05-01 20-39-43.427 [http-nio-8080-exec-7] SimpleValueBinder - building SimpleValue for username
[DEBUG] 2024-05-01 20-39-43.427 [http-nio-8080-exec-7] PropertyBinder - Building property username
[DEBUG] 2024-05-01 20-39-43.428 [http-nio-8080-exec-7] AnnotationBinder - Binding entity from annotated class: entity.Attendance
[DEBUG] 2024-05-01 20-39-43.428 [http-nio-8080-exec-7] Ejb3Column - Binding column: Ejb3DiscriminatorColumn{logicalColumnName'DTYPE', discriminatorTypeName='string'}
[DEBUG] 2024-05-01 20-39-43.428 [http-nio-8080-exec-7] EntityBinder - Import with entity name Attendance
[DEBUG] 2024-05-01 20-39-43.428 [http-nio-8080-exec-7] EntityBinder - Bind entity entity.Attendance on table attendance
[DEBUG] 2024-05-01 20-39-43.431 [http-nio-8080-exec-7] Ejb3Column - Binding column: Ejb3Column{table=org.hibernate.mapping.Table(attendance), mappingColumn=attendance_id, insertable=true, updatable=true, unique=false}
[DEBUG] 2024-05-01 20-39-43.431 [http-nio-8080-exec-7] PropertyBinder - MetadataSourceProcessor property id with lazy=false
[DEBUG] 2024-05-01 20-39-43.431 [http-nio-8080-exec-7] AbstractPropertyHolder - Attempting to locate auto-apply AttributeConverter for property [entity.Attendance:id]
[DEBUG] 2024-05-01 20-39-43.431 [http-nio-8080-exec-7] SimpleValueBinder - building SimpleValue for id
[DEBUG] 2024-05-01 20-39-43.431 [http-nio-8080-exec-7] PropertyBinder - Building property id
[DEBUG] 2024-05-01 20-39-43.431 [http-nio-8080-exec-7] BinderHelper - #makeIdGenerator(org.hibernate.mapping.SimpleValue([org.hibernate.mapping.Column(attendance_id)]), id, org.hibernate.id.enhanced.SequenceStyleGenerator, native, ...)
[DEBUG] 2024-05-01 20-39-43.431 [http-nio-8080-exec-7] Ejb3Column - Binding column: Ejb3Column{table=org.hibernate.mapping.Table(attendance), mappingColumn=clock_in_time, insertable=true, updatable=true, unique=false}
[DEBUG] 2024-05-01 20-39-43.431 [http-nio-8080-exec-7] PropertyBinder - MetadataSourceProcessor property clockInTime with lazy=false
[DEBUG] 2024-05-01 20-39-43.431 [http-nio-8080-exec-7] AbstractPropertyHolder - Attempting to locate auto-apply AttributeConverter for property [entity.Attendance:clockInTime]
[DEBUG] 2024-05-01 20-39-43.431 [http-nio-8080-exec-7] SimpleValueBinder - building SimpleValue for clockInTime
[DEBUG] 2024-05-01 20-39-43.431 [http-nio-8080-exec-7] PropertyBinder - Building property clockInTime
[DEBUG] 2024-05-01 20-39-43.431 [http-nio-8080-exec-7] Ejb3Column - Binding column: Ejb3Column{table=org.hibernate.mapping.Table(attendance), mappingColumn=clock_out_time, insertable=true, updatable=true, unique=false}
[DEBUG] 2024-05-01 20-39-43.431 [http-nio-8080-exec-7] PropertyBinder - MetadataSourceProcessor property clockOutTime with lazy=false
[DEBUG] 2024-05-01 20-39-43.431 [http-nio-8080-exec-7] AbstractPropertyHolder - Attempting to locate auto-apply AttributeConverter for property [entity.Attendance:clockOutTime]
[DEBUG] 2024-05-01 20-39-43.431 [http-nio-8080-exec-7] SimpleValueBinder - building SimpleValue for clockOutTime
[DEBUG] 2024-05-01 20-39-43.431 [http-nio-8080-exec-7] PropertyBinder - Building property clockOutTime
[DEBUG] 2024-05-01 20-39-43.431 [http-nio-8080-exec-7] Ejb3Column - Binding column: Ejb3Column{table=org.hibernate.mapping.Table(attendance), mappingColumn=status, insertable=true, updatable=true, unique=false}
[DEBUG] 2024-05-01 20-39-43.431 [http-nio-8080-exec-7] PropertyBinder - MetadataSourceProcessor property clockedStatus with lazy=false
[DEBUG] 2024-05-01 20-39-43.432 [http-nio-8080-exec-7] AbstractPropertyHolder - Attempting to locate auto-apply AttributeConverter for property [entity.Attendance:clockedStatus]
[DEBUG] 2024-05-01 20-39-43.432 [http-nio-8080-exec-7] SimpleValueBinder - building SimpleValue for clockedStatus
[DEBUG] 2024-05-01 20-39-43.432 [http-nio-8080-exec-7] PropertyBinder - Building property clockedStatus
[DEBUG] 2024-05-01 20-39-43.432 [http-nio-8080-exec-7] Ejb3Column - Binding column: Ejb3Column{table=org.hibernate.mapping.Table(attendance), mappingColumn=date, insertable=true, updatable=true, unique=false}
[DEBUG] 2024-05-01 20-39-43.432 [http-nio-8080-exec-7] PropertyBinder - MetadataSourceProcessor property date with lazy=false
[DEBUG] 2024-05-01 20-39-43.432 [http-nio-8080-exec-7] AbstractPropertyHolder - Attempting to locate auto-apply AttributeConverter for property [entity.Attendance:date]
[DEBUG] 2024-05-01 20-39-43.432 [http-nio-8080-exec-7] SimpleValueBinder - building SimpleValue for date
[DEBUG] 2024-05-01 20-39-43.432 [http-nio-8080-exec-7] PropertyBinder - Building property date
[DEBUG] 2024-05-01 20-39-43.432 [http-nio-8080-exec-7] Ejb3Column - Binding column: Ejb3JoinColumn{logicalColumnName='user_id', referencedColumn='', mappedBy=''}
[DEBUG] 2024-05-01 20-39-43.432 [http-nio-8080-exec-7] Ejb3Column - Binding column: Ejb3Column{table=org.hibernate.mapping.Table(attendance), mappingColumn=user, insertable=true, updatable=true, unique=false}
[DEBUG] 2024-05-01 20-39-43.435 [http-nio-8080-exec-7] PropertyBinder - Building property user
[DEBUG] 2024-05-01 20-39-43.437 [http-nio-8080-exec-7] SimpleValueBinder - Starting fillSimpleValue for id
[DEBUG] 2024-05-01 20-39-43.437 [http-nio-8080-exec-7] SimpleValueBinder - Starting fillSimpleValue for passwordHash
[DEBUG] 2024-05-01 20-39-43.437 [http-nio-8080-exec-7] SimpleValueBinder - Starting fillSimpleValue for username
[DEBUG] 2024-05-01 20-39-43.437 [http-nio-8080-exec-7] SimpleValueBinder - Starting fillSimpleValue for id
[DEBUG] 2024-05-01 20-39-43.437 [http-nio-8080-exec-7] SimpleValueBinder - Starting fillSimpleValue for clockInTime
[DEBUG] 2024-05-01 20-39-43.437 [http-nio-8080-exec-7] SimpleValueBinder - Starting fillSimpleValue for clockOutTime
[DEBUG] 2024-05-01 20-39-43.437 [http-nio-8080-exec-7] SimpleValueBinder - Starting fillSimpleValue for clockedStatus
[DEBUG] 2024-05-01 20-39-43.437 [http-nio-8080-exec-7] SimpleValueBinder - Starting fillSimpleValue for date
[DEBUG] 2024-05-01 20-39-43.440 [http-nio-8080-exec-7] PrimaryKey - Forcing column [user_id] to be non-null as it is part of the primary key for table [users]
[DEBUG] 2024-05-01 20-39-43.440 [http-nio-8080-exec-7] PrimaryKey - Forcing column [attendance_id] to be non-null as it is part of the primary key for table [attendance]
[DEBUG] 2024-05-01 20-39-43.440 [http-nio-8080-exec-7] CollectionSecondPass - Second pass for collection: entity.User.attendance
[DEBUG] 2024-05-01 20-39-43.441 [http-nio-8080-exec-7] CollectionBinder - Binding a OneToMany: entity.User.attendance through a foreign key
[DEBUG] 2024-05-01 20-39-43.441 [http-nio-8080-exec-7] CollectionBinder - Mapping collection: entity.User.attendance -> attendance
[DEBUG] 2024-05-01 20-39-43.443 [http-nio-8080-exec-7] TableBinder - Retrieving property entity.Attendance.user
[DEBUG] 2024-05-01 20-39-43.443 [http-nio-8080-exec-7] CollectionSecondPass - Mapped collection key: user_id, one-to-many: entity.Attendance
[DEBUG] 2024-05-01 20-39-43.443 [http-nio-8080-exec-7] InFlightMetadataCollectorImpl - Resolving reference to class: entity.User
[DEBUG] 2024-05-01 20-39-43.445 [http-nio-8080-exec-7] InFlightMetadataCollectorImpl - Resolving reference to class: entity.User
[DEBUG] 2024-05-01 20-39-43.480 [http-nio-8080-exec-7] SessionFactoryImpl - Building session factory
[DEBUG] 2024-05-01 20-39-43.481 [http-nio-8080-exec-7] Settings - SessionFactory name : null
[DEBUG] 2024-05-01 20-39-43.481 [http-nio-8080-exec-7] Settings - Automatic flush during beforeCompletion(): enabled
[DEBUG] 2024-05-01 20-39-43.481 [http-nio-8080-exec-7] Settings - Automatic session close at end of transaction: disabled
[DEBUG] 2024-05-01 20-39-43.481 [http-nio-8080-exec-7] Settings - Statistics: disabled
[DEBUG] 2024-05-01 20-39-43.481 [http-nio-8080-exec-7] Settings - Deleted entity synthetic identifier rollback: disabled
[DEBUG] 2024-05-01 20-39-43.481 [http-nio-8080-exec-7] Settings - Default entity-mode: pojo
[DEBUG] 2024-05-01 20-39-43.481 [http-nio-8080-exec-7] Settings - Check Nullability in Core (should be disabled when Bean Validation is on): enabled
[DEBUG] 2024-05-01 20-39-43.481 [http-nio-8080-exec-7] Settings - Allow initialization of lazy state outside session : disabled
[DEBUG] 2024-05-01 20-39-43.481 [http-nio-8080-exec-7] Settings - Using BatchFetchStyle : LEGACY
[DEBUG] 2024-05-01 20-39-43.481 [http-nio-8080-exec-7] Settings - Default batch fetch size: -1
[DEBUG] 2024-05-01 20-39-43.481 [http-nio-8080-exec-7] Settings - Maximum outer join fetch depth: 2
[DEBUG] 2024-05-01 20-39-43.481 [http-nio-8080-exec-7] Settings - Default null ordering: NONE
[DEBUG] 2024-05-01 20-39-43.481 [http-nio-8080-exec-7] Settings - Order SQL updates by primary key: disabled
[DEBUG] 2024-05-01 20-39-43.481 [http-nio-8080-exec-7] Settings - Order SQL inserts for batching: disabled
[DEBUG] 2024-05-01 20-39-43.481 [http-nio-8080-exec-7] Settings - multi-tenancy strategy : NONE
[DEBUG] 2024-05-01 20-39-43.481 [http-nio-8080-exec-7] Settings - JTA Track by Thread: enabled
[DEBUG] 2024-05-01 20-39-43.482 [http-nio-8080-exec-7] Settings - Query language substitutions: {}
[DEBUG] 2024-05-01 20-39-43.482 [http-nio-8080-exec-7] Settings - Named query checking : enabled
[DEBUG] 2024-05-01 20-39-43.482 [http-nio-8080-exec-7] Settings - Second-level cache: disabled
[DEBUG] 2024-05-01 20-39-43.482 [http-nio-8080-exec-7] Settings - Second-level query cache: disabled
[DEBUG] 2024-05-01 20-39-43.482 [http-nio-8080-exec-7] Settings - Second-level query cache factory: null
[DEBUG] 2024-05-01 20-39-43.482 [http-nio-8080-exec-7] Settings - Second-level cache region prefix: null
[DEBUG] 2024-05-01 20-39-43.482 [http-nio-8080-exec-7] Settings - Optimize second-level cache for minimal puts: disabled
[DEBUG] 2024-05-01 20-39-43.482 [http-nio-8080-exec-7] Settings - Structured second-level cache entries: disabled
[DEBUG] 2024-05-01 20-39-43.482 [http-nio-8080-exec-7] Settings - Second-level cache direct-reference entries: disabled
[DEBUG] 2024-05-01 20-39-43.482 [http-nio-8080-exec-7] Settings - Automatic eviction of collection cache: disabled
[DEBUG] 2024-05-01 20-39-43.482 [http-nio-8080-exec-7] Settings - JDBC batch size: 15
[DEBUG] 2024-05-01 20-39-43.482 [http-nio-8080-exec-7] Settings - JDBC batch updates for versioned data: enabled
[DEBUG] 2024-05-01 20-39-43.482 [http-nio-8080-exec-7] Settings - Scrollable result sets: enabled
[DEBUG] 2024-05-01 20-39-43.482 [http-nio-8080-exec-7] Settings - Wrap result sets: disabled
[DEBUG] 2024-05-01 20-39-43.482 [http-nio-8080-exec-7] Settings - JDBC3 getGeneratedKeys(): enabled
[DEBUG] 2024-05-01 20-39-43.482 [http-nio-8080-exec-7] Settings - JDBC result set fetch size: null
[DEBUG] 2024-05-01 20-39-43.482 [http-nio-8080-exec-7] Settings - Connection release mode: AFTER_TRANSACTION
[DEBUG] 2024-05-01 20-39-43.482 [http-nio-8080-exec-7] Settings - Generate SQL with comments: disabled
[DEBUG] 2024-05-01 20-39-43.482 [http-nio-8080-exec-7] Settings - JPA compliance - query : 
[DEBUG] 2024-05-01 20-39-43.482 [http-nio-8080-exec-7] Settings - JPA compliance - closed-handling : 
[DEBUG] 2024-05-01 20-39-43.482 [http-nio-8080-exec-7] Settings - JPA compliance - lists : 
[DEBUG] 2024-05-01 20-39-43.482 [http-nio-8080-exec-7] Settings - JPA compliance - transactions : 
[INFO ] 2024-05-01 20-39-43.540 [http-nio-8080-exec-7] beans - HHH10005002: No explicit CDI BeanManager reference was passed to Hibernate, but CDI is available on the Hibernate ClassLoader.
[DEBUG] 2024-05-01 20-39-43.563 [http-nio-8080-exec-7] SessionFactoryImpl - Session factory constructed with filter configurations : {}
[DEBUG] 2024-05-01 20-39-43.563 [http-nio-8080-exec-7] SessionFactoryImpl - Instantiating session factory with properties: {awt.toolkit=sun.awt.windows.WToolkit, java.specification.version=11, sun.cpu.isalist=amd64, hibernate.c3p0.idle_test_period=3000, sun.jnu.encoding=Cp1252, hibernate.c3p0.min_size=5, sun.arch.data.model=64, java.vendor.url=https://adoptium.net/, catalina.useNaming=true, org.apache.el.GET_CLASSLOADER_USE_PRIVILEGED=false, sun.boot.library.path=C:\Program Files\Java\jdk-11.0.22+7\bin, com.sun.management.jmxremote.ssl=false, sun.java.command=org.apache.catalina.startup.Bootstrap start, jdk.debug=release, java.specification.vendor=Oracle Corporation, java.naming.factory.url.pkgs=org.apache.naming, java.version.date=2024-01-16, java.home=C:\Program Files\Java\jdk-11.0.22+7, ignore.endorsed.dirs=, file.separator=\, java.vm.compressedOopsMode=Zero based, line.separator=
, hibernate.c3p0.timeout=300, java.specification.name=Java Platform API Specification, java.vm.specification.vendor=Oracle Corporation, com.sun.management.jmxremote.password.file=C:\Users\cheve\AppData\Local\JetBrains\IntelliJIdea2023.3\tomcat\e583dc0b-35df-491d-b4e3-c6be821192bb\jmxremote.password, package.definition=sun.,java.,org.apache.catalina.,org.apache.coyote.,org.apache.jasper.,org.apache.naming.,org.apache.tomcat., jdk.tls.ephemeralDHKeySize=2048, hibernate.hbm2ddl.auto=update, user.script=, java.util.logging.config.file=C:\Users\cheve\AppData\Local\JetBrains\IntelliJIdea2023.3\tomcat\e583dc0b-35df-491d-b4e3-c6be821192bb\conf\logging.properties, java.protocol.handler.pkgs=org.apache.catalina.webresources, sun.management.compiler=HotSpot 64-Bit Tiered Compilers, java.runtime.version=11.0.22+7, user.name=cheve, file.encoding=Cp1252, java.vendor.version=Temurin-11.0.22+7, hibernate.connection.driver_class=com.mysql.cj.jdbc.Driver, java.io.tmpdir=C:\Program Files\apache-tomcat-8.5.98\temp, tomcat.util.scan.StandardJarScanFilter.jarsToScan=log4j-taglib*.jar,log4j-web*.jar,log4javascript*.jar,slf4j-taglib*.jar, com.sun.management.jmxremote.port=1099, java.version=11.0.22, tomcat.util.scan.StandardJarScanFilter.jarsToSkip=annotations-api.jar,ant-junit*.jar,ant-launcher*.jar,ant*.jar,asm-*.jar,aspectj*.jar,bcel*.jar,biz.aQute.bnd*.jar,bootstrap.jar,catalina-ant.jar,catalina-ha.jar,catalina-jmx-remote.jar,catalina-storeconfig.jar,catalina-tribes.jar,catalina-ws.jar,catalina.jar,cglib-*.jar,cobertura-*.jar,commons-beanutils*.jar,commons-codec*.jar,commons-collections*.jar,commons-compress*.jar,commons-daemon.jar,commons-dbcp*.jar,commons-digester*.jar,commons-fileupload*.jar,commons-httpclient*.jar,commons-io*.jar,commons-lang*.jar,commons-logging*.jar,commons-math*.jar,commons-pool*.jar,derby-*.jar,dom4j-*.jar,easymock-*.jar,ecj-*.jar,el-api.jar,geronimo-spec-jaxrpc*.jar,h2*.jar,ha-api-*.jar,hamcrest-*.jar,hibernate*.jar,httpclient*.jar,icu4j-*.jar,jasper-el.jar,jasper.jar,jaspic-api.jar,jaxb-*.jar,jaxen-*.jar,jaxws-rt-*.jar,jdom-*.jar,jetty-*.jar,jmx-tools.jar,jmx.jar,jsp-api.jar,jstl.jar,jta*.jar,junit-*.jar,junit.jar,log4j*.jar,mail*.jar,objenesis-*.jar,oraclepki.jar,org.hamcrest.core_*.jar,org.junit_*.jar,oro-*.jar,servlet-api-*.jar,servlet-api.jar,slf4j*.jar,taglibs-standard-spec-*.jar,tagsoup-*.jar,tomcat-api.jar,tomcat-coyote.jar,tomcat-dbcp.jar,tomcat-i18n-*.jar,tomcat-jdbc.jar,tomcat-jni.jar,tomcat-juli-adapters.jar,tomcat-juli.jar,tomcat-util-scan.jar,tomcat-util.jar,tomcat-websocket.jar,tools.jar,unboundid-ldapsdk-*.jar,websocket-api.jar,wsdl4j*.jar,xercesImpl.jar,xml-apis.jar,xmlParserAPIs-*.jar,xmlParserAPIs.jar,xom-*.jar, java.vm.specification.name=Java Virtual Machine Specification, java.awt.printerjob=sun.awt.windows.WPrinterJob, sun.os.patch.level=, connection.driver_class=com.mysql.cj.jdbc.Driver, java.library.path=C:\Program Files\Java\jdk-11.0.22+7\bin;C:\Windows\Sun\Java\bin;C:\Windows\system32;C:\Windows;C:\Windows\system32;C:\Windows;C:\Windows\System32\Wbem;C:\Windows\System32\WindowsPowerShell\v1.0\;C:\Windows\System32\OpenSSH\;C:\Program Files (x86)\NVIDIA Corporation\PhysX\Common;C:\Program Files\NVIDIA Corporation\NVIDIA NvDLISR;C:\Program Files\Git\cmd;C:\Users\cheve\AppData\Local\Microsoft\WindowsApps;C:\Microsoft VS Code\bin;., java.vendor=Eclipse Adoptium, java.specification.maintenance.version=2, java.rmi.server.randomIDs=true, sun.io.unicode.encoding=UnicodeLittle, tomcat.util.buf.StringCache.byte.enabled=true, sun.desktop=windows, hibernate.dialect=org.hibernate.dialect.MySQLDialect, java.class.path=C:\Program Files\apache-tomcat-8.5.98\bin\bootstrap.jar;C:\Program Files\apache-tomcat-8.5.98\bin\tomcat-juli.jar, java.vm.vendor=Eclipse Adoptium, user.variant=, user.timezone=America/Chicago, os.name=Windows 11, java.vm.specification.version=11, sun.java.launcher=SUN_STANDARD, user.country=US, com.sun.management.jmxremote=, sun.cpu.endian=little, user.home=C:\Users\cheve, hibernate.c3p0.max_statements=50, user.language=en, java.awt.graphicsenv=sun.awt.Win32GraphicsEnvironment, package.access=sun.,org.apache.catalina.,org.apache.coyote.,org.apache.jasper.,org.apache.tomcat., server.loader=, com.sun.management.jmxremote.access.file=C:\Users\cheve\AppData\Local\JetBrains\IntelliJIdea2023.3\tomcat\e583dc0b-35df-491d-b4e3-c6be821192bb\jmxremote.access, hibernate.c3p0.max_size=20, java.naming.factory.initial=org.apache.naming.java.javaURLContextFactory, path.separator=;, common.loader="C:/Program Files/apache-tomcat-8.5.98/lib","C:/Program Files/apache-tomcat-8.5.98/lib/*.jar","C:\Program Files\apache-tomcat-8.5.98/lib","C:\Program Files\apache-tomcat-8.5.98/lib/*.jar", hibernate.connection.username=****, os.version=10.0, java.runtime.name=OpenJDK Runtime Environment, hibernate.connection.url=jdbc:mysql://awseb-e-dpzejsp2a8-stack-awsebrdsdatabase-wz6ttdxqntx5.cfruplhcesjs.us-east-2.rds.amazonaws.com:3306/clockit, java.vm.name=OpenJDK 64-Bit Server VM, hibernate.show_sql=true, java.vendor.url.bug=https://github.com/adoptium/adoptium-support/issues, catalina.home=C:\Program Files\apache-tomcat-8.5.98, user.dir=C:\Program Files\apache-tomcat-8.5.98\bin, os.arch=amd64, hibernate.connection.password=****, catalina.base=C:\Users\cheve\AppData\Local\JetBrains\IntelliJIdea2023.3\tomcat\e583dc0b-35df-491d-b4e3-c6be821192bb, shared.loader=, hibernate.boot.CfgXmlAccessService.key=org.hibernate.boot.cfgxml.spi.LoadedConfig@2ed10c45, java.util.logging.manager=org.apache.juli.ClassLoaderLogManager, java.vm.info=mixed mode, java.vm.version=11.0.22+7, hibernate.bytecode.use_reflection_optimizer=false, java.rmi.server.hostname=127.0.0.1, connection.url=jdbc:mysql://awseb-e-dpzejsp2a8-stack-awsebrdsdatabase-wz6ttdxqntx5.cfruplhcesjs.us-east-2.rds.amazonaws.com:3306/clockit, java.class.version=55.0}
[DEBUG] 2024-05-01 20-39-43.583 [http-nio-8080-exec-7] TypeSafeActivator - Unable to acquire Bean Validation ValidatorFactory, skipping activation
[DEBUG] 2024-05-01 20-39-43.583 [http-nio-8080-exec-7] JaccIntegrator - Skipping JACC integration as it was not enabled
[DEBUG] 2024-05-01 20-39-43.583 [http-nio-8080-exec-7] SessionFactoryImpl - Instantiated session factory
[DEBUG] 2024-05-01 20-39-43.583 [http-nio-8080-exec-7] TypeConfiguration$Scope - Scoping TypeConfiguration [org.hibernate.type.spi.TypeConfiguration@4ecd9094] to SessionFactoryImpl [org.hibernate.internal.SessionFactoryImpl@32995202]
[DEBUG] 2024-05-01 20-39-43.630 [http-nio-8080-exec-7] ClassLoaderAccessImpl - Not known whether passed class name [entity.User] is safe
[DEBUG] 2024-05-01 20-39-43.630 [http-nio-8080-exec-7] ClassLoaderAccessImpl - No temp ClassLoader provided; using live ClassLoader for loading potentially unsafe class : entity.User
[DEBUG] 2024-05-01 20-39-43.652 [http-nio-8080-exec-7] ClassLoaderAccessImpl - Not known whether passed class name [entity.User] is safe
[DEBUG] 2024-05-01 20-39-43.652 [http-nio-8080-exec-7] ClassLoaderAccessImpl - No temp ClassLoader provided; using live ClassLoader for loading potentially unsafe class : entity.User
[DEBUG] 2024-05-01 20-39-43.866 [http-nio-8080-exec-7] ClassLoaderAccessImpl - Not known whether passed class name [entity.Attendance] is safe
[DEBUG] 2024-05-01 20-39-43.866 [http-nio-8080-exec-7] ClassLoaderAccessImpl - No temp ClassLoader provided; using live ClassLoader for loading potentially unsafe class : entity.Attendance
[DEBUG] 2024-05-01 20-39-43.866 [http-nio-8080-exec-7] ClassLoaderAccessImpl - Not known whether passed class name [entity.Attendance] is safe
[DEBUG] 2024-05-01 20-39-43.866 [http-nio-8080-exec-7] ClassLoaderAccessImpl - No temp ClassLoader provided; using live ClassLoader for loading potentially unsafe class : entity.Attendance
[DEBUG] 2024-05-01 20-39-43.883 [http-nio-8080-exec-7] AbstractCollectionPersister - Static SQL for collection: entity.User.attendance
[DEBUG] 2024-05-01 20-39-43.883 [http-nio-8080-exec-7] AbstractCollectionPersister -  Row insert: update attendance set user_id=? where attendance_id=?
[DEBUG] 2024-05-01 20-39-43.883 [http-nio-8080-exec-7] AbstractCollectionPersister -  Row update: update attendance set  where attendance_id=?
[DEBUG] 2024-05-01 20-39-43.883 [http-nio-8080-exec-7] AbstractCollectionPersister -  Row delete: update attendance set user_id=null where user_id=? and attendance_id=?
[DEBUG] 2024-05-01 20-39-43.883 [http-nio-8080-exec-7] AbstractCollectionPersister -  One-shot delete: update attendance set user_id=null where user_id=?
[DEBUG] 2024-05-01 20-39-43.886 [http-nio-8080-exec-7] AbstractEntityPersister - Static SQL for entity: entity.User
[DEBUG] 2024-05-01 20-39-43.887 [http-nio-8080-exec-7] AbstractEntityPersister -  Version select: select user_id from users where user_id =?
[DEBUG] 2024-05-01 20-39-43.887 [http-nio-8080-exec-7] AbstractEntityPersister -  Snapshot select: select user_.user_id, user_.password_hash as password2_1_, user_.username as username3_1_ from users user_ where user_.user_id=?
[DEBUG] 2024-05-01 20-39-43.887 [http-nio-8080-exec-7] AbstractEntityPersister -  Insert 0: insert into users (password_hash, username, user_id) values (?, ?, ?)
[DEBUG] 2024-05-01 20-39-43.887 [http-nio-8080-exec-7] AbstractEntityPersister -  Update 0: update users set password_hash=?, username=? where user_id=?
[DEBUG] 2024-05-01 20-39-43.887 [http-nio-8080-exec-7] AbstractEntityPersister -  Delete 0: delete from users where user_id=?
[DEBUG] 2024-05-01 20-39-43.887 [http-nio-8080-exec-7] AbstractEntityPersister -  Identity insert: insert into users (password_hash, username) values (?, ?)
[DEBUG] 2024-05-01 20-39-43.916 [http-nio-8080-exec-7] QuerySpacesImpl - Adding QuerySpace : uid = <gen:0> -> org.hibernate.loader.plan.build.internal.spaces.EntityQuerySpaceImpl@102f51db]
[DEBUG] 2024-05-01 20-39-43.918 [http-nio-8080-exec-7] MetamodelGraphWalker - Visiting attribute path : attendance
[DEBUG] 2024-05-01 20-39-43.923 [http-nio-8080-exec-7] QuerySpacesImpl - Adding QuerySpace : uid = <gen:1> -> org.hibernate.loader.plan.build.internal.spaces.CollectionQuerySpaceImpl@72a5b592]
[DEBUG] 2024-05-01 20-39-43.926 [http-nio-8080-exec-7] QuerySpacesImpl - Adding QuerySpace : uid = <gen:2> -> org.hibernate.loader.plan.build.internal.spaces.EntityQuerySpaceImpl@2c8b124c]
[DEBUG] 2024-05-01 20-39-43.927 [http-nio-8080-exec-7] MetamodelGraphWalker - Visiting attribute path : attendance.clockInTime
[DEBUG] 2024-05-01 20-39-43.927 [http-nio-8080-exec-7] MetamodelGraphWalker - Visiting attribute path : attendance.clockOutTime
[DEBUG] 2024-05-01 20-39-43.927 [http-nio-8080-exec-7] MetamodelGraphWalker - Visiting attribute path : attendance.clockedStatus
[DEBUG] 2024-05-01 20-39-43.927 [http-nio-8080-exec-7] MetamodelGraphWalker - Visiting attribute path : attendance.date
[DEBUG] 2024-05-01 20-39-43.927 [http-nio-8080-exec-7] MetamodelGraphWalker - Visiting attribute path : attendance.user
[DEBUG] 2024-05-01 20-39-43.927 [http-nio-8080-exec-7] MetamodelGraphWalker - Property path deemed to be circular : attendance.user
[DEBUG] 2024-05-01 20-39-43.928 [http-nio-8080-exec-7] MetamodelGraphWalker - Visiting attribute path : passwordHash
[DEBUG] 2024-05-01 20-39-43.928 [http-nio-8080-exec-7] MetamodelGraphWalker - Visiting attribute path : username
[DEBUG] 2024-05-01 20-39-43.928 [http-nio-8080-exec-7] FetchStyleLoadPlanBuildingAssociationVisitationStrategy - Building LoadPlan...
[DEBUG] 2024-05-01 20-39-43.940 [http-nio-8080-exec-7] LoadQueryJoinAndFetchProcessor - processing queryspace <gen:0>
[DEBUG] 2024-05-01 20-39-43.946 [http-nio-8080-exec-7] LoadPlanTreePrinter - LoadPlan(entity=entity.User)
    - Returns
       - EntityReturnImpl(entity=entity.User, querySpaceUid=<gen:0>, path=entity.User)
          - CollectionAttributeFetchImpl(collection=entity.User.attendance, querySpaceUid=<gen:1>, path=entity.User.attendance)
             - (collection element) CollectionFetchableElementEntityGraph(entity=entity.Attendance, querySpaceUid=<gen:2>, path=entity.User.attendance.<elements>)
    - QuerySpaces
       - EntityQuerySpaceImpl(uid=<gen:0>, entity=entity.User)
          - SQL table alias mapping - user0_
          - alias suffix - 0_
          - suffixed key columns - {user_id1_1_0_}
          - JOIN (JoinDefinedByMetadata(attendance)) : <gen:0> -> <gen:1>
             - CollectionQuerySpaceImpl(uid=<gen:1>, collection=entity.User.attendance)
                - SQL table alias mapping - attendance1_
                - alias suffix - 1_
                - suffixed key columns - {user_id6_0_1_}
                - entity-element alias suffix - 2_
                - 2_entity-element suffixed key columns - attendan1_0_2_
                - JOIN (JoinDefinedByMetadata(elements)) : <gen:1> -> <gen:2>
                   - EntityQuerySpaceImpl(uid=<gen:2>, entity=entity.Attendance)
                      - SQL table alias mapping - attendance1_
                      - alias suffix - 2_
                      - suffixed key columns - {attendan1_0_2_}

[DEBUG] 2024-05-01 20-39-43.948 [http-nio-8080-exec-7] EntityLoader - Static select for entity entity.User [NONE]: select user0_.user_id as user_id1_1_0_, user0_.password_hash as password2_1_0_, user0_.username as username3_1_0_, attendance1_.user_id as user_id6_0_1_, attendance1_.attendance_id as attendan1_0_1_, attendance1_.attendance_id as attendan1_0_2_, attendance1_.clock_in_time as clock_in2_0_2_, attendance1_.clock_out_time as clock_ou3_0_2_, attendance1_.status as status4_0_2_, attendance1_.date as date5_0_2_, attendance1_.user_id as user_id6_0_2_ from users user0_ left outer join attendance attendance1_ on user0_.user_id=attendance1_.user_id where user0_.user_id=?
[DEBUG] 2024-05-01 20-39-43.948 [http-nio-8080-exec-7] QuerySpacesImpl - Adding QuerySpace : uid = <gen:0> -> org.hibernate.loader.plan.build.internal.spaces.EntityQuerySpaceImpl@64149f24]
[DEBUG] 2024-05-01 20-39-43.948 [http-nio-8080-exec-7] MetamodelGraphWalker - Visiting attribute path : attendance
[DEBUG] 2024-05-01 20-39-43.948 [http-nio-8080-exec-7] QuerySpacesImpl - Adding QuerySpace : uid = <gen:1> -> org.hibernate.loader.plan.build.internal.spaces.CollectionQuerySpaceImpl@32f908cb]
[DEBUG] 2024-05-01 20-39-43.948 [http-nio-8080-exec-7] QuerySpacesImpl - Adding QuerySpace : uid = <gen:2> -> org.hibernate.loader.plan.build.internal.spaces.EntityQuerySpaceImpl@2b2e4352]
[DEBUG] 2024-05-01 20-39-43.948 [http-nio-8080-exec-7] MetamodelGraphWalker - Visiting attribute path : attendance.clockInTime
[DEBUG] 2024-05-01 20-39-43.948 [http-nio-8080-exec-7] MetamodelGraphWalker - Visiting attribute path : attendance.clockOutTime
[DEBUG] 2024-05-01 20-39-43.948 [http-nio-8080-exec-7] MetamodelGraphWalker - Visiting attribute path : attendance.clockedStatus
[DEBUG] 2024-05-01 20-39-43.948 [http-nio-8080-exec-7] MetamodelGraphWalker - Visiting attribute path : attendance.date
[DEBUG] 2024-05-01 20-39-43.948 [http-nio-8080-exec-7] MetamodelGraphWalker - Visiting attribute path : attendance.user
[DEBUG] 2024-05-01 20-39-43.948 [http-nio-8080-exec-7] MetamodelGraphWalker - Property path deemed to be circular : attendance.user
[DEBUG] 2024-05-01 20-39-43.948 [http-nio-8080-exec-7] MetamodelGraphWalker - Visiting attribute path : passwordHash
[DEBUG] 2024-05-01 20-39-43.948 [http-nio-8080-exec-7] MetamodelGraphWalker - Visiting attribute path : username
[DEBUG] 2024-05-01 20-39-43.948 [http-nio-8080-exec-7] FetchStyleLoadPlanBuildingAssociationVisitationStrategy - Building LoadPlan...
[DEBUG] 2024-05-01 20-39-43.948 [http-nio-8080-exec-7] LoadQueryJoinAndFetchProcessor - processing queryspace <gen:0>
[DEBUG] 2024-05-01 20-39-43.949 [http-nio-8080-exec-7] LoadPlanTreePrinter - LoadPlan(entity=entity.User)
    - Returns
       - EntityReturnImpl(entity=entity.User, querySpaceUid=<gen:0>, path=entity.User)
          - CollectionAttributeFetchImpl(collection=entity.User.attendance, querySpaceUid=<gen:1>, path=entity.User.attendance)
             - (collection element) CollectionFetchableElementEntityGraph(entity=entity.Attendance, querySpaceUid=<gen:2>, path=entity.User.attendance.<elements>)
    - QuerySpaces
       - EntityQuerySpaceImpl(uid=<gen:0>, entity=entity.User)
          - SQL table alias mapping - user0_
          - alias suffix - 0_
          - suffixed key columns - {user_id1_1_0_}
          - JOIN (JoinDefinedByMetadata(attendance)) : <gen:0> -> <gen:1>
             - CollectionQuerySpaceImpl(uid=<gen:1>, collection=entity.User.attendance)
                - SQL table alias mapping - attendance1_
                - alias suffix - 1_
                - suffixed key columns - {user_id6_0_1_}
                - entity-element alias suffix - 2_
                - 2_entity-element suffixed key columns - attendan1_0_2_
                - JOIN (JoinDefinedByMetadata(elements)) : <gen:1> -> <gen:2>
                   - EntityQuerySpaceImpl(uid=<gen:2>, entity=entity.Attendance)
                      - SQL table alias mapping - attendance1_
                      - alias suffix - 2_
                      - suffixed key columns - {attendan1_0_2_}

[DEBUG] 2024-05-01 20-39-43.949 [http-nio-8080-exec-7] EntityLoader - Static select for entity entity.User [READ]: select user0_.user_id as user_id1_1_0_, user0_.password_hash as password2_1_0_, user0_.username as username3_1_0_, attendance1_.user_id as user_id6_0_1_, attendance1_.attendance_id as attendan1_0_1_, attendance1_.attendance_id as attendan1_0_2_, attendance1_.clock_in_time as clock_in2_0_2_, attendance1_.clock_out_time as clock_ou3_0_2_, attendance1_.status as status4_0_2_, attendance1_.date as date5_0_2_, attendance1_.user_id as user_id6_0_2_ from users user0_ left outer join attendance attendance1_ on user0_.user_id=attendance1_.user_id where user0_.user_id=?
[DEBUG] 2024-05-01 20-39-43.963 [http-nio-8080-exec-7] Loader - Static select for action ACTION_MERGE on entity entity.User: select user0_.user_id as user_id1_1_1_, user0_.password_hash as password2_1_1_, user0_.username as username3_1_1_, attendance1_.user_id as user_id6_0_3_, attendance1_.attendance_id as attendan1_0_3_, attendance1_.attendance_id as attendan1_0_0_, attendance1_.clock_in_time as clock_in2_0_0_, attendance1_.clock_out_time as clock_ou3_0_0_, attendance1_.status as status4_0_0_, attendance1_.date as date5_0_0_, attendance1_.user_id as user_id6_0_0_ from users user0_ left outer join attendance attendance1_ on user0_.user_id=attendance1_.user_id where user0_.user_id=?
[DEBUG] 2024-05-01 20-39-43.964 [http-nio-8080-exec-7] Loader - Static select for action ACTION_REFRESH on entity entity.User: select user0_.user_id as user_id1_1_1_, user0_.password_hash as password2_1_1_, user0_.username as username3_1_1_, attendance1_.user_id as user_id6_0_3_, attendance1_.attendance_id as attendan1_0_3_, attendance1_.attendance_id as attendan1_0_0_, attendance1_.clock_in_time as clock_in2_0_0_, attendance1_.clock_out_time as clock_ou3_0_0_, attendance1_.status as status4_0_0_, attendance1_.date as date5_0_0_, attendance1_.user_id as user_id6_0_0_ from users user0_ left outer join attendance attendance1_ on user0_.user_id=attendance1_.user_id where user0_.user_id=?
[DEBUG] 2024-05-01 20-39-43.964 [http-nio-8080-exec-7] AbstractEntityPersister - Static SQL for entity: entity.Attendance
[DEBUG] 2024-05-01 20-39-43.964 [http-nio-8080-exec-7] AbstractEntityPersister -  Version select: select attendance_id from attendance where attendance_id =?
[DEBUG] 2024-05-01 20-39-43.964 [http-nio-8080-exec-7] AbstractEntityPersister -  Snapshot select: select attendance_.attendance_id, attendance_.clock_in_time as clock_in2_0_, attendance_.clock_out_time as clock_ou3_0_, attendance_.status as status4_0_, attendance_.date as date5_0_, attendance_.user_id as user_id6_0_ from attendance attendance_ where attendance_.attendance_id=?
[DEBUG] 2024-05-01 20-39-43.964 [http-nio-8080-exec-7] AbstractEntityPersister -  Insert 0: insert into attendance (clock_in_time, clock_out_time, status, date, user_id, attendance_id) values (?, ?, ?, ?, ?, ?)
[DEBUG] 2024-05-01 20-39-43.964 [http-nio-8080-exec-7] AbstractEntityPersister -  Update 0: update attendance set clock_in_time=?, clock_out_time=?, status=?, date=?, user_id=? where attendance_id=?
[DEBUG] 2024-05-01 20-39-43.964 [http-nio-8080-exec-7] AbstractEntityPersister -  Delete 0: delete from attendance where attendance_id=?
[DEBUG] 2024-05-01 20-39-43.964 [http-nio-8080-exec-7] AbstractEntityPersister -  Identity insert: insert into attendance (clock_in_time, clock_out_time, status, date, user_id) values (?, ?, ?, ?, ?)
[DEBUG] 2024-05-01 20-39-43.964 [http-nio-8080-exec-7] QuerySpacesImpl - Adding QuerySpace : uid = <gen:0> -> org.hibernate.loader.plan.build.internal.spaces.EntityQuerySpaceImpl@5063546c]
[DEBUG] 2024-05-01 20-39-43.964 [http-nio-8080-exec-7] MetamodelGraphWalker - Visiting attribute path : clockInTime
[DEBUG] 2024-05-01 20-39-43.964 [http-nio-8080-exec-7] MetamodelGraphWalker - Visiting attribute path : clockOutTime
[DEBUG] 2024-05-01 20-39-43.964 [http-nio-8080-exec-7] MetamodelGraphWalker - Visiting attribute path : clockedStatus
[DEBUG] 2024-05-01 20-39-43.964 [http-nio-8080-exec-7] MetamodelGraphWalker - Visiting attribute path : date
[DEBUG] 2024-05-01 20-39-43.964 [http-nio-8080-exec-7] MetamodelGraphWalker - Visiting attribute path : user
[DEBUG] 2024-05-01 20-39-43.964 [http-nio-8080-exec-7] QuerySpacesImpl - Adding QuerySpace : uid = <gen:1> -> org.hibernate.loader.plan.build.internal.spaces.EntityQuerySpaceImpl@7efb86cb]
[DEBUG] 2024-05-01 20-39-43.965 [http-nio-8080-exec-7] MetamodelGraphWalker - Visiting attribute path : user.attendance
[DEBUG] 2024-05-01 20-39-43.965 [http-nio-8080-exec-7] MetamodelGraphWalker - Property path deemed to be circular : user.attendance
[DEBUG] 2024-05-01 20-39-43.965 [http-nio-8080-exec-7] MetamodelGraphWalker - Visiting attribute path : user.passwordHash
[DEBUG] 2024-05-01 20-39-43.965 [http-nio-8080-exec-7] MetamodelGraphWalker - Visiting attribute path : user.username
[DEBUG] 2024-05-01 20-39-43.965 [http-nio-8080-exec-7] FetchStyleLoadPlanBuildingAssociationVisitationStrategy - Building LoadPlan...
[DEBUG] 2024-05-01 20-39-43.965 [http-nio-8080-exec-7] LoadQueryJoinAndFetchProcessor - processing queryspace <gen:0>
[DEBUG] 2024-05-01 20-39-43.966 [http-nio-8080-exec-7] LoadPlanTreePrinter - LoadPlan(entity=entity.Attendance)
    - Returns
       - EntityReturnImpl(entity=entity.Attendance, querySpaceUid=<gen:0>, path=entity.Attendance)
          - EntityAttributeFetchImpl(entity=entity.User, querySpaceUid=<gen:1>, path=entity.Attendance.user)
    - QuerySpaces
       - EntityQuerySpaceImpl(uid=<gen:0>, entity=entity.Attendance)
          - SQL table alias mapping - attendance0_
          - alias suffix - 0_
          - suffixed key columns - {attendan1_0_0_}
          - JOIN (JoinDefinedByMetadata(user)) : <gen:0> -> <gen:1>
             - EntityQuerySpaceImpl(uid=<gen:1>, entity=entity.User)
                - SQL table alias mapping - user1_
                - alias suffix - 1_
                - suffixed key columns - {user_id1_1_1_}

[DEBUG] 2024-05-01 20-39-43.966 [http-nio-8080-exec-7] EntityLoader - Static select for entity entity.Attendance [NONE]: select attendance0_.attendance_id as attendan1_0_0_, attendance0_.clock_in_time as clock_in2_0_0_, attendance0_.clock_out_time as clock_ou3_0_0_, attendance0_.status as status4_0_0_, attendance0_.date as date5_0_0_, attendance0_.user_id as user_id6_0_0_, user1_.user_id as user_id1_1_1_, user1_.password_hash as password2_1_1_, user1_.username as username3_1_1_ from attendance attendance0_ left outer join users user1_ on attendance0_.user_id=user1_.user_id where attendance0_.attendance_id=?
[DEBUG] 2024-05-01 20-39-43.966 [http-nio-8080-exec-7] QuerySpacesImpl - Adding QuerySpace : uid = <gen:0> -> org.hibernate.loader.plan.build.internal.spaces.EntityQuerySpaceImpl@75bf09ae]
[DEBUG] 2024-05-01 20-39-43.966 [http-nio-8080-exec-7] MetamodelGraphWalker - Visiting attribute path : clockInTime
[DEBUG] 2024-05-01 20-39-43.966 [http-nio-8080-exec-7] MetamodelGraphWalker - Visiting attribute path : clockOutTime
[DEBUG] 2024-05-01 20-39-43.966 [http-nio-8080-exec-7] MetamodelGraphWalker - Visiting attribute path : clockedStatus
[DEBUG] 2024-05-01 20-39-43.966 [http-nio-8080-exec-7] MetamodelGraphWalker - Visiting attribute path : date
[DEBUG] 2024-05-01 20-39-43.966 [http-nio-8080-exec-7] MetamodelGraphWalker - Visiting attribute path : user
[DEBUG] 2024-05-01 20-39-43.966 [http-nio-8080-exec-7] QuerySpacesImpl - Adding QuerySpace : uid = <gen:1> -> org.hibernate.loader.plan.build.internal.spaces.EntityQuerySpaceImpl@2fd84f97]
[DEBUG] 2024-05-01 20-39-43.966 [http-nio-8080-exec-7] MetamodelGraphWalker - Visiting attribute path : user.attendance
[DEBUG] 2024-05-01 20-39-43.966 [http-nio-8080-exec-7] MetamodelGraphWalker - Property path deemed to be circular : user.attendance
[DEBUG] 2024-05-01 20-39-43.966 [http-nio-8080-exec-7] MetamodelGraphWalker - Visiting attribute path : user.passwordHash
[DEBUG] 2024-05-01 20-39-43.966 [http-nio-8080-exec-7] MetamodelGraphWalker - Visiting attribute path : user.username
[DEBUG] 2024-05-01 20-39-43.966 [http-nio-8080-exec-7] FetchStyleLoadPlanBuildingAssociationVisitationStrategy - Building LoadPlan...
[DEBUG] 2024-05-01 20-39-43.966 [http-nio-8080-exec-7] LoadQueryJoinAndFetchProcessor - processing queryspace <gen:0>
[DEBUG] 2024-05-01 20-39-43.966 [http-nio-8080-exec-7] LoadPlanTreePrinter - LoadPlan(entity=entity.Attendance)
    - Returns
       - EntityReturnImpl(entity=entity.Attendance, querySpaceUid=<gen:0>, path=entity.Attendance)
          - EntityAttributeFetchImpl(entity=entity.User, querySpaceUid=<gen:1>, path=entity.Attendance.user)
    - QuerySpaces
       - EntityQuerySpaceImpl(uid=<gen:0>, entity=entity.Attendance)
          - SQL table alias mapping - attendance0_
          - alias suffix - 0_
          - suffixed key columns - {attendan1_0_0_}
          - JOIN (JoinDefinedByMetadata(user)) : <gen:0> -> <gen:1>
             - EntityQuerySpaceImpl(uid=<gen:1>, entity=entity.User)
                - SQL table alias mapping - user1_
                - alias suffix - 1_
                - suffixed key columns - {user_id1_1_1_}

[DEBUG] 2024-05-01 20-39-43.966 [http-nio-8080-exec-7] EntityLoader - Static select for entity entity.Attendance [READ]: select attendance0_.attendance_id as attendan1_0_0_, attendance0_.clock_in_time as clock_in2_0_0_, attendance0_.clock_out_time as clock_ou3_0_0_, attendance0_.status as status4_0_0_, attendance0_.date as date5_0_0_, attendance0_.user_id as user_id6_0_0_, user1_.user_id as user_id1_1_1_, user1_.password_hash as password2_1_1_, user1_.username as username3_1_1_ from attendance attendance0_ left outer join users user1_ on attendance0_.user_id=user1_.user_id where attendance0_.attendance_id=?
[DEBUG] 2024-05-01 20-39-43.967 [http-nio-8080-exec-7] Loader - Static select for action ACTION_MERGE on entity entity.Attendance: select attendance0_.attendance_id as attendan1_0_0_, attendance0_.clock_in_time as clock_in2_0_0_, attendance0_.clock_out_time as clock_ou3_0_0_, attendance0_.status as status4_0_0_, attendance0_.date as date5_0_0_, attendance0_.user_id as user_id6_0_0_ from attendance attendance0_ where attendance0_.attendance_id=?
[DEBUG] 2024-05-01 20-39-43.967 [http-nio-8080-exec-7] Loader - Static select for action ACTION_REFRESH on entity entity.Attendance: select attendance0_.attendance_id as attendan1_0_0_, attendance0_.clock_in_time as clock_in2_0_0_, attendance0_.clock_out_time as clock_ou3_0_0_, attendance0_.status as status4_0_0_, attendance0_.date as date5_0_0_, attendance0_.user_id as user_id6_0_0_ from attendance attendance0_ where attendance0_.attendance_id=?
[DEBUG] 2024-05-01 20-39-43.971 [http-nio-8080-exec-7] QuerySpacesImpl - Adding QuerySpace : uid = <gen:0> -> org.hibernate.loader.plan.build.internal.spaces.CollectionQuerySpaceImpl@490f947]
[DEBUG] 2024-05-01 20-39-43.971 [http-nio-8080-exec-7] QuerySpacesImpl - Adding QuerySpace : uid = <gen:1> -> org.hibernate.loader.plan.build.internal.spaces.EntityQuerySpaceImpl@25e5afff]
[DEBUG] 2024-05-01 20-39-43.971 [http-nio-8080-exec-7] MetamodelGraphWalker - Visiting attribute path : clockInTime
[DEBUG] 2024-05-01 20-39-43.971 [http-nio-8080-exec-7] MetamodelGraphWalker - Visiting attribute path : clockOutTime
[DEBUG] 2024-05-01 20-39-43.971 [http-nio-8080-exec-7] MetamodelGraphWalker - Visiting attribute path : clockedStatus
[DEBUG] 2024-05-01 20-39-43.971 [http-nio-8080-exec-7] MetamodelGraphWalker - Visiting attribute path : date
[DEBUG] 2024-05-01 20-39-43.971 [http-nio-8080-exec-7] MetamodelGraphWalker - Visiting attribute path : user
[DEBUG] 2024-05-01 20-39-43.972 [http-nio-8080-exec-7] MetamodelGraphWalker - Property path deemed to be circular : user
[DEBUG] 2024-05-01 20-39-43.972 [http-nio-8080-exec-7] FetchStyleLoadPlanBuildingAssociationVisitationStrategy - Building LoadPlan...
[DEBUG] 2024-05-01 20-39-43.973 [http-nio-8080-exec-7] LoadQueryJoinAndFetchProcessor - processing queryspace <gen:0>
[DEBUG] 2024-05-01 20-39-43.974 [http-nio-8080-exec-7] LoadPlanTreePrinter - LoadPlan(collection=entity.User.attendance)
    - Returns
       - CollectionReturnImpl(collection=entity.User.attendance, querySpaceUid=<gen:0>, path=[entity.User.attendance])
          - (collection element) CollectionFetchableElementEntityGraph(entity=entity.Attendance, querySpaceUid=<gen:1>, path=[entity.User.attendance].<elements>)
    - QuerySpaces
       - CollectionQuerySpaceImpl(uid=<gen:0>, collection=entity.User.attendance)
          - SQL table alias mapping - attendance0_
          - alias suffix - 0_
          - suffixed key columns - {user_id6_0_0_}
          - entity-element alias suffix - 1_
          - 1_entity-element suffixed key columns - attendan1_0_1_
          - JOIN (JoinDefinedByMetadata(elements)) : <gen:0> -> <gen:1>
             - EntityQuerySpaceImpl(uid=<gen:1>, entity=entity.Attendance)
                - SQL table alias mapping - attendance0_
                - alias suffix - 1_
                - suffixed key columns - {attendan1_0_1_}

[DEBUG] 2024-05-01 20-39-43.974 [http-nio-8080-exec-7] CollectionLoader - Static select for collection entity.User.attendance: select attendance0_.user_id as user_id6_0_0_, attendance0_.attendance_id as attendan1_0_0_, attendance0_.attendance_id as attendan1_0_1_, attendance0_.clock_in_time as clock_in2_0_1_, attendance0_.clock_out_time as clock_ou3_0_1_, attendance0_.status as status4_0_1_, attendance0_.date as date5_0_1_, attendance0_.user_id as user_id6_0_1_ from attendance attendance0_ where attendance0_.user_id=?
[INFO ] 2024-05-01 20-39-44.077 [http-nio-8080-exec-7] access - HHH10001501: Connection obtained from JdbcConnectionAccess [org.hibernate.engine.jdbc.env.internal.JdbcEnvironmentInitiator$ConnectionProviderJdbcConnectionAccess@2f8d449b] for (non-JTA) DDL execution was not in auto-commit mode; the Connection 'local transaction' will be committed and the Connection will be set into auto-commit mode.
[DEBUG] 2024-05-01 20-39-44.295 [http-nio-8080-exec-7] Table - No alter strings for table : attendance
[DEBUG] 2024-05-01 20-39-44.295 [http-nio-8080-exec-7] Table - No alter strings for table : users
[DEBUG] 2024-05-01 20-39-44.500 [http-nio-8080-exec-7] JtaPlatformInitiator - No JtaPlatform was specified, checking resolver
[DEBUG] 2024-05-01 20-39-44.502 [http-nio-8080-exec-7] JtaPlatformResolverInitiator - No JtaPlatformResolver was specified, using default [org.hibernate.engine.transaction.jta.platform.internal.StandardJtaPlatformResolver]
[DEBUG] 2024-05-01 20-39-44.513 [http-nio-8080-exec-7] StandardJtaPlatformResolver - Could not resolve JtaPlatform, using default [org.hibernate.engine.transaction.jta.platform.internal.NoJtaPlatform]
[INFO ] 2024-05-01 20-39-44.513 [http-nio-8080-exec-7] JtaPlatformInitiator - HHH000490: Using JtaPlatform implementation: [org.hibernate.engine.transaction.jta.platform.internal.NoJtaPlatform]
[DEBUG] 2024-05-01 20-39-44.514 [http-nio-8080-exec-7] NamedQueryRepository - Checking 0 named HQL queries
[DEBUG] 2024-05-01 20-39-44.514 [http-nio-8080-exec-7] NamedQueryRepository - Checking 0 named SQL queries
[DEBUG] 2024-05-01 20-39-44.516 [http-nio-8080-exec-7] SessionFactoryRegistry - Initializing SessionFactoryRegistry : org.hibernate.internal.SessionFactoryRegistry@3182fa57
[DEBUG] 2024-05-01 20-39-44.517 [http-nio-8080-exec-7] SessionFactoryRegistry - Registering SessionFactory: ff285a02-baa9-4729-9b19-5f298ed65367 (<unnamed>)
[DEBUG] 2024-05-01 20-39-44.517 [http-nio-8080-exec-7] SessionFactoryRegistry - Not binding SessionFactory to JNDI, no JNDI name configured
[DEBUG] 2024-05-01 20-39-44.589 [http-nio-8080-exec-7] StatisticsInitiator - Statistics initialized [enabled=false]
[DEBUG] 2024-05-01 20-39-44.624 [http-nio-8080-exec-7] CriteriaQueryImpl - Rendered criteria query -> select generatedAlias0 from User as generatedAlias0 where generatedAlias0.username=:param0
[DEBUG] 2024-05-01 20-39-44.639 [http-nio-8080-exec-7] QueryTranslatorFactoryInitiator - QueryTranslatorFactory: org.hibernate.hql.internal.ast.ASTQueryTranslatorFactory@7981cbe9
[DEBUG] 2024-05-01 20-39-44.672 [http-nio-8080-exec-7] QueryTranslatorImpl - parse() - HQL: select generatedAlias0 from entity.User as generatedAlias0 where generatedAlias0.username=:param0
[DEBUG] 2024-05-01 20-39-44.676 [http-nio-8080-exec-7] ErrorTracker - throwQueryException() : no errors
[DEBUG] 2024-05-01 20-39-44.682 [http-nio-8080-exec-7] QueryTranslatorImpl - --- HQL AST ---
 \-[QUERY] Node: 'query'
    +-[SELECT_FROM] Node: 'SELECT_FROM'
    |  +-[FROM] Node: 'from'
    |  |  \-[RANGE] Node: 'RANGE'
    |  |     +-[DOT] Node: '.'
    |  |     |  +-[IDENT] Node: 'entity'
    |  |     |  \-[IDENT] Node: 'User'
    |  |     \-[ALIAS] Node: 'generatedAlias0'
    |  \-[SELECT] Node: 'select'
    |     \-[IDENT] Node: 'generatedAlias0'
    \-[WHERE] Node: 'where'
       \-[EQ] Node: '='
          +-[DOT] Node: '.'
          |  +-[IDENT] Node: 'generatedAlias0'
          |  \-[IDENT] Node: 'username'
          \-[COLON] Node: ':'
             \-[IDENT] Node: 'param0'

[DEBUG] 2024-05-01 20-39-44.700 [http-nio-8080-exec-7] HqlSqlBaseWalker - select << begin [level=1, statement=select]
[DEBUG] 2024-05-01 20-39-44.713 [http-nio-8080-exec-7] FromElement - FromClause{level=1} : entity.User (generatedAlias0) -> user0_
[DEBUG] 2024-05-01 20-39-44.714 [http-nio-8080-exec-7] FromReferenceNode - Resolved : generatedAlias0 -> user0_.user_id
[DEBUG] 2024-05-01 20-39-44.716 [http-nio-8080-exec-7] FromReferenceNode - Resolved : generatedAlias0 -> user0_.user_id
[DEBUG] 2024-05-01 20-39-44.717 [http-nio-8080-exec-7] DotNode - getDataType() : username -> org.hibernate.type.StringType@738812a9
[DEBUG] 2024-05-01 20-39-44.718 [http-nio-8080-exec-7] FromReferenceNode - Resolved : generatedAlias0.username -> user0_.username
[DEBUG] 2024-05-01 20-39-44.719 [http-nio-8080-exec-7] HqlSqlBaseWalker - select : finishing up [level=1, statement=select]
[DEBUG] 2024-05-01 20-39-44.719 [http-nio-8080-exec-7] HqlSqlWalker - processQuery() :  ( SELECT ( {select clause} user0_.user_id ) ( FromClause{level=1} users user0_ ) ( where ( = ( user0_.username user0_.user_id username ) ? ) ) )
[DEBUG] 2024-05-01 20-39-44.728 [http-nio-8080-exec-7] JoinProcessor - Using FROM fragment [users user0_]
[DEBUG] 2024-05-01 20-39-44.728 [http-nio-8080-exec-7] HqlSqlBaseWalker - select >> end [level=1, statement=select]
[DEBUG] 2024-05-01 20-39-44.728 [http-nio-8080-exec-7] QueryTranslatorImpl - --- SQL AST ---
 \-[SELECT] QueryNode: 'SELECT'  querySpaces (users)
    +-[SELECT_CLAUSE] SelectClause: '{select clause}'
    |  +-[ALIAS_REF] IdentNode: 'user0_.user_id as user_id1_1_' {alias=generatedAlias0, className=entity.User, tableAlias=user0_}
    |  \-[SQL_TOKEN] SqlFragment: 'user0_.password_hash as password2_1_, user0_.username as username3_1_'
    +-[FROM] FromClause: 'from' FromClause{level=1, fromElementCounter=1, fromElements=1, fromElementByClassAlias=[generatedAlias0], fromElementByTableAlias=[user0_], fromElementsByPath=[], collectionJoinFromElementsByPath=[], impliedElements=[]}
    |  \-[FROM_FRAGMENT] FromElement: 'users user0_' FromElement{explicit,not a collection join,not a fetch join,fetch non-lazy properties,classAlias=generatedAlias0,role=null,tableName=users,tableAlias=user0_,origin=null,columns={,className=entity.User}}
    \-[WHERE] SqlNode: 'where'
       \-[EQ] BinaryLogicOperatorNode: '='
          +-[DOT] DotNode: 'user0_.username' {propertyName=username,dereferenceType=PRIMITIVE,getPropertyPath=username,path=generatedAlias0.username,tableAlias=user0_,className=entity.User,classAlias=generatedAlias0}
          |  +-[ALIAS_REF] IdentNode: 'user0_.user_id' {alias=generatedAlias0, className=entity.User, tableAlias=user0_}
          |  \-[IDENT] IdentNode: 'username' {originalText=username}
          \-[NAMED_PARAM] ParameterNode: '?' {name=param0, expectedType=org.hibernate.type.StringType@738812a9}

[DEBUG] 2024-05-01 20-39-44.728 [http-nio-8080-exec-7] ErrorTracker - throwQueryException() : no errors
[DEBUG] 2024-05-01 20-39-44.732 [http-nio-8080-exec-7] QueryTranslatorImpl - HQL: select generatedAlias0 from entity.User as generatedAlias0 where generatedAlias0.username=:param0
[DEBUG] 2024-05-01 20-39-44.732 [http-nio-8080-exec-7] QueryTranslatorImpl - SQL: select user0_.user_id as user_id1_1_, user0_.password_hash as password2_1_, user0_.username as username3_1_ from users user0_ where user0_.username=?
[DEBUG] 2024-05-01 20-39-44.732 [http-nio-8080-exec-7] ErrorTracker - throwQueryException() : no errors
[DEBUG] 2024-05-01 20-39-44.747 [http-nio-8080-exec-7] SQL - select user0_.user_id as user_id1_1_, user0_.password_hash as password2_1_, user0_.username as username3_1_ from users user0_ where user0_.username=?
[DEBUG] 2024-05-01 20-39-44.861 [http-nio-8080-exec-7] Loader - Result set row: 0
[DEBUG] 2024-05-01 20-39-44.867 [http-nio-8080-exec-7] Loader - Result row: EntityKey[entity.User#4]
[DEBUG] 2024-05-01 20-39-44.876 [http-nio-8080-exec-7] TwoPhaseLoad - Resolving attributes for [entity.User#4]
[DEBUG] 2024-05-01 20-39-44.876 [http-nio-8080-exec-7] TwoPhaseLoad - Processing attribute `attendance` : value = NOT NULL COLLECTION
[DEBUG] 2024-05-01 20-39-44.876 [http-nio-8080-exec-7] TwoPhaseLoad - Attribute (`attendance`)  - enhanced for lazy-loading? - false
[DEBUG] 2024-05-01 20-39-44.882 [http-nio-8080-exec-7] TwoPhaseLoad - Processing attribute `passwordHash` : value = null
[DEBUG] 2024-05-01 20-39-44.882 [http-nio-8080-exec-7] TwoPhaseLoad - Attribute (`passwordHash`)  - enhanced for lazy-loading? - false
[DEBUG] 2024-05-01 20-39-44.882 [http-nio-8080-exec-7] TwoPhaseLoad - Processing attribute `username` : value = kevg
[DEBUG] 2024-05-01 20-39-44.882 [http-nio-8080-exec-7] TwoPhaseLoad - Attribute (`username`)  - enhanced for lazy-loading? - false
[DEBUG] 2024-05-01 20-39-44.883 [http-nio-8080-exec-7] TwoPhaseLoad - Done materializing entity [entity.User#4]
[DEBUG] 2024-05-01 20-39-44.886 [http-nio-8080-exec-7] AbstractLoadPlanBasedCollectionInitializer - Loading collection: [entity.User.attendance#4]
[DEBUG] 2024-05-01 20-39-44.886 [http-nio-8080-exec-7] SQL - select attendance0_.user_id as user_id6_0_0_, attendance0_.attendance_id as attendan1_0_0_, attendance0_.attendance_id as attendan1_0_1_, attendance0_.clock_in_time as clock_in2_0_1_, attendance0_.clock_out_time as clock_ou3_0_1_, attendance0_.status as status4_0_1_, attendance0_.date as date5_0_1_, attendance0_.user_id as user_id6_0_1_ from attendance attendance0_ where attendance0_.user_id=?
[DEBUG] 2024-05-01 20-39-44.932 [http-nio-8080-exec-7] ResultSetProcessorImpl - Preparing collection initializer : [entity.User.attendance#4]
[DEBUG] 2024-05-01 20-39-44.940 [http-nio-8080-exec-7] ResultSetProcessorImpl - Starting ResultSet row #0
[DEBUG] 2024-05-01 20-39-44.943 [http-nio-8080-exec-7] CollectionReferenceInitializerImpl - Found row of collection: [entity.User.attendance#4]
[DEBUG] 2024-05-01 20-39-44.947 [http-nio-8080-exec-7] TwoPhaseLoad - Resolving attributes for [entity.Attendance#9]
[DEBUG] 2024-05-01 20-39-44.947 [http-nio-8080-exec-7] TwoPhaseLoad - Processing attribute `clockInTime` : value = 2024-05-01T20:22:59
[DEBUG] 2024-05-01 20-39-44.947 [http-nio-8080-exec-7] TwoPhaseLoad - Attribute (`clockInTime`)  - enhanced for lazy-loading? - false
[DEBUG] 2024-05-01 20-39-44.947 [http-nio-8080-exec-7] TwoPhaseLoad - Processing attribute `clockOutTime` : value = null
[DEBUG] 2024-05-01 20-39-44.947 [http-nio-8080-exec-7] TwoPhaseLoad - Attribute (`clockOutTime`)  - enhanced for lazy-loading? - false
[DEBUG] 2024-05-01 20-39-44.947 [http-nio-8080-exec-7] TwoPhaseLoad - Processing attribute `clockedStatus` : value = true
[DEBUG] 2024-05-01 20-39-44.947 [http-nio-8080-exec-7] TwoPhaseLoad - Attribute (`clockedStatus`)  - enhanced for lazy-loading? - false
[DEBUG] 2024-05-01 20-39-44.947 [http-nio-8080-exec-7] TwoPhaseLoad - Processing attribute `date` : value = null
[DEBUG] 2024-05-01 20-39-44.947 [http-nio-8080-exec-7] TwoPhaseLoad - Attribute (`date`)  - enhanced for lazy-loading? - false
[DEBUG] 2024-05-01 20-39-44.947 [http-nio-8080-exec-7] TwoPhaseLoad - Processing attribute `user` : value = 4
[DEBUG] 2024-05-01 20-39-44.947 [http-nio-8080-exec-7] TwoPhaseLoad - Attribute (`user`)  - enhanced for lazy-loading? - false
[DEBUG] 2024-05-01 20-39-44.947 [http-nio-8080-exec-7] TwoPhaseLoad - Done materializing entity [entity.Attendance#9]
[DEBUG] 2024-05-01 20-39-44.947 [http-nio-8080-exec-7] CollectionLoadContext - 1 collections were found in result set for role: entity.User.attendance
[DEBUG] 2024-05-01 20-39-44.947 [http-nio-8080-exec-7] CollectionLoadContext - Collection fully initialized: [entity.User.attendance#4]
[DEBUG] 2024-05-01 20-39-44.947 [http-nio-8080-exec-7] CollectionLoadContext - 1 collections initialized for role: entity.User.attendance
[DEBUG] 2024-05-01 20-39-44.947 [http-nio-8080-exec-7] ResourceRegistryStandardImpl - HHH000387: ResultSet's statement was not registered
[DEBUG] 2024-05-01 20-39-44.948 [http-nio-8080-exec-7] AbstractLoadPlanBasedCollectionInitializer - Done loading collection
[DEBUG] 2024-05-01 20-39-44.949 [http-nio-8080-exec-7] LogicalConnectionManagedImpl - Initiating JDBC connection release from afterTransaction
[DEBUG] 2024-05-01 20-40-13.017 [Hibernate Connection Pool Validation Thread] DriverManagerConnectionProviderImpl - Connection pool now considered primed; min-size will be maintained
