[DEBUG] 2024-02-23 21-11-50.819 [main] IntegratorServiceImpl - Adding Integrator [org.hibernate.cfg.beanvalidation.BeanValidationIntegrator].
[DEBUG] 2024-02-23 21-11-50.826 [main] IntegratorServiceImpl - Adding Integrator [org.hibernate.secure.spi.JaccIntegrator].
[DEBUG] 2024-02-23 21-11-50.829 [main] IntegratorServiceImpl - Adding Integrator [org.hibernate.cache.internal.CollectionCacheInvalidator].
[INFO ] 2024-02-23 21-11-50.892 [main] Version - HHH000412: Hibernate Core {5.4.4.Final}
[DEBUG] 2024-02-23 21-11-50.895 [main] Environment - HHH000206: hibernate.properties not found
[DEBUG] 2024-02-23 21-11-51.103 [main] LocalXmlResourceResolver - Interpreting public/system identifier : [-//Hibernate/Hibernate Configuration DTD//EN] - [http://www.hibernate.org/dtd/hibernate-configuration-3.0.dtd]
[DEBUG] 2024-02-23 21-11-51.106 [main] LocalXmlResourceResolver - Recognized hibernate-configuration identifier; attempting to resolve on classpath under org/hibernate/
[DEBUG] 2024-02-23 21-11-51.113 [main] JaxbCfgProcessor - cfg.xml document did not define namespaces; wrapping in custom event reader to introduce namespace information
[DEBUG] 2024-02-23 21-11-51.417 [main] ServiceBinding - Overriding existing service binding [org.hibernate.secure.spi.JaccService]
[DEBUG] 2024-02-23 21-11-51.434 [main] RegionFactoryInitiator - Cannot default RegionFactory based on registered strategies as `[]` RegionFactory strategies were registered
[DEBUG] 2024-02-23 21-11-51.435 [main] RegionFactoryInitiator - Cache region factory : org.hibernate.cache.internal.NoCachingRegionFactory
[INFO ] 2024-02-23 21-11-51.448 [main] Version - HCANN000001: Hibernate Commons Annotations {5.1.0.Final}
[DEBUG] 2024-02-23 21-11-51.469 [main] BasicTypeRegistry - Adding type registration boolean -> org.hibernate.type.BooleanType@3ad4a7d6
[DEBUG] 2024-02-23 21-11-51.469 [main] BasicTypeRegistry - Adding type registration boolean -> org.hibernate.type.BooleanType@3ad4a7d6
[DEBUG] 2024-02-23 21-11-51.469 [main] BasicTypeRegistry - Adding type registration java.lang.Boolean -> org.hibernate.type.BooleanType@3ad4a7d6
[DEBUG] 2024-02-23 21-11-51.470 [main] BasicTypeRegistry - Adding type registration numeric_boolean -> org.hibernate.type.NumericBooleanType@f91da5e
[DEBUG] 2024-02-23 21-11-51.470 [main] BasicTypeRegistry - Adding type registration true_false -> org.hibernate.type.TrueFalseType@49c675f0
[DEBUG] 2024-02-23 21-11-51.472 [main] BasicTypeRegistry - Adding type registration yes_no -> org.hibernate.type.YesNoType@1442f788
[DEBUG] 2024-02-23 21-11-51.473 [main] BasicTypeRegistry - Adding type registration byte -> org.hibernate.type.ByteType@124ac145
[DEBUG] 2024-02-23 21-11-51.473 [main] BasicTypeRegistry - Adding type registration byte -> org.hibernate.type.ByteType@124ac145
[DEBUG] 2024-02-23 21-11-51.473 [main] BasicTypeRegistry - Adding type registration java.lang.Byte -> org.hibernate.type.ByteType@124ac145
[DEBUG] 2024-02-23 21-11-51.474 [main] BasicTypeRegistry - Adding type registration character -> org.hibernate.type.CharacterType@37e0292a
[DEBUG] 2024-02-23 21-11-51.474 [main] BasicTypeRegistry - Adding type registration char -> org.hibernate.type.CharacterType@37e0292a
[DEBUG] 2024-02-23 21-11-51.474 [main] BasicTypeRegistry - Adding type registration java.lang.Character -> org.hibernate.type.CharacterType@37e0292a
[DEBUG] 2024-02-23 21-11-51.479 [main] BasicTypeRegistry - Adding type registration short -> org.hibernate.type.ShortType@9b21bd3
[DEBUG] 2024-02-23 21-11-51.479 [main] BasicTypeRegistry - Adding type registration short -> org.hibernate.type.ShortType@9b21bd3
[DEBUG] 2024-02-23 21-11-51.479 [main] BasicTypeRegistry - Adding type registration java.lang.Short -> org.hibernate.type.ShortType@9b21bd3
[DEBUG] 2024-02-23 21-11-51.480 [main] BasicTypeRegistry - Adding type registration integer -> org.hibernate.type.IntegerType@42ea287
[DEBUG] 2024-02-23 21-11-51.480 [main] BasicTypeRegistry - Adding type registration int -> org.hibernate.type.IntegerType@42ea287
[DEBUG] 2024-02-23 21-11-51.480 [main] BasicTypeRegistry - Adding type registration java.lang.Integer -> org.hibernate.type.IntegerType@42ea287
[DEBUG] 2024-02-23 21-11-51.481 [main] BasicTypeRegistry - Adding type registration long -> org.hibernate.type.LongType@5ec4ff02
[DEBUG] 2024-02-23 21-11-51.481 [main] BasicTypeRegistry - Adding type registration long -> org.hibernate.type.LongType@5ec4ff02
[DEBUG] 2024-02-23 21-11-51.481 [main] BasicTypeRegistry - Adding type registration java.lang.Long -> org.hibernate.type.LongType@5ec4ff02
[DEBUG] 2024-02-23 21-11-51.482 [main] BasicTypeRegistry - Adding type registration float -> org.hibernate.type.FloatType@7efd28bd
[DEBUG] 2024-02-23 21-11-51.482 [main] BasicTypeRegistry - Adding type registration float -> org.hibernate.type.FloatType@7efd28bd
[DEBUG] 2024-02-23 21-11-51.482 [main] BasicTypeRegistry - Adding type registration java.lang.Float -> org.hibernate.type.FloatType@7efd28bd
[DEBUG] 2024-02-23 21-11-51.483 [main] BasicTypeRegistry - Adding type registration double -> org.hibernate.type.DoubleType@4068102e
[DEBUG] 2024-02-23 21-11-51.483 [main] BasicTypeRegistry - Adding type registration double -> org.hibernate.type.DoubleType@4068102e
[DEBUG] 2024-02-23 21-11-51.483 [main] BasicTypeRegistry - Adding type registration java.lang.Double -> org.hibernate.type.DoubleType@4068102e
[DEBUG] 2024-02-23 21-11-51.486 [main] BasicTypeRegistry - Adding type registration big_decimal -> org.hibernate.type.BigDecimalType@36417a54
[DEBUG] 2024-02-23 21-11-51.486 [main] BasicTypeRegistry - Adding type registration java.math.BigDecimal -> org.hibernate.type.BigDecimalType@36417a54
[DEBUG] 2024-02-23 21-11-51.489 [main] BasicTypeRegistry - Adding type registration big_integer -> org.hibernate.type.BigIntegerType@60cf62ad
[DEBUG] 2024-02-23 21-11-51.489 [main] BasicTypeRegistry - Adding type registration java.math.BigInteger -> org.hibernate.type.BigIntegerType@60cf62ad
[DEBUG] 2024-02-23 21-11-51.489 [main] BasicTypeRegistry - Adding type registration string -> org.hibernate.type.StringType@323f3c96
[DEBUG] 2024-02-23 21-11-51.490 [main] BasicTypeRegistry - Adding type registration java.lang.String -> org.hibernate.type.StringType@323f3c96
[DEBUG] 2024-02-23 21-11-51.491 [main] BasicTypeRegistry - Adding type registration nstring -> org.hibernate.type.StringNVarcharType@7899de11
[DEBUG] 2024-02-23 21-11-51.491 [main] BasicTypeRegistry - Adding type registration ncharacter -> org.hibernate.type.CharacterNCharType@5292ceca
[DEBUG] 2024-02-23 21-11-51.494 [main] BasicTypeRegistry - Adding type registration url -> org.hibernate.type.UrlType@673919a7
[DEBUG] 2024-02-23 21-11-51.495 [main] BasicTypeRegistry - Adding type registration java.net.URL -> org.hibernate.type.UrlType@673919a7
[DEBUG] 2024-02-23 21-11-51.496 [main] BasicTypeRegistry - Adding type registration Duration -> org.hibernate.type.DurationType@78e22d35
[DEBUG] 2024-02-23 21-11-51.496 [main] BasicTypeRegistry - Adding type registration java.time.Duration -> org.hibernate.type.DurationType@78e22d35
[DEBUG] 2024-02-23 21-11-51.516 [main] BasicTypeRegistry - Adding type registration Instant -> org.hibernate.type.InstantType@5b3a7ef5
[DEBUG] 2024-02-23 21-11-51.516 [main] BasicTypeRegistry - Adding type registration java.time.Instant -> org.hibernate.type.InstantType@5b3a7ef5
[DEBUG] 2024-02-23 21-11-51.518 [main] BasicTypeRegistry - Adding type registration LocalDateTime -> org.hibernate.type.LocalDateTimeType@5d21202d
[DEBUG] 2024-02-23 21-11-51.518 [main] BasicTypeRegistry - Adding type registration java.time.LocalDateTime -> org.hibernate.type.LocalDateTimeType@5d21202d
[DEBUG] 2024-02-23 21-11-51.519 [main] BasicTypeRegistry - Adding type registration LocalDate -> org.hibernate.type.LocalDateType@65bdd558
[DEBUG] 2024-02-23 21-11-51.520 [main] BasicTypeRegistry - Adding type registration java.time.LocalDate -> org.hibernate.type.LocalDateType@65bdd558
[DEBUG] 2024-02-23 21-11-51.520 [main] BasicTypeRegistry - Adding type registration LocalTime -> org.hibernate.type.LocalTimeType@2af69643
[DEBUG] 2024-02-23 21-11-51.522 [main] BasicTypeRegistry - Adding type registration java.time.LocalTime -> org.hibernate.type.LocalTimeType@2af69643
[DEBUG] 2024-02-23 21-11-51.524 [main] BasicTypeRegistry - Adding type registration OffsetDateTime -> org.hibernate.type.OffsetDateTimeType@22587507
[DEBUG] 2024-02-23 21-11-51.524 [main] BasicTypeRegistry - Adding type registration java.time.OffsetDateTime -> org.hibernate.type.OffsetDateTimeType@22587507
[DEBUG] 2024-02-23 21-11-51.526 [main] BasicTypeRegistry - Adding type registration OffsetTime -> org.hibernate.type.OffsetTimeType@4760f169
[DEBUG] 2024-02-23 21-11-51.526 [main] BasicTypeRegistry - Adding type registration java.time.OffsetTime -> org.hibernate.type.OffsetTimeType@4760f169
[DEBUG] 2024-02-23 21-11-51.528 [main] BasicTypeRegistry - Adding type registration ZonedDateTime -> org.hibernate.type.ZonedDateTimeType@4649d70a
[DEBUG] 2024-02-23 21-11-51.528 [main] BasicTypeRegistry - Adding type registration java.time.ZonedDateTime -> org.hibernate.type.ZonedDateTimeType@4649d70a
[DEBUG] 2024-02-23 21-11-51.531 [main] BasicTypeRegistry - Adding type registration date -> org.hibernate.type.DateType@7b6860f9
[DEBUG] 2024-02-23 21-11-51.531 [main] BasicTypeRegistry - Adding type registration java.sql.Date -> org.hibernate.type.DateType@7b6860f9
[DEBUG] 2024-02-23 21-11-51.533 [main] BasicTypeRegistry - Adding type registration time -> org.hibernate.type.TimeType@5fa23c
[DEBUG] 2024-02-23 21-11-51.533 [main] BasicTypeRegistry - Adding type registration java.sql.Time -> org.hibernate.type.TimeType@5fa23c
[DEBUG] 2024-02-23 21-11-51.534 [main] BasicTypeRegistry - Adding type registration timestamp -> org.hibernate.type.TimestampType@43045f9f
[DEBUG] 2024-02-23 21-11-51.535 [main] BasicTypeRegistry - Adding type registration java.sql.Timestamp -> org.hibernate.type.TimestampType@43045f9f
[DEBUG] 2024-02-23 21-11-51.535 [main] BasicTypeRegistry - Adding type registration java.util.Date -> org.hibernate.type.TimestampType@43045f9f
[DEBUG] 2024-02-23 21-11-51.536 [main] BasicTypeRegistry - Adding type registration dbtimestamp -> org.hibernate.type.DbTimestampType@4eba373c
[DEBUG] 2024-02-23 21-11-51.538 [main] BasicTypeRegistry - Adding type registration calendar -> org.hibernate.type.CalendarType@70228253
[DEBUG] 2024-02-23 21-11-51.538 [main] BasicTypeRegistry - Adding type registration java.util.Calendar -> org.hibernate.type.CalendarType@70228253
[DEBUG] 2024-02-23 21-11-51.538 [main] BasicTypeRegistry - Adding type registration java.util.GregorianCalendar -> org.hibernate.type.CalendarType@70228253
[DEBUG] 2024-02-23 21-11-51.539 [main] BasicTypeRegistry - Adding type registration calendar_date -> org.hibernate.type.CalendarDateType@2849434b
[DEBUG] 2024-02-23 21-11-51.541 [main] BasicTypeRegistry - Adding type registration locale -> org.hibernate.type.LocaleType@43e9089
[DEBUG] 2024-02-23 21-11-51.541 [main] BasicTypeRegistry - Adding type registration java.util.Locale -> org.hibernate.type.LocaleType@43e9089
[DEBUG] 2024-02-23 21-11-51.544 [main] BasicTypeRegistry - Adding type registration currency -> org.hibernate.type.CurrencyType@122d6c22
[DEBUG] 2024-02-23 21-11-51.544 [main] BasicTypeRegistry - Adding type registration java.util.Currency -> org.hibernate.type.CurrencyType@122d6c22
[DEBUG] 2024-02-23 21-11-51.545 [main] BasicTypeRegistry - Adding type registration timezone -> org.hibernate.type.TimeZoneType@4c6007fb
[DEBUG] 2024-02-23 21-11-51.545 [main] BasicTypeRegistry - Adding type registration java.util.TimeZone -> org.hibernate.type.TimeZoneType@4c6007fb
[DEBUG] 2024-02-23 21-11-51.545 [main] BasicTypeRegistry - Adding type registration class -> org.hibernate.type.ClassType@646c0a67
[DEBUG] 2024-02-23 21-11-51.545 [main] BasicTypeRegistry - Adding type registration java.lang.Class -> org.hibernate.type.ClassType@646c0a67
[DEBUG] 2024-02-23 21-11-51.546 [main] BasicTypeRegistry - Adding type registration uuid-binary -> org.hibernate.type.UUIDBinaryType@6dd1c3ed
[DEBUG] 2024-02-23 21-11-51.546 [main] BasicTypeRegistry - Adding type registration java.util.UUID -> org.hibernate.type.UUIDBinaryType@6dd1c3ed
[DEBUG] 2024-02-23 21-11-51.547 [main] BasicTypeRegistry - Adding type registration uuid-char -> org.hibernate.type.UUIDCharType@6dfa915a
[DEBUG] 2024-02-23 21-11-51.548 [main] BasicTypeRegistry - Adding type registration binary -> org.hibernate.type.BinaryType@15400fff
[DEBUG] 2024-02-23 21-11-51.548 [main] BasicTypeRegistry - Adding type registration byte[] -> org.hibernate.type.BinaryType@15400fff
[DEBUG] 2024-02-23 21-11-51.548 [main] BasicTypeRegistry - Adding type registration [B -> org.hibernate.type.BinaryType@15400fff
[DEBUG] 2024-02-23 21-11-51.550 [main] BasicTypeRegistry - Adding type registration wrapper-binary -> org.hibernate.type.WrapperBinaryType@620c8641
[DEBUG] 2024-02-23 21-11-51.550 [main] BasicTypeRegistry - Adding type registration Byte[] -> org.hibernate.type.WrapperBinaryType@620c8641
[DEBUG] 2024-02-23 21-11-51.550 [main] BasicTypeRegistry - Adding type registration [Ljava.lang.Byte; -> org.hibernate.type.WrapperBinaryType@620c8641
[DEBUG] 2024-02-23 21-11-51.551 [main] BasicTypeRegistry - Adding type registration row_version -> org.hibernate.type.RowVersionType@68d7a2df
[DEBUG] 2024-02-23 21-11-51.552 [main] BasicTypeRegistry - Adding type registration image -> org.hibernate.type.ImageType@3ed7821
[DEBUG] 2024-02-23 21-11-51.554 [main] BasicTypeRegistry - Adding type registration characters -> org.hibernate.type.CharArrayType@3c87e6b7
[DEBUG] 2024-02-23 21-11-51.554 [main] BasicTypeRegistry - Adding type registration char[] -> org.hibernate.type.CharArrayType@3c87e6b7
[DEBUG] 2024-02-23 21-11-51.554 [main] BasicTypeRegistry - Adding type registration [C -> org.hibernate.type.CharArrayType@3c87e6b7
[DEBUG] 2024-02-23 21-11-51.556 [main] BasicTypeRegistry - Adding type registration wrapper-characters -> org.hibernate.type.CharacterArrayType@6f94a5a5
[DEBUG] 2024-02-23 21-11-51.556 [main] BasicTypeRegistry - Adding type registration [Ljava.lang.Character; -> org.hibernate.type.CharacterArrayType@6f94a5a5
[DEBUG] 2024-02-23 21-11-51.556 [main] BasicTypeRegistry - Adding type registration Character[] -> org.hibernate.type.CharacterArrayType@6f94a5a5
[DEBUG] 2024-02-23 21-11-51.557 [main] BasicTypeRegistry - Adding type registration text -> org.hibernate.type.TextType@5e519ad3
[DEBUG] 2024-02-23 21-11-51.559 [main] BasicTypeRegistry - Adding type registration ntext -> org.hibernate.type.NTextType@a92be4f
[DEBUG] 2024-02-23 21-11-51.561 [main] BasicTypeRegistry - Adding type registration blob -> org.hibernate.type.BlobType@62dbe64e
[DEBUG] 2024-02-23 21-11-51.561 [main] BasicTypeRegistry - Adding type registration java.sql.Blob -> org.hibernate.type.BlobType@62dbe64e
[DEBUG] 2024-02-23 21-11-51.561 [main] BasicTypeRegistry - Adding type registration materialized_blob -> org.hibernate.type.MaterializedBlobType@7baf1f5a
[DEBUG] 2024-02-23 21-11-51.563 [main] BasicTypeRegistry - Adding type registration clob -> org.hibernate.type.ClobType@5f0f9947
[DEBUG] 2024-02-23 21-11-51.563 [main] BasicTypeRegistry - Adding type registration java.sql.Clob -> org.hibernate.type.ClobType@5f0f9947
[DEBUG] 2024-02-23 21-11-51.568 [main] BasicTypeRegistry - Adding type registration nclob -> org.hibernate.type.NClobType@4d95a72e
[DEBUG] 2024-02-23 21-11-51.568 [main] BasicTypeRegistry - Adding type registration java.sql.NClob -> org.hibernate.type.NClobType@4d95a72e
[DEBUG] 2024-02-23 21-11-51.570 [main] BasicTypeRegistry - Adding type registration materialized_clob -> org.hibernate.type.MaterializedClobType@36681447
[DEBUG] 2024-02-23 21-11-51.571 [main] BasicTypeRegistry - Adding type registration materialized_nclob -> org.hibernate.type.MaterializedNClobType@712cfb63
[DEBUG] 2024-02-23 21-11-51.574 [main] BasicTypeRegistry - Adding type registration serializable -> org.hibernate.type.SerializableType@40e37b06
[DEBUG] 2024-02-23 21-11-51.579 [main] BasicTypeRegistry - Adding type registration object -> org.hibernate.type.ObjectType@7ecec90d
[DEBUG] 2024-02-23 21-11-51.579 [main] BasicTypeRegistry - Adding type registration java.lang.Object -> org.hibernate.type.ObjectType@7ecec90d
[DEBUG] 2024-02-23 21-11-51.579 [main] BasicTypeRegistry - Adding type registration imm_date -> org.hibernate.type.AdaptedImmutableType@118ffcfd
[DEBUG] 2024-02-23 21-11-51.580 [main] BasicTypeRegistry - Adding type registration imm_time -> org.hibernate.type.AdaptedImmutableType@53f4c1e6
[DEBUG] 2024-02-23 21-11-51.580 [main] BasicTypeRegistry - Adding type registration imm_timestamp -> org.hibernate.type.AdaptedImmutableType@74174a23
[DEBUG] 2024-02-23 21-11-51.580 [main] BasicTypeRegistry - Adding type registration imm_dbtimestamp -> org.hibernate.type.AdaptedImmutableType@6342d610
[DEBUG] 2024-02-23 21-11-51.580 [main] BasicTypeRegistry - Adding type registration imm_calendar -> org.hibernate.type.AdaptedImmutableType@dc4a691
[DEBUG] 2024-02-23 21-11-51.580 [main] BasicTypeRegistry - Adding type registration imm_calendar_date -> org.hibernate.type.AdaptedImmutableType@784abd3e
[DEBUG] 2024-02-23 21-11-51.580 [main] BasicTypeRegistry - Adding type registration imm_binary -> org.hibernate.type.AdaptedImmutableType@36c2b646
[DEBUG] 2024-02-23 21-11-51.580 [main] BasicTypeRegistry - Adding type registration imm_serializable -> org.hibernate.type.AdaptedImmutableType@434514d8
[DEBUG] 2024-02-23 21-11-51.618 [main] DefaultIdentifierGeneratorFactory - Registering IdentifierGenerator strategy [uuid2] -> [org.hibernate.id.UUIDGenerator]
[DEBUG] 2024-02-23 21-11-51.620 [main] DefaultIdentifierGeneratorFactory - Registering IdentifierGenerator strategy [guid] -> [org.hibernate.id.GUIDGenerator]
[DEBUG] 2024-02-23 21-11-51.621 [main] DefaultIdentifierGeneratorFactory - Registering IdentifierGenerator strategy [uuid] -> [org.hibernate.id.UUIDHexGenerator]
[DEBUG] 2024-02-23 21-11-51.622 [main] DefaultIdentifierGeneratorFactory - Registering IdentifierGenerator strategy [uuid.hex] -> [org.hibernate.id.UUIDHexGenerator]
[DEBUG] 2024-02-23 21-11-51.625 [main] DefaultIdentifierGeneratorFactory - Registering IdentifierGenerator strategy [assigned] -> [org.hibernate.id.Assigned]
[DEBUG] 2024-02-23 21-11-51.626 [main] DefaultIdentifierGeneratorFactory - Registering IdentifierGenerator strategy [identity] -> [org.hibernate.id.IdentityGenerator]
[DEBUG] 2024-02-23 21-11-51.627 [main] DefaultIdentifierGeneratorFactory - Registering IdentifierGenerator strategy [select] -> [org.hibernate.id.SelectGenerator]
[DEBUG] 2024-02-23 21-11-51.630 [main] DefaultIdentifierGeneratorFactory - Registering IdentifierGenerator strategy [sequence] -> [org.hibernate.id.enhanced.SequenceStyleGenerator]
[DEBUG] 2024-02-23 21-11-51.631 [main] DefaultIdentifierGeneratorFactory - Registering IdentifierGenerator strategy [seqhilo] -> [org.hibernate.id.SequenceHiLoGenerator]
[DEBUG] 2024-02-23 21-11-51.632 [main] DefaultIdentifierGeneratorFactory - Registering IdentifierGenerator strategy [increment] -> [org.hibernate.id.IncrementGenerator]
[DEBUG] 2024-02-23 21-11-51.633 [main] DefaultIdentifierGeneratorFactory - Registering IdentifierGenerator strategy [foreign] -> [org.hibernate.id.ForeignGenerator]
[DEBUG] 2024-02-23 21-11-51.633 [main] DefaultIdentifierGeneratorFactory - Registering IdentifierGenerator strategy [sequence-identity] -> [org.hibernate.id.SequenceIdentityGenerator]
[DEBUG] 2024-02-23 21-11-51.633 [main] DefaultIdentifierGeneratorFactory - Registering IdentifierGenerator strategy [enhanced-sequence] -> [org.hibernate.id.enhanced.SequenceStyleGenerator]
[DEBUG] 2024-02-23 21-11-51.635 [main] DefaultIdentifierGeneratorFactory - Registering IdentifierGenerator strategy [enhanced-table] -> [org.hibernate.id.enhanced.TableGenerator]
[WARN ] 2024-02-23 21-11-51.639 [main] ConnectionProviderInitiator - HHH000022: c3p0 properties were encountered, but the c3p0 provider class was not found on the classpath; these properties are going to be ignored.
[WARN ] 2024-02-23 21-11-51.640 [main] pooling - HHH10001002: Using Hibernate built-in connection pool (not for production use!)
[INFO ] 2024-02-23 21-11-51.641 [main] pooling - HHH10001005: using driver [com.mysql.cj.jdbc.Driver] at URL [jdbc:mysql://localhost:3306/clockit]
[INFO ] 2024-02-23 21-11-51.641 [main] pooling - HHH10001001: Connection properties: {password=RootPass., user=root}
[INFO ] 2024-02-23 21-11-51.641 [main] pooling - HHH10001003: Autocommit mode: false
[DEBUG] 2024-02-23 21-11-51.643 [main] DriverManagerConnectionProviderImpl - Initializing Connection pool with 1 Connections
[INFO ] 2024-02-23 21-11-51.643 [main] DriverManagerConnectionProviderImpl - HHH000115: Hibernate connection pool size: 20 (min=1)
[DEBUG] 2024-02-23 21-11-51.676 [main] JdbcEnvironmentInitiator - Database ->
       name : MySQL
    version : 8.3.0
      major : 8
      minor : 3
[DEBUG] 2024-02-23 21-11-51.676 [main] JdbcEnvironmentInitiator - Driver ->
       name : MySQL Connector/J
    version : mysql-connector-java-8.0.16 (Revision: 34cbc6bc61f72836e26327537a432d6db7c77de6)
      major : 8
      minor : 0
[DEBUG] 2024-02-23 21-11-51.676 [main] JdbcEnvironmentInitiator - JDBC version : 4.2
[INFO ] 2024-02-23 21-11-51.691 [main] Dialect - HHH000400: Using dialect: org.hibernate.dialect.MySQLDialect
[DEBUG] 2024-02-23 21-11-51.709 [main] IdentifierHelperBuilder - JDBC driver metadata reported database stores quoted identifiers in more than one case
[DEBUG] 2024-02-23 21-11-51.739 [main] IdentifierHelperBuilder - IdentifierCaseStrategy for both quoted and unquoted identifiers was set to the same strategy [LOWER]; that will likely lead to problems in schema update and validation if using quoted identifiers
[DEBUG] 2024-02-23 21-11-51.767 [main] Namespace - Created database namespace [logicalName=Name{catalog=null, schema=null}, physicalName=Name{catalog=null, schema=null}]
[DEBUG] 2024-02-23 21-11-51.770 [main] TypeConfiguration$Scope - Scoping TypeConfiguration [org.hibernate.type.spi.TypeConfiguration@42fb8c87] to MetadataBuildingContext [org.hibernate.boot.internal.MetadataBuildingContextRootImpl@15eb0ae9]
[DEBUG] 2024-02-23 21-11-51.807 [main] AnnotationBinder - Binding entity from annotated class: entity.User
[DEBUG] 2024-02-23 21-11-51.827 [main] Ejb3Column - Binding column: Ejb3DiscriminatorColumn{logicalColumnName'DTYPE', discriminatorTypeName='string'}
[DEBUG] 2024-02-23 21-11-51.837 [main] EntityBinder - Import with entity name User
[DEBUG] 2024-02-23 21-11-51.840 [main] EntityBinder - Bind entity entity.User on table users
[DEBUG] 2024-02-23 21-11-51.866 [main] Ejb3Column - Binding column: Ejb3Column{table=org.hibernate.mapping.Table(users), mappingColumn=id, insertable=true, updatable=true, unique=false}
[DEBUG] 2024-02-23 21-11-51.868 [main] PropertyBinder - MetadataSourceProcessor property id with lazy=false
[DEBUG] 2024-02-23 21-11-51.870 [main] AbstractPropertyHolder - Attempting to locate auto-apply AttributeConverter for property [entity.User:id]
[DEBUG] 2024-02-23 21-11-51.871 [main] SimpleValueBinder - building SimpleValue for id
[DEBUG] 2024-02-23 21-11-51.873 [main] PropertyBinder - Building property id
[DEBUG] 2024-02-23 21-11-51.875 [main] BinderHelper - #makeIdGenerator(org.hibernate.mapping.SimpleValue([org.hibernate.mapping.Column(id)]), id, org.hibernate.id.enhanced.SequenceStyleGenerator, native, ...)
[DEBUG] 2024-02-23 21-11-51.877 [main] Ejb3Column - Binding column: Ejb3JoinColumn{logicalColumnName='attendance_id', referencedColumn='', mappedBy=''}
[DEBUG] 2024-02-23 21-11-51.877 [main] Ejb3Column - Binding column: Ejb3Column{table=org.hibernate.mapping.Table(users), mappingColumn=attendance, insertable=true, updatable=true, unique=false}
[DEBUG] 2024-02-23 21-11-51.879 [main] PropertyBinder - Building property attendance
[DEBUG] 2024-02-23 21-11-51.879 [main] Ejb3Column - Binding column: Ejb3Column{table=org.hibernate.mapping.Table(users), mappingColumn=password_hash, insertable=true, updatable=true, unique=false}
[DEBUG] 2024-02-23 21-11-51.879 [main] PropertyBinder - MetadataSourceProcessor property passwordHash with lazy=false
[DEBUG] 2024-02-23 21-11-51.879 [main] AbstractPropertyHolder - Attempting to locate auto-apply AttributeConverter for property [entity.User:passwordHash]
[DEBUG] 2024-02-23 21-11-51.879 [main] SimpleValueBinder - building SimpleValue for passwordHash
[DEBUG] 2024-02-23 21-11-51.879 [main] PropertyBinder - Building property passwordHash
[DEBUG] 2024-02-23 21-11-51.879 [main] Ejb3Column - Binding column: Ejb3Column{table=org.hibernate.mapping.Table(users), mappingColumn=username, insertable=true, updatable=true, unique=false}
[DEBUG] 2024-02-23 21-11-51.880 [main] PropertyBinder - MetadataSourceProcessor property username with lazy=false
[DEBUG] 2024-02-23 21-11-51.880 [main] AbstractPropertyHolder - Attempting to locate auto-apply AttributeConverter for property [entity.User:username]
[DEBUG] 2024-02-23 21-11-51.880 [main] SimpleValueBinder - building SimpleValue for username
[DEBUG] 2024-02-23 21-11-51.880 [main] PropertyBinder - Building property username
[DEBUG] 2024-02-23 21-11-51.881 [main] AnnotationBinder - Binding entity from annotated class: entity.Attendance
[DEBUG] 2024-02-23 21-11-51.881 [main] Ejb3Column - Binding column: Ejb3DiscriminatorColumn{logicalColumnName'DTYPE', discriminatorTypeName='string'}
[DEBUG] 2024-02-23 21-11-51.881 [main] EntityBinder - Import with entity name Attendance
[DEBUG] 2024-02-23 21-11-51.881 [main] EntityBinder - Bind entity entity.Attendance on table attendance
[DEBUG] 2024-02-23 21-11-51.882 [main] Ejb3Column - Binding column: Ejb3Column{table=org.hibernate.mapping.Table(attendance), mappingColumn=id, insertable=true, updatable=true, unique=false}
[DEBUG] 2024-02-23 21-11-51.882 [main] PropertyBinder - MetadataSourceProcessor property id with lazy=false
[DEBUG] 2024-02-23 21-11-51.883 [main] AbstractPropertyHolder - Attempting to locate auto-apply AttributeConverter for property [entity.Attendance:id]
[DEBUG] 2024-02-23 21-11-51.883 [main] SimpleValueBinder - building SimpleValue for id
[DEBUG] 2024-02-23 21-11-51.883 [main] PropertyBinder - Building property id
[DEBUG] 2024-02-23 21-11-51.883 [main] BinderHelper - #makeIdGenerator(org.hibernate.mapping.SimpleValue([org.hibernate.mapping.Column(id)]), id, org.hibernate.id.enhanced.SequenceStyleGenerator, native, ...)
[DEBUG] 2024-02-23 21-11-51.883 [main] Ejb3Column - Binding column: Ejb3Column{table=org.hibernate.mapping.Table(attendance), mappingColumn=clock_in_time, insertable=true, updatable=true, unique=false}
[DEBUG] 2024-02-23 21-11-51.883 [main] PropertyBinder - MetadataSourceProcessor property clockInTime with lazy=false
[DEBUG] 2024-02-23 21-11-51.883 [main] AbstractPropertyHolder - Attempting to locate auto-apply AttributeConverter for property [entity.Attendance:clockInTime]
[DEBUG] 2024-02-23 21-11-51.883 [main] SimpleValueBinder - building SimpleValue for clockInTime
[DEBUG] 2024-02-23 21-11-51.883 [main] PropertyBinder - Building property clockInTime
[DEBUG] 2024-02-23 21-11-51.884 [main] Ejb3Column - Binding column: Ejb3Column{table=org.hibernate.mapping.Table(attendance), mappingColumn=clock_out_time, insertable=true, updatable=true, unique=false}
[DEBUG] 2024-02-23 21-11-51.884 [main] PropertyBinder - MetadataSourceProcessor property clockOutTime with lazy=false
[DEBUG] 2024-02-23 21-11-51.884 [main] AbstractPropertyHolder - Attempting to locate auto-apply AttributeConverter for property [entity.Attendance:clockOutTime]
[DEBUG] 2024-02-23 21-11-51.884 [main] SimpleValueBinder - building SimpleValue for clockOutTime
[DEBUG] 2024-02-23 21-11-51.884 [main] PropertyBinder - Building property clockOutTime
[DEBUG] 2024-02-23 21-11-51.884 [main] Ejb3Column - Binding column: Ejb3Column{table=org.hibernate.mapping.Table(attendance), mappingColumn=status, insertable=true, updatable=true, unique=false}
[DEBUG] 2024-02-23 21-11-51.884 [main] PropertyBinder - MetadataSourceProcessor property clokedStatus with lazy=false
[DEBUG] 2024-02-23 21-11-51.885 [main] AbstractPropertyHolder - Attempting to locate auto-apply AttributeConverter for property [entity.Attendance:clokedStatus]
[DEBUG] 2024-02-23 21-11-51.885 [main] SimpleValueBinder - building SimpleValue for clokedStatus
[DEBUG] 2024-02-23 21-11-51.885 [main] PropertyBinder - Building property clokedStatus
[DEBUG] 2024-02-23 21-11-51.885 [main] Ejb3Column - Binding column: Ejb3Column{table=org.hibernate.mapping.Table(attendance), mappingColumn=date, insertable=true, updatable=true, unique=false}
[DEBUG] 2024-02-23 21-11-51.885 [main] PropertyBinder - MetadataSourceProcessor property date with lazy=false
[DEBUG] 2024-02-23 21-11-51.885 [main] AbstractPropertyHolder - Attempting to locate auto-apply AttributeConverter for property [entity.Attendance:date]
[DEBUG] 2024-02-23 21-11-51.885 [main] SimpleValueBinder - building SimpleValue for date
[DEBUG] 2024-02-23 21-11-51.885 [main] PropertyBinder - Building property date
[DEBUG] 2024-02-23 21-11-51.885 [main] Ejb3Column - Binding column: Ejb3JoinColumn{logicalColumnName='user_id', referencedColumn='', mappedBy=''}
[DEBUG] 2024-02-23 21-11-51.885 [main] Ejb3Column - Binding column: Ejb3Column{table=org.hibernate.mapping.Table(attendance), mappingColumn=user, insertable=true, updatable=true, unique=false}
[DEBUG] 2024-02-23 21-11-51.886 [main] PropertyBinder - Building property user
[DEBUG] 2024-02-23 21-11-51.886 [main] SimpleValueBinder - Starting fillSimpleValue for id
[DEBUG] 2024-02-23 21-11-51.887 [main] SimpleValueBinder - Starting fillSimpleValue for passwordHash
[DEBUG] 2024-02-23 21-11-51.887 [main] SimpleValueBinder - Starting fillSimpleValue for username
[DEBUG] 2024-02-23 21-11-51.887 [main] SimpleValueBinder - Starting fillSimpleValue for id
[DEBUG] 2024-02-23 21-11-51.887 [main] SimpleValueBinder - Starting fillSimpleValue for clockInTime
[DEBUG] 2024-02-23 21-11-51.887 [main] SimpleValueBinder - Starting fillSimpleValue for clockOutTime
[DEBUG] 2024-02-23 21-11-51.887 [main] SimpleValueBinder - Starting fillSimpleValue for clokedStatus
[DEBUG] 2024-02-23 21-11-51.887 [main] SimpleValueBinder - Starting fillSimpleValue for date
[DEBUG] 2024-02-23 21-11-51.889 [main] PrimaryKey - Forcing column [id] to be non-null as it is part of the primary key for table [users]
[DEBUG] 2024-02-23 21-11-51.889 [main] PrimaryKey - Forcing column [id] to be non-null as it is part of the primary key for table [attendance]
[DEBUG] 2024-02-23 21-11-51.889 [main] InFlightMetadataCollectorImpl - Resolving reference to class: entity.User
[DEBUG] 2024-02-23 21-11-51.890 [main] InFlightMetadataCollectorImpl - Resolving reference to class: entity.Attendance
[DEBUG] 2024-02-23 21-11-51.892 [main] InFlightMetadataCollectorImpl - Resolving reference to class: entity.User
[DEBUG] 2024-02-23 21-11-51.892 [main] InFlightMetadataCollectorImpl - Resolving reference to class: entity.Attendance
[DEBUG] 2024-02-23 21-11-51.914 [main] SessionFactoryImpl - Building session factory
[DEBUG] 2024-02-23 21-11-51.915 [main] Settings - SessionFactory name : null
[DEBUG] 2024-02-23 21-11-51.915 [main] Settings - Automatic flush during beforeCompletion(): enabled
[DEBUG] 2024-02-23 21-11-51.915 [main] Settings - Automatic session close at end of transaction: disabled
[DEBUG] 2024-02-23 21-11-51.915 [main] Settings - Statistics: disabled
[DEBUG] 2024-02-23 21-11-51.915 [main] Settings - Deleted entity synthetic identifier rollback: disabled
[DEBUG] 2024-02-23 21-11-51.915 [main] Settings - Default entity-mode: pojo
[DEBUG] 2024-02-23 21-11-51.915 [main] Settings - Check Nullability in Core (should be disabled when Bean Validation is on): enabled
[DEBUG] 2024-02-23 21-11-51.915 [main] Settings - Allow initialization of lazy state outside session : disabled
[DEBUG] 2024-02-23 21-11-51.916 [main] Settings - Using BatchFetchStyle : LEGACY
[DEBUG] 2024-02-23 21-11-51.916 [main] Settings - Default batch fetch size: -1
[DEBUG] 2024-02-23 21-11-51.916 [main] Settings - Maximum outer join fetch depth: 2
[DEBUG] 2024-02-23 21-11-51.916 [main] Settings - Default null ordering: NONE
[DEBUG] 2024-02-23 21-11-51.916 [main] Settings - Order SQL updates by primary key: disabled
[DEBUG] 2024-02-23 21-11-51.916 [main] Settings - Order SQL inserts for batching: disabled
[DEBUG] 2024-02-23 21-11-51.916 [main] Settings - multi-tenancy strategy : NONE
[DEBUG] 2024-02-23 21-11-51.916 [main] Settings - JTA Track by Thread: enabled
[DEBUG] 2024-02-23 21-11-51.916 [main] Settings - Query language substitutions: {}
[DEBUG] 2024-02-23 21-11-51.916 [main] Settings - Named query checking : enabled
[DEBUG] 2024-02-23 21-11-51.916 [main] Settings - Second-level cache: disabled
[DEBUG] 2024-02-23 21-11-51.916 [main] Settings - Second-level query cache: disabled
[DEBUG] 2024-02-23 21-11-51.916 [main] Settings - Second-level query cache factory: null
[DEBUG] 2024-02-23 21-11-51.916 [main] Settings - Second-level cache region prefix: null
[DEBUG] 2024-02-23 21-11-51.916 [main] Settings - Optimize second-level cache for minimal puts: disabled
[DEBUG] 2024-02-23 21-11-51.916 [main] Settings - Structured second-level cache entries: disabled
[DEBUG] 2024-02-23 21-11-51.916 [main] Settings - Second-level cache direct-reference entries: disabled
[DEBUG] 2024-02-23 21-11-51.916 [main] Settings - Automatic eviction of collection cache: disabled
[DEBUG] 2024-02-23 21-11-51.916 [main] Settings - JDBC batch size: 15
[DEBUG] 2024-02-23 21-11-51.916 [main] Settings - JDBC batch updates for versioned data: enabled
[DEBUG] 2024-02-23 21-11-51.917 [main] Settings - Scrollable result sets: enabled
[DEBUG] 2024-02-23 21-11-51.917 [main] Settings - Wrap result sets: disabled
[DEBUG] 2024-02-23 21-11-51.917 [main] Settings - JDBC3 getGeneratedKeys(): enabled
[DEBUG] 2024-02-23 21-11-51.917 [main] Settings - JDBC result set fetch size: null
[DEBUG] 2024-02-23 21-11-51.917 [main] Settings - Connection release mode: AFTER_TRANSACTION
[DEBUG] 2024-02-23 21-11-51.917 [main] Settings - Generate SQL with comments: disabled
[DEBUG] 2024-02-23 21-11-51.917 [main] Settings - JPA compliance - query : 
[DEBUG] 2024-02-23 21-11-51.917 [main] Settings - JPA compliance - closed-handling : 
[DEBUG] 2024-02-23 21-11-51.917 [main] Settings - JPA compliance - lists : 
[DEBUG] 2024-02-23 21-11-51.917 [main] Settings - JPA compliance - transactions : 
[INFO ] 2024-02-23 21-11-51.950 [main] beans - HHH10005002: No explicit CDI BeanManager reference was passed to Hibernate, but CDI is available on the Hibernate ClassLoader.
[DEBUG] 2024-02-23 21-11-51.965 [main] SessionFactoryImpl - Session factory constructed with filter configurations : {}
[DEBUG] 2024-02-23 21-11-51.965 [main] SessionFactoryImpl - Instantiating session factory with properties: {sun.desktop=windows, awt.toolkit=sun.awt.windows.WToolkit, java.specification.version=11, sun.cpu.isalist=amd64, hibernate.c3p0.idle_test_period=3000, sun.jnu.encoding=Cp1252, hibernate.dialect=org.hibernate.dialect.MySQLDialect, hibernate.c3p0.min_size=5, java.class.path=C:\Program Files\JetBrains\IntelliJ IDEA 2023.3.2\lib\idea_rt.jar;C:\Program Files\JetBrains\IntelliJ IDEA 2023.3.2\plugins\junit\lib\junit5-rt.jar;C:\Program Files\JetBrains\IntelliJ IDEA 2023.3.2\plugins\junit\lib\junit-rt.jar;C:\IdeaProjects\ClockIt\target\test-classes;C:\IdeaProjects\ClockIt\target\classes;C:\Users\cheve\.m2\repository\org\junit\platform\junit-platform-runner\1.0.0\junit-platform-runner-1.0.0.jar;C:\Users\cheve\.m2\repository\org\apiguardian\apiguardian-api\1.0.0\apiguardian-api-1.0.0.jar;C:\Users\cheve\.m2\repository\org\junit\platform\junit-platform-launcher\1.0.0\junit-platform-launcher-1.0.0.jar;C:\Users\cheve\.m2\repository\org\junit\platform\junit-platform-suite-api\1.0.0\junit-platform-suite-api-1.0.0.jar;C:\Users\cheve\.m2\repository\org\junit\platform\junit-platform-commons\1.0.0\junit-platform-commons-1.0.0.jar;C:\Users\cheve\.m2\repository\org\junit\vintage\junit-vintage-engine\4.12.0\junit-vintage-engine-4.12.0.jar;C:\Users\cheve\.m2\repository\org\junit\platform\junit-platform-engine\1.0.0\junit-platform-engine-1.0.0.jar;C:\Users\cheve\.m2\repository\org\opentest4j\opentest4j\1.0.0\opentest4j-1.0.0.jar;C:\Users\cheve\.m2\repository\org\junit\jupiter\junit-jupiter-engine\5.0.0\junit-jupiter-engine-5.0.0.jar;C:\Users\cheve\.m2\repository\org\junit\jupiter\junit-jupiter-api\5.0.0\junit-jupiter-api-5.0.0.jar;C:\Users\cheve\.m2\repository\junit\junit\4.12\junit-4.12.jar;C:\Users\cheve\.m2\repository\org\hamcrest\hamcrest-core\1.3\hamcrest-core-1.3.jar;C:\Users\cheve\.m2\repository\javax\javaee-web-api\7.0\javaee-web-api-7.0.jar;C:\Users\cheve\.m2\repository\mysql\mysql-connector-java\8.0.16\mysql-connector-java-8.0.16.jar;C:\Users\cheve\.m2\repository\com\google\protobuf\protobuf-java\3.6.1\protobuf-java-3.6.1.jar;C:\Users\cheve\.m2\repository\jstl\jstl\1.2\jstl-1.2.jar;C:\Users\cheve\.m2\repository\org\apache\logging\log4j\log4j-api\2.10.0\log4j-api-2.10.0.jar;C:\Users\cheve\.m2\repository\org\apache\logging\log4j\log4j-core\2.10.0\log4j-core-2.10.0.jar;C:\Users\cheve\.m2\repository\org\hibernate\hibernate-core\5.4.4.Final\hibernate-core-5.4.4.Final.jar;C:\Users\cheve\.m2\repository\org\jboss\logging\jboss-logging\3.3.2.Final\jboss-logging-3.3.2.Final.jar;C:\Users\cheve\.m2\repository\javax\persistence\javax.persistence-api\2.2\javax.persistence-api-2.2.jar;C:\Users\cheve\.m2\repository\org\javassist\javassist\3.24.0-GA\javassist-3.24.0-GA.jar;C:\Users\cheve\.m2\repository\net\bytebuddy\byte-buddy\1.9.11\byte-buddy-1.9.11.jar;C:\Users\cheve\.m2\repository\antlr\antlr\2.7.7\antlr-2.7.7.jar;C:\Users\cheve\.m2\repository\org\jboss\spec\javax\transaction\jboss-transaction-api_1.2_spec\1.1.1.Final\jboss-transaction-api_1.2_spec-1.1.1.Final.jar;C:\Users\cheve\.m2\repository\org\jboss\jandex\2.0.5.Final\jandex-2.0.5.Final.jar;C:\Users\cheve\.m2\repository\com\fasterxml\classmate\1.3.4\classmate-1.3.4.jar;C:\Users\cheve\.m2\repository\javax\activation\javax.activation-api\1.2.0\javax.activation-api-1.2.0.jar;C:\Users\cheve\.m2\repository\org\dom4j\dom4j\2.1.1\dom4j-2.1.1.jar;C:\Users\cheve\.m2\repository\org\hibernate\common\hibernate-commons-annotations\5.1.0.Final\hibernate-commons-annotations-5.1.0.Final.jar;C:\Users\cheve\.m2\repository\javax\xml\bind\jaxb-api\2.3.1\jaxb-api-2.3.1.jar;C:\Users\cheve\.m2\repository\org\glassfish\jaxb\jaxb-runtime\2.3.1\jaxb-runtime-2.3.1.jar;C:\Users\cheve\.m2\repository\org\glassfish\jaxb\txw2\2.3.1\txw2-2.3.1.jar;C:\Users\cheve\.m2\repository\com\sun\istack\istack-commons-runtime\3.0.7\istack-commons-runtime-3.0.7.jar;C:\Users\cheve\.m2\repository\org\jvnet\staxex\stax-ex\1.8\stax-ex-1.8.jar;C:\Users\cheve\.m2\repository\com\sun\xml\fastinfoset\FastInfoset\1.2.15\FastInfoset-1.2.15.jar, java.vm.vendor=Eclipse Adoptium, sun.arch.data.model=64, idea.test.cyclic.buffer.size=1048576, user.variant=, java.vendor.url=https://adoptium.net/, user.timezone=America/Chicago, os.name=Windows 11, java.vm.specification.version=11, sun.java.launcher=SUN_STANDARD, user.country=US, sun.boot.library.path=C:\Program Files\Java\jdk-11.0.22+7\bin, sun.java.command=com.intellij.rt.junit.JUnitStarter -ideVersion5 -junit5 persistence.UserDaoTest,testGetById, jdk.debug=release, sun.cpu.endian=little, user.home=C:\Users\cheve, hibernate.c3p0.max_statements=50, user.language=en, java.specification.vendor=Oracle Corporation, java.version.date=2024-01-16, java.home=C:\Program Files\Java\jdk-11.0.22+7, file.separator=\, java.vm.compressedOopsMode=Zero based, line.separator=
, hibernate.c3p0.timeout=300, java.specification.name=Java Platform API Specification, java.vm.specification.vendor=Oracle Corporation, java.awt.graphicsenv=sun.awt.Win32GraphicsEnvironment, hibernate.hbm2ddl.auto=update, user.script=, sun.management.compiler=HotSpot 64-Bit Tiered Compilers, hibernate.c3p0.max_size=20, java.runtime.version=11.0.22+7, user.name=cheve, path.separator=;, hibernate.connection.username=****, os.version=10.0, java.runtime.name=OpenJDK Runtime Environment, hibernate.connection.url=jdbc:mysql://localhost:3306/clockit, file.encoding=UTF-8, java.vm.name=OpenJDK 64-Bit Server VM, hibernate.show_sql=true, java.vendor.version=Temurin-11.0.22+7, hibernate.connection.driver_class=com.mysql.cj.jdbc.Driver, java.vendor.url.bug=https://github.com/adoptium/adoptium-support/issues, java.io.tmpdir=C:\Users\cheve\AppData\Local\Temp\, java.version=11.0.22, user.dir=C:\IdeaProjects\ClockIt, os.arch=amd64, java.vm.specification.name=Java Virtual Machine Specification, java.awt.printerjob=sun.awt.windows.WPrinterJob, hibernate.connection.password=****, sun.os.patch.level=, connection.driver_class=com.mysql.cj.jdbc.Driver, hibernate.boot.CfgXmlAccessService.key=org.hibernate.boot.cfgxml.spi.LoadedConfig@1d0cac30, java.library.path=C:\Program Files\Java\jdk-11.0.22+7\bin;C:\Windows\Sun\Java\bin;C:\Windows\system32;C:\Windows;C:\Windows\system32;C:\Windows;C:\Windows\System32\Wbem;C:\Windows\System32\WindowsPowerShell\v1.0\;C:\Windows\System32\OpenSSH\;C:\Program Files (x86)\NVIDIA Corporation\PhysX\Common;C:\Program Files\NVIDIA Corporation\NVIDIA NvDLISR;C:\Program Files\Git\cmd;C:\Users\cheve\AppData\Local\Microsoft\WindowsApps;., java.vendor=Eclipse Adoptium, java.vm.info=mixed mode, java.vm.version=11.0.22+7, java.specification.maintenance.version=2, hibernate.bytecode.use_reflection_optimizer=false, sun.io.unicode.encoding=UnicodeLittle, connection.url=jdbc:mysql://localhost:3306/clockit, java.class.version=55.0}
[DEBUG] 2024-02-23 21-11-51.977 [main] TypeSafeActivator - Unable to acquire Bean Validation ValidatorFactory, skipping activation
[DEBUG] 2024-02-23 21-11-51.977 [main] JaccIntegrator - Skipping JACC integration as it was not enabled
[DEBUG] 2024-02-23 21-11-51.978 [main] SessionFactoryImpl - Instantiated session factory
[DEBUG] 2024-02-23 21-11-51.978 [main] TypeConfiguration$Scope - Scoping TypeConfiguration [org.hibernate.type.spi.TypeConfiguration@42fb8c87] to SessionFactoryImpl [org.hibernate.internal.SessionFactoryImpl@2668c286]
[DEBUG] 2024-02-23 21-11-52.014 [main] ClassLoaderAccessImpl - Not known whether passed class name [entity.User] is safe
[DEBUG] 2024-02-23 21-11-52.014 [main] ClassLoaderAccessImpl - No temp ClassLoader provided; using live ClassLoader for loading potentially unsafe class : entity.User
[DEBUG] 2024-02-23 21-11-52.033 [main] ClassLoaderAccessImpl - Not known whether passed class name [entity.User] is safe
[DEBUG] 2024-02-23 21-11-52.034 [main] ClassLoaderAccessImpl - No temp ClassLoader provided; using live ClassLoader for loading potentially unsafe class : entity.User
[DEBUG] 2024-02-23 21-11-52.266 [main] ClassLoaderAccessImpl - Not known whether passed class name [entity.Attendance] is safe
[DEBUG] 2024-02-23 21-11-52.267 [main] ClassLoaderAccessImpl - No temp ClassLoader provided; using live ClassLoader for loading potentially unsafe class : entity.Attendance
[DEBUG] 2024-02-23 21-11-52.267 [main] ClassLoaderAccessImpl - Not known whether passed class name [entity.Attendance] is safe
[DEBUG] 2024-02-23 21-11-52.267 [main] ClassLoaderAccessImpl - No temp ClassLoader provided; using live ClassLoader for loading potentially unsafe class : entity.Attendance
[DEBUG] 2024-02-23 21-11-52.298 [main] AbstractEntityPersister - Static SQL for entity: entity.User
[DEBUG] 2024-02-23 21-11-52.298 [main] AbstractEntityPersister -  Version select: select id from users where id =?
[DEBUG] 2024-02-23 21-11-52.298 [main] AbstractEntityPersister -  Snapshot select: select user_.id, user_.attendance_id as attendan4_1_, user_.password_hash as password2_1_, user_.username as username3_1_ from users user_ where user_.id=?
[DEBUG] 2024-02-23 21-11-52.298 [main] AbstractEntityPersister -  Insert 0: insert into users (attendance_id, password_hash, username, id) values (?, ?, ?, ?)
[DEBUG] 2024-02-23 21-11-52.298 [main] AbstractEntityPersister -  Update 0: update users set attendance_id=?, password_hash=?, username=? where id=?
[DEBUG] 2024-02-23 21-11-52.298 [main] AbstractEntityPersister -  Delete 0: delete from users where id=?
[DEBUG] 2024-02-23 21-11-52.298 [main] AbstractEntityPersister -  Identity insert: insert into users (attendance_id, password_hash, username) values (?, ?, ?)
[DEBUG] 2024-02-23 21-11-52.351 [main] QuerySpacesImpl - Adding QuerySpace : uid = <gen:0> -> org.hibernate.loader.plan.build.internal.spaces.EntityQuerySpaceImpl@1cd2143b]
[DEBUG] 2024-02-23 21-11-52.353 [main] MetamodelGraphWalker - Visiting attribute path : attendance
[DEBUG] 2024-02-23 21-11-52.363 [main] QuerySpacesImpl - Adding QuerySpace : uid = <gen:1> -> org.hibernate.loader.plan.build.internal.spaces.EntityQuerySpaceImpl@15605d83]
[DEBUG] 2024-02-23 21-11-52.365 [main] MetamodelGraphWalker - Visiting attribute path : attendance.clockInTime
[DEBUG] 2024-02-23 21-11-52.366 [main] MetamodelGraphWalker - Visiting attribute path : attendance.clockOutTime
[DEBUG] 2024-02-23 21-11-52.366 [main] MetamodelGraphWalker - Visiting attribute path : attendance.clokedStatus
[DEBUG] 2024-02-23 21-11-52.366 [main] MetamodelGraphWalker - Visiting attribute path : attendance.date
[DEBUG] 2024-02-23 21-11-52.366 [main] MetamodelGraphWalker - Visiting attribute path : attendance.user
[DEBUG] 2024-02-23 21-11-52.366 [main] QuerySpacesImpl - Adding QuerySpace : uid = <gen:2> -> org.hibernate.loader.plan.build.internal.spaces.EntityQuerySpaceImpl@76396509]
[DEBUG] 2024-02-23 21-11-52.366 [main] MetamodelGraphWalker - Visiting attribute path : attendance.user.attendance
[DEBUG] 2024-02-23 21-11-52.366 [main] MetamodelGraphWalker - Property path deemed to be circular : attendance.user.attendance
[DEBUG] 2024-02-23 21-11-52.366 [main] MetamodelGraphWalker - Visiting attribute path : attendance.user.passwordHash
[DEBUG] 2024-02-23 21-11-52.366 [main] MetamodelGraphWalker - Visiting attribute path : attendance.user.username
[DEBUG] 2024-02-23 21-11-52.366 [main] MetamodelGraphWalker - Visiting attribute path : passwordHash
[DEBUG] 2024-02-23 21-11-52.367 [main] MetamodelGraphWalker - Visiting attribute path : username
[DEBUG] 2024-02-23 21-11-52.367 [main] FetchStyleLoadPlanBuildingAssociationVisitationStrategy - Building LoadPlan...
[DEBUG] 2024-02-23 21-11-52.394 [main] LoadQueryJoinAndFetchProcessor - processing queryspace <gen:0>
[DEBUG] 2024-02-23 21-11-52.401 [main] LoadPlanTreePrinter - LoadPlan(entity=entity.User)
    - Returns
       - EntityReturnImpl(entity=entity.User, querySpaceUid=<gen:0>, path=entity.User)
          - EntityAttributeFetchImpl(entity=entity.Attendance, querySpaceUid=<gen:1>, path=entity.User.attendance)
             - EntityAttributeFetchImpl(entity=entity.User, querySpaceUid=<gen:2>, path=entity.User.attendance.user)
    - QuerySpaces
       - EntityQuerySpaceImpl(uid=<gen:0>, entity=entity.User)
          - SQL table alias mapping - user0_
          - alias suffix - 0_
          - suffixed key columns - {id1_1_0_}
          - JOIN (JoinDefinedByMetadata(attendance)) : <gen:0> -> <gen:1>
             - EntityQuerySpaceImpl(uid=<gen:1>, entity=entity.Attendance)
                - SQL table alias mapping - attendance1_
                - alias suffix - 1_
                - suffixed key columns - {id1_0_1_}
                - JOIN (JoinDefinedByMetadata(user)) : <gen:1> -> <gen:2>
                   - EntityQuerySpaceImpl(uid=<gen:2>, entity=entity.User)
                      - SQL table alias mapping - user2_
                      - alias suffix - 2_
                      - suffixed key columns - {id1_1_2_}

[DEBUG] 2024-02-23 21-11-52.406 [main] EntityLoader - Static select for entity entity.User [NONE]: select user0_.id as id1_1_0_, user0_.attendance_id as attendan4_1_0_, user0_.password_hash as password2_1_0_, user0_.username as username3_1_0_, attendance1_.id as id1_0_1_, attendance1_.clock_in_time as clock_in2_0_1_, attendance1_.clock_out_time as clock_ou3_0_1_, attendance1_.status as status4_0_1_, attendance1_.date as date5_0_1_, attendance1_.user_id as user_id6_0_1_, user2_.id as id1_1_2_, user2_.attendance_id as attendan4_1_2_, user2_.password_hash as password2_1_2_, user2_.username as username3_1_2_ from users user0_ left outer join attendance attendance1_ on user0_.attendance_id=attendance1_.id left outer join users user2_ on attendance1_.user_id=user2_.id where user0_.id=?
[DEBUG] 2024-02-23 21-11-52.406 [main] QuerySpacesImpl - Adding QuerySpace : uid = <gen:0> -> org.hibernate.loader.plan.build.internal.spaces.EntityQuerySpaceImpl@6314df3c]
[DEBUG] 2024-02-23 21-11-52.406 [main] MetamodelGraphWalker - Visiting attribute path : attendance
[DEBUG] 2024-02-23 21-11-52.406 [main] QuerySpacesImpl - Adding QuerySpace : uid = <gen:1> -> org.hibernate.loader.plan.build.internal.spaces.EntityQuerySpaceImpl@10b8b900]
[DEBUG] 2024-02-23 21-11-52.406 [main] MetamodelGraphWalker - Visiting attribute path : attendance.clockInTime
[DEBUG] 2024-02-23 21-11-52.407 [main] MetamodelGraphWalker - Visiting attribute path : attendance.clockOutTime
[DEBUG] 2024-02-23 21-11-52.407 [main] MetamodelGraphWalker - Visiting attribute path : attendance.clokedStatus
[DEBUG] 2024-02-23 21-11-52.407 [main] MetamodelGraphWalker - Visiting attribute path : attendance.date
[DEBUG] 2024-02-23 21-11-52.407 [main] MetamodelGraphWalker - Visiting attribute path : attendance.user
[DEBUG] 2024-02-23 21-11-52.407 [main] QuerySpacesImpl - Adding QuerySpace : uid = <gen:2> -> org.hibernate.loader.plan.build.internal.spaces.EntityQuerySpaceImpl@2801827a]
[DEBUG] 2024-02-23 21-11-52.407 [main] MetamodelGraphWalker - Visiting attribute path : attendance.user.attendance
[DEBUG] 2024-02-23 21-11-52.407 [main] MetamodelGraphWalker - Property path deemed to be circular : attendance.user.attendance
[DEBUG] 2024-02-23 21-11-52.407 [main] MetamodelGraphWalker - Visiting attribute path : attendance.user.passwordHash
[DEBUG] 2024-02-23 21-11-52.407 [main] MetamodelGraphWalker - Visiting attribute path : attendance.user.username
[DEBUG] 2024-02-23 21-11-52.407 [main] MetamodelGraphWalker - Visiting attribute path : passwordHash
[DEBUG] 2024-02-23 21-11-52.407 [main] MetamodelGraphWalker - Visiting attribute path : username
[DEBUG] 2024-02-23 21-11-52.407 [main] FetchStyleLoadPlanBuildingAssociationVisitationStrategy - Building LoadPlan...
[DEBUG] 2024-02-23 21-11-52.407 [main] LoadQueryJoinAndFetchProcessor - processing queryspace <gen:0>
[DEBUG] 2024-02-23 21-11-52.407 [main] LoadPlanTreePrinter - LoadPlan(entity=entity.User)
    - Returns
       - EntityReturnImpl(entity=entity.User, querySpaceUid=<gen:0>, path=entity.User)
          - EntityAttributeFetchImpl(entity=entity.Attendance, querySpaceUid=<gen:1>, path=entity.User.attendance)
             - EntityAttributeFetchImpl(entity=entity.User, querySpaceUid=<gen:2>, path=entity.User.attendance.user)
    - QuerySpaces
       - EntityQuerySpaceImpl(uid=<gen:0>, entity=entity.User)
          - SQL table alias mapping - user0_
          - alias suffix - 0_
          - suffixed key columns - {id1_1_0_}
          - JOIN (JoinDefinedByMetadata(attendance)) : <gen:0> -> <gen:1>
             - EntityQuerySpaceImpl(uid=<gen:1>, entity=entity.Attendance)
                - SQL table alias mapping - attendance1_
                - alias suffix - 1_
                - suffixed key columns - {id1_0_1_}
                - JOIN (JoinDefinedByMetadata(user)) : <gen:1> -> <gen:2>
                   - EntityQuerySpaceImpl(uid=<gen:2>, entity=entity.User)
                      - SQL table alias mapping - user2_
                      - alias suffix - 2_
                      - suffixed key columns - {id1_1_2_}

[DEBUG] 2024-02-23 21-11-52.408 [main] EntityLoader - Static select for entity entity.User [READ]: select user0_.id as id1_1_0_, user0_.attendance_id as attendan4_1_0_, user0_.password_hash as password2_1_0_, user0_.username as username3_1_0_, attendance1_.id as id1_0_1_, attendance1_.clock_in_time as clock_in2_0_1_, attendance1_.clock_out_time as clock_ou3_0_1_, attendance1_.status as status4_0_1_, attendance1_.date as date5_0_1_, attendance1_.user_id as user_id6_0_1_, user2_.id as id1_1_2_, user2_.attendance_id as attendan4_1_2_, user2_.password_hash as password2_1_2_, user2_.username as username3_1_2_ from users user0_ left outer join attendance attendance1_ on user0_.attendance_id=attendance1_.id left outer join users user2_ on attendance1_.user_id=user2_.id where user0_.id=?
[DEBUG] 2024-02-23 21-11-52.432 [main] Loader - Static select for action ACTION_MERGE on entity entity.User: select user0_.id as id1_1_0_, user0_.attendance_id as attendan4_1_0_, user0_.password_hash as password2_1_0_, user0_.username as username3_1_0_ from users user0_ where user0_.id=?
[DEBUG] 2024-02-23 21-11-52.432 [main] Loader - Static select for action ACTION_REFRESH on entity entity.User: select user0_.id as id1_1_0_, user0_.attendance_id as attendan4_1_0_, user0_.password_hash as password2_1_0_, user0_.username as username3_1_0_ from users user0_ where user0_.id=?
[DEBUG] 2024-02-23 21-11-52.433 [main] AbstractEntityPersister - Static SQL for entity: entity.Attendance
[DEBUG] 2024-02-23 21-11-52.433 [main] AbstractEntityPersister -  Version select: select id from attendance where id =?
[DEBUG] 2024-02-23 21-11-52.433 [main] AbstractEntityPersister -  Snapshot select: select attendance_.id, attendance_.clock_in_time as clock_in2_0_, attendance_.clock_out_time as clock_ou3_0_, attendance_.status as status4_0_, attendance_.date as date5_0_, attendance_.user_id as user_id6_0_ from attendance attendance_ where attendance_.id=?
[DEBUG] 2024-02-23 21-11-52.433 [main] AbstractEntityPersister -  Insert 0: insert into attendance (clock_in_time, clock_out_time, status, date, user_id, id) values (?, ?, ?, ?, ?, ?)
[DEBUG] 2024-02-23 21-11-52.433 [main] AbstractEntityPersister -  Update 0: update attendance set clock_in_time=?, clock_out_time=?, status=?, date=?, user_id=? where id=?
[DEBUG] 2024-02-23 21-11-52.433 [main] AbstractEntityPersister -  Delete 0: delete from attendance where id=?
[DEBUG] 2024-02-23 21-11-52.433 [main] AbstractEntityPersister -  Identity insert: insert into attendance (clock_in_time, clock_out_time, status, date, user_id) values (?, ?, ?, ?, ?)
[DEBUG] 2024-02-23 21-11-52.433 [main] QuerySpacesImpl - Adding QuerySpace : uid = <gen:0> -> org.hibernate.loader.plan.build.internal.spaces.EntityQuerySpaceImpl@6889f56f]
[DEBUG] 2024-02-23 21-11-52.433 [main] MetamodelGraphWalker - Visiting attribute path : clockInTime
[DEBUG] 2024-02-23 21-11-52.433 [main] MetamodelGraphWalker - Visiting attribute path : clockOutTime
[DEBUG] 2024-02-23 21-11-52.433 [main] MetamodelGraphWalker - Visiting attribute path : clokedStatus
[DEBUG] 2024-02-23 21-11-52.433 [main] MetamodelGraphWalker - Visiting attribute path : date
[DEBUG] 2024-02-23 21-11-52.433 [main] MetamodelGraphWalker - Visiting attribute path : user
[DEBUG] 2024-02-23 21-11-52.434 [main] QuerySpacesImpl - Adding QuerySpace : uid = <gen:1> -> org.hibernate.loader.plan.build.internal.spaces.EntityQuerySpaceImpl@26da1ba2]
[DEBUG] 2024-02-23 21-11-52.434 [main] MetamodelGraphWalker - Visiting attribute path : user.attendance
[DEBUG] 2024-02-23 21-11-52.434 [main] QuerySpacesImpl - Adding QuerySpace : uid = <gen:2> -> org.hibernate.loader.plan.build.internal.spaces.EntityQuerySpaceImpl@2407a36c]
[DEBUG] 2024-02-23 21-11-52.434 [main] MetamodelGraphWalker - Visiting attribute path : user.attendance.clockInTime
[DEBUG] 2024-02-23 21-11-52.434 [main] MetamodelGraphWalker - Visiting attribute path : user.attendance.clockOutTime
[DEBUG] 2024-02-23 21-11-52.434 [main] MetamodelGraphWalker - Visiting attribute path : user.attendance.clokedStatus
[DEBUG] 2024-02-23 21-11-52.434 [main] MetamodelGraphWalker - Visiting attribute path : user.attendance.date
[DEBUG] 2024-02-23 21-11-52.434 [main] MetamodelGraphWalker - Visiting attribute path : user.attendance.user
[DEBUG] 2024-02-23 21-11-52.434 [main] MetamodelGraphWalker - Property path deemed to be circular : user.attendance.user
[DEBUG] 2024-02-23 21-11-52.434 [main] MetamodelGraphWalker - Visiting attribute path : user.passwordHash
[DEBUG] 2024-02-23 21-11-52.434 [main] MetamodelGraphWalker - Visiting attribute path : user.username
[DEBUG] 2024-02-23 21-11-52.434 [main] FetchStyleLoadPlanBuildingAssociationVisitationStrategy - Building LoadPlan...
[DEBUG] 2024-02-23 21-11-52.434 [main] LoadQueryJoinAndFetchProcessor - processing queryspace <gen:0>
[DEBUG] 2024-02-23 21-11-52.435 [main] LoadPlanTreePrinter - LoadPlan(entity=entity.Attendance)
    - Returns
       - EntityReturnImpl(entity=entity.Attendance, querySpaceUid=<gen:0>, path=entity.Attendance)
          - EntityAttributeFetchImpl(entity=entity.User, querySpaceUid=<gen:1>, path=entity.Attendance.user)
             - EntityAttributeFetchImpl(entity=entity.Attendance, querySpaceUid=<gen:2>, path=entity.Attendance.user.attendance)
    - QuerySpaces
       - EntityQuerySpaceImpl(uid=<gen:0>, entity=entity.Attendance)
          - SQL table alias mapping - attendance0_
          - alias suffix - 0_
          - suffixed key columns - {id1_0_0_}
          - JOIN (JoinDefinedByMetadata(user)) : <gen:0> -> <gen:1>
             - EntityQuerySpaceImpl(uid=<gen:1>, entity=entity.User)
                - SQL table alias mapping - user1_
                - alias suffix - 1_
                - suffixed key columns - {id1_1_1_}
                - JOIN (JoinDefinedByMetadata(attendance)) : <gen:1> -> <gen:2>
                   - EntityQuerySpaceImpl(uid=<gen:2>, entity=entity.Attendance)
                      - SQL table alias mapping - attendance2_
                      - alias suffix - 2_
                      - suffixed key columns - {id1_0_2_}

[DEBUG] 2024-02-23 21-11-52.435 [main] EntityLoader - Static select for entity entity.Attendance [NONE]: select attendance0_.id as id1_0_0_, attendance0_.clock_in_time as clock_in2_0_0_, attendance0_.clock_out_time as clock_ou3_0_0_, attendance0_.status as status4_0_0_, attendance0_.date as date5_0_0_, attendance0_.user_id as user_id6_0_0_, user1_.id as id1_1_1_, user1_.attendance_id as attendan4_1_1_, user1_.password_hash as password2_1_1_, user1_.username as username3_1_1_, attendance2_.id as id1_0_2_, attendance2_.clock_in_time as clock_in2_0_2_, attendance2_.clock_out_time as clock_ou3_0_2_, attendance2_.status as status4_0_2_, attendance2_.date as date5_0_2_, attendance2_.user_id as user_id6_0_2_ from attendance attendance0_ left outer join users user1_ on attendance0_.user_id=user1_.id left outer join attendance attendance2_ on user1_.attendance_id=attendance2_.id where attendance0_.id=?
[DEBUG] 2024-02-23 21-11-52.435 [main] QuerySpacesImpl - Adding QuerySpace : uid = <gen:0> -> org.hibernate.loader.plan.build.internal.spaces.EntityQuerySpaceImpl@28b8f98a]
[DEBUG] 2024-02-23 21-11-52.435 [main] MetamodelGraphWalker - Visiting attribute path : clockInTime
[DEBUG] 2024-02-23 21-11-52.436 [main] MetamodelGraphWalker - Visiting attribute path : clockOutTime
[DEBUG] 2024-02-23 21-11-52.436 [main] MetamodelGraphWalker - Visiting attribute path : clokedStatus
[DEBUG] 2024-02-23 21-11-52.436 [main] MetamodelGraphWalker - Visiting attribute path : date
[DEBUG] 2024-02-23 21-11-52.436 [main] MetamodelGraphWalker - Visiting attribute path : user
[DEBUG] 2024-02-23 21-11-52.436 [main] QuerySpacesImpl - Adding QuerySpace : uid = <gen:1> -> org.hibernate.loader.plan.build.internal.spaces.EntityQuerySpaceImpl@22cb3d59]
[DEBUG] 2024-02-23 21-11-52.436 [main] MetamodelGraphWalker - Visiting attribute path : user.attendance
[DEBUG] 2024-02-23 21-11-52.436 [main] QuerySpacesImpl - Adding QuerySpace : uid = <gen:2> -> org.hibernate.loader.plan.build.internal.spaces.EntityQuerySpaceImpl@5cff729b]
[DEBUG] 2024-02-23 21-11-52.436 [main] MetamodelGraphWalker - Visiting attribute path : user.attendance.clockInTime
[DEBUG] 2024-02-23 21-11-52.436 [main] MetamodelGraphWalker - Visiting attribute path : user.attendance.clockOutTime
[DEBUG] 2024-02-23 21-11-52.436 [main] MetamodelGraphWalker - Visiting attribute path : user.attendance.clokedStatus
[DEBUG] 2024-02-23 21-11-52.436 [main] MetamodelGraphWalker - Visiting attribute path : user.attendance.date
[DEBUG] 2024-02-23 21-11-52.436 [main] MetamodelGraphWalker - Visiting attribute path : user.attendance.user
[DEBUG] 2024-02-23 21-11-52.436 [main] MetamodelGraphWalker - Property path deemed to be circular : user.attendance.user
[DEBUG] 2024-02-23 21-11-52.436 [main] MetamodelGraphWalker - Visiting attribute path : user.passwordHash
[DEBUG] 2024-02-23 21-11-52.436 [main] MetamodelGraphWalker - Visiting attribute path : user.username
[DEBUG] 2024-02-23 21-11-52.436 [main] FetchStyleLoadPlanBuildingAssociationVisitationStrategy - Building LoadPlan...
[DEBUG] 2024-02-23 21-11-52.436 [main] LoadQueryJoinAndFetchProcessor - processing queryspace <gen:0>
[DEBUG] 2024-02-23 21-11-52.437 [main] LoadPlanTreePrinter - LoadPlan(entity=entity.Attendance)
    - Returns
       - EntityReturnImpl(entity=entity.Attendance, querySpaceUid=<gen:0>, path=entity.Attendance)
          - EntityAttributeFetchImpl(entity=entity.User, querySpaceUid=<gen:1>, path=entity.Attendance.user)
             - EntityAttributeFetchImpl(entity=entity.Attendance, querySpaceUid=<gen:2>, path=entity.Attendance.user.attendance)
    - QuerySpaces
       - EntityQuerySpaceImpl(uid=<gen:0>, entity=entity.Attendance)
          - SQL table alias mapping - attendance0_
          - alias suffix - 0_
          - suffixed key columns - {id1_0_0_}
          - JOIN (JoinDefinedByMetadata(user)) : <gen:0> -> <gen:1>
             - EntityQuerySpaceImpl(uid=<gen:1>, entity=entity.User)
                - SQL table alias mapping - user1_
                - alias suffix - 1_
                - suffixed key columns - {id1_1_1_}
                - JOIN (JoinDefinedByMetadata(attendance)) : <gen:1> -> <gen:2>
                   - EntityQuerySpaceImpl(uid=<gen:2>, entity=entity.Attendance)
                      - SQL table alias mapping - attendance2_
                      - alias suffix - 2_
                      - suffixed key columns - {id1_0_2_}

[DEBUG] 2024-02-23 21-11-52.437 [main] EntityLoader - Static select for entity entity.Attendance [READ]: select attendance0_.id as id1_0_0_, attendance0_.clock_in_time as clock_in2_0_0_, attendance0_.clock_out_time as clock_ou3_0_0_, attendance0_.status as status4_0_0_, attendance0_.date as date5_0_0_, attendance0_.user_id as user_id6_0_0_, user1_.id as id1_1_1_, user1_.attendance_id as attendan4_1_1_, user1_.password_hash as password2_1_1_, user1_.username as username3_1_1_, attendance2_.id as id1_0_2_, attendance2_.clock_in_time as clock_in2_0_2_, attendance2_.clock_out_time as clock_ou3_0_2_, attendance2_.status as status4_0_2_, attendance2_.date as date5_0_2_, attendance2_.user_id as user_id6_0_2_ from attendance attendance0_ left outer join users user1_ on attendance0_.user_id=user1_.id left outer join attendance attendance2_ on user1_.attendance_id=attendance2_.id where attendance0_.id=?
[DEBUG] 2024-02-23 21-11-52.438 [main] Loader - Static select for action ACTION_MERGE on entity entity.Attendance: select attendance0_.id as id1_0_0_, attendance0_.clock_in_time as clock_in2_0_0_, attendance0_.clock_out_time as clock_ou3_0_0_, attendance0_.status as status4_0_0_, attendance0_.date as date5_0_0_, attendance0_.user_id as user_id6_0_0_ from attendance attendance0_ where attendance0_.id=?
[DEBUG] 2024-02-23 21-11-52.438 [main] Loader - Static select for action ACTION_REFRESH on entity entity.Attendance: select attendance0_.id as id1_0_0_, attendance0_.clock_in_time as clock_in2_0_0_, attendance0_.clock_out_time as clock_ou3_0_0_, attendance0_.status as status4_0_0_, attendance0_.date as date5_0_0_, attendance0_.user_id as user_id6_0_0_ from attendance attendance0_ where attendance0_.id=?
[INFO ] 2024-02-23 21-11-52.531 [main] access - HHH10001501: Connection obtained from JdbcConnectionAccess [org.hibernate.engine.jdbc.env.internal.JdbcEnvironmentInitiator$ConnectionProviderJdbcConnectionAccess@458031da] for (non-JTA) DDL execution was not in auto-commit mode; the Connection 'local transaction' will be committed and the Connection will be set into auto-commit mode.
[DEBUG] 2024-02-23 21-11-52.568 [main] Table - No alter strings for table : attendance
[DEBUG] 2024-02-23 21-11-52.568 [main] Table - No alter strings for table : users
[DEBUG] 2024-02-23 21-11-52.608 [main] SQL - alter table users add constraint FKs9rsf80j2nfs0frvqi7curp8y foreign key (attendance_id) references attendance (id)
[WARN ] 2024-02-23 21-11-52.611 [main] ExceptionHandlerLoggedImpl - GenerationTarget encountered exception accepting command : Error executing DDL "alter table users add constraint FKs9rsf80j2nfs0frvqi7curp8y foreign key (attendance_id) references attendance (id)" via JDBC Statement
org.hibernate.tool.schema.spi.CommandAcceptanceException: Error executing DDL "alter table users add constraint FKs9rsf80j2nfs0frvqi7curp8y foreign key (attendance_id) references attendance (id)" via JDBC Statement
	at org.hibernate.tool.schema.internal.exec.GenerationTargetToDatabase.accept(GenerationTargetToDatabase.java:67) ~[hibernate-core-5.4.4.Final.jar:5.4.4.Final]
	at org.hibernate.tool.schema.internal.AbstractSchemaMigrator.applySqlString(AbstractSchemaMigrator.java:559) [hibernate-core-5.4.4.Final.jar:5.4.4.Final]
	at org.hibernate.tool.schema.internal.AbstractSchemaMigrator.applySqlStrings(AbstractSchemaMigrator.java:504) [hibernate-core-5.4.4.Final.jar:5.4.4.Final]
	at org.hibernate.tool.schema.internal.AbstractSchemaMigrator.applyForeignKeys(AbstractSchemaMigrator.java:433) [hibernate-core-5.4.4.Final.jar:5.4.4.Final]
	at org.hibernate.tool.schema.internal.AbstractSchemaMigrator.performMigration(AbstractSchemaMigrator.java:249) [hibernate-core-5.4.4.Final.jar:5.4.4.Final]
	at org.hibernate.tool.schema.internal.AbstractSchemaMigrator.doMigration(AbstractSchemaMigrator.java:114) [hibernate-core-5.4.4.Final.jar:5.4.4.Final]
	at org.hibernate.tool.schema.spi.SchemaManagementToolCoordinator.performDatabaseAction(SchemaManagementToolCoordinator.java:184) [hibernate-core-5.4.4.Final.jar:5.4.4.Final]
	at org.hibernate.tool.schema.spi.SchemaManagementToolCoordinator.process(SchemaManagementToolCoordinator.java:73) [hibernate-core-5.4.4.Final.jar:5.4.4.Final]
	at org.hibernate.internal.SessionFactoryImpl.<init>(SessionFactoryImpl.java:315) [hibernate-core-5.4.4.Final.jar:5.4.4.Final]
	at org.hibernate.boot.internal.SessionFactoryBuilderImpl.build(SessionFactoryBuilderImpl.java:462) [hibernate-core-5.4.4.Final.jar:5.4.4.Final]
	at persistence.SessionFactoryProvider.createSessionFactory(SessionFactoryProvider.java:36) [classes/:?]
	at persistence.SessionFactoryProvider.getSessionFactory(SessionFactoryProvider.java:46) [classes/:?]
	at persistence.GenericDao.getSession(GenericDao.java:41) [classes/:?]
	at persistence.GenericDao.getById(GenericDao.java:50) [classes/:?]
	at persistence.UserDaoTest.testGetById(UserDaoTest.java:31) [test-classes/:?]
	at jdk.internal.reflect.NativeMethodAccessorImpl.invoke0(Native Method) ~[?:?]
	at jdk.internal.reflect.NativeMethodAccessorImpl.invoke(NativeMethodAccessorImpl.java:62) ~[?:?]
	at jdk.internal.reflect.DelegatingMethodAccessorImpl.invoke(DelegatingMethodAccessorImpl.java:43) ~[?:?]
	at java.lang.reflect.Method.invoke(Method.java:566) ~[?:?]
	at org.junit.platform.commons.util.ReflectionUtils.invokeMethod(ReflectionUtils.java:389) [junit-platform-commons-1.0.0.jar:1.0.0]
	at org.junit.jupiter.engine.execution.ExecutableInvoker.invoke(ExecutableInvoker.java:115) [junit-jupiter-engine-5.0.0.jar:5.0.0]
	at org.junit.jupiter.engine.descriptor.TestMethodTestDescriptor.lambda$invokeTestMethod$6(TestMethodTestDescriptor.java:167) [junit-jupiter-engine-5.0.0.jar:5.0.0]
	at org.junit.jupiter.engine.execution.ThrowableCollector.execute(ThrowableCollector.java:40) [junit-jupiter-engine-5.0.0.jar:5.0.0]
	at org.junit.jupiter.engine.descriptor.TestMethodTestDescriptor.invokeTestMethod(TestMethodTestDescriptor.java:163) [junit-jupiter-engine-5.0.0.jar:5.0.0]
	at org.junit.jupiter.engine.descriptor.TestMethodTestDescriptor.execute(TestMethodTestDescriptor.java:110) [junit-jupiter-engine-5.0.0.jar:5.0.0]
	at org.junit.jupiter.engine.descriptor.TestMethodTestDescriptor.execute(TestMethodTestDescriptor.java:57) [junit-jupiter-engine-5.0.0.jar:5.0.0]
	at org.junit.platform.engine.support.hierarchical.HierarchicalTestExecutor.lambda$execute$3(HierarchicalTestExecutor.java:83) [junit-platform-engine-1.0.0.jar:1.0.0]
	at org.junit.platform.engine.support.hierarchical.SingleTestExecutor.executeSafely(SingleTestExecutor.java:66) [junit-platform-engine-1.0.0.jar:1.0.0]
	at org.junit.platform.engine.support.hierarchical.HierarchicalTestExecutor.execute(HierarchicalTestExecutor.java:77) [junit-platform-engine-1.0.0.jar:1.0.0]
	at org.junit.platform.engine.support.hierarchical.HierarchicalTestExecutor.lambda$null$2(HierarchicalTestExecutor.java:92) [junit-platform-engine-1.0.0.jar:1.0.0]
	at java.util.stream.ForEachOps$ForEachOp$OfRef.accept(ForEachOps.java:183) [?:?]
	at java.util.stream.ReferencePipeline$2$1.accept(ReferencePipeline.java:177) [?:?]
	at java.util.Iterator.forEachRemaining(Iterator.java:133) [?:?]
	at java.util.Spliterators$IteratorSpliterator.forEachRemaining(Spliterators.java:1801) [?:?]
	at java.util.stream.AbstractPipeline.copyInto(AbstractPipeline.java:484) [?:?]
	at java.util.stream.AbstractPipeline.wrapAndCopyInto(AbstractPipeline.java:474) [?:?]
	at java.util.stream.ForEachOps$ForEachOp.evaluateSequential(ForEachOps.java:150) [?:?]
	at java.util.stream.ForEachOps$ForEachOp$OfRef.evaluateSequential(ForEachOps.java:173) [?:?]
	at java.util.stream.AbstractPipeline.evaluate(AbstractPipeline.java:234) [?:?]
	at java.util.stream.ReferencePipeline.forEach(ReferencePipeline.java:497) [?:?]
	at org.junit.platform.engine.support.hierarchical.HierarchicalTestExecutor.lambda$execute$3(HierarchicalTestExecutor.java:92) [junit-platform-engine-1.0.0.jar:1.0.0]
	at org.junit.platform.engine.support.hierarchical.SingleTestExecutor.executeSafely(SingleTestExecutor.java:66) [junit-platform-engine-1.0.0.jar:1.0.0]
	at org.junit.platform.engine.support.hierarchical.HierarchicalTestExecutor.execute(HierarchicalTestExecutor.java:77) [junit-platform-engine-1.0.0.jar:1.0.0]
	at org.junit.platform.engine.support.hierarchical.HierarchicalTestExecutor.lambda$null$2(HierarchicalTestExecutor.java:92) [junit-platform-engine-1.0.0.jar:1.0.0]
	at java.util.stream.ForEachOps$ForEachOp$OfRef.accept(ForEachOps.java:183) [?:?]
	at java.util.stream.ReferencePipeline$2$1.accept(ReferencePipeline.java:177) [?:?]
	at java.util.Iterator.forEachRemaining(Iterator.java:133) [?:?]
	at java.util.Spliterators$IteratorSpliterator.forEachRemaining(Spliterators.java:1801) [?:?]
	at java.util.stream.AbstractPipeline.copyInto(AbstractPipeline.java:484) [?:?]
	at java.util.stream.AbstractPipeline.wrapAndCopyInto(AbstractPipeline.java:474) [?:?]
	at java.util.stream.ForEachOps$ForEachOp.evaluateSequential(ForEachOps.java:150) [?:?]
	at java.util.stream.ForEachOps$ForEachOp$OfRef.evaluateSequential(ForEachOps.java:173) [?:?]
	at java.util.stream.AbstractPipeline.evaluate(AbstractPipeline.java:234) [?:?]
	at java.util.stream.ReferencePipeline.forEach(ReferencePipeline.java:497) [?:?]
	at org.junit.platform.engine.support.hierarchical.HierarchicalTestExecutor.lambda$execute$3(HierarchicalTestExecutor.java:92) [junit-platform-engine-1.0.0.jar:1.0.0]
	at org.junit.platform.engine.support.hierarchical.SingleTestExecutor.executeSafely(SingleTestExecutor.java:66) [junit-platform-engine-1.0.0.jar:1.0.0]
	at org.junit.platform.engine.support.hierarchical.HierarchicalTestExecutor.execute(HierarchicalTestExecutor.java:77) [junit-platform-engine-1.0.0.jar:1.0.0]
	at org.junit.platform.engine.support.hierarchical.HierarchicalTestExecutor.execute(HierarchicalTestExecutor.java:51) [junit-platform-engine-1.0.0.jar:1.0.0]
	at org.junit.platform.engine.support.hierarchical.HierarchicalTestEngine.execute(HierarchicalTestEngine.java:43) [junit-platform-engine-1.0.0.jar:1.0.0]
	at org.junit.platform.launcher.core.DefaultLauncher.execute(DefaultLauncher.java:170) [junit-platform-launcher-1.0.0.jar:1.0.0]
	at org.junit.platform.launcher.core.DefaultLauncher.execute(DefaultLauncher.java:154) [junit-platform-launcher-1.0.0.jar:1.0.0]
	at org.junit.platform.launcher.core.DefaultLauncher.execute(DefaultLauncher.java:90) [junit-platform-launcher-1.0.0.jar:1.0.0]
	at com.intellij.junit5.JUnit5IdeaTestRunner.startRunnerWithArgs(JUnit5IdeaTestRunner.java:57) [junit5-rt.jar:?]
	at com.intellij.rt.junit.IdeaTestRunner$Repeater$1.execute(IdeaTestRunner.java:38) [junit-rt.jar:?]
	at com.intellij.rt.execution.junit.TestsRepeater.repeat(TestsRepeater.java:11) [idea_rt.jar:?]
	at com.intellij.rt.junit.IdeaTestRunner$Repeater.startRunnerWithArgs(IdeaTestRunner.java:35) [junit-rt.jar:?]
	at com.intellij.rt.junit.JUnitStarter.prepareStreamsAndStart(JUnitStarter.java:232) [junit-rt.jar:?]
	at com.intellij.rt.junit.JUnitStarter.main(JUnitStarter.java:55) [junit-rt.jar:?]
Caused by: java.sql.SQLException: Failed to add the foreign key constraint. Missing index for constraint 'FKs9rsf80j2nfs0frvqi7curp8y' in the referenced table 'attendance'
	at com.mysql.cj.jdbc.exceptions.SQLError.createSQLException(SQLError.java:129) ~[mysql-connector-java-8.0.16.jar:8.0.16]
	at com.mysql.cj.jdbc.exceptions.SQLError.createSQLException(SQLError.java:97) ~[mysql-connector-java-8.0.16.jar:8.0.16]
	at com.mysql.cj.jdbc.exceptions.SQLExceptionsMapping.translateException(SQLExceptionsMapping.java:122) ~[mysql-connector-java-8.0.16.jar:8.0.16]
	at com.mysql.cj.jdbc.StatementImpl.executeInternal(StatementImpl.java:782) ~[mysql-connector-java-8.0.16.jar:8.0.16]
	at com.mysql.cj.jdbc.StatementImpl.execute(StatementImpl.java:666) ~[mysql-connector-java-8.0.16.jar:8.0.16]
	at org.hibernate.tool.schema.internal.exec.GenerationTargetToDatabase.accept(GenerationTargetToDatabase.java:54) ~[hibernate-core-5.4.4.Final.jar:5.4.4.Final]
	... 67 more
[DEBUG] 2024-02-23 21-11-52.623 [main] JtaPlatformInitiator - No JtaPlatform was specified, checking resolver
[DEBUG] 2024-02-23 21-11-52.624 [main] JtaPlatformResolverInitiator - No JtaPlatformResolver was specified, using default [org.hibernate.engine.transaction.jta.platform.internal.StandardJtaPlatformResolver]
[DEBUG] 2024-02-23 21-11-52.633 [main] StandardJtaPlatformResolver - Could not resolve JtaPlatform, using default [org.hibernate.engine.transaction.jta.platform.internal.NoJtaPlatform]
[INFO ] 2024-02-23 21-11-52.634 [main] JtaPlatformInitiator - HHH000490: Using JtaPlatform implementation: [org.hibernate.engine.transaction.jta.platform.internal.NoJtaPlatform]
[DEBUG] 2024-02-23 21-11-52.636 [main] NamedQueryRepository - Checking 0 named HQL queries
[DEBUG] 2024-02-23 21-11-52.636 [main] NamedQueryRepository - Checking 0 named SQL queries
[DEBUG] 2024-02-23 21-11-52.639 [main] SessionFactoryRegistry - Initializing SessionFactoryRegistry : org.hibernate.internal.SessionFactoryRegistry@6c07ad6b
[DEBUG] 2024-02-23 21-11-52.644 [main] SessionFactoryRegistry - Registering SessionFactory: 0eafd118-6d32-4244-8376-9e6ee82c6868 (<unnamed>)
[DEBUG] 2024-02-23 21-11-52.644 [main] SessionFactoryRegistry - Not binding SessionFactory to JNDI, no JNDI name configured
[DEBUG] 2024-02-23 21-11-52.758 [main] StatisticsInitiator - Statistics initialized [enabled=false]
[DEBUG] 2024-02-23 21-11-52.773 [main] SQL - select user0_.id as id1_1_0_, user0_.attendance_id as attendan4_1_0_, user0_.password_hash as password2_1_0_, user0_.username as username3_1_0_, attendance1_.id as id1_0_1_, attendance1_.clock_in_time as clock_in2_0_1_, attendance1_.clock_out_time as clock_ou3_0_1_, attendance1_.status as status4_0_1_, attendance1_.date as date5_0_1_, attendance1_.user_id as user_id6_0_1_, user2_.id as id1_1_2_, user2_.attendance_id as attendan4_1_2_, user2_.password_hash as password2_1_2_, user2_.username as username3_1_2_ from users user0_ left outer join attendance attendance1_ on user0_.attendance_id=attendance1_.id left outer join users user2_ on attendance1_.user_id=user2_.id where user0_.id=?
[DEBUG] 2024-02-23 21-11-52.777 [main] ResultSetProcessorImpl - Starting ResultSet row #0
[DEBUG] 2024-02-23 21-11-52.779 [main] EntityReferenceInitializerImpl - On call to EntityIdentifierReaderImpl#resolve, EntityKey was already known; should only happen on root returns with an optional identifier specified
[DEBUG] 2024-02-23 21-11-52.785 [main] TwoPhaseLoad - Resolving attributes for [entity.User#1]
[DEBUG] 2024-02-23 21-11-52.786 [main] TwoPhaseLoad - Processing attribute `attendance` : value = null
[DEBUG] 2024-02-23 21-11-52.786 [main] TwoPhaseLoad - Attribute (`attendance`)  - enhanced for lazy-loading? - false
[DEBUG] 2024-02-23 21-11-52.786 [main] TwoPhaseLoad - Processing attribute `passwordHash` : value = 5151321nbmbbhj
[DEBUG] 2024-02-23 21-11-52.786 [main] TwoPhaseLoad - Attribute (`passwordHash`)  - enhanced for lazy-loading? - false
[DEBUG] 2024-02-23 21-11-52.786 [main] TwoPhaseLoad - Processing attribute `username` : value = Kevg
[DEBUG] 2024-02-23 21-11-52.786 [main] TwoPhaseLoad - Attribute (`username`)  - enhanced for lazy-loading? - false
[DEBUG] 2024-02-23 21-11-52.786 [main] TwoPhaseLoad - Done materializing entity [entity.User#1]
[DEBUG] 2024-02-23 21-11-52.787 [main] ResourceRegistryStandardImpl - HHH000387: ResultSet's statement was not registered
[DEBUG] 2024-02-23 21-11-52.787 [main] AbstractLoadPlanBasedEntityLoader - Done entity load : entity.User#1
[DEBUG] 2024-02-23 21-11-52.787 [main] LogicalConnectionManagedImpl - Initiating JDBC connection release from afterTransaction
