[DEBUG] 2024-03-24 16-02-54.621 [http-nio-8080-exec-4] IntegratorServiceImpl - Adding Integrator [org.hibernate.cfg.beanvalidation.BeanValidationIntegrator].
[DEBUG] 2024-03-24 16-02-54.633 [http-nio-8080-exec-4] IntegratorServiceImpl - Adding Integrator [org.hibernate.secure.spi.JaccIntegrator].
[DEBUG] 2024-03-24 16-02-54.640 [http-nio-8080-exec-4] IntegratorServiceImpl - Adding Integrator [org.hibernate.cache.internal.CollectionCacheInvalidator].
[INFO ] 2024-03-24 16-02-54.762 [http-nio-8080-exec-4] Version - HHH000412: Hibernate Core {5.4.4.Final}
[DEBUG] 2024-03-24 16-02-54.768 [http-nio-8080-exec-4] Environment - HHH000206: hibernate.properties not found
[DEBUG] 2024-03-24 16-02-54.997 [http-nio-8080-exec-4] LocalXmlResourceResolver - Interpreting public/system identifier : [-//Hibernate/Hibernate Configuration DTD//EN] - [http://www.hibernate.org/dtd/hibernate-configuration-3.0.dtd]
[DEBUG] 2024-03-24 16-02-54.998 [http-nio-8080-exec-4] LocalXmlResourceResolver - Recognized hibernate-configuration identifier; attempting to resolve on classpath under org/hibernate/
[DEBUG] 2024-03-24 16-02-55.001 [http-nio-8080-exec-4] JaxbCfgProcessor - cfg.xml document did not define namespaces; wrapping in custom event reader to introduce namespace information
[DEBUG] 2024-03-24 16-02-55.342 [http-nio-8080-exec-4] ServiceBinding - Overriding existing service binding [org.hibernate.secure.spi.JaccService]
[DEBUG] 2024-03-24 16-02-55.376 [http-nio-8080-exec-4] RegionFactoryInitiator - Cannot default RegionFactory based on registered strategies as `[]` RegionFactory strategies were registered
[DEBUG] 2024-03-24 16-02-55.379 [http-nio-8080-exec-4] RegionFactoryInitiator - Cache region factory : org.hibernate.cache.internal.NoCachingRegionFactory
[INFO ] 2024-03-24 16-02-55.417 [http-nio-8080-exec-4] Version - HCANN000001: Hibernate Commons Annotations {5.1.0.Final}
[DEBUG] 2024-03-24 16-02-55.472 [http-nio-8080-exec-4] BasicTypeRegistry - Adding type registration boolean -> org.hibernate.type.BooleanType@ffd646c
[DEBUG] 2024-03-24 16-02-55.473 [http-nio-8080-exec-4] BasicTypeRegistry - Adding type registration boolean -> org.hibernate.type.BooleanType@ffd646c
[DEBUG] 2024-03-24 16-02-55.473 [http-nio-8080-exec-4] BasicTypeRegistry - Adding type registration java.lang.Boolean -> org.hibernate.type.BooleanType@ffd646c
[DEBUG] 2024-03-24 16-02-55.474 [http-nio-8080-exec-4] BasicTypeRegistry - Adding type registration numeric_boolean -> org.hibernate.type.NumericBooleanType@36db7e03
[DEBUG] 2024-03-24 16-02-55.475 [http-nio-8080-exec-4] BasicTypeRegistry - Adding type registration true_false -> org.hibernate.type.TrueFalseType@38a35323
[DEBUG] 2024-03-24 16-02-55.475 [http-nio-8080-exec-4] BasicTypeRegistry - Adding type registration yes_no -> org.hibernate.type.YesNoType@63326219
[DEBUG] 2024-03-24 16-02-55.477 [http-nio-8080-exec-4] BasicTypeRegistry - Adding type registration byte -> org.hibernate.type.ByteType@5edd40e0
[DEBUG] 2024-03-24 16-02-55.477 [http-nio-8080-exec-4] BasicTypeRegistry - Adding type registration byte -> org.hibernate.type.ByteType@5edd40e0
[DEBUG] 2024-03-24 16-02-55.477 [http-nio-8080-exec-4] BasicTypeRegistry - Adding type registration java.lang.Byte -> org.hibernate.type.ByteType@5edd40e0
[DEBUG] 2024-03-24 16-02-55.480 [http-nio-8080-exec-4] BasicTypeRegistry - Adding type registration character -> org.hibernate.type.CharacterType@a4587b4
[DEBUG] 2024-03-24 16-02-55.480 [http-nio-8080-exec-4] BasicTypeRegistry - Adding type registration char -> org.hibernate.type.CharacterType@a4587b4
[DEBUG] 2024-03-24 16-02-55.480 [http-nio-8080-exec-4] BasicTypeRegistry - Adding type registration java.lang.Character -> org.hibernate.type.CharacterType@a4587b4
[DEBUG] 2024-03-24 16-02-55.482 [http-nio-8080-exec-4] BasicTypeRegistry - Adding type registration short -> org.hibernate.type.ShortType@635b0f50
[DEBUG] 2024-03-24 16-02-55.482 [http-nio-8080-exec-4] BasicTypeRegistry - Adding type registration short -> org.hibernate.type.ShortType@635b0f50
[DEBUG] 2024-03-24 16-02-55.482 [http-nio-8080-exec-4] BasicTypeRegistry - Adding type registration java.lang.Short -> org.hibernate.type.ShortType@635b0f50
[DEBUG] 2024-03-24 16-02-55.485 [http-nio-8080-exec-4] BasicTypeRegistry - Adding type registration integer -> org.hibernate.type.IntegerType@19b00b6e
[DEBUG] 2024-03-24 16-02-55.485 [http-nio-8080-exec-4] BasicTypeRegistry - Adding type registration int -> org.hibernate.type.IntegerType@19b00b6e
[DEBUG] 2024-03-24 16-02-55.485 [http-nio-8080-exec-4] BasicTypeRegistry - Adding type registration java.lang.Integer -> org.hibernate.type.IntegerType@19b00b6e
[DEBUG] 2024-03-24 16-02-55.486 [http-nio-8080-exec-4] BasicTypeRegistry - Adding type registration long -> org.hibernate.type.LongType@6f062d4e
[DEBUG] 2024-03-24 16-02-55.486 [http-nio-8080-exec-4] BasicTypeRegistry - Adding type registration long -> org.hibernate.type.LongType@6f062d4e
[DEBUG] 2024-03-24 16-02-55.486 [http-nio-8080-exec-4] BasicTypeRegistry - Adding type registration java.lang.Long -> org.hibernate.type.LongType@6f062d4e
[DEBUG] 2024-03-24 16-02-55.488 [http-nio-8080-exec-4] BasicTypeRegistry - Adding type registration float -> org.hibernate.type.FloatType@42dfbfcd
[DEBUG] 2024-03-24 16-02-55.488 [http-nio-8080-exec-4] BasicTypeRegistry - Adding type registration float -> org.hibernate.type.FloatType@42dfbfcd
[DEBUG] 2024-03-24 16-02-55.488 [http-nio-8080-exec-4] BasicTypeRegistry - Adding type registration java.lang.Float -> org.hibernate.type.FloatType@42dfbfcd
[DEBUG] 2024-03-24 16-02-55.490 [http-nio-8080-exec-4] BasicTypeRegistry - Adding type registration double -> org.hibernate.type.DoubleType@1daf23bd
[DEBUG] 2024-03-24 16-02-55.490 [http-nio-8080-exec-4] BasicTypeRegistry - Adding type registration double -> org.hibernate.type.DoubleType@1daf23bd
[DEBUG] 2024-03-24 16-02-55.490 [http-nio-8080-exec-4] BasicTypeRegistry - Adding type registration java.lang.Double -> org.hibernate.type.DoubleType@1daf23bd
[DEBUG] 2024-03-24 16-02-55.492 [http-nio-8080-exec-4] BasicTypeRegistry - Adding type registration big_decimal -> org.hibernate.type.BigDecimalType@594e4705
[DEBUG] 2024-03-24 16-02-55.492 [http-nio-8080-exec-4] BasicTypeRegistry - Adding type registration java.math.BigDecimal -> org.hibernate.type.BigDecimalType@594e4705
[DEBUG] 2024-03-24 16-02-55.494 [http-nio-8080-exec-4] BasicTypeRegistry - Adding type registration big_integer -> org.hibernate.type.BigIntegerType@1bd88c94
[DEBUG] 2024-03-24 16-02-55.494 [http-nio-8080-exec-4] BasicTypeRegistry - Adding type registration java.math.BigInteger -> org.hibernate.type.BigIntegerType@1bd88c94
[DEBUG] 2024-03-24 16-02-55.495 [http-nio-8080-exec-4] BasicTypeRegistry - Adding type registration string -> org.hibernate.type.StringType@117cf057
[DEBUG] 2024-03-24 16-02-55.495 [http-nio-8080-exec-4] BasicTypeRegistry - Adding type registration java.lang.String -> org.hibernate.type.StringType@117cf057
[DEBUG] 2024-03-24 16-02-55.496 [http-nio-8080-exec-4] BasicTypeRegistry - Adding type registration nstring -> org.hibernate.type.StringNVarcharType@445c26c5
[DEBUG] 2024-03-24 16-02-55.497 [http-nio-8080-exec-4] BasicTypeRegistry - Adding type registration ncharacter -> org.hibernate.type.CharacterNCharType@69807513
[DEBUG] 2024-03-24 16-02-55.499 [http-nio-8080-exec-4] BasicTypeRegistry - Adding type registration url -> org.hibernate.type.UrlType@13f43fbc
[DEBUG] 2024-03-24 16-02-55.499 [http-nio-8080-exec-4] BasicTypeRegistry - Adding type registration java.net.URL -> org.hibernate.type.UrlType@13f43fbc
[DEBUG] 2024-03-24 16-02-55.501 [http-nio-8080-exec-4] BasicTypeRegistry - Adding type registration Duration -> org.hibernate.type.DurationType@cd27f
[DEBUG] 2024-03-24 16-02-55.501 [http-nio-8080-exec-4] BasicTypeRegistry - Adding type registration java.time.Duration -> org.hibernate.type.DurationType@cd27f
[DEBUG] 2024-03-24 16-02-55.507 [http-nio-8080-exec-4] BasicTypeRegistry - Adding type registration Instant -> org.hibernate.type.InstantType@7590da73
[DEBUG] 2024-03-24 16-02-55.507 [http-nio-8080-exec-4] BasicTypeRegistry - Adding type registration java.time.Instant -> org.hibernate.type.InstantType@7590da73
[DEBUG] 2024-03-24 16-02-55.510 [http-nio-8080-exec-4] BasicTypeRegistry - Adding type registration LocalDateTime -> org.hibernate.type.LocalDateTimeType@9ea463
[DEBUG] 2024-03-24 16-02-55.511 [http-nio-8080-exec-4] BasicTypeRegistry - Adding type registration java.time.LocalDateTime -> org.hibernate.type.LocalDateTimeType@9ea463
[DEBUG] 2024-03-24 16-02-55.512 [http-nio-8080-exec-4] BasicTypeRegistry - Adding type registration LocalDate -> org.hibernate.type.LocalDateType@37e952fb
[DEBUG] 2024-03-24 16-02-55.513 [http-nio-8080-exec-4] BasicTypeRegistry - Adding type registration java.time.LocalDate -> org.hibernate.type.LocalDateType@37e952fb
[DEBUG] 2024-03-24 16-02-55.514 [http-nio-8080-exec-4] BasicTypeRegistry - Adding type registration LocalTime -> org.hibernate.type.LocalTimeType@539d08b
[DEBUG] 2024-03-24 16-02-55.514 [http-nio-8080-exec-4] BasicTypeRegistry - Adding type registration java.time.LocalTime -> org.hibernate.type.LocalTimeType@539d08b
[DEBUG] 2024-03-24 16-02-55.517 [http-nio-8080-exec-4] BasicTypeRegistry - Adding type registration OffsetDateTime -> org.hibernate.type.OffsetDateTimeType@cd9f835
[DEBUG] 2024-03-24 16-02-55.517 [http-nio-8080-exec-4] BasicTypeRegistry - Adding type registration java.time.OffsetDateTime -> org.hibernate.type.OffsetDateTimeType@cd9f835
[DEBUG] 2024-03-24 16-02-55.519 [http-nio-8080-exec-4] BasicTypeRegistry - Adding type registration OffsetTime -> org.hibernate.type.OffsetTimeType@4ee50c40
[DEBUG] 2024-03-24 16-02-55.519 [http-nio-8080-exec-4] BasicTypeRegistry - Adding type registration java.time.OffsetTime -> org.hibernate.type.OffsetTimeType@4ee50c40
[DEBUG] 2024-03-24 16-02-55.521 [http-nio-8080-exec-4] BasicTypeRegistry - Adding type registration ZonedDateTime -> org.hibernate.type.ZonedDateTimeType@301088d7
[DEBUG] 2024-03-24 16-02-55.521 [http-nio-8080-exec-4] BasicTypeRegistry - Adding type registration java.time.ZonedDateTime -> org.hibernate.type.ZonedDateTimeType@301088d7
[DEBUG] 2024-03-24 16-02-55.523 [http-nio-8080-exec-4] BasicTypeRegistry - Adding type registration date -> org.hibernate.type.DateType@674ca3a2
[DEBUG] 2024-03-24 16-02-55.523 [http-nio-8080-exec-4] BasicTypeRegistry - Adding type registration java.sql.Date -> org.hibernate.type.DateType@674ca3a2
[DEBUG] 2024-03-24 16-02-55.525 [http-nio-8080-exec-4] BasicTypeRegistry - Adding type registration time -> org.hibernate.type.TimeType@7307fe63
[DEBUG] 2024-03-24 16-02-55.525 [http-nio-8080-exec-4] BasicTypeRegistry - Adding type registration java.sql.Time -> org.hibernate.type.TimeType@7307fe63
[DEBUG] 2024-03-24 16-02-55.527 [http-nio-8080-exec-4] BasicTypeRegistry - Adding type registration timestamp -> org.hibernate.type.TimestampType@3d8eb94a
[DEBUG] 2024-03-24 16-02-55.527 [http-nio-8080-exec-4] BasicTypeRegistry - Adding type registration java.sql.Timestamp -> org.hibernate.type.TimestampType@3d8eb94a
[DEBUG] 2024-03-24 16-02-55.527 [http-nio-8080-exec-4] BasicTypeRegistry - Adding type registration java.util.Date -> org.hibernate.type.TimestampType@3d8eb94a
[DEBUG] 2024-03-24 16-02-55.529 [http-nio-8080-exec-4] BasicTypeRegistry - Adding type registration dbtimestamp -> org.hibernate.type.DbTimestampType@7fa05d3
[DEBUG] 2024-03-24 16-02-55.530 [http-nio-8080-exec-4] BasicTypeRegistry - Adding type registration calendar -> org.hibernate.type.CalendarType@47935d02
[DEBUG] 2024-03-24 16-02-55.530 [http-nio-8080-exec-4] BasicTypeRegistry - Adding type registration java.util.Calendar -> org.hibernate.type.CalendarType@47935d02
[DEBUG] 2024-03-24 16-02-55.530 [http-nio-8080-exec-4] BasicTypeRegistry - Adding type registration java.util.GregorianCalendar -> org.hibernate.type.CalendarType@47935d02
[DEBUG] 2024-03-24 16-02-55.531 [http-nio-8080-exec-4] BasicTypeRegistry - Adding type registration calendar_date -> org.hibernate.type.CalendarDateType@549082a6
[DEBUG] 2024-03-24 16-02-55.532 [http-nio-8080-exec-4] BasicTypeRegistry - Adding type registration locale -> org.hibernate.type.LocaleType@519d6f26
[DEBUG] 2024-03-24 16-02-55.532 [http-nio-8080-exec-4] BasicTypeRegistry - Adding type registration java.util.Locale -> org.hibernate.type.LocaleType@519d6f26
[DEBUG] 2024-03-24 16-02-55.534 [http-nio-8080-exec-4] BasicTypeRegistry - Adding type registration currency -> org.hibernate.type.CurrencyType@1769f615
[DEBUG] 2024-03-24 16-02-55.534 [http-nio-8080-exec-4] BasicTypeRegistry - Adding type registration java.util.Currency -> org.hibernate.type.CurrencyType@1769f615
[DEBUG] 2024-03-24 16-02-55.535 [http-nio-8080-exec-4] BasicTypeRegistry - Adding type registration timezone -> org.hibernate.type.TimeZoneType@7a34a159
[DEBUG] 2024-03-24 16-02-55.536 [http-nio-8080-exec-4] BasicTypeRegistry - Adding type registration java.util.TimeZone -> org.hibernate.type.TimeZoneType@7a34a159
[DEBUG] 2024-03-24 16-02-55.537 [http-nio-8080-exec-4] BasicTypeRegistry - Adding type registration class -> org.hibernate.type.ClassType@16cfcf1d
[DEBUG] 2024-03-24 16-02-55.537 [http-nio-8080-exec-4] BasicTypeRegistry - Adding type registration java.lang.Class -> org.hibernate.type.ClassType@16cfcf1d
[DEBUG] 2024-03-24 16-02-55.538 [http-nio-8080-exec-4] BasicTypeRegistry - Adding type registration uuid-binary -> org.hibernate.type.UUIDBinaryType@1ea73770
[DEBUG] 2024-03-24 16-02-55.539 [http-nio-8080-exec-4] BasicTypeRegistry - Adding type registration java.util.UUID -> org.hibernate.type.UUIDBinaryType@1ea73770
[DEBUG] 2024-03-24 16-02-55.539 [http-nio-8080-exec-4] BasicTypeRegistry - Adding type registration uuid-char -> org.hibernate.type.UUIDCharType@62d07bd4
[DEBUG] 2024-03-24 16-02-55.541 [http-nio-8080-exec-4] BasicTypeRegistry - Adding type registration binary -> org.hibernate.type.BinaryType@646d703f
[DEBUG] 2024-03-24 16-02-55.541 [http-nio-8080-exec-4] BasicTypeRegistry - Adding type registration byte[] -> org.hibernate.type.BinaryType@646d703f
[DEBUG] 2024-03-24 16-02-55.541 [http-nio-8080-exec-4] BasicTypeRegistry - Adding type registration [B -> org.hibernate.type.BinaryType@646d703f
[DEBUG] 2024-03-24 16-02-55.542 [http-nio-8080-exec-4] BasicTypeRegistry - Adding type registration wrapper-binary -> org.hibernate.type.WrapperBinaryType@186b923a
[DEBUG] 2024-03-24 16-02-55.542 [http-nio-8080-exec-4] BasicTypeRegistry - Adding type registration Byte[] -> org.hibernate.type.WrapperBinaryType@186b923a
[DEBUG] 2024-03-24 16-02-55.542 [http-nio-8080-exec-4] BasicTypeRegistry - Adding type registration [Ljava.lang.Byte; -> org.hibernate.type.WrapperBinaryType@186b923a
[DEBUG] 2024-03-24 16-02-55.543 [http-nio-8080-exec-4] BasicTypeRegistry - Adding type registration row_version -> org.hibernate.type.RowVersionType@48aace5b
[DEBUG] 2024-03-24 16-02-55.544 [http-nio-8080-exec-4] BasicTypeRegistry - Adding type registration image -> org.hibernate.type.ImageType@57406018
[DEBUG] 2024-03-24 16-02-55.546 [http-nio-8080-exec-4] BasicTypeRegistry - Adding type registration characters -> org.hibernate.type.CharArrayType@17e54209
[DEBUG] 2024-03-24 16-02-55.546 [http-nio-8080-exec-4] BasicTypeRegistry - Adding type registration char[] -> org.hibernate.type.CharArrayType@17e54209
[DEBUG] 2024-03-24 16-02-55.546 [http-nio-8080-exec-4] BasicTypeRegistry - Adding type registration [C -> org.hibernate.type.CharArrayType@17e54209
[DEBUG] 2024-03-24 16-02-55.548 [http-nio-8080-exec-4] BasicTypeRegistry - Adding type registration wrapper-characters -> org.hibernate.type.CharacterArrayType@c27fb5e
[DEBUG] 2024-03-24 16-02-55.548 [http-nio-8080-exec-4] BasicTypeRegistry - Adding type registration [Ljava.lang.Character; -> org.hibernate.type.CharacterArrayType@c27fb5e
[DEBUG] 2024-03-24 16-02-55.548 [http-nio-8080-exec-4] BasicTypeRegistry - Adding type registration Character[] -> org.hibernate.type.CharacterArrayType@c27fb5e
[DEBUG] 2024-03-24 16-02-55.549 [http-nio-8080-exec-4] BasicTypeRegistry - Adding type registration text -> org.hibernate.type.TextType@13c1d0ff
[DEBUG] 2024-03-24 16-02-55.549 [http-nio-8080-exec-4] BasicTypeRegistry - Adding type registration ntext -> org.hibernate.type.NTextType@766c946e
[DEBUG] 2024-03-24 16-02-55.551 [http-nio-8080-exec-4] BasicTypeRegistry - Adding type registration blob -> org.hibernate.type.BlobType@3421ec70
[DEBUG] 2024-03-24 16-02-55.552 [http-nio-8080-exec-4] BasicTypeRegistry - Adding type registration java.sql.Blob -> org.hibernate.type.BlobType@3421ec70
[DEBUG] 2024-03-24 16-02-55.552 [http-nio-8080-exec-4] BasicTypeRegistry - Adding type registration materialized_blob -> org.hibernate.type.MaterializedBlobType@6c42c44
[DEBUG] 2024-03-24 16-02-55.554 [http-nio-8080-exec-4] BasicTypeRegistry - Adding type registration clob -> org.hibernate.type.ClobType@2dcd5334
[DEBUG] 2024-03-24 16-02-55.554 [http-nio-8080-exec-4] BasicTypeRegistry - Adding type registration java.sql.Clob -> org.hibernate.type.ClobType@2dcd5334
[DEBUG] 2024-03-24 16-02-55.556 [http-nio-8080-exec-4] BasicTypeRegistry - Adding type registration nclob -> org.hibernate.type.NClobType@7affde3e
[DEBUG] 2024-03-24 16-02-55.556 [http-nio-8080-exec-4] BasicTypeRegistry - Adding type registration java.sql.NClob -> org.hibernate.type.NClobType@7affde3e
[DEBUG] 2024-03-24 16-02-55.557 [http-nio-8080-exec-4] BasicTypeRegistry - Adding type registration materialized_clob -> org.hibernate.type.MaterializedClobType@664ef368
[DEBUG] 2024-03-24 16-02-55.558 [http-nio-8080-exec-4] BasicTypeRegistry - Adding type registration materialized_nclob -> org.hibernate.type.MaterializedNClobType@12178f01
[DEBUG] 2024-03-24 16-02-55.559 [http-nio-8080-exec-4] BasicTypeRegistry - Adding type registration serializable -> org.hibernate.type.SerializableType@6d0727f5
[DEBUG] 2024-03-24 16-02-55.564 [http-nio-8080-exec-4] BasicTypeRegistry - Adding type registration object -> org.hibernate.type.ObjectType@119f73a9
[DEBUG] 2024-03-24 16-02-55.564 [http-nio-8080-exec-4] BasicTypeRegistry - Adding type registration java.lang.Object -> org.hibernate.type.ObjectType@119f73a9
[DEBUG] 2024-03-24 16-02-55.565 [http-nio-8080-exec-4] BasicTypeRegistry - Adding type registration imm_date -> org.hibernate.type.AdaptedImmutableType@22835866
[DEBUG] 2024-03-24 16-02-55.565 [http-nio-8080-exec-4] BasicTypeRegistry - Adding type registration imm_time -> org.hibernate.type.AdaptedImmutableType@2f04ea2d
[DEBUG] 2024-03-24 16-02-55.565 [http-nio-8080-exec-4] BasicTypeRegistry - Adding type registration imm_timestamp -> org.hibernate.type.AdaptedImmutableType@7384d8cf
[DEBUG] 2024-03-24 16-02-55.565 [http-nio-8080-exec-4] BasicTypeRegistry - Adding type registration imm_dbtimestamp -> org.hibernate.type.AdaptedImmutableType@60bbcaf6
[DEBUG] 2024-03-24 16-02-55.565 [http-nio-8080-exec-4] BasicTypeRegistry - Adding type registration imm_calendar -> org.hibernate.type.AdaptedImmutableType@58c3feef
[DEBUG] 2024-03-24 16-02-55.566 [http-nio-8080-exec-4] BasicTypeRegistry - Adding type registration imm_calendar_date -> org.hibernate.type.AdaptedImmutableType@501e3258
[DEBUG] 2024-03-24 16-02-55.566 [http-nio-8080-exec-4] BasicTypeRegistry - Adding type registration imm_binary -> org.hibernate.type.AdaptedImmutableType@509da34
[DEBUG] 2024-03-24 16-02-55.566 [http-nio-8080-exec-4] BasicTypeRegistry - Adding type registration imm_serializable -> org.hibernate.type.AdaptedImmutableType@3bdb4c19
[DEBUG] 2024-03-24 16-02-55.612 [http-nio-8080-exec-4] DefaultIdentifierGeneratorFactory - Registering IdentifierGenerator strategy [uuid2] -> [org.hibernate.id.UUIDGenerator]
[DEBUG] 2024-03-24 16-02-55.613 [http-nio-8080-exec-4] DefaultIdentifierGeneratorFactory - Registering IdentifierGenerator strategy [guid] -> [org.hibernate.id.GUIDGenerator]
[DEBUG] 2024-03-24 16-02-55.614 [http-nio-8080-exec-4] DefaultIdentifierGeneratorFactory - Registering IdentifierGenerator strategy [uuid] -> [org.hibernate.id.UUIDHexGenerator]
[DEBUG] 2024-03-24 16-02-55.614 [http-nio-8080-exec-4] DefaultIdentifierGeneratorFactory - Registering IdentifierGenerator strategy [uuid.hex] -> [org.hibernate.id.UUIDHexGenerator]
[DEBUG] 2024-03-24 16-02-55.615 [http-nio-8080-exec-4] DefaultIdentifierGeneratorFactory - Registering IdentifierGenerator strategy [assigned] -> [org.hibernate.id.Assigned]
[DEBUG] 2024-03-24 16-02-55.617 [http-nio-8080-exec-4] DefaultIdentifierGeneratorFactory - Registering IdentifierGenerator strategy [identity] -> [org.hibernate.id.IdentityGenerator]
[DEBUG] 2024-03-24 16-02-55.617 [http-nio-8080-exec-4] DefaultIdentifierGeneratorFactory - Registering IdentifierGenerator strategy [select] -> [org.hibernate.id.SelectGenerator]
[DEBUG] 2024-03-24 16-02-55.619 [http-nio-8080-exec-4] DefaultIdentifierGeneratorFactory - Registering IdentifierGenerator strategy [sequence] -> [org.hibernate.id.enhanced.SequenceStyleGenerator]
[DEBUG] 2024-03-24 16-02-55.620 [http-nio-8080-exec-4] DefaultIdentifierGeneratorFactory - Registering IdentifierGenerator strategy [seqhilo] -> [org.hibernate.id.SequenceHiLoGenerator]
[DEBUG] 2024-03-24 16-02-55.621 [http-nio-8080-exec-4] DefaultIdentifierGeneratorFactory - Registering IdentifierGenerator strategy [increment] -> [org.hibernate.id.IncrementGenerator]
[DEBUG] 2024-03-24 16-02-55.621 [http-nio-8080-exec-4] DefaultIdentifierGeneratorFactory - Registering IdentifierGenerator strategy [foreign] -> [org.hibernate.id.ForeignGenerator]
[DEBUG] 2024-03-24 16-02-55.622 [http-nio-8080-exec-4] DefaultIdentifierGeneratorFactory - Registering IdentifierGenerator strategy [sequence-identity] -> [org.hibernate.id.SequenceIdentityGenerator]
[DEBUG] 2024-03-24 16-02-55.622 [http-nio-8080-exec-4] DefaultIdentifierGeneratorFactory - Registering IdentifierGenerator strategy [enhanced-sequence] -> [org.hibernate.id.enhanced.SequenceStyleGenerator]
[DEBUG] 2024-03-24 16-02-55.623 [http-nio-8080-exec-4] DefaultIdentifierGeneratorFactory - Registering IdentifierGenerator strategy [enhanced-table] -> [org.hibernate.id.enhanced.TableGenerator]
[WARN ] 2024-03-24 16-02-55.628 [http-nio-8080-exec-4] ConnectionProviderInitiator - HHH000022: c3p0 properties were encountered, but the c3p0 provider class was not found on the classpath; these properties are going to be ignored.
[WARN ] 2024-03-24 16-02-55.631 [http-nio-8080-exec-4] pooling - HHH10001002: Using Hibernate built-in connection pool (not for production use!)
[INFO ] 2024-03-24 16-02-55.638 [http-nio-8080-exec-4] pooling - HHH10001005: using driver [com.mysql.cj.jdbc.Driver] at URL [jdbc:mysql://awseb-e-dpzejsp2a8-stack-awsebrdsdatabase-wz6ttdxqntx5.cfruplhcesjs.us-east-2.rds.amazonaws.com:3306/clockit]
[INFO ] 2024-03-24 16-02-55.638 [http-nio-8080-exec-4] pooling - HHH10001001: Connection properties: {password=RootPass., user=root}
[INFO ] 2024-03-24 16-02-55.639 [http-nio-8080-exec-4] pooling - HHH10001003: Autocommit mode: false
[DEBUG] 2024-03-24 16-02-55.644 [http-nio-8080-exec-4] DriverManagerConnectionProviderImpl - Initializing Connection pool with 1 Connections
[INFO ] 2024-03-24 16-02-55.644 [http-nio-8080-exec-4] DriverManagerConnectionProviderImpl - HHH000115: Hibernate connection pool size: 20 (min=1)
[DEBUG] 2024-03-24 16-02-58.869 [http-nio-8080-exec-4] JdbcEnvironmentInitiator - Database ->
       name : MySQL
    version : 8.0.35
      major : 8
      minor : 0
[DEBUG] 2024-03-24 16-02-58.870 [http-nio-8080-exec-4] JdbcEnvironmentInitiator - Driver ->
       name : MySQL Connector/J
    version : mysql-connector-java-8.0.16 (Revision: 34cbc6bc61f72836e26327537a432d6db7c77de6)
      major : 8
      minor : 0
[DEBUG] 2024-03-24 16-02-58.870 [http-nio-8080-exec-4] JdbcEnvironmentInitiator - JDBC version : 4.2
[INFO ] 2024-03-24 16-02-58.895 [http-nio-8080-exec-4] Dialect - HHH000400: Using dialect: org.hibernate.dialect.MySQLDialect
[DEBUG] 2024-03-24 16-02-58.928 [http-nio-8080-exec-4] IdentifierHelperBuilder - JDBC driver metadata reported database stores quoted identifiers in more than one case
[DEBUG] 2024-03-24 16-02-59.105 [http-nio-8080-exec-4] IdentifierHelperBuilder - IdentifierCaseStrategy for both quoted and unquoted identifiers was set to the same strategy [MIXED]; that will likely lead to problems in schema update and validation if using quoted identifiers
[DEBUG] 2024-03-24 16-02-59.291 [http-nio-8080-exec-4] Namespace - Created database namespace [logicalName=Name{catalog=null, schema=null}, physicalName=Name{catalog=null, schema=null}]
[DEBUG] 2024-03-24 16-02-59.299 [http-nio-8080-exec-4] TypeConfiguration$Scope - Scoping TypeConfiguration [org.hibernate.type.spi.TypeConfiguration@2fbbef27] to MetadataBuildingContext [org.hibernate.boot.internal.MetadataBuildingContextRootImpl@24e939fd]
[DEBUG] 2024-03-24 16-02-59.388 [http-nio-8080-exec-4] AnnotationBinder - Binding entity from annotated class: entity.User
[DEBUG] 2024-03-24 16-02-59.421 [http-nio-8080-exec-4] Ejb3Column - Binding column: Ejb3DiscriminatorColumn{logicalColumnName'DTYPE', discriminatorTypeName='string'}
[DEBUG] 2024-03-24 16-02-59.434 [http-nio-8080-exec-4] EntityBinder - Import with entity name User
[DEBUG] 2024-03-24 16-02-59.441 [http-nio-8080-exec-4] EntityBinder - Bind entity entity.User on table users
[DEBUG] 2024-03-24 16-02-59.479 [http-nio-8080-exec-4] Ejb3Column - Binding column: Ejb3Column{table=org.hibernate.mapping.Table(users), mappingColumn=user_id, insertable=true, updatable=true, unique=false}
[DEBUG] 2024-03-24 16-02-59.485 [http-nio-8080-exec-4] PropertyBinder - MetadataSourceProcessor property id with lazy=false
[DEBUG] 2024-03-24 16-02-59.487 [http-nio-8080-exec-4] AbstractPropertyHolder - Attempting to locate auto-apply AttributeConverter for property [entity.User:id]
[DEBUG] 2024-03-24 16-02-59.490 [http-nio-8080-exec-4] SimpleValueBinder - building SimpleValue for id
[DEBUG] 2024-03-24 16-02-59.493 [http-nio-8080-exec-4] PropertyBinder - Building property id
[DEBUG] 2024-03-24 16-02-59.502 [http-nio-8080-exec-4] BinderHelper - #makeIdGenerator(org.hibernate.mapping.SimpleValue([org.hibernate.mapping.Column(user_id)]), id, org.hibernate.id.enhanced.SequenceStyleGenerator, native, ...)
[DEBUG] 2024-03-24 16-02-59.505 [http-nio-8080-exec-4] Ejb3Column - Binding column: Ejb3JoinColumn{logicalColumnName='null', referencedColumn='null', mappedBy='user'}
[DEBUG] 2024-03-24 16-02-59.507 [http-nio-8080-exec-4] Ejb3Column - Binding column: Ejb3Column{table=org.hibernate.mapping.Table(users), mappingColumn=attendance, insertable=true, updatable=true, unique=false}
[DEBUG] 2024-03-24 16-02-59.510 [http-nio-8080-exec-4] Ejb3Column - Binding column: Ejb3Column{table=org.hibernate.mapping.Table(users), mappingColumn=null, insertable=true, updatable=true, unique=false}
[DEBUG] 2024-03-24 16-02-59.525 [http-nio-8080-exec-4] Ejb3Column - Binding column: Ejb3Column{table=org.hibernate.mapping.Table(users), mappingColumn=element, insertable=true, updatable=true, unique=false}
[DEBUG] 2024-03-24 16-02-59.525 [http-nio-8080-exec-4] Ejb3Column - Binding column: Ejb3Column{table=org.hibernate.mapping.Table(users), mappingColumn=attendance_KEY, insertable=true, updatable=true, unique=false}
[DEBUG] 2024-03-24 16-02-59.526 [http-nio-8080-exec-4] Ejb3Column - Binding column: Ejb3JoinColumn{logicalColumnName='attendance_KEY', referencedColumn='null', mappedBy='null'}
[DEBUG] 2024-03-24 16-02-59.530 [http-nio-8080-exec-4] Ejb3Column - Binding column: Ejb3JoinColumn{logicalColumnName='null', referencedColumn='null', mappedBy='user'}
[DEBUG] 2024-03-24 16-02-59.530 [http-nio-8080-exec-4] Ejb3Column - Binding column: Ejb3JoinColumn{logicalColumnName='null', referencedColumn='null', mappedBy='user'}
[DEBUG] 2024-03-24 16-02-59.530 [http-nio-8080-exec-4] CollectionBinder - Collection role: entity.User.attendance
[DEBUG] 2024-03-24 16-02-59.534 [http-nio-8080-exec-4] PropertyBinder - Building property attendance
[DEBUG] 2024-03-24 16-02-59.534 [http-nio-8080-exec-4] Ejb3Column - Binding column: Ejb3Column{table=org.hibernate.mapping.Table(users), mappingColumn=password_hash, insertable=true, updatable=true, unique=false}
[DEBUG] 2024-03-24 16-02-59.534 [http-nio-8080-exec-4] PropertyBinder - MetadataSourceProcessor property passwordHash with lazy=false
[DEBUG] 2024-03-24 16-02-59.534 [http-nio-8080-exec-4] AbstractPropertyHolder - Attempting to locate auto-apply AttributeConverter for property [entity.User:passwordHash]
[DEBUG] 2024-03-24 16-02-59.534 [http-nio-8080-exec-4] SimpleValueBinder - building SimpleValue for passwordHash
[DEBUG] 2024-03-24 16-02-59.534 [http-nio-8080-exec-4] PropertyBinder - Building property passwordHash
[DEBUG] 2024-03-24 16-02-59.535 [http-nio-8080-exec-4] Ejb3Column - Binding column: Ejb3Column{table=org.hibernate.mapping.Table(users), mappingColumn=username, insertable=true, updatable=true, unique=false}
[DEBUG] 2024-03-24 16-02-59.535 [http-nio-8080-exec-4] PropertyBinder - MetadataSourceProcessor property username with lazy=false
[DEBUG] 2024-03-24 16-02-59.535 [http-nio-8080-exec-4] AbstractPropertyHolder - Attempting to locate auto-apply AttributeConverter for property [entity.User:username]
[DEBUG] 2024-03-24 16-02-59.535 [http-nio-8080-exec-4] SimpleValueBinder - building SimpleValue for username
[DEBUG] 2024-03-24 16-02-59.535 [http-nio-8080-exec-4] PropertyBinder - Building property username
[DEBUG] 2024-03-24 16-02-59.536 [http-nio-8080-exec-4] AnnotationBinder - Binding entity from annotated class: entity.Attendance
[DEBUG] 2024-03-24 16-02-59.536 [http-nio-8080-exec-4] Ejb3Column - Binding column: Ejb3DiscriminatorColumn{logicalColumnName'DTYPE', discriminatorTypeName='string'}
[DEBUG] 2024-03-24 16-02-59.537 [http-nio-8080-exec-4] EntityBinder - Import with entity name Attendance
[DEBUG] 2024-03-24 16-02-59.537 [http-nio-8080-exec-4] EntityBinder - Bind entity entity.Attendance on table attendance
[DEBUG] 2024-03-24 16-02-59.541 [http-nio-8080-exec-4] Ejb3Column - Binding column: Ejb3Column{table=org.hibernate.mapping.Table(attendance), mappingColumn=attendance_id, insertable=true, updatable=true, unique=false}
[DEBUG] 2024-03-24 16-02-59.541 [http-nio-8080-exec-4] PropertyBinder - MetadataSourceProcessor property id with lazy=false
[DEBUG] 2024-03-24 16-02-59.541 [http-nio-8080-exec-4] AbstractPropertyHolder - Attempting to locate auto-apply AttributeConverter for property [entity.Attendance:id]
[DEBUG] 2024-03-24 16-02-59.542 [http-nio-8080-exec-4] SimpleValueBinder - building SimpleValue for id
[DEBUG] 2024-03-24 16-02-59.542 [http-nio-8080-exec-4] PropertyBinder - Building property id
[DEBUG] 2024-03-24 16-02-59.542 [http-nio-8080-exec-4] BinderHelper - #makeIdGenerator(org.hibernate.mapping.SimpleValue([org.hibernate.mapping.Column(attendance_id)]), id, org.hibernate.id.enhanced.SequenceStyleGenerator, native, ...)
[DEBUG] 2024-03-24 16-02-59.542 [http-nio-8080-exec-4] Ejb3Column - Binding column: Ejb3Column{table=org.hibernate.mapping.Table(attendance), mappingColumn=clock_in_time, insertable=true, updatable=true, unique=false}
[DEBUG] 2024-03-24 16-02-59.542 [http-nio-8080-exec-4] PropertyBinder - MetadataSourceProcessor property clockInTime with lazy=false
[DEBUG] 2024-03-24 16-02-59.542 [http-nio-8080-exec-4] AbstractPropertyHolder - Attempting to locate auto-apply AttributeConverter for property [entity.Attendance:clockInTime]
[DEBUG] 2024-03-24 16-02-59.542 [http-nio-8080-exec-4] SimpleValueBinder - building SimpleValue for clockInTime
[DEBUG] 2024-03-24 16-02-59.542 [http-nio-8080-exec-4] PropertyBinder - Building property clockInTime
[DEBUG] 2024-03-24 16-02-59.542 [http-nio-8080-exec-4] Ejb3Column - Binding column: Ejb3Column{table=org.hibernate.mapping.Table(attendance), mappingColumn=clock_out_time, insertable=true, updatable=true, unique=false}
[DEBUG] 2024-03-24 16-02-59.542 [http-nio-8080-exec-4] PropertyBinder - MetadataSourceProcessor property clockOutTime with lazy=false
[DEBUG] 2024-03-24 16-02-59.542 [http-nio-8080-exec-4] AbstractPropertyHolder - Attempting to locate auto-apply AttributeConverter for property [entity.Attendance:clockOutTime]
[DEBUG] 2024-03-24 16-02-59.542 [http-nio-8080-exec-4] SimpleValueBinder - building SimpleValue for clockOutTime
[DEBUG] 2024-03-24 16-02-59.542 [http-nio-8080-exec-4] PropertyBinder - Building property clockOutTime
[DEBUG] 2024-03-24 16-02-59.543 [http-nio-8080-exec-4] Ejb3Column - Binding column: Ejb3Column{table=org.hibernate.mapping.Table(attendance), mappingColumn=status, insertable=true, updatable=true, unique=false}
[DEBUG] 2024-03-24 16-02-59.543 [http-nio-8080-exec-4] PropertyBinder - MetadataSourceProcessor property clockedStatus with lazy=false
[DEBUG] 2024-03-24 16-02-59.543 [http-nio-8080-exec-4] AbstractPropertyHolder - Attempting to locate auto-apply AttributeConverter for property [entity.Attendance:clockedStatus]
[DEBUG] 2024-03-24 16-02-59.543 [http-nio-8080-exec-4] SimpleValueBinder - building SimpleValue for clockedStatus
[DEBUG] 2024-03-24 16-02-59.543 [http-nio-8080-exec-4] PropertyBinder - Building property clockedStatus
[DEBUG] 2024-03-24 16-02-59.543 [http-nio-8080-exec-4] Ejb3Column - Binding column: Ejb3Column{table=org.hibernate.mapping.Table(attendance), mappingColumn=date, insertable=true, updatable=true, unique=false}
[DEBUG] 2024-03-24 16-02-59.543 [http-nio-8080-exec-4] PropertyBinder - MetadataSourceProcessor property date with lazy=false
[DEBUG] 2024-03-24 16-02-59.544 [http-nio-8080-exec-4] AbstractPropertyHolder - Attempting to locate auto-apply AttributeConverter for property [entity.Attendance:date]
[DEBUG] 2024-03-24 16-02-59.544 [http-nio-8080-exec-4] SimpleValueBinder - building SimpleValue for date
[DEBUG] 2024-03-24 16-02-59.544 [http-nio-8080-exec-4] PropertyBinder - Building property date
[DEBUG] 2024-03-24 16-02-59.544 [http-nio-8080-exec-4] Ejb3Column - Binding column: Ejb3JoinColumn{logicalColumnName='user_id', referencedColumn='', mappedBy=''}
[DEBUG] 2024-03-24 16-02-59.544 [http-nio-8080-exec-4] Ejb3Column - Binding column: Ejb3Column{table=org.hibernate.mapping.Table(attendance), mappingColumn=user, insertable=true, updatable=true, unique=false}
[DEBUG] 2024-03-24 16-02-59.547 [http-nio-8080-exec-4] PropertyBinder - Building property user
[DEBUG] 2024-03-24 16-02-59.549 [http-nio-8080-exec-4] SimpleValueBinder - Starting fillSimpleValue for id
[DEBUG] 2024-03-24 16-02-59.549 [http-nio-8080-exec-4] SimpleValueBinder - Starting fillSimpleValue for passwordHash
[DEBUG] 2024-03-24 16-02-59.549 [http-nio-8080-exec-4] SimpleValueBinder - Starting fillSimpleValue for username
[DEBUG] 2024-03-24 16-02-59.549 [http-nio-8080-exec-4] SimpleValueBinder - Starting fillSimpleValue for id
[DEBUG] 2024-03-24 16-02-59.549 [http-nio-8080-exec-4] SimpleValueBinder - Starting fillSimpleValue for clockInTime
[DEBUG] 2024-03-24 16-02-59.549 [http-nio-8080-exec-4] SimpleValueBinder - Starting fillSimpleValue for clockOutTime
[DEBUG] 2024-03-24 16-02-59.549 [http-nio-8080-exec-4] SimpleValueBinder - Starting fillSimpleValue for clockedStatus
[DEBUG] 2024-03-24 16-02-59.549 [http-nio-8080-exec-4] SimpleValueBinder - Starting fillSimpleValue for date
[DEBUG] 2024-03-24 16-02-59.553 [http-nio-8080-exec-4] PrimaryKey - Forcing column [user_id] to be non-null as it is part of the primary key for table [users]
[DEBUG] 2024-03-24 16-02-59.553 [http-nio-8080-exec-4] PrimaryKey - Forcing column [attendance_id] to be non-null as it is part of the primary key for table [attendance]
[DEBUG] 2024-03-24 16-02-59.553 [http-nio-8080-exec-4] CollectionSecondPass - Second pass for collection: entity.User.attendance
[DEBUG] 2024-03-24 16-02-59.554 [http-nio-8080-exec-4] CollectionBinder - Binding a OneToMany: entity.User.attendance through a foreign key
[DEBUG] 2024-03-24 16-02-59.555 [http-nio-8080-exec-4] CollectionBinder - Mapping collection: entity.User.attendance -> attendance
[DEBUG] 2024-03-24 16-02-59.556 [http-nio-8080-exec-4] TableBinder - Retrieving property entity.Attendance.user
[DEBUG] 2024-03-24 16-02-59.556 [http-nio-8080-exec-4] CollectionSecondPass - Mapped collection key: user_id, one-to-many: entity.Attendance
[DEBUG] 2024-03-24 16-02-59.556 [http-nio-8080-exec-4] InFlightMetadataCollectorImpl - Resolving reference to class: entity.User
[DEBUG] 2024-03-24 16-02-59.562 [http-nio-8080-exec-4] InFlightMetadataCollectorImpl - Resolving reference to class: entity.User
[DEBUG] 2024-03-24 16-02-59.610 [http-nio-8080-exec-4] SessionFactoryImpl - Building session factory
[DEBUG] 2024-03-24 16-02-59.611 [http-nio-8080-exec-4] Settings - SessionFactory name : null
[DEBUG] 2024-03-24 16-02-59.611 [http-nio-8080-exec-4] Settings - Automatic flush during beforeCompletion(): enabled
[DEBUG] 2024-03-24 16-02-59.612 [http-nio-8080-exec-4] Settings - Automatic session close at end of transaction: disabled
[DEBUG] 2024-03-24 16-02-59.612 [http-nio-8080-exec-4] Settings - Statistics: disabled
[DEBUG] 2024-03-24 16-02-59.612 [http-nio-8080-exec-4] Settings - Deleted entity synthetic identifier rollback: disabled
[DEBUG] 2024-03-24 16-02-59.612 [http-nio-8080-exec-4] Settings - Default entity-mode: pojo
[DEBUG] 2024-03-24 16-02-59.612 [http-nio-8080-exec-4] Settings - Check Nullability in Core (should be disabled when Bean Validation is on): enabled
[DEBUG] 2024-03-24 16-02-59.612 [http-nio-8080-exec-4] Settings - Allow initialization of lazy state outside session : disabled
[DEBUG] 2024-03-24 16-02-59.612 [http-nio-8080-exec-4] Settings - Using BatchFetchStyle : LEGACY
[DEBUG] 2024-03-24 16-02-59.612 [http-nio-8080-exec-4] Settings - Default batch fetch size: -1
[DEBUG] 2024-03-24 16-02-59.612 [http-nio-8080-exec-4] Settings - Maximum outer join fetch depth: 2
[DEBUG] 2024-03-24 16-02-59.612 [http-nio-8080-exec-4] Settings - Default null ordering: NONE
[DEBUG] 2024-03-24 16-02-59.612 [http-nio-8080-exec-4] Settings - Order SQL updates by primary key: disabled
[DEBUG] 2024-03-24 16-02-59.612 [http-nio-8080-exec-4] Settings - Order SQL inserts for batching: disabled
[DEBUG] 2024-03-24 16-02-59.612 [http-nio-8080-exec-4] Settings - multi-tenancy strategy : NONE
[DEBUG] 2024-03-24 16-02-59.612 [http-nio-8080-exec-4] Settings - JTA Track by Thread: enabled
[DEBUG] 2024-03-24 16-02-59.612 [http-nio-8080-exec-4] Settings - Query language substitutions: {}
[DEBUG] 2024-03-24 16-02-59.613 [http-nio-8080-exec-4] Settings - Named query checking : enabled
[DEBUG] 2024-03-24 16-02-59.613 [http-nio-8080-exec-4] Settings - Second-level cache: disabled
[DEBUG] 2024-03-24 16-02-59.613 [http-nio-8080-exec-4] Settings - Second-level query cache: disabled
[DEBUG] 2024-03-24 16-02-59.613 [http-nio-8080-exec-4] Settings - Second-level query cache factory: null
[DEBUG] 2024-03-24 16-02-59.613 [http-nio-8080-exec-4] Settings - Second-level cache region prefix: null
[DEBUG] 2024-03-24 16-02-59.613 [http-nio-8080-exec-4] Settings - Optimize second-level cache for minimal puts: disabled
[DEBUG] 2024-03-24 16-02-59.613 [http-nio-8080-exec-4] Settings - Structured second-level cache entries: disabled
[DEBUG] 2024-03-24 16-02-59.613 [http-nio-8080-exec-4] Settings - Second-level cache direct-reference entries: disabled
[DEBUG] 2024-03-24 16-02-59.613 [http-nio-8080-exec-4] Settings - Automatic eviction of collection cache: disabled
[DEBUG] 2024-03-24 16-02-59.613 [http-nio-8080-exec-4] Settings - JDBC batch size: 15
[DEBUG] 2024-03-24 16-02-59.613 [http-nio-8080-exec-4] Settings - JDBC batch updates for versioned data: enabled
[DEBUG] 2024-03-24 16-02-59.613 [http-nio-8080-exec-4] Settings - Scrollable result sets: enabled
[DEBUG] 2024-03-24 16-02-59.613 [http-nio-8080-exec-4] Settings - Wrap result sets: disabled
[DEBUG] 2024-03-24 16-02-59.613 [http-nio-8080-exec-4] Settings - JDBC3 getGeneratedKeys(): enabled
[DEBUG] 2024-03-24 16-02-59.613 [http-nio-8080-exec-4] Settings - JDBC result set fetch size: null
[DEBUG] 2024-03-24 16-02-59.613 [http-nio-8080-exec-4] Settings - Connection release mode: AFTER_TRANSACTION
[DEBUG] 2024-03-24 16-02-59.613 [http-nio-8080-exec-4] Settings - Generate SQL with comments: disabled
[DEBUG] 2024-03-24 16-02-59.613 [http-nio-8080-exec-4] Settings - JPA compliance - query : 
[DEBUG] 2024-03-24 16-02-59.613 [http-nio-8080-exec-4] Settings - JPA compliance - closed-handling : 
[DEBUG] 2024-03-24 16-02-59.613 [http-nio-8080-exec-4] Settings - JPA compliance - lists : 
[DEBUG] 2024-03-24 16-02-59.613 [http-nio-8080-exec-4] Settings - JPA compliance - transactions : 
[INFO ] 2024-03-24 16-02-59.701 [http-nio-8080-exec-4] beans - HHH10005002: No explicit CDI BeanManager reference was passed to Hibernate, but CDI is available on the Hibernate ClassLoader.
[DEBUG] 2024-03-24 16-02-59.733 [http-nio-8080-exec-4] SessionFactoryImpl - Session factory constructed with filter configurations : {}
[DEBUG] 2024-03-24 16-02-59.733 [http-nio-8080-exec-4] SessionFactoryImpl - Instantiating session factory with properties: {awt.toolkit=sun.awt.windows.WToolkit, java.specification.version=11, sun.cpu.isalist=amd64, hibernate.c3p0.idle_test_period=3000, sun.jnu.encoding=Cp1252, hibernate.c3p0.min_size=5, sun.arch.data.model=64, java.vendor.url=https://adoptium.net/, catalina.useNaming=true, org.apache.el.GET_CLASSLOADER_USE_PRIVILEGED=false, sun.boot.library.path=C:\Program Files\Java\jdk-11.0.22+7\bin, com.sun.management.jmxremote.ssl=false, sun.java.command=org.apache.catalina.startup.Bootstrap start, jdk.debug=release, java.specification.vendor=Oracle Corporation, java.naming.factory.url.pkgs=org.apache.naming, java.version.date=2024-01-16, java.home=C:\Program Files\Java\jdk-11.0.22+7, ignore.endorsed.dirs=, file.separator=\, java.vm.compressedOopsMode=Zero based, line.separator=
, hibernate.c3p0.timeout=300, java.specification.name=Java Platform API Specification, java.vm.specification.vendor=Oracle Corporation, com.sun.management.jmxremote.password.file=C:\Users\cheve\AppData\Local\JetBrains\IntelliJIdea2023.3\tomcat\e583dc0b-35df-491d-b4e3-c6be821192bb\jmxremote.password, package.definition=sun.,java.,org.apache.catalina.,org.apache.coyote.,org.apache.jasper.,org.apache.naming.,org.apache.tomcat., jdk.tls.ephemeralDHKeySize=2048, hibernate.hbm2ddl.auto=update, user.script=, java.util.logging.config.file=C:\Users\cheve\AppData\Local\JetBrains\IntelliJIdea2023.3\tomcat\e583dc0b-35df-491d-b4e3-c6be821192bb\conf\logging.properties, java.protocol.handler.pkgs=org.apache.catalina.webresources, sun.management.compiler=HotSpot 64-Bit Tiered Compilers, java.runtime.version=11.0.22+7, user.name=cheve, file.encoding=Cp1252, java.vendor.version=Temurin-11.0.22+7, hibernate.connection.driver_class=com.mysql.cj.jdbc.Driver, java.io.tmpdir=C:\Program Files\apache-tomcat-8.5.98\temp, tomcat.util.scan.StandardJarScanFilter.jarsToScan=log4j-taglib*.jar,log4j-web*.jar,log4javascript*.jar,slf4j-taglib*.jar, com.sun.management.jmxremote.port=1099, java.version=11.0.22, tomcat.util.scan.StandardJarScanFilter.jarsToSkip=annotations-api.jar,ant-junit*.jar,ant-launcher*.jar,ant*.jar,asm-*.jar,aspectj*.jar,bcel*.jar,biz.aQute.bnd*.jar,bootstrap.jar,catalina-ant.jar,catalina-ha.jar,catalina-jmx-remote.jar,catalina-storeconfig.jar,catalina-tribes.jar,catalina-ws.jar,catalina.jar,cglib-*.jar,cobertura-*.jar,commons-beanutils*.jar,commons-codec*.jar,commons-collections*.jar,commons-compress*.jar,commons-daemon.jar,commons-dbcp*.jar,commons-digester*.jar,commons-fileupload*.jar,commons-httpclient*.jar,commons-io*.jar,commons-lang*.jar,commons-logging*.jar,commons-math*.jar,commons-pool*.jar,derby-*.jar,dom4j-*.jar,easymock-*.jar,ecj-*.jar,el-api.jar,geronimo-spec-jaxrpc*.jar,h2*.jar,ha-api-*.jar,hamcrest-*.jar,hibernate*.jar,httpclient*.jar,icu4j-*.jar,jasper-el.jar,jasper.jar,jaspic-api.jar,jaxb-*.jar,jaxen-*.jar,jaxws-rt-*.jar,jdom-*.jar,jetty-*.jar,jmx-tools.jar,jmx.jar,jsp-api.jar,jstl.jar,jta*.jar,junit-*.jar,junit.jar,log4j*.jar,mail*.jar,objenesis-*.jar,oraclepki.jar,org.hamcrest.core_*.jar,org.junit_*.jar,oro-*.jar,servlet-api-*.jar,servlet-api.jar,slf4j*.jar,taglibs-standard-spec-*.jar,tagsoup-*.jar,tomcat-api.jar,tomcat-coyote.jar,tomcat-dbcp.jar,tomcat-i18n-*.jar,tomcat-jdbc.jar,tomcat-jni.jar,tomcat-juli-adapters.jar,tomcat-juli.jar,tomcat-util-scan.jar,tomcat-util.jar,tomcat-websocket.jar,tools.jar,unboundid-ldapsdk-*.jar,websocket-api.jar,wsdl4j*.jar,xercesImpl.jar,xml-apis.jar,xmlParserAPIs-*.jar,xmlParserAPIs.jar,xom-*.jar, java.vm.specification.name=Java Virtual Machine Specification, java.awt.printerjob=sun.awt.windows.WPrinterJob, sun.os.patch.level=, connection.driver_class=com.mysql.cj.jdbc.Driver, java.library.path=C:\Program Files\Java\jdk-11.0.22+7\bin;C:\Windows\Sun\Java\bin;C:\Windows\system32;C:\Windows;C:\Windows\system32;C:\Windows;C:\Windows\System32\Wbem;C:\Windows\System32\WindowsPowerShell\v1.0\;C:\Windows\System32\OpenSSH\;C:\Program Files (x86)\NVIDIA Corporation\PhysX\Common;C:\Program Files\NVIDIA Corporation\NVIDIA NvDLISR;C:\Program Files\Git\cmd;C:\Users\cheve\AppData\Local\Microsoft\WindowsApps;C:\Microsoft VS Code\bin;., java.vendor=Eclipse Adoptium, java.specification.maintenance.version=2, java.rmi.server.randomIDs=true, sun.io.unicode.encoding=UnicodeLittle, tomcat.util.buf.StringCache.byte.enabled=true, sun.desktop=windows, hibernate.dialect=org.hibernate.dialect.MySQLDialect, java.class.path=C:\Program Files\apache-tomcat-8.5.98\bin\bootstrap.jar;C:\Program Files\apache-tomcat-8.5.98\bin\tomcat-juli.jar, java.vm.vendor=Eclipse Adoptium, user.variant=, user.timezone=America/Chicago, os.name=Windows 11, java.vm.specification.version=11, sun.java.launcher=SUN_STANDARD, user.country=US, com.sun.management.jmxremote=, sun.cpu.endian=little, user.home=C:\Users\cheve, hibernate.c3p0.max_statements=50, user.language=en, java.awt.graphicsenv=sun.awt.Win32GraphicsEnvironment, package.access=sun.,org.apache.catalina.,org.apache.coyote.,org.apache.jasper.,org.apache.tomcat., server.loader=, com.sun.management.jmxremote.access.file=C:\Users\cheve\AppData\Local\JetBrains\IntelliJIdea2023.3\tomcat\e583dc0b-35df-491d-b4e3-c6be821192bb\jmxremote.access, hibernate.c3p0.max_size=20, java.naming.factory.initial=org.apache.naming.java.javaURLContextFactory, path.separator=;, common.loader="C:/Program Files/apache-tomcat-8.5.98/lib","C:/Program Files/apache-tomcat-8.5.98/lib/*.jar","C:\Program Files\apache-tomcat-8.5.98/lib","C:\Program Files\apache-tomcat-8.5.98/lib/*.jar", hibernate.connection.username=****, os.version=10.0, java.runtime.name=OpenJDK Runtime Environment, hibernate.connection.url=jdbc:mysql://awseb-e-dpzejsp2a8-stack-awsebrdsdatabase-wz6ttdxqntx5.cfruplhcesjs.us-east-2.rds.amazonaws.com:3306/clockit, java.vm.name=OpenJDK 64-Bit Server VM, hibernate.show_sql=true, java.vendor.url.bug=https://github.com/adoptium/adoptium-support/issues, catalina.home=C:\Program Files\apache-tomcat-8.5.98, user.dir=C:\Program Files\apache-tomcat-8.5.98\bin, os.arch=amd64, hibernate.connection.password=****, catalina.base=C:\Users\cheve\AppData\Local\JetBrains\IntelliJIdea2023.3\tomcat\e583dc0b-35df-491d-b4e3-c6be821192bb, shared.loader=, hibernate.boot.CfgXmlAccessService.key=org.hibernate.boot.cfgxml.spi.LoadedConfig@235e197e, java.util.logging.manager=org.apache.juli.ClassLoaderLogManager, java.vm.info=mixed mode, java.vm.version=11.0.22+7, hibernate.bytecode.use_reflection_optimizer=false, java.rmi.server.hostname=127.0.0.1, connection.url=jdbc:mysql://awseb-e-dpzejsp2a8-stack-awsebrdsdatabase-wz6ttdxqntx5.cfruplhcesjs.us-east-2.rds.amazonaws.com:3306/clockit, java.class.version=55.0}
[DEBUG] 2024-03-24 16-02-59.764 [http-nio-8080-exec-4] TypeSafeActivator - Unable to acquire Bean Validation ValidatorFactory, skipping activation
[DEBUG] 2024-03-24 16-02-59.764 [http-nio-8080-exec-4] JaccIntegrator - Skipping JACC integration as it was not enabled
[DEBUG] 2024-03-24 16-02-59.765 [http-nio-8080-exec-4] SessionFactoryImpl - Instantiated session factory
[DEBUG] 2024-03-24 16-02-59.765 [http-nio-8080-exec-4] TypeConfiguration$Scope - Scoping TypeConfiguration [org.hibernate.type.spi.TypeConfiguration@2fbbef27] to SessionFactoryImpl [org.hibernate.internal.SessionFactoryImpl@d9a3bee]
[DEBUG] 2024-03-24 16-02-59.834 [http-nio-8080-exec-4] ClassLoaderAccessImpl - Not known whether passed class name [entity.User] is safe
[DEBUG] 2024-03-24 16-02-59.835 [http-nio-8080-exec-4] ClassLoaderAccessImpl - No temp ClassLoader provided; using live ClassLoader for loading potentially unsafe class : entity.User
[DEBUG] 2024-03-24 16-02-59.883 [http-nio-8080-exec-4] ClassLoaderAccessImpl - Not known whether passed class name [entity.User] is safe
[DEBUG] 2024-03-24 16-02-59.884 [http-nio-8080-exec-4] ClassLoaderAccessImpl - No temp ClassLoader provided; using live ClassLoader for loading potentially unsafe class : entity.User
[DEBUG] 2024-03-24 16-03-00.239 [http-nio-8080-exec-4] ClassLoaderAccessImpl - Not known whether passed class name [entity.Attendance] is safe
[DEBUG] 2024-03-24 16-03-00.239 [http-nio-8080-exec-4] ClassLoaderAccessImpl - No temp ClassLoader provided; using live ClassLoader for loading potentially unsafe class : entity.Attendance
[DEBUG] 2024-03-24 16-03-00.240 [http-nio-8080-exec-4] ClassLoaderAccessImpl - Not known whether passed class name [entity.Attendance] is safe
[DEBUG] 2024-03-24 16-03-00.240 [http-nio-8080-exec-4] ClassLoaderAccessImpl - No temp ClassLoader provided; using live ClassLoader for loading potentially unsafe class : entity.Attendance
[DEBUG] 2024-03-24 16-03-00.271 [http-nio-8080-exec-4] AbstractCollectionPersister - Static SQL for collection: entity.User.attendance
[DEBUG] 2024-03-24 16-03-00.271 [http-nio-8080-exec-4] AbstractCollectionPersister -  Row insert: update attendance set user_id=? where attendance_id=?
[DEBUG] 2024-03-24 16-03-00.271 [http-nio-8080-exec-4] AbstractCollectionPersister -  Row update: update attendance set  where attendance_id=?
[DEBUG] 2024-03-24 16-03-00.271 [http-nio-8080-exec-4] AbstractCollectionPersister -  Row delete: update attendance set user_id=null where user_id=? and attendance_id=?
[DEBUG] 2024-03-24 16-03-00.272 [http-nio-8080-exec-4] AbstractCollectionPersister -  One-shot delete: update attendance set user_id=null where user_id=?
[DEBUG] 2024-03-24 16-03-00.277 [http-nio-8080-exec-4] AbstractEntityPersister - Static SQL for entity: entity.User
[DEBUG] 2024-03-24 16-03-00.277 [http-nio-8080-exec-4] AbstractEntityPersister -  Version select: select user_id from users where user_id =?
[DEBUG] 2024-03-24 16-03-00.277 [http-nio-8080-exec-4] AbstractEntityPersister -  Snapshot select: select user_.user_id, user_.password_hash as password2_1_, user_.username as username3_1_ from users user_ where user_.user_id=?
[DEBUG] 2024-03-24 16-03-00.277 [http-nio-8080-exec-4] AbstractEntityPersister -  Insert 0: insert into users (password_hash, username, user_id) values (?, ?, ?)
[DEBUG] 2024-03-24 16-03-00.277 [http-nio-8080-exec-4] AbstractEntityPersister -  Update 0: update users set password_hash=?, username=? where user_id=?
[DEBUG] 2024-03-24 16-03-00.277 [http-nio-8080-exec-4] AbstractEntityPersister -  Delete 0: delete from users where user_id=?
[DEBUG] 2024-03-24 16-03-00.277 [http-nio-8080-exec-4] AbstractEntityPersister -  Identity insert: insert into users (password_hash, username) values (?, ?)
[DEBUG] 2024-03-24 16-03-00.319 [http-nio-8080-exec-4] QuerySpacesImpl - Adding QuerySpace : uid = <gen:0> -> org.hibernate.loader.plan.build.internal.spaces.EntityQuerySpaceImpl@1c76eba3]
[DEBUG] 2024-03-24 16-03-00.321 [http-nio-8080-exec-4] MetamodelGraphWalker - Visiting attribute path : attendance
[DEBUG] 2024-03-24 16-03-00.329 [http-nio-8080-exec-4] QuerySpacesImpl - Adding QuerySpace : uid = <gen:1> -> org.hibernate.loader.plan.build.internal.spaces.CollectionQuerySpaceImpl@36a93ed2]
[DEBUG] 2024-03-24 16-03-00.334 [http-nio-8080-exec-4] QuerySpacesImpl - Adding QuerySpace : uid = <gen:2> -> org.hibernate.loader.plan.build.internal.spaces.EntityQuerySpaceImpl@1122461d]
[DEBUG] 2024-03-24 16-03-00.336 [http-nio-8080-exec-4] MetamodelGraphWalker - Visiting attribute path : attendance.clockInTime
[DEBUG] 2024-03-24 16-03-00.336 [http-nio-8080-exec-4] MetamodelGraphWalker - Visiting attribute path : attendance.clockOutTime
[DEBUG] 2024-03-24 16-03-00.336 [http-nio-8080-exec-4] MetamodelGraphWalker - Visiting attribute path : attendance.clockedStatus
[DEBUG] 2024-03-24 16-03-00.336 [http-nio-8080-exec-4] MetamodelGraphWalker - Visiting attribute path : attendance.date
[DEBUG] 2024-03-24 16-03-00.336 [http-nio-8080-exec-4] MetamodelGraphWalker - Visiting attribute path : attendance.user
[DEBUG] 2024-03-24 16-03-00.336 [http-nio-8080-exec-4] MetamodelGraphWalker - Property path deemed to be circular : attendance.user
[DEBUG] 2024-03-24 16-03-00.337 [http-nio-8080-exec-4] MetamodelGraphWalker - Visiting attribute path : passwordHash
[DEBUG] 2024-03-24 16-03-00.337 [http-nio-8080-exec-4] MetamodelGraphWalker - Visiting attribute path : username
[DEBUG] 2024-03-24 16-03-00.338 [http-nio-8080-exec-4] FetchStyleLoadPlanBuildingAssociationVisitationStrategy - Building LoadPlan...
[DEBUG] 2024-03-24 16-03-00.358 [http-nio-8080-exec-4] LoadQueryJoinAndFetchProcessor - processing queryspace <gen:0>
[DEBUG] 2024-03-24 16-03-00.365 [http-nio-8080-exec-4] LoadPlanTreePrinter - LoadPlan(entity=entity.User)
    - Returns
       - EntityReturnImpl(entity=entity.User, querySpaceUid=<gen:0>, path=entity.User)
          - CollectionAttributeFetchImpl(collection=entity.User.attendance, querySpaceUid=<gen:1>, path=entity.User.attendance)
             - (collection element) CollectionFetchableElementEntityGraph(entity=entity.Attendance, querySpaceUid=<gen:2>, path=entity.User.attendance.<elements>)
    - QuerySpaces
       - EntityQuerySpaceImpl(uid=<gen:0>, entity=entity.User)
          - SQL table alias mapping - user0_
          - alias suffix - 0_
          - suffixed key columns - {user_id1_1_0_}
          - JOIN (JoinDefinedByMetadata(attendance)) : <gen:0> -> <gen:1>
             - CollectionQuerySpaceImpl(uid=<gen:1>, collection=entity.User.attendance)
                - SQL table alias mapping - attendance1_
                - alias suffix - 1_
                - suffixed key columns - {user_id6_0_1_}
                - entity-element alias suffix - 2_
                - 2_entity-element suffixed key columns - attendan1_0_2_
                - JOIN (JoinDefinedByMetadata(elements)) : <gen:1> -> <gen:2>
                   - EntityQuerySpaceImpl(uid=<gen:2>, entity=entity.Attendance)
                      - SQL table alias mapping - attendance1_
                      - alias suffix - 2_
                      - suffixed key columns - {attendan1_0_2_}

[DEBUG] 2024-03-24 16-03-00.368 [http-nio-8080-exec-4] EntityLoader - Static select for entity entity.User [NONE]: select user0_.user_id as user_id1_1_0_, user0_.password_hash as password2_1_0_, user0_.username as username3_1_0_, attendance1_.user_id as user_id6_0_1_, attendance1_.attendance_id as attendan1_0_1_, attendance1_.attendance_id as attendan1_0_2_, attendance1_.clock_in_time as clock_in2_0_2_, attendance1_.clock_out_time as clock_ou3_0_2_, attendance1_.status as status4_0_2_, attendance1_.date as date5_0_2_, attendance1_.user_id as user_id6_0_2_ from users user0_ left outer join attendance attendance1_ on user0_.user_id=attendance1_.user_id where user0_.user_id=?
[DEBUG] 2024-03-24 16-03-00.368 [http-nio-8080-exec-4] QuerySpacesImpl - Adding QuerySpace : uid = <gen:0> -> org.hibernate.loader.plan.build.internal.spaces.EntityQuerySpaceImpl@78f14f7c]
[DEBUG] 2024-03-24 16-03-00.368 [http-nio-8080-exec-4] MetamodelGraphWalker - Visiting attribute path : attendance
[DEBUG] 2024-03-24 16-03-00.368 [http-nio-8080-exec-4] QuerySpacesImpl - Adding QuerySpace : uid = <gen:1> -> org.hibernate.loader.plan.build.internal.spaces.CollectionQuerySpaceImpl@56ae3b04]
[DEBUG] 2024-03-24 16-03-00.368 [http-nio-8080-exec-4] QuerySpacesImpl - Adding QuerySpace : uid = <gen:2> -> org.hibernate.loader.plan.build.internal.spaces.EntityQuerySpaceImpl@1be014e0]
[DEBUG] 2024-03-24 16-03-00.368 [http-nio-8080-exec-4] MetamodelGraphWalker - Visiting attribute path : attendance.clockInTime
[DEBUG] 2024-03-24 16-03-00.368 [http-nio-8080-exec-4] MetamodelGraphWalker - Visiting attribute path : attendance.clockOutTime
[DEBUG] 2024-03-24 16-03-00.368 [http-nio-8080-exec-4] MetamodelGraphWalker - Visiting attribute path : attendance.clockedStatus
[DEBUG] 2024-03-24 16-03-00.368 [http-nio-8080-exec-4] MetamodelGraphWalker - Visiting attribute path : attendance.date
[DEBUG] 2024-03-24 16-03-00.368 [http-nio-8080-exec-4] MetamodelGraphWalker - Visiting attribute path : attendance.user
[DEBUG] 2024-03-24 16-03-00.368 [http-nio-8080-exec-4] MetamodelGraphWalker - Property path deemed to be circular : attendance.user
[DEBUG] 2024-03-24 16-03-00.368 [http-nio-8080-exec-4] MetamodelGraphWalker - Visiting attribute path : passwordHash
[DEBUG] 2024-03-24 16-03-00.368 [http-nio-8080-exec-4] MetamodelGraphWalker - Visiting attribute path : username
[DEBUG] 2024-03-24 16-03-00.369 [http-nio-8080-exec-4] FetchStyleLoadPlanBuildingAssociationVisitationStrategy - Building LoadPlan...
[DEBUG] 2024-03-24 16-03-00.369 [http-nio-8080-exec-4] LoadQueryJoinAndFetchProcessor - processing queryspace <gen:0>
[DEBUG] 2024-03-24 16-03-00.369 [http-nio-8080-exec-4] LoadPlanTreePrinter - LoadPlan(entity=entity.User)
    - Returns
       - EntityReturnImpl(entity=entity.User, querySpaceUid=<gen:0>, path=entity.User)
          - CollectionAttributeFetchImpl(collection=entity.User.attendance, querySpaceUid=<gen:1>, path=entity.User.attendance)
             - (collection element) CollectionFetchableElementEntityGraph(entity=entity.Attendance, querySpaceUid=<gen:2>, path=entity.User.attendance.<elements>)
    - QuerySpaces
       - EntityQuerySpaceImpl(uid=<gen:0>, entity=entity.User)
          - SQL table alias mapping - user0_
          - alias suffix - 0_
          - suffixed key columns - {user_id1_1_0_}
          - JOIN (JoinDefinedByMetadata(attendance)) : <gen:0> -> <gen:1>
             - CollectionQuerySpaceImpl(uid=<gen:1>, collection=entity.User.attendance)
                - SQL table alias mapping - attendance1_
                - alias suffix - 1_
                - suffixed key columns - {user_id6_0_1_}
                - entity-element alias suffix - 2_
                - 2_entity-element suffixed key columns - attendan1_0_2_
                - JOIN (JoinDefinedByMetadata(elements)) : <gen:1> -> <gen:2>
                   - EntityQuerySpaceImpl(uid=<gen:2>, entity=entity.Attendance)
                      - SQL table alias mapping - attendance1_
                      - alias suffix - 2_
                      - suffixed key columns - {attendan1_0_2_}

[DEBUG] 2024-03-24 16-03-00.369 [http-nio-8080-exec-4] EntityLoader - Static select for entity entity.User [READ]: select user0_.user_id as user_id1_1_0_, user0_.password_hash as password2_1_0_, user0_.username as username3_1_0_, attendance1_.user_id as user_id6_0_1_, attendance1_.attendance_id as attendan1_0_1_, attendance1_.attendance_id as attendan1_0_2_, attendance1_.clock_in_time as clock_in2_0_2_, attendance1_.clock_out_time as clock_ou3_0_2_, attendance1_.status as status4_0_2_, attendance1_.date as date5_0_2_, attendance1_.user_id as user_id6_0_2_ from users user0_ left outer join attendance attendance1_ on user0_.user_id=attendance1_.user_id where user0_.user_id=?
[DEBUG] 2024-03-24 16-03-00.389 [http-nio-8080-exec-4] Loader - Static select for action ACTION_MERGE on entity entity.User: select user0_.user_id as user_id1_1_1_, user0_.password_hash as password2_1_1_, user0_.username as username3_1_1_, attendance1_.user_id as user_id6_0_3_, attendance1_.attendance_id as attendan1_0_3_, attendance1_.attendance_id as attendan1_0_0_, attendance1_.clock_in_time as clock_in2_0_0_, attendance1_.clock_out_time as clock_ou3_0_0_, attendance1_.status as status4_0_0_, attendance1_.date as date5_0_0_, attendance1_.user_id as user_id6_0_0_ from users user0_ left outer join attendance attendance1_ on user0_.user_id=attendance1_.user_id where user0_.user_id=?
[DEBUG] 2024-03-24 16-03-00.389 [http-nio-8080-exec-4] Loader - Static select for action ACTION_REFRESH on entity entity.User: select user0_.user_id as user_id1_1_1_, user0_.password_hash as password2_1_1_, user0_.username as username3_1_1_, attendance1_.user_id as user_id6_0_3_, attendance1_.attendance_id as attendan1_0_3_, attendance1_.attendance_id as attendan1_0_0_, attendance1_.clock_in_time as clock_in2_0_0_, attendance1_.clock_out_time as clock_ou3_0_0_, attendance1_.status as status4_0_0_, attendance1_.date as date5_0_0_, attendance1_.user_id as user_id6_0_0_ from users user0_ left outer join attendance attendance1_ on user0_.user_id=attendance1_.user_id where user0_.user_id=?
[DEBUG] 2024-03-24 16-03-00.390 [http-nio-8080-exec-4] AbstractEntityPersister - Static SQL for entity: entity.Attendance
[DEBUG] 2024-03-24 16-03-00.390 [http-nio-8080-exec-4] AbstractEntityPersister -  Version select: select attendance_id from attendance where attendance_id =?
[DEBUG] 2024-03-24 16-03-00.390 [http-nio-8080-exec-4] AbstractEntityPersister -  Snapshot select: select attendance_.attendance_id, attendance_.clock_in_time as clock_in2_0_, attendance_.clock_out_time as clock_ou3_0_, attendance_.status as status4_0_, attendance_.date as date5_0_, attendance_.user_id as user_id6_0_ from attendance attendance_ where attendance_.attendance_id=?
[DEBUG] 2024-03-24 16-03-00.390 [http-nio-8080-exec-4] AbstractEntityPersister -  Insert 0: insert into attendance (clock_in_time, clock_out_time, status, date, user_id, attendance_id) values (?, ?, ?, ?, ?, ?)
[DEBUG] 2024-03-24 16-03-00.390 [http-nio-8080-exec-4] AbstractEntityPersister -  Update 0: update attendance set clock_in_time=?, clock_out_time=?, status=?, date=?, user_id=? where attendance_id=?
[DEBUG] 2024-03-24 16-03-00.390 [http-nio-8080-exec-4] AbstractEntityPersister -  Delete 0: delete from attendance where attendance_id=?
[DEBUG] 2024-03-24 16-03-00.390 [http-nio-8080-exec-4] AbstractEntityPersister -  Identity insert: insert into attendance (clock_in_time, clock_out_time, status, date, user_id) values (?, ?, ?, ?, ?)
[DEBUG] 2024-03-24 16-03-00.390 [http-nio-8080-exec-4] QuerySpacesImpl - Adding QuerySpace : uid = <gen:0> -> org.hibernate.loader.plan.build.internal.spaces.EntityQuerySpaceImpl@4b7066f5]
[DEBUG] 2024-03-24 16-03-00.390 [http-nio-8080-exec-4] MetamodelGraphWalker - Visiting attribute path : clockInTime
[DEBUG] 2024-03-24 16-03-00.390 [http-nio-8080-exec-4] MetamodelGraphWalker - Visiting attribute path : clockOutTime
[DEBUG] 2024-03-24 16-03-00.390 [http-nio-8080-exec-4] MetamodelGraphWalker - Visiting attribute path : clockedStatus
[DEBUG] 2024-03-24 16-03-00.390 [http-nio-8080-exec-4] MetamodelGraphWalker - Visiting attribute path : date
[DEBUG] 2024-03-24 16-03-00.390 [http-nio-8080-exec-4] MetamodelGraphWalker - Visiting attribute path : user
[DEBUG] 2024-03-24 16-03-00.390 [http-nio-8080-exec-4] QuerySpacesImpl - Adding QuerySpace : uid = <gen:1> -> org.hibernate.loader.plan.build.internal.spaces.EntityQuerySpaceImpl@1d92d821]
[DEBUG] 2024-03-24 16-03-00.391 [http-nio-8080-exec-4] MetamodelGraphWalker - Visiting attribute path : user.attendance
[DEBUG] 2024-03-24 16-03-00.391 [http-nio-8080-exec-4] MetamodelGraphWalker - Property path deemed to be circular : user.attendance
[DEBUG] 2024-03-24 16-03-00.391 [http-nio-8080-exec-4] MetamodelGraphWalker - Visiting attribute path : user.passwordHash
[DEBUG] 2024-03-24 16-03-00.391 [http-nio-8080-exec-4] MetamodelGraphWalker - Visiting attribute path : user.username
[DEBUG] 2024-03-24 16-03-00.391 [http-nio-8080-exec-4] FetchStyleLoadPlanBuildingAssociationVisitationStrategy - Building LoadPlan...
[DEBUG] 2024-03-24 16-03-00.391 [http-nio-8080-exec-4] LoadQueryJoinAndFetchProcessor - processing queryspace <gen:0>
[DEBUG] 2024-03-24 16-03-00.392 [http-nio-8080-exec-4] LoadPlanTreePrinter - LoadPlan(entity=entity.Attendance)
    - Returns
       - EntityReturnImpl(entity=entity.Attendance, querySpaceUid=<gen:0>, path=entity.Attendance)
          - EntityAttributeFetchImpl(entity=entity.User, querySpaceUid=<gen:1>, path=entity.Attendance.user)
    - QuerySpaces
       - EntityQuerySpaceImpl(uid=<gen:0>, entity=entity.Attendance)
          - SQL table alias mapping - attendance0_
          - alias suffix - 0_
          - suffixed key columns - {attendan1_0_0_}
          - JOIN (JoinDefinedByMetadata(user)) : <gen:0> -> <gen:1>
             - EntityQuerySpaceImpl(uid=<gen:1>, entity=entity.User)
                - SQL table alias mapping - user1_
                - alias suffix - 1_
                - suffixed key columns - {user_id1_1_1_}

[DEBUG] 2024-03-24 16-03-00.392 [http-nio-8080-exec-4] EntityLoader - Static select for entity entity.Attendance [NONE]: select attendance0_.attendance_id as attendan1_0_0_, attendance0_.clock_in_time as clock_in2_0_0_, attendance0_.clock_out_time as clock_ou3_0_0_, attendance0_.status as status4_0_0_, attendance0_.date as date5_0_0_, attendance0_.user_id as user_id6_0_0_, user1_.user_id as user_id1_1_1_, user1_.password_hash as password2_1_1_, user1_.username as username3_1_1_ from attendance attendance0_ left outer join users user1_ on attendance0_.user_id=user1_.user_id where attendance0_.attendance_id=?
[DEBUG] 2024-03-24 16-03-00.392 [http-nio-8080-exec-4] QuerySpacesImpl - Adding QuerySpace : uid = <gen:0> -> org.hibernate.loader.plan.build.internal.spaces.EntityQuerySpaceImpl@5b360096]
[DEBUG] 2024-03-24 16-03-00.392 [http-nio-8080-exec-4] MetamodelGraphWalker - Visiting attribute path : clockInTime
[DEBUG] 2024-03-24 16-03-00.392 [http-nio-8080-exec-4] MetamodelGraphWalker - Visiting attribute path : clockOutTime
[DEBUG] 2024-03-24 16-03-00.392 [http-nio-8080-exec-4] MetamodelGraphWalker - Visiting attribute path : clockedStatus
[DEBUG] 2024-03-24 16-03-00.392 [http-nio-8080-exec-4] MetamodelGraphWalker - Visiting attribute path : date
[DEBUG] 2024-03-24 16-03-00.392 [http-nio-8080-exec-4] MetamodelGraphWalker - Visiting attribute path : user
[DEBUG] 2024-03-24 16-03-00.392 [http-nio-8080-exec-4] QuerySpacesImpl - Adding QuerySpace : uid = <gen:1> -> org.hibernate.loader.plan.build.internal.spaces.EntityQuerySpaceImpl@145a09ca]
[DEBUG] 2024-03-24 16-03-00.392 [http-nio-8080-exec-4] MetamodelGraphWalker - Visiting attribute path : user.attendance
[DEBUG] 2024-03-24 16-03-00.392 [http-nio-8080-exec-4] MetamodelGraphWalker - Property path deemed to be circular : user.attendance
[DEBUG] 2024-03-24 16-03-00.392 [http-nio-8080-exec-4] MetamodelGraphWalker - Visiting attribute path : user.passwordHash
[DEBUG] 2024-03-24 16-03-00.392 [http-nio-8080-exec-4] MetamodelGraphWalker - Visiting attribute path : user.username
[DEBUG] 2024-03-24 16-03-00.392 [http-nio-8080-exec-4] FetchStyleLoadPlanBuildingAssociationVisitationStrategy - Building LoadPlan...
[DEBUG] 2024-03-24 16-03-00.393 [http-nio-8080-exec-4] LoadQueryJoinAndFetchProcessor - processing queryspace <gen:0>
[DEBUG] 2024-03-24 16-03-00.393 [http-nio-8080-exec-4] LoadPlanTreePrinter - LoadPlan(entity=entity.Attendance)
    - Returns
       - EntityReturnImpl(entity=entity.Attendance, querySpaceUid=<gen:0>, path=entity.Attendance)
          - EntityAttributeFetchImpl(entity=entity.User, querySpaceUid=<gen:1>, path=entity.Attendance.user)
    - QuerySpaces
       - EntityQuerySpaceImpl(uid=<gen:0>, entity=entity.Attendance)
          - SQL table alias mapping - attendance0_
          - alias suffix - 0_
          - suffixed key columns - {attendan1_0_0_}
          - JOIN (JoinDefinedByMetadata(user)) : <gen:0> -> <gen:1>
             - EntityQuerySpaceImpl(uid=<gen:1>, entity=entity.User)
                - SQL table alias mapping - user1_
                - alias suffix - 1_
                - suffixed key columns - {user_id1_1_1_}

[DEBUG] 2024-03-24 16-03-00.393 [http-nio-8080-exec-4] EntityLoader - Static select for entity entity.Attendance [READ]: select attendance0_.attendance_id as attendan1_0_0_, attendance0_.clock_in_time as clock_in2_0_0_, attendance0_.clock_out_time as clock_ou3_0_0_, attendance0_.status as status4_0_0_, attendance0_.date as date5_0_0_, attendance0_.user_id as user_id6_0_0_, user1_.user_id as user_id1_1_1_, user1_.password_hash as password2_1_1_, user1_.username as username3_1_1_ from attendance attendance0_ left outer join users user1_ on attendance0_.user_id=user1_.user_id where attendance0_.attendance_id=?
[DEBUG] 2024-03-24 16-03-00.394 [http-nio-8080-exec-4] Loader - Static select for action ACTION_MERGE on entity entity.Attendance: select attendance0_.attendance_id as attendan1_0_0_, attendance0_.clock_in_time as clock_in2_0_0_, attendance0_.clock_out_time as clock_ou3_0_0_, attendance0_.status as status4_0_0_, attendance0_.date as date5_0_0_, attendance0_.user_id as user_id6_0_0_ from attendance attendance0_ where attendance0_.attendance_id=?
[DEBUG] 2024-03-24 16-03-00.394 [http-nio-8080-exec-4] Loader - Static select for action ACTION_REFRESH on entity entity.Attendance: select attendance0_.attendance_id as attendan1_0_0_, attendance0_.clock_in_time as clock_in2_0_0_, attendance0_.clock_out_time as clock_ou3_0_0_, attendance0_.status as status4_0_0_, attendance0_.date as date5_0_0_, attendance0_.user_id as user_id6_0_0_ from attendance attendance0_ where attendance0_.attendance_id=?
[DEBUG] 2024-03-24 16-03-00.400 [http-nio-8080-exec-4] QuerySpacesImpl - Adding QuerySpace : uid = <gen:0> -> org.hibernate.loader.plan.build.internal.spaces.CollectionQuerySpaceImpl@5255779b]
[DEBUG] 2024-03-24 16-03-00.400 [http-nio-8080-exec-4] QuerySpacesImpl - Adding QuerySpace : uid = <gen:1> -> org.hibernate.loader.plan.build.internal.spaces.EntityQuerySpaceImpl@6fd07407]
[DEBUG] 2024-03-24 16-03-00.400 [http-nio-8080-exec-4] MetamodelGraphWalker - Visiting attribute path : clockInTime
[DEBUG] 2024-03-24 16-03-00.400 [http-nio-8080-exec-4] MetamodelGraphWalker - Visiting attribute path : clockOutTime
[DEBUG] 2024-03-24 16-03-00.400 [http-nio-8080-exec-4] MetamodelGraphWalker - Visiting attribute path : clockedStatus
[DEBUG] 2024-03-24 16-03-00.400 [http-nio-8080-exec-4] MetamodelGraphWalker - Visiting attribute path : date
[DEBUG] 2024-03-24 16-03-00.400 [http-nio-8080-exec-4] MetamodelGraphWalker - Visiting attribute path : user
[DEBUG] 2024-03-24 16-03-00.400 [http-nio-8080-exec-4] MetamodelGraphWalker - Property path deemed to be circular : user
[DEBUG] 2024-03-24 16-03-00.400 [http-nio-8080-exec-4] FetchStyleLoadPlanBuildingAssociationVisitationStrategy - Building LoadPlan...
[DEBUG] 2024-03-24 16-03-00.403 [http-nio-8080-exec-4] LoadQueryJoinAndFetchProcessor - processing queryspace <gen:0>
[DEBUG] 2024-03-24 16-03-00.403 [http-nio-8080-exec-4] LoadPlanTreePrinter - LoadPlan(collection=entity.User.attendance)
    - Returns
       - CollectionReturnImpl(collection=entity.User.attendance, querySpaceUid=<gen:0>, path=[entity.User.attendance])
          - (collection element) CollectionFetchableElementEntityGraph(entity=entity.Attendance, querySpaceUid=<gen:1>, path=[entity.User.attendance].<elements>)
    - QuerySpaces
       - CollectionQuerySpaceImpl(uid=<gen:0>, collection=entity.User.attendance)
          - SQL table alias mapping - attendance0_
          - alias suffix - 0_
          - suffixed key columns - {user_id6_0_0_}
          - entity-element alias suffix - 1_
          - 1_entity-element suffixed key columns - attendan1_0_1_
          - JOIN (JoinDefinedByMetadata(elements)) : <gen:0> -> <gen:1>
             - EntityQuerySpaceImpl(uid=<gen:1>, entity=entity.Attendance)
                - SQL table alias mapping - attendance0_
                - alias suffix - 1_
                - suffixed key columns - {attendan1_0_1_}

[DEBUG] 2024-03-24 16-03-00.406 [http-nio-8080-exec-4] CollectionLoader - Static select for collection entity.User.attendance: select attendance0_.user_id as user_id6_0_0_, attendance0_.attendance_id as attendan1_0_0_, attendance0_.attendance_id as attendan1_0_1_, attendance0_.clock_in_time as clock_in2_0_1_, attendance0_.clock_out_time as clock_ou3_0_1_, attendance0_.status as status4_0_1_, attendance0_.date as date5_0_1_, attendance0_.user_id as user_id6_0_1_ from attendance attendance0_ where attendance0_.user_id=?
[INFO ] 2024-03-24 16-03-00.615 [http-nio-8080-exec-4] access - HHH10001501: Connection obtained from JdbcConnectionAccess [org.hibernate.engine.jdbc.env.internal.JdbcEnvironmentInitiator$ConnectionProviderJdbcConnectionAccess@5247ea3c] for (non-JTA) DDL execution was not in auto-commit mode; the Connection 'local transaction' will be committed and the Connection will be set into auto-commit mode.
[DEBUG] 2024-03-24 16-03-01.475 [http-nio-8080-exec-4] Table - No alter strings for table : attendance
[DEBUG] 2024-03-24 16-03-01.476 [http-nio-8080-exec-4] Table - No alter strings for table : users
[DEBUG] 2024-03-24 16-03-01.960 [http-nio-8080-exec-4] JtaPlatformInitiator - No JtaPlatform was specified, checking resolver
[DEBUG] 2024-03-24 16-03-01.962 [http-nio-8080-exec-4] JtaPlatformResolverInitiator - No JtaPlatformResolver was specified, using default [org.hibernate.engine.transaction.jta.platform.internal.StandardJtaPlatformResolver]
[DEBUG] 2024-03-24 16-03-01.982 [http-nio-8080-exec-4] StandardJtaPlatformResolver - Could not resolve JtaPlatform, using default [org.hibernate.engine.transaction.jta.platform.internal.NoJtaPlatform]
[INFO ] 2024-03-24 16-03-01.982 [http-nio-8080-exec-4] JtaPlatformInitiator - HHH000490: Using JtaPlatform implementation: [org.hibernate.engine.transaction.jta.platform.internal.NoJtaPlatform]
[DEBUG] 2024-03-24 16-03-01.986 [http-nio-8080-exec-4] NamedQueryRepository - Checking 0 named HQL queries
[DEBUG] 2024-03-24 16-03-01.986 [http-nio-8080-exec-4] NamedQueryRepository - Checking 0 named SQL queries
[DEBUG] 2024-03-24 16-03-01.990 [http-nio-8080-exec-4] SessionFactoryRegistry - Initializing SessionFactoryRegistry : org.hibernate.internal.SessionFactoryRegistry@2a329c58
[DEBUG] 2024-03-24 16-03-01.991 [http-nio-8080-exec-4] SessionFactoryRegistry - Registering SessionFactory: af571ba8-2db8-4bb9-bc69-fca81aaafcd7 (<unnamed>)
[DEBUG] 2024-03-24 16-03-01.991 [http-nio-8080-exec-4] SessionFactoryRegistry - Not binding SessionFactory to JNDI, no JNDI name configured
[DEBUG] 2024-03-24 16-03-02.093 [http-nio-8080-exec-4] StatisticsInitiator - Statistics initialized [enabled=false]
[DEBUG] 2024-03-24 16-03-02.113 [http-nio-8080-exec-4] SQL - select user0_.user_id as user_id1_1_0_, user0_.password_hash as password2_1_0_, user0_.username as username3_1_0_, attendance1_.user_id as user_id6_0_1_, attendance1_.attendance_id as attendan1_0_1_, attendance1_.attendance_id as attendan1_0_2_, attendance1_.clock_in_time as clock_in2_0_2_, attendance1_.clock_out_time as clock_ou3_0_2_, attendance1_.status as status4_0_2_, attendance1_.date as date5_0_2_, attendance1_.user_id as user_id6_0_2_ from users user0_ left outer join attendance attendance1_ on user0_.user_id=attendance1_.user_id where user0_.user_id=?
[DEBUG] 2024-03-24 16-03-02.394 [http-nio-8080-exec-4] ResultSetProcessorImpl - Starting ResultSet row #0
[DEBUG] 2024-03-24 16-03-02.396 [http-nio-8080-exec-4] EntityReferenceInitializerImpl - On call to EntityIdentifierReaderImpl#resolve, EntityKey was already known; should only happen on root returns with an optional identifier specified
[DEBUG] 2024-03-24 16-03-02.414 [http-nio-8080-exec-4] CollectionReferenceInitializerImpl - Found row of collection: [entity.User.attendance#1]
[DEBUG] 2024-03-24 16-03-02.428 [http-nio-8080-exec-4] TwoPhaseLoad - Resolving attributes for [entity.User#1]
[DEBUG] 2024-03-24 16-03-02.429 [http-nio-8080-exec-4] TwoPhaseLoad - Processing attribute `attendance` : value = NOT NULL COLLECTION
[DEBUG] 2024-03-24 16-03-02.430 [http-nio-8080-exec-4] TwoPhaseLoad - Attribute (`attendance`)  - enhanced for lazy-loading? - false
[DEBUG] 2024-03-24 16-03-02.432 [http-nio-8080-exec-4] TwoPhaseLoad - Processing attribute `passwordHash` : value = 5151321nbmbbhj
[DEBUG] 2024-03-24 16-03-02.433 [http-nio-8080-exec-4] TwoPhaseLoad - Attribute (`passwordHash`)  - enhanced for lazy-loading? - false
[DEBUG] 2024-03-24 16-03-02.436 [http-nio-8080-exec-4] TwoPhaseLoad - Processing attribute `username` : value = Kevg1
[DEBUG] 2024-03-24 16-03-02.436 [http-nio-8080-exec-4] TwoPhaseLoad - Attribute (`username`)  - enhanced for lazy-loading? - false
[DEBUG] 2024-03-24 16-03-02.438 [http-nio-8080-exec-4] TwoPhaseLoad - Done materializing entity [entity.User#1]
[DEBUG] 2024-03-24 16-03-02.438 [http-nio-8080-exec-4] TwoPhaseLoad - Resolving attributes for [entity.Attendance#1]
[DEBUG] 2024-03-24 16-03-02.438 [http-nio-8080-exec-4] TwoPhaseLoad - Processing attribute `clockInTime` : value = 2024-02-17T03:00
[DEBUG] 2024-03-24 16-03-02.438 [http-nio-8080-exec-4] TwoPhaseLoad - Attribute (`clockInTime`)  - enhanced for lazy-loading? - false
[DEBUG] 2024-03-24 16-03-02.438 [http-nio-8080-exec-4] TwoPhaseLoad - Processing attribute `clockOutTime` : value = 2024-02-17T11:00
[DEBUG] 2024-03-24 16-03-02.438 [http-nio-8080-exec-4] TwoPhaseLoad - Attribute (`clockOutTime`)  - enhanced for lazy-loading? - false
[DEBUG] 2024-03-24 16-03-02.438 [http-nio-8080-exec-4] TwoPhaseLoad - Processing attribute `clockedStatus` : value = true
[DEBUG] 2024-03-24 16-03-02.438 [http-nio-8080-exec-4] TwoPhaseLoad - Attribute (`clockedStatus`)  - enhanced for lazy-loading? - false
[DEBUG] 2024-03-24 16-03-02.438 [http-nio-8080-exec-4] TwoPhaseLoad - Processing attribute `date` : value = 2024-02-16
[DEBUG] 2024-03-24 16-03-02.438 [http-nio-8080-exec-4] TwoPhaseLoad - Attribute (`date`)  - enhanced for lazy-loading? - false
[DEBUG] 2024-03-24 16-03-02.438 [http-nio-8080-exec-4] TwoPhaseLoad - Processing attribute `user` : value = 1
[DEBUG] 2024-03-24 16-03-02.438 [http-nio-8080-exec-4] TwoPhaseLoad - Attribute (`user`)  - enhanced for lazy-loading? - false
[DEBUG] 2024-03-24 16-03-02.439 [http-nio-8080-exec-4] TwoPhaseLoad - Done materializing entity [entity.Attendance#1]
[DEBUG] 2024-03-24 16-03-02.439 [http-nio-8080-exec-4] CollectionLoadContext - 1 collections were found in result set for role: entity.User.attendance
[DEBUG] 2024-03-24 16-03-02.442 [http-nio-8080-exec-4] CollectionLoadContext - Collection fully initialized: [entity.User.attendance#1]
[DEBUG] 2024-03-24 16-03-02.442 [http-nio-8080-exec-4] CollectionLoadContext - 1 collections initialized for role: entity.User.attendance
[DEBUG] 2024-03-24 16-03-02.443 [http-nio-8080-exec-4] ResourceRegistryStandardImpl - HHH000387: ResultSet's statement was not registered
[DEBUG] 2024-03-24 16-03-02.443 [http-nio-8080-exec-4] AbstractLoadPlanBasedEntityLoader - Done entity load : entity.User#1
[DEBUG] 2024-03-24 16-03-02.443 [http-nio-8080-exec-4] LogicalConnectionManagedImpl - Initiating JDBC connection release from afterTransaction
[DEBUG] 2024-03-24 16-03-28.789 [Hibernate Connection Pool Validation Thread] DriverManagerConnectionProviderImpl - Connection pool now considered primed; min-size will be maintained
[DEBUG] 2024-03-24 16-04-01.236 [http-nio-8080-exec-7] SQL - select user0_.user_id as user_id1_1_0_, user0_.password_hash as password2_1_0_, user0_.username as username3_1_0_, attendance1_.user_id as user_id6_0_1_, attendance1_.attendance_id as attendan1_0_1_, attendance1_.attendance_id as attendan1_0_2_, attendance1_.clock_in_time as clock_in2_0_2_, attendance1_.clock_out_time as clock_ou3_0_2_, attendance1_.status as status4_0_2_, attendance1_.date as date5_0_2_, attendance1_.user_id as user_id6_0_2_ from users user0_ left outer join attendance attendance1_ on user0_.user_id=attendance1_.user_id where user0_.user_id=?
[DEBUG] 2024-03-24 16-04-01.437 [http-nio-8080-exec-7] ResultSetProcessorImpl - Starting ResultSet row #0
[DEBUG] 2024-03-24 16-04-01.437 [http-nio-8080-exec-7] EntityReferenceInitializerImpl - On call to EntityIdentifierReaderImpl#resolve, EntityKey was already known; should only happen on root returns with an optional identifier specified
[DEBUG] 2024-03-24 16-04-01.438 [http-nio-8080-exec-7] CollectionReferenceInitializerImpl - Found row of collection: [entity.User.attendance#2]
[DEBUG] 2024-03-24 16-04-01.438 [http-nio-8080-exec-7] TwoPhaseLoad - Resolving attributes for [entity.User#2]
[DEBUG] 2024-03-24 16-04-01.438 [http-nio-8080-exec-7] TwoPhaseLoad - Processing attribute `attendance` : value = NOT NULL COLLECTION
[DEBUG] 2024-03-24 16-04-01.438 [http-nio-8080-exec-7] TwoPhaseLoad - Attribute (`attendance`)  - enhanced for lazy-loading? - false
[DEBUG] 2024-03-24 16-04-01.439 [http-nio-8080-exec-7] TwoPhaseLoad - Processing attribute `passwordHash` : value = 5151321
[DEBUG] 2024-03-24 16-04-01.439 [http-nio-8080-exec-7] TwoPhaseLoad - Attribute (`passwordHash`)  - enhanced for lazy-loading? - false
[DEBUG] 2024-03-24 16-04-01.439 [http-nio-8080-exec-7] TwoPhaseLoad - Processing attribute `username` : value = jSmith
[DEBUG] 2024-03-24 16-04-01.439 [http-nio-8080-exec-7] TwoPhaseLoad - Attribute (`username`)  - enhanced for lazy-loading? - false
[DEBUG] 2024-03-24 16-04-01.439 [http-nio-8080-exec-7] TwoPhaseLoad - Done materializing entity [entity.User#2]
[DEBUG] 2024-03-24 16-04-01.439 [http-nio-8080-exec-7] TwoPhaseLoad - Resolving attributes for [entity.Attendance#3]
[DEBUG] 2024-03-24 16-04-01.439 [http-nio-8080-exec-7] TwoPhaseLoad - Processing attribute `clockInTime` : value = 2024-02-17T04:00
[DEBUG] 2024-03-24 16-04-01.439 [http-nio-8080-exec-7] TwoPhaseLoad - Attribute (`clockInTime`)  - enhanced for lazy-loading? - false
[DEBUG] 2024-03-24 16-04-01.439 [http-nio-8080-exec-7] TwoPhaseLoad - Processing attribute `clockOutTime` : value = 2024-02-17T09:00
[DEBUG] 2024-03-24 16-04-01.439 [http-nio-8080-exec-7] TwoPhaseLoad - Attribute (`clockOutTime`)  - enhanced for lazy-loading? - false
[DEBUG] 2024-03-24 16-04-01.439 [http-nio-8080-exec-7] TwoPhaseLoad - Processing attribute `clockedStatus` : value = false
[DEBUG] 2024-03-24 16-04-01.439 [http-nio-8080-exec-7] TwoPhaseLoad - Attribute (`clockedStatus`)  - enhanced for lazy-loading? - false
[DEBUG] 2024-03-24 16-04-01.439 [http-nio-8080-exec-7] TwoPhaseLoad - Processing attribute `date` : value = 2024-02-16
[DEBUG] 2024-03-24 16-04-01.439 [http-nio-8080-exec-7] TwoPhaseLoad - Attribute (`date`)  - enhanced for lazy-loading? - false
[DEBUG] 2024-03-24 16-04-01.439 [http-nio-8080-exec-7] TwoPhaseLoad - Processing attribute `user` : value = 2
[DEBUG] 2024-03-24 16-04-01.439 [http-nio-8080-exec-7] TwoPhaseLoad - Attribute (`user`)  - enhanced for lazy-loading? - false
[DEBUG] 2024-03-24 16-04-01.440 [http-nio-8080-exec-7] TwoPhaseLoad - Done materializing entity [entity.Attendance#3]
[DEBUG] 2024-03-24 16-04-01.440 [http-nio-8080-exec-7] CollectionLoadContext - 1 collections were found in result set for role: entity.User.attendance
[DEBUG] 2024-03-24 16-04-01.440 [http-nio-8080-exec-7] CollectionLoadContext - Collection fully initialized: [entity.User.attendance#2]
[DEBUG] 2024-03-24 16-04-01.440 [http-nio-8080-exec-7] CollectionLoadContext - 1 collections initialized for role: entity.User.attendance
[DEBUG] 2024-03-24 16-04-01.440 [http-nio-8080-exec-7] ResourceRegistryStandardImpl - HHH000387: ResultSet's statement was not registered
[DEBUG] 2024-03-24 16-04-01.440 [http-nio-8080-exec-7] AbstractLoadPlanBasedEntityLoader - Done entity load : entity.User#2
[DEBUG] 2024-03-24 16-04-01.440 [http-nio-8080-exec-7] LogicalConnectionManagedImpl - Initiating JDBC connection release from afterTransaction
[DEBUG] 2024-03-24 16-09-28.252 [http-nio-8080-exec-10] SQL - select user0_.user_id as user_id1_1_0_, user0_.password_hash as password2_1_0_, user0_.username as username3_1_0_, attendance1_.user_id as user_id6_0_1_, attendance1_.attendance_id as attendan1_0_1_, attendance1_.attendance_id as attendan1_0_2_, attendance1_.clock_in_time as clock_in2_0_2_, attendance1_.clock_out_time as clock_ou3_0_2_, attendance1_.status as status4_0_2_, attendance1_.date as date5_0_2_, attendance1_.user_id as user_id6_0_2_ from users user0_ left outer join attendance attendance1_ on user0_.user_id=attendance1_.user_id where user0_.user_id=?
[DEBUG] 2024-03-24 16-09-28.408 [http-nio-8080-exec-10] CollectionLoadContext - No collections were found in result set for role: entity.User.attendance
[DEBUG] 2024-03-24 16-09-28.408 [http-nio-8080-exec-10] ResourceRegistryStandardImpl - HHH000387: ResultSet's statement was not registered
[DEBUG] 2024-03-24 16-09-28.408 [http-nio-8080-exec-10] AbstractLoadPlanBasedEntityLoader - Done entity load : entity.User#5
[DEBUG] 2024-03-24 16-09-28.408 [http-nio-8080-exec-10] LogicalConnectionManagedImpl - Initiating JDBC connection release from afterTransaction
