[DEBUG] 2024-05-01 20-17-33.762 [http-nio-8080-exec-5] IntegratorServiceImpl - Adding Integrator [org.hibernate.cfg.beanvalidation.BeanValidationIntegrator].
[DEBUG] 2024-05-01 20-17-33.770 [http-nio-8080-exec-5] IntegratorServiceImpl - Adding Integrator [org.hibernate.secure.spi.JaccIntegrator].
[DEBUG] 2024-05-01 20-17-33.775 [http-nio-8080-exec-5] IntegratorServiceImpl - Adding Integrator [org.hibernate.cache.internal.CollectionCacheInvalidator].
[INFO ] 2024-05-01 20-17-33.853 [http-nio-8080-exec-5] Version - HHH000412: Hibernate Core {5.4.4.Final}
[DEBUG] 2024-05-01 20-17-33.855 [http-nio-8080-exec-5] Environment - HHH000206: hibernate.properties not found
[DEBUG] 2024-05-01 20-17-34.007 [http-nio-8080-exec-5] LocalXmlResourceResolver - Interpreting public/system identifier : [-//Hibernate/Hibernate Configuration DTD//EN] - [http://www.hibernate.org/dtd/hibernate-configuration-3.0.dtd]
[DEBUG] 2024-05-01 20-17-34.008 [http-nio-8080-exec-5] LocalXmlResourceResolver - Recognized hibernate-configuration identifier; attempting to resolve on classpath under org/hibernate/
[DEBUG] 2024-05-01 20-17-34.010 [http-nio-8080-exec-5] JaxbCfgProcessor - cfg.xml document did not define namespaces; wrapping in custom event reader to introduce namespace information
[DEBUG] 2024-05-01 20-17-34.236 [http-nio-8080-exec-5] ServiceBinding - Overriding existing service binding [org.hibernate.secure.spi.JaccService]
[DEBUG] 2024-05-01 20-17-34.255 [http-nio-8080-exec-5] RegionFactoryInitiator - Cannot default RegionFactory based on registered strategies as `[]` RegionFactory strategies were registered
[DEBUG] 2024-05-01 20-17-34.257 [http-nio-8080-exec-5] RegionFactoryInitiator - Cache region factory : org.hibernate.cache.internal.NoCachingRegionFactory
[INFO ] 2024-05-01 20-17-34.282 [http-nio-8080-exec-5] Version - HCANN000001: Hibernate Commons Annotations {5.1.0.Final}
[DEBUG] 2024-05-01 20-17-34.325 [http-nio-8080-exec-5] BasicTypeRegistry - Adding type registration boolean -> org.hibernate.type.BooleanType@435d2f09
[DEBUG] 2024-05-01 20-17-34.325 [http-nio-8080-exec-5] BasicTypeRegistry - Adding type registration boolean -> org.hibernate.type.BooleanType@435d2f09
[DEBUG] 2024-05-01 20-17-34.325 [http-nio-8080-exec-5] BasicTypeRegistry - Adding type registration java.lang.Boolean -> org.hibernate.type.BooleanType@435d2f09
[DEBUG] 2024-05-01 20-17-34.326 [http-nio-8080-exec-5] BasicTypeRegistry - Adding type registration numeric_boolean -> org.hibernate.type.NumericBooleanType@67fb0ee7
[DEBUG] 2024-05-01 20-17-34.326 [http-nio-8080-exec-5] BasicTypeRegistry - Adding type registration true_false -> org.hibernate.type.TrueFalseType@4e58a437
[DEBUG] 2024-05-01 20-17-34.327 [http-nio-8080-exec-5] BasicTypeRegistry - Adding type registration yes_no -> org.hibernate.type.YesNoType@58ee0f1c
[DEBUG] 2024-05-01 20-17-34.328 [http-nio-8080-exec-5] BasicTypeRegistry - Adding type registration byte -> org.hibernate.type.ByteType@542eb75f
[DEBUG] 2024-05-01 20-17-34.328 [http-nio-8080-exec-5] BasicTypeRegistry - Adding type registration byte -> org.hibernate.type.ByteType@542eb75f
[DEBUG] 2024-05-01 20-17-34.328 [http-nio-8080-exec-5] BasicTypeRegistry - Adding type registration java.lang.Byte -> org.hibernate.type.ByteType@542eb75f
[DEBUG] 2024-05-01 20-17-34.329 [http-nio-8080-exec-5] BasicTypeRegistry - Adding type registration character -> org.hibernate.type.CharacterType@38497545
[DEBUG] 2024-05-01 20-17-34.329 [http-nio-8080-exec-5] BasicTypeRegistry - Adding type registration char -> org.hibernate.type.CharacterType@38497545
[DEBUG] 2024-05-01 20-17-34.329 [http-nio-8080-exec-5] BasicTypeRegistry - Adding type registration java.lang.Character -> org.hibernate.type.CharacterType@38497545
[DEBUG] 2024-05-01 20-17-34.330 [http-nio-8080-exec-5] BasicTypeRegistry - Adding type registration short -> org.hibernate.type.ShortType@2f6e3b78
[DEBUG] 2024-05-01 20-17-34.330 [http-nio-8080-exec-5] BasicTypeRegistry - Adding type registration short -> org.hibernate.type.ShortType@2f6e3b78
[DEBUG] 2024-05-01 20-17-34.330 [http-nio-8080-exec-5] BasicTypeRegistry - Adding type registration java.lang.Short -> org.hibernate.type.ShortType@2f6e3b78
[DEBUG] 2024-05-01 20-17-34.331 [http-nio-8080-exec-5] BasicTypeRegistry - Adding type registration integer -> org.hibernate.type.IntegerType@71932b31
[DEBUG] 2024-05-01 20-17-34.331 [http-nio-8080-exec-5] BasicTypeRegistry - Adding type registration int -> org.hibernate.type.IntegerType@71932b31
[DEBUG] 2024-05-01 20-17-34.331 [http-nio-8080-exec-5] BasicTypeRegistry - Adding type registration java.lang.Integer -> org.hibernate.type.IntegerType@71932b31
[DEBUG] 2024-05-01 20-17-34.332 [http-nio-8080-exec-5] BasicTypeRegistry - Adding type registration long -> org.hibernate.type.LongType@3ffa0b8c
[DEBUG] 2024-05-01 20-17-34.332 [http-nio-8080-exec-5] BasicTypeRegistry - Adding type registration long -> org.hibernate.type.LongType@3ffa0b8c
[DEBUG] 2024-05-01 20-17-34.332 [http-nio-8080-exec-5] BasicTypeRegistry - Adding type registration java.lang.Long -> org.hibernate.type.LongType@3ffa0b8c
[DEBUG] 2024-05-01 20-17-34.333 [http-nio-8080-exec-5] BasicTypeRegistry - Adding type registration float -> org.hibernate.type.FloatType@6043c2fe
[DEBUG] 2024-05-01 20-17-34.334 [http-nio-8080-exec-5] BasicTypeRegistry - Adding type registration float -> org.hibernate.type.FloatType@6043c2fe
[DEBUG] 2024-05-01 20-17-34.334 [http-nio-8080-exec-5] BasicTypeRegistry - Adding type registration java.lang.Float -> org.hibernate.type.FloatType@6043c2fe
[DEBUG] 2024-05-01 20-17-34.335 [http-nio-8080-exec-5] BasicTypeRegistry - Adding type registration double -> org.hibernate.type.DoubleType@5c4a4837
[DEBUG] 2024-05-01 20-17-34.335 [http-nio-8080-exec-5] BasicTypeRegistry - Adding type registration double -> org.hibernate.type.DoubleType@5c4a4837
[DEBUG] 2024-05-01 20-17-34.335 [http-nio-8080-exec-5] BasicTypeRegistry - Adding type registration java.lang.Double -> org.hibernate.type.DoubleType@5c4a4837
[DEBUG] 2024-05-01 20-17-34.336 [http-nio-8080-exec-5] BasicTypeRegistry - Adding type registration big_decimal -> org.hibernate.type.BigDecimalType@73f4a086
[DEBUG] 2024-05-01 20-17-34.336 [http-nio-8080-exec-5] BasicTypeRegistry - Adding type registration java.math.BigDecimal -> org.hibernate.type.BigDecimalType@73f4a086
[DEBUG] 2024-05-01 20-17-34.336 [http-nio-8080-exec-5] BasicTypeRegistry - Adding type registration big_integer -> org.hibernate.type.BigIntegerType@7d414d8c
[DEBUG] 2024-05-01 20-17-34.337 [http-nio-8080-exec-5] BasicTypeRegistry - Adding type registration java.math.BigInteger -> org.hibernate.type.BigIntegerType@7d414d8c
[DEBUG] 2024-05-01 20-17-34.337 [http-nio-8080-exec-5] BasicTypeRegistry - Adding type registration string -> org.hibernate.type.StringType@314c3399
[DEBUG] 2024-05-01 20-17-34.338 [http-nio-8080-exec-5] BasicTypeRegistry - Adding type registration java.lang.String -> org.hibernate.type.StringType@314c3399
[DEBUG] 2024-05-01 20-17-34.338 [http-nio-8080-exec-5] BasicTypeRegistry - Adding type registration nstring -> org.hibernate.type.StringNVarcharType@1ad67ba4
[DEBUG] 2024-05-01 20-17-34.338 [http-nio-8080-exec-5] BasicTypeRegistry - Adding type registration ncharacter -> org.hibernate.type.CharacterNCharType@362c200b
[DEBUG] 2024-05-01 20-17-34.339 [http-nio-8080-exec-5] BasicTypeRegistry - Adding type registration url -> org.hibernate.type.UrlType@7a765324
[DEBUG] 2024-05-01 20-17-34.339 [http-nio-8080-exec-5] BasicTypeRegistry - Adding type registration java.net.URL -> org.hibernate.type.UrlType@7a765324
[DEBUG] 2024-05-01 20-17-34.340 [http-nio-8080-exec-5] BasicTypeRegistry - Adding type registration Duration -> org.hibernate.type.DurationType@5d9f6691
[DEBUG] 2024-05-01 20-17-34.341 [http-nio-8080-exec-5] BasicTypeRegistry - Adding type registration java.time.Duration -> org.hibernate.type.DurationType@5d9f6691
[DEBUG] 2024-05-01 20-17-34.345 [http-nio-8080-exec-5] BasicTypeRegistry - Adding type registration Instant -> org.hibernate.type.InstantType@4c904ec0
[DEBUG] 2024-05-01 20-17-34.345 [http-nio-8080-exec-5] BasicTypeRegistry - Adding type registration java.time.Instant -> org.hibernate.type.InstantType@4c904ec0
[DEBUG] 2024-05-01 20-17-34.346 [http-nio-8080-exec-5] BasicTypeRegistry - Adding type registration LocalDateTime -> org.hibernate.type.LocalDateTimeType@5d43f0a2
[DEBUG] 2024-05-01 20-17-34.346 [http-nio-8080-exec-5] BasicTypeRegistry - Adding type registration java.time.LocalDateTime -> org.hibernate.type.LocalDateTimeType@5d43f0a2
[DEBUG] 2024-05-01 20-17-34.347 [http-nio-8080-exec-5] BasicTypeRegistry - Adding type registration LocalDate -> org.hibernate.type.LocalDateType@3f697598
[DEBUG] 2024-05-01 20-17-34.347 [http-nio-8080-exec-5] BasicTypeRegistry - Adding type registration java.time.LocalDate -> org.hibernate.type.LocalDateType@3f697598
[DEBUG] 2024-05-01 20-17-34.348 [http-nio-8080-exec-5] BasicTypeRegistry - Adding type registration LocalTime -> org.hibernate.type.LocalTimeType@1d88cdc6
[DEBUG] 2024-05-01 20-17-34.348 [http-nio-8080-exec-5] BasicTypeRegistry - Adding type registration java.time.LocalTime -> org.hibernate.type.LocalTimeType@1d88cdc6
[DEBUG] 2024-05-01 20-17-34.349 [http-nio-8080-exec-5] BasicTypeRegistry - Adding type registration OffsetDateTime -> org.hibernate.type.OffsetDateTimeType@64789619
[DEBUG] 2024-05-01 20-17-34.349 [http-nio-8080-exec-5] BasicTypeRegistry - Adding type registration java.time.OffsetDateTime -> org.hibernate.type.OffsetDateTimeType@64789619
[DEBUG] 2024-05-01 20-17-34.351 [http-nio-8080-exec-5] BasicTypeRegistry - Adding type registration OffsetTime -> org.hibernate.type.OffsetTimeType@68b75ea3
[DEBUG] 2024-05-01 20-17-34.351 [http-nio-8080-exec-5] BasicTypeRegistry - Adding type registration java.time.OffsetTime -> org.hibernate.type.OffsetTimeType@68b75ea3
[DEBUG] 2024-05-01 20-17-34.352 [http-nio-8080-exec-5] BasicTypeRegistry - Adding type registration ZonedDateTime -> org.hibernate.type.ZonedDateTimeType@25edc380
[DEBUG] 2024-05-01 20-17-34.352 [http-nio-8080-exec-5] BasicTypeRegistry - Adding type registration java.time.ZonedDateTime -> org.hibernate.type.ZonedDateTimeType@25edc380
[DEBUG] 2024-05-01 20-17-34.353 [http-nio-8080-exec-5] BasicTypeRegistry - Adding type registration date -> org.hibernate.type.DateType@15647f85
[DEBUG] 2024-05-01 20-17-34.353 [http-nio-8080-exec-5] BasicTypeRegistry - Adding type registration java.sql.Date -> org.hibernate.type.DateType@15647f85
[DEBUG] 2024-05-01 20-17-34.354 [http-nio-8080-exec-5] BasicTypeRegistry - Adding type registration time -> org.hibernate.type.TimeType@752e58c3
[DEBUG] 2024-05-01 20-17-34.354 [http-nio-8080-exec-5] BasicTypeRegistry - Adding type registration java.sql.Time -> org.hibernate.type.TimeType@752e58c3
[DEBUG] 2024-05-01 20-17-34.355 [http-nio-8080-exec-5] BasicTypeRegistry - Adding type registration timestamp -> org.hibernate.type.TimestampType@403fb0e9
[DEBUG] 2024-05-01 20-17-34.355 [http-nio-8080-exec-5] BasicTypeRegistry - Adding type registration java.sql.Timestamp -> org.hibernate.type.TimestampType@403fb0e9
[DEBUG] 2024-05-01 20-17-34.355 [http-nio-8080-exec-5] BasicTypeRegistry - Adding type registration java.util.Date -> org.hibernate.type.TimestampType@403fb0e9
[DEBUG] 2024-05-01 20-17-34.357 [http-nio-8080-exec-5] BasicTypeRegistry - Adding type registration dbtimestamp -> org.hibernate.type.DbTimestampType@2e1ef03a
[DEBUG] 2024-05-01 20-17-34.358 [http-nio-8080-exec-5] BasicTypeRegistry - Adding type registration calendar -> org.hibernate.type.CalendarType@4f1ea03c
[DEBUG] 2024-05-01 20-17-34.358 [http-nio-8080-exec-5] BasicTypeRegistry - Adding type registration java.util.Calendar -> org.hibernate.type.CalendarType@4f1ea03c
[DEBUG] 2024-05-01 20-17-34.358 [http-nio-8080-exec-5] BasicTypeRegistry - Adding type registration java.util.GregorianCalendar -> org.hibernate.type.CalendarType@4f1ea03c
[DEBUG] 2024-05-01 20-17-34.358 [http-nio-8080-exec-5] BasicTypeRegistry - Adding type registration calendar_date -> org.hibernate.type.CalendarDateType@57d414d
[DEBUG] 2024-05-01 20-17-34.359 [http-nio-8080-exec-5] BasicTypeRegistry - Adding type registration locale -> org.hibernate.type.LocaleType@1c3a19d1
[DEBUG] 2024-05-01 20-17-34.359 [http-nio-8080-exec-5] BasicTypeRegistry - Adding type registration java.util.Locale -> org.hibernate.type.LocaleType@1c3a19d1
[DEBUG] 2024-05-01 20-17-34.360 [http-nio-8080-exec-5] BasicTypeRegistry - Adding type registration currency -> org.hibernate.type.CurrencyType@136d58b6
[DEBUG] 2024-05-01 20-17-34.360 [http-nio-8080-exec-5] BasicTypeRegistry - Adding type registration java.util.Currency -> org.hibernate.type.CurrencyType@136d58b6
[DEBUG] 2024-05-01 20-17-34.361 [http-nio-8080-exec-5] BasicTypeRegistry - Adding type registration timezone -> org.hibernate.type.TimeZoneType@7e885b56
[DEBUG] 2024-05-01 20-17-34.361 [http-nio-8080-exec-5] BasicTypeRegistry - Adding type registration java.util.TimeZone -> org.hibernate.type.TimeZoneType@7e885b56
[DEBUG] 2024-05-01 20-17-34.362 [http-nio-8080-exec-5] BasicTypeRegistry - Adding type registration class -> org.hibernate.type.ClassType@3bf86cbb
[DEBUG] 2024-05-01 20-17-34.362 [http-nio-8080-exec-5] BasicTypeRegistry - Adding type registration java.lang.Class -> org.hibernate.type.ClassType@3bf86cbb
[DEBUG] 2024-05-01 20-17-34.363 [http-nio-8080-exec-5] BasicTypeRegistry - Adding type registration uuid-binary -> org.hibernate.type.UUIDBinaryType@46a880ef
[DEBUG] 2024-05-01 20-17-34.363 [http-nio-8080-exec-5] BasicTypeRegistry - Adding type registration java.util.UUID -> org.hibernate.type.UUIDBinaryType@46a880ef
[DEBUG] 2024-05-01 20-17-34.363 [http-nio-8080-exec-5] BasicTypeRegistry - Adding type registration uuid-char -> org.hibernate.type.UUIDCharType@3a5932b5
[DEBUG] 2024-05-01 20-17-34.364 [http-nio-8080-exec-5] BasicTypeRegistry - Adding type registration binary -> org.hibernate.type.BinaryType@2558f4f9
[DEBUG] 2024-05-01 20-17-34.364 [http-nio-8080-exec-5] BasicTypeRegistry - Adding type registration byte[] -> org.hibernate.type.BinaryType@2558f4f9
[DEBUG] 2024-05-01 20-17-34.364 [http-nio-8080-exec-5] BasicTypeRegistry - Adding type registration [B -> org.hibernate.type.BinaryType@2558f4f9
[DEBUG] 2024-05-01 20-17-34.365 [http-nio-8080-exec-5] BasicTypeRegistry - Adding type registration wrapper-binary -> org.hibernate.type.WrapperBinaryType@2d341229
[DEBUG] 2024-05-01 20-17-34.365 [http-nio-8080-exec-5] BasicTypeRegistry - Adding type registration Byte[] -> org.hibernate.type.WrapperBinaryType@2d341229
[DEBUG] 2024-05-01 20-17-34.365 [http-nio-8080-exec-5] BasicTypeRegistry - Adding type registration [Ljava.lang.Byte; -> org.hibernate.type.WrapperBinaryType@2d341229
[DEBUG] 2024-05-01 20-17-34.366 [http-nio-8080-exec-5] BasicTypeRegistry - Adding type registration row_version -> org.hibernate.type.RowVersionType@bb88b56
[DEBUG] 2024-05-01 20-17-34.367 [http-nio-8080-exec-5] BasicTypeRegistry - Adding type registration image -> org.hibernate.type.ImageType@7ccd5524
[DEBUG] 2024-05-01 20-17-34.368 [http-nio-8080-exec-5] BasicTypeRegistry - Adding type registration characters -> org.hibernate.type.CharArrayType@28ba81ec
[DEBUG] 2024-05-01 20-17-34.368 [http-nio-8080-exec-5] BasicTypeRegistry - Adding type registration char[] -> org.hibernate.type.CharArrayType@28ba81ec
[DEBUG] 2024-05-01 20-17-34.368 [http-nio-8080-exec-5] BasicTypeRegistry - Adding type registration [C -> org.hibernate.type.CharArrayType@28ba81ec
[DEBUG] 2024-05-01 20-17-34.369 [http-nio-8080-exec-5] BasicTypeRegistry - Adding type registration wrapper-characters -> org.hibernate.type.CharacterArrayType@5733d91f
[DEBUG] 2024-05-01 20-17-34.369 [http-nio-8080-exec-5] BasicTypeRegistry - Adding type registration [Ljava.lang.Character; -> org.hibernate.type.CharacterArrayType@5733d91f
[DEBUG] 2024-05-01 20-17-34.369 [http-nio-8080-exec-5] BasicTypeRegistry - Adding type registration Character[] -> org.hibernate.type.CharacterArrayType@5733d91f
[DEBUG] 2024-05-01 20-17-34.369 [http-nio-8080-exec-5] BasicTypeRegistry - Adding type registration text -> org.hibernate.type.TextType@3a6d7b6b
[DEBUG] 2024-05-01 20-17-34.370 [http-nio-8080-exec-5] BasicTypeRegistry - Adding type registration ntext -> org.hibernate.type.NTextType@275bf2c6
[DEBUG] 2024-05-01 20-17-34.371 [http-nio-8080-exec-5] BasicTypeRegistry - Adding type registration blob -> org.hibernate.type.BlobType@181e89db
[DEBUG] 2024-05-01 20-17-34.371 [http-nio-8080-exec-5] BasicTypeRegistry - Adding type registration java.sql.Blob -> org.hibernate.type.BlobType@181e89db
[DEBUG] 2024-05-01 20-17-34.372 [http-nio-8080-exec-5] BasicTypeRegistry - Adding type registration materialized_blob -> org.hibernate.type.MaterializedBlobType@6018ffc2
[DEBUG] 2024-05-01 20-17-34.373 [http-nio-8080-exec-5] BasicTypeRegistry - Adding type registration clob -> org.hibernate.type.ClobType@71768c0a
[DEBUG] 2024-05-01 20-17-34.373 [http-nio-8080-exec-5] BasicTypeRegistry - Adding type registration java.sql.Clob -> org.hibernate.type.ClobType@71768c0a
[DEBUG] 2024-05-01 20-17-34.374 [http-nio-8080-exec-5] BasicTypeRegistry - Adding type registration nclob -> org.hibernate.type.NClobType@16068864
[DEBUG] 2024-05-01 20-17-34.374 [http-nio-8080-exec-5] BasicTypeRegistry - Adding type registration java.sql.NClob -> org.hibernate.type.NClobType@16068864
[DEBUG] 2024-05-01 20-17-34.375 [http-nio-8080-exec-5] BasicTypeRegistry - Adding type registration materialized_clob -> org.hibernate.type.MaterializedClobType@6230b84e
[DEBUG] 2024-05-01 20-17-34.375 [http-nio-8080-exec-5] BasicTypeRegistry - Adding type registration materialized_nclob -> org.hibernate.type.MaterializedNClobType@27ca55e2
[DEBUG] 2024-05-01 20-17-34.376 [http-nio-8080-exec-5] BasicTypeRegistry - Adding type registration serializable -> org.hibernate.type.SerializableType@397b5a27
[DEBUG] 2024-05-01 20-17-34.380 [http-nio-8080-exec-5] BasicTypeRegistry - Adding type registration object -> org.hibernate.type.ObjectType@1bd5bd59
[DEBUG] 2024-05-01 20-17-34.380 [http-nio-8080-exec-5] BasicTypeRegistry - Adding type registration java.lang.Object -> org.hibernate.type.ObjectType@1bd5bd59
[DEBUG] 2024-05-01 20-17-34.380 [http-nio-8080-exec-5] BasicTypeRegistry - Adding type registration imm_date -> org.hibernate.type.AdaptedImmutableType@12958427
[DEBUG] 2024-05-01 20-17-34.380 [http-nio-8080-exec-5] BasicTypeRegistry - Adding type registration imm_time -> org.hibernate.type.AdaptedImmutableType@2e1a15e8
[DEBUG] 2024-05-01 20-17-34.381 [http-nio-8080-exec-5] BasicTypeRegistry - Adding type registration imm_timestamp -> org.hibernate.type.AdaptedImmutableType@415fb49f
[DEBUG] 2024-05-01 20-17-34.381 [http-nio-8080-exec-5] BasicTypeRegistry - Adding type registration imm_dbtimestamp -> org.hibernate.type.AdaptedImmutableType@3d5eea6
[DEBUG] 2024-05-01 20-17-34.381 [http-nio-8080-exec-5] BasicTypeRegistry - Adding type registration imm_calendar -> org.hibernate.type.AdaptedImmutableType@3ddfe647
[DEBUG] 2024-05-01 20-17-34.381 [http-nio-8080-exec-5] BasicTypeRegistry - Adding type registration imm_calendar_date -> org.hibernate.type.AdaptedImmutableType@43941141
[DEBUG] 2024-05-01 20-17-34.381 [http-nio-8080-exec-5] BasicTypeRegistry - Adding type registration imm_binary -> org.hibernate.type.AdaptedImmutableType@7fd3aee0
[DEBUG] 2024-05-01 20-17-34.381 [http-nio-8080-exec-5] BasicTypeRegistry - Adding type registration imm_serializable -> org.hibernate.type.AdaptedImmutableType@53dfcf62
[DEBUG] 2024-05-01 20-17-34.409 [http-nio-8080-exec-5] DefaultIdentifierGeneratorFactory - Registering IdentifierGenerator strategy [uuid2] -> [org.hibernate.id.UUIDGenerator]
[DEBUG] 2024-05-01 20-17-34.410 [http-nio-8080-exec-5] DefaultIdentifierGeneratorFactory - Registering IdentifierGenerator strategy [guid] -> [org.hibernate.id.GUIDGenerator]
[DEBUG] 2024-05-01 20-17-34.410 [http-nio-8080-exec-5] DefaultIdentifierGeneratorFactory - Registering IdentifierGenerator strategy [uuid] -> [org.hibernate.id.UUIDHexGenerator]
[DEBUG] 2024-05-01 20-17-34.410 [http-nio-8080-exec-5] DefaultIdentifierGeneratorFactory - Registering IdentifierGenerator strategy [uuid.hex] -> [org.hibernate.id.UUIDHexGenerator]
[DEBUG] 2024-05-01 20-17-34.411 [http-nio-8080-exec-5] DefaultIdentifierGeneratorFactory - Registering IdentifierGenerator strategy [assigned] -> [org.hibernate.id.Assigned]
[DEBUG] 2024-05-01 20-17-34.412 [http-nio-8080-exec-5] DefaultIdentifierGeneratorFactory - Registering IdentifierGenerator strategy [identity] -> [org.hibernate.id.IdentityGenerator]
[DEBUG] 2024-05-01 20-17-34.413 [http-nio-8080-exec-5] DefaultIdentifierGeneratorFactory - Registering IdentifierGenerator strategy [select] -> [org.hibernate.id.SelectGenerator]
[DEBUG] 2024-05-01 20-17-34.414 [http-nio-8080-exec-5] DefaultIdentifierGeneratorFactory - Registering IdentifierGenerator strategy [sequence] -> [org.hibernate.id.enhanced.SequenceStyleGenerator]
[DEBUG] 2024-05-01 20-17-34.415 [http-nio-8080-exec-5] DefaultIdentifierGeneratorFactory - Registering IdentifierGenerator strategy [seqhilo] -> [org.hibernate.id.SequenceHiLoGenerator]
[DEBUG] 2024-05-01 20-17-34.415 [http-nio-8080-exec-5] DefaultIdentifierGeneratorFactory - Registering IdentifierGenerator strategy [increment] -> [org.hibernate.id.IncrementGenerator]
[DEBUG] 2024-05-01 20-17-34.416 [http-nio-8080-exec-5] DefaultIdentifierGeneratorFactory - Registering IdentifierGenerator strategy [foreign] -> [org.hibernate.id.ForeignGenerator]
[DEBUG] 2024-05-01 20-17-34.416 [http-nio-8080-exec-5] DefaultIdentifierGeneratorFactory - Registering IdentifierGenerator strategy [sequence-identity] -> [org.hibernate.id.SequenceIdentityGenerator]
[DEBUG] 2024-05-01 20-17-34.416 [http-nio-8080-exec-5] DefaultIdentifierGeneratorFactory - Registering IdentifierGenerator strategy [enhanced-sequence] -> [org.hibernate.id.enhanced.SequenceStyleGenerator]
[DEBUG] 2024-05-01 20-17-34.417 [http-nio-8080-exec-5] DefaultIdentifierGeneratorFactory - Registering IdentifierGenerator strategy [enhanced-table] -> [org.hibernate.id.enhanced.TableGenerator]
[WARN ] 2024-05-01 20-17-34.419 [http-nio-8080-exec-5] ConnectionProviderInitiator - HHH000022: c3p0 properties were encountered, but the c3p0 provider class was not found on the classpath; these properties are going to be ignored.
[WARN ] 2024-05-01 20-17-34.422 [http-nio-8080-exec-5] pooling - HHH10001002: Using Hibernate built-in connection pool (not for production use!)
[INFO ] 2024-05-01 20-17-34.426 [http-nio-8080-exec-5] pooling - HHH10001005: using driver [com.mysql.cj.jdbc.Driver] at URL [jdbc:mysql://awseb-e-dpzejsp2a8-stack-awsebrdsdatabase-wz6ttdxqntx5.cfruplhcesjs.us-east-2.rds.amazonaws.com:3306/clockit]
[INFO ] 2024-05-01 20-17-34.426 [http-nio-8080-exec-5] pooling - HHH10001001: Connection properties: {password=RootPass., user=root}
[INFO ] 2024-05-01 20-17-34.426 [http-nio-8080-exec-5] pooling - HHH10001003: Autocommit mode: false
[DEBUG] 2024-05-01 20-17-34.430 [http-nio-8080-exec-5] DriverManagerConnectionProviderImpl - Initializing Connection pool with 1 Connections
[INFO ] 2024-05-01 20-17-34.430 [http-nio-8080-exec-5] DriverManagerConnectionProviderImpl - HHH000115: Hibernate connection pool size: 20 (min=1)
[DEBUG] 2024-05-01 20-17-35.363 [http-nio-8080-exec-5] JdbcEnvironmentInitiator - Database ->
       name : MySQL
    version : 8.0.35
      major : 8
      minor : 0
[DEBUG] 2024-05-01 20-17-35.363 [http-nio-8080-exec-5] JdbcEnvironmentInitiator - Driver ->
       name : MySQL Connector/J
    version : mysql-connector-java-8.0.16 (Revision: 34cbc6bc61f72836e26327537a432d6db7c77de6)
      major : 8
      minor : 0
[DEBUG] 2024-05-01 20-17-35.364 [http-nio-8080-exec-5] JdbcEnvironmentInitiator - JDBC version : 4.2
[INFO ] 2024-05-01 20-17-35.384 [http-nio-8080-exec-5] Dialect - HHH000400: Using dialect: org.hibernate.dialect.MySQLDialect
[DEBUG] 2024-05-01 20-17-35.404 [http-nio-8080-exec-5] IdentifierHelperBuilder - JDBC driver metadata reported database stores quoted identifiers in more than one case
[DEBUG] 2024-05-01 20-17-35.486 [http-nio-8080-exec-5] IdentifierHelperBuilder - IdentifierCaseStrategy for both quoted and unquoted identifiers was set to the same strategy [MIXED]; that will likely lead to problems in schema update and validation if using quoted identifiers
[DEBUG] 2024-05-01 20-17-35.557 [http-nio-8080-exec-5] Namespace - Created database namespace [logicalName=Name{catalog=null, schema=null}, physicalName=Name{catalog=null, schema=null}]
[DEBUG] 2024-05-01 20-17-35.563 [http-nio-8080-exec-5] TypeConfiguration$Scope - Scoping TypeConfiguration [org.hibernate.type.spi.TypeConfiguration@d08429c] to MetadataBuildingContext [org.hibernate.boot.internal.MetadataBuildingContextRootImpl@5346a21b]
[DEBUG] 2024-05-01 20-17-35.617 [http-nio-8080-exec-5] AnnotationBinder - Binding entity from annotated class: entity.User
[DEBUG] 2024-05-01 20-17-35.640 [http-nio-8080-exec-5] Ejb3Column - Binding column: Ejb3DiscriminatorColumn{logicalColumnName'DTYPE', discriminatorTypeName='string'}
[DEBUG] 2024-05-01 20-17-35.648 [http-nio-8080-exec-5] EntityBinder - Import with entity name User
[DEBUG] 2024-05-01 20-17-35.651 [http-nio-8080-exec-5] EntityBinder - Bind entity entity.User on table users
[DEBUG] 2024-05-01 20-17-35.675 [http-nio-8080-exec-5] Ejb3Column - Binding column: Ejb3Column{table=org.hibernate.mapping.Table(users), mappingColumn=user_id, insertable=true, updatable=true, unique=false}
[DEBUG] 2024-05-01 20-17-35.679 [http-nio-8080-exec-5] PropertyBinder - MetadataSourceProcessor property id with lazy=false
[DEBUG] 2024-05-01 20-17-35.681 [http-nio-8080-exec-5] AbstractPropertyHolder - Attempting to locate auto-apply AttributeConverter for property [entity.User:id]
[DEBUG] 2024-05-01 20-17-35.684 [http-nio-8080-exec-5] SimpleValueBinder - building SimpleValue for id
[DEBUG] 2024-05-01 20-17-35.686 [http-nio-8080-exec-5] PropertyBinder - Building property id
[DEBUG] 2024-05-01 20-17-35.690 [http-nio-8080-exec-5] BinderHelper - #makeIdGenerator(org.hibernate.mapping.SimpleValue([org.hibernate.mapping.Column(user_id)]), id, org.hibernate.id.enhanced.SequenceStyleGenerator, native, ...)
[DEBUG] 2024-05-01 20-17-35.693 [http-nio-8080-exec-5] Ejb3Column - Binding column: Ejb3JoinColumn{logicalColumnName='null', referencedColumn='null', mappedBy='user'}
[DEBUG] 2024-05-01 20-17-35.694 [http-nio-8080-exec-5] Ejb3Column - Binding column: Ejb3Column{table=org.hibernate.mapping.Table(users), mappingColumn=attendance, insertable=true, updatable=true, unique=false}
[DEBUG] 2024-05-01 20-17-35.696 [http-nio-8080-exec-5] Ejb3Column - Binding column: Ejb3Column{table=org.hibernate.mapping.Table(users), mappingColumn=null, insertable=true, updatable=true, unique=false}
[DEBUG] 2024-05-01 20-17-35.706 [http-nio-8080-exec-5] Ejb3Column - Binding column: Ejb3Column{table=org.hibernate.mapping.Table(users), mappingColumn=element, insertable=true, updatable=true, unique=false}
[DEBUG] 2024-05-01 20-17-35.706 [http-nio-8080-exec-5] Ejb3Column - Binding column: Ejb3Column{table=org.hibernate.mapping.Table(users), mappingColumn=attendance_KEY, insertable=true, updatable=true, unique=false}
[DEBUG] 2024-05-01 20-17-35.707 [http-nio-8080-exec-5] Ejb3Column - Binding column: Ejb3JoinColumn{logicalColumnName='attendance_KEY', referencedColumn='null', mappedBy='null'}
[DEBUG] 2024-05-01 20-17-35.709 [http-nio-8080-exec-5] Ejb3Column - Binding column: Ejb3JoinColumn{logicalColumnName='null', referencedColumn='null', mappedBy='user'}
[DEBUG] 2024-05-01 20-17-35.709 [http-nio-8080-exec-5] Ejb3Column - Binding column: Ejb3JoinColumn{logicalColumnName='null', referencedColumn='null', mappedBy='user'}
[DEBUG] 2024-05-01 20-17-35.710 [http-nio-8080-exec-5] CollectionBinder - Collection role: entity.User.attendance
[DEBUG] 2024-05-01 20-17-35.712 [http-nio-8080-exec-5] PropertyBinder - Building property attendance
[DEBUG] 2024-05-01 20-17-35.712 [http-nio-8080-exec-5] Ejb3Column - Binding column: Ejb3Column{table=org.hibernate.mapping.Table(users), mappingColumn=password_hash, insertable=true, updatable=true, unique=false}
[DEBUG] 2024-05-01 20-17-35.713 [http-nio-8080-exec-5] PropertyBinder - MetadataSourceProcessor property passwordHash with lazy=false
[DEBUG] 2024-05-01 20-17-35.713 [http-nio-8080-exec-5] AbstractPropertyHolder - Attempting to locate auto-apply AttributeConverter for property [entity.User:passwordHash]
[DEBUG] 2024-05-01 20-17-35.713 [http-nio-8080-exec-5] SimpleValueBinder - building SimpleValue for passwordHash
[DEBUG] 2024-05-01 20-17-35.713 [http-nio-8080-exec-5] PropertyBinder - Building property passwordHash
[DEBUG] 2024-05-01 20-17-35.713 [http-nio-8080-exec-5] Ejb3Column - Binding column: Ejb3Column{table=org.hibernate.mapping.Table(users), mappingColumn=username, insertable=true, updatable=true, unique=false}
[DEBUG] 2024-05-01 20-17-35.713 [http-nio-8080-exec-5] PropertyBinder - MetadataSourceProcessor property username with lazy=false
[DEBUG] 2024-05-01 20-17-35.713 [http-nio-8080-exec-5] AbstractPropertyHolder - Attempting to locate auto-apply AttributeConverter for property [entity.User:username]
[DEBUG] 2024-05-01 20-17-35.713 [http-nio-8080-exec-5] SimpleValueBinder - building SimpleValue for username
[DEBUG] 2024-05-01 20-17-35.713 [http-nio-8080-exec-5] PropertyBinder - Building property username
[DEBUG] 2024-05-01 20-17-35.714 [http-nio-8080-exec-5] AnnotationBinder - Binding entity from annotated class: entity.Attendance
[DEBUG] 2024-05-01 20-17-35.714 [http-nio-8080-exec-5] Ejb3Column - Binding column: Ejb3DiscriminatorColumn{logicalColumnName'DTYPE', discriminatorTypeName='string'}
[DEBUG] 2024-05-01 20-17-35.714 [http-nio-8080-exec-5] EntityBinder - Import with entity name Attendance
[DEBUG] 2024-05-01 20-17-35.714 [http-nio-8080-exec-5] EntityBinder - Bind entity entity.Attendance on table attendance
[DEBUG] 2024-05-01 20-17-35.717 [http-nio-8080-exec-5] Ejb3Column - Binding column: Ejb3Column{table=org.hibernate.mapping.Table(attendance), mappingColumn=attendance_id, insertable=true, updatable=true, unique=false}
[DEBUG] 2024-05-01 20-17-35.717 [http-nio-8080-exec-5] PropertyBinder - MetadataSourceProcessor property id with lazy=false
[DEBUG] 2024-05-01 20-17-35.717 [http-nio-8080-exec-5] AbstractPropertyHolder - Attempting to locate auto-apply AttributeConverter for property [entity.Attendance:id]
[DEBUG] 2024-05-01 20-17-35.717 [http-nio-8080-exec-5] SimpleValueBinder - building SimpleValue for id
[DEBUG] 2024-05-01 20-17-35.717 [http-nio-8080-exec-5] PropertyBinder - Building property id
[DEBUG] 2024-05-01 20-17-35.718 [http-nio-8080-exec-5] BinderHelper - #makeIdGenerator(org.hibernate.mapping.SimpleValue([org.hibernate.mapping.Column(attendance_id)]), id, org.hibernate.id.enhanced.SequenceStyleGenerator, native, ...)
[DEBUG] 2024-05-01 20-17-35.718 [http-nio-8080-exec-5] Ejb3Column - Binding column: Ejb3Column{table=org.hibernate.mapping.Table(attendance), mappingColumn=clock_in_time, insertable=true, updatable=true, unique=false}
[DEBUG] 2024-05-01 20-17-35.718 [http-nio-8080-exec-5] PropertyBinder - MetadataSourceProcessor property clockInTime with lazy=false
[DEBUG] 2024-05-01 20-17-35.718 [http-nio-8080-exec-5] AbstractPropertyHolder - Attempting to locate auto-apply AttributeConverter for property [entity.Attendance:clockInTime]
[DEBUG] 2024-05-01 20-17-35.718 [http-nio-8080-exec-5] SimpleValueBinder - building SimpleValue for clockInTime
[DEBUG] 2024-05-01 20-17-35.718 [http-nio-8080-exec-5] PropertyBinder - Building property clockInTime
[DEBUG] 2024-05-01 20-17-35.718 [http-nio-8080-exec-5] Ejb3Column - Binding column: Ejb3Column{table=org.hibernate.mapping.Table(attendance), mappingColumn=clock_out_time, insertable=true, updatable=true, unique=false}
[DEBUG] 2024-05-01 20-17-35.718 [http-nio-8080-exec-5] PropertyBinder - MetadataSourceProcessor property clockOutTime with lazy=false
[DEBUG] 2024-05-01 20-17-35.718 [http-nio-8080-exec-5] AbstractPropertyHolder - Attempting to locate auto-apply AttributeConverter for property [entity.Attendance:clockOutTime]
[DEBUG] 2024-05-01 20-17-35.718 [http-nio-8080-exec-5] SimpleValueBinder - building SimpleValue for clockOutTime
[DEBUG] 2024-05-01 20-17-35.718 [http-nio-8080-exec-5] PropertyBinder - Building property clockOutTime
[DEBUG] 2024-05-01 20-17-35.718 [http-nio-8080-exec-5] Ejb3Column - Binding column: Ejb3Column{table=org.hibernate.mapping.Table(attendance), mappingColumn=status, insertable=true, updatable=true, unique=false}
[DEBUG] 2024-05-01 20-17-35.718 [http-nio-8080-exec-5] PropertyBinder - MetadataSourceProcessor property clockedStatus with lazy=false
[DEBUG] 2024-05-01 20-17-35.718 [http-nio-8080-exec-5] AbstractPropertyHolder - Attempting to locate auto-apply AttributeConverter for property [entity.Attendance:clockedStatus]
[DEBUG] 2024-05-01 20-17-35.718 [http-nio-8080-exec-5] SimpleValueBinder - building SimpleValue for clockedStatus
[DEBUG] 2024-05-01 20-17-35.718 [http-nio-8080-exec-5] PropertyBinder - Building property clockedStatus
[DEBUG] 2024-05-01 20-17-35.718 [http-nio-8080-exec-5] Ejb3Column - Binding column: Ejb3Column{table=org.hibernate.mapping.Table(attendance), mappingColumn=date, insertable=true, updatable=true, unique=false}
[DEBUG] 2024-05-01 20-17-35.718 [http-nio-8080-exec-5] PropertyBinder - MetadataSourceProcessor property date with lazy=false
[DEBUG] 2024-05-01 20-17-35.718 [http-nio-8080-exec-5] AbstractPropertyHolder - Attempting to locate auto-apply AttributeConverter for property [entity.Attendance:date]
[DEBUG] 2024-05-01 20-17-35.718 [http-nio-8080-exec-5] SimpleValueBinder - building SimpleValue for date
[DEBUG] 2024-05-01 20-17-35.718 [http-nio-8080-exec-5] PropertyBinder - Building property date
[DEBUG] 2024-05-01 20-17-35.718 [http-nio-8080-exec-5] Ejb3Column - Binding column: Ejb3JoinColumn{logicalColumnName='user_id', referencedColumn='', mappedBy=''}
[DEBUG] 2024-05-01 20-17-35.718 [http-nio-8080-exec-5] Ejb3Column - Binding column: Ejb3Column{table=org.hibernate.mapping.Table(attendance), mappingColumn=user, insertable=true, updatable=true, unique=false}
[DEBUG] 2024-05-01 20-17-35.721 [http-nio-8080-exec-5] PropertyBinder - Building property user
[DEBUG] 2024-05-01 20-17-35.722 [http-nio-8080-exec-5] SimpleValueBinder - Starting fillSimpleValue for id
[DEBUG] 2024-05-01 20-17-35.722 [http-nio-8080-exec-5] SimpleValueBinder - Starting fillSimpleValue for passwordHash
[DEBUG] 2024-05-01 20-17-35.723 [http-nio-8080-exec-5] SimpleValueBinder - Starting fillSimpleValue for username
[DEBUG] 2024-05-01 20-17-35.723 [http-nio-8080-exec-5] SimpleValueBinder - Starting fillSimpleValue for id
[DEBUG] 2024-05-01 20-17-35.723 [http-nio-8080-exec-5] SimpleValueBinder - Starting fillSimpleValue for clockInTime
[DEBUG] 2024-05-01 20-17-35.723 [http-nio-8080-exec-5] SimpleValueBinder - Starting fillSimpleValue for clockOutTime
[DEBUG] 2024-05-01 20-17-35.723 [http-nio-8080-exec-5] SimpleValueBinder - Starting fillSimpleValue for clockedStatus
[DEBUG] 2024-05-01 20-17-35.723 [http-nio-8080-exec-5] SimpleValueBinder - Starting fillSimpleValue for date
[DEBUG] 2024-05-01 20-17-35.726 [http-nio-8080-exec-5] PrimaryKey - Forcing column [user_id] to be non-null as it is part of the primary key for table [users]
[DEBUG] 2024-05-01 20-17-35.726 [http-nio-8080-exec-5] PrimaryKey - Forcing column [attendance_id] to be non-null as it is part of the primary key for table [attendance]
[DEBUG] 2024-05-01 20-17-35.726 [http-nio-8080-exec-5] CollectionSecondPass - Second pass for collection: entity.User.attendance
[DEBUG] 2024-05-01 20-17-35.726 [http-nio-8080-exec-5] CollectionBinder - Binding a OneToMany: entity.User.attendance through a foreign key
[DEBUG] 2024-05-01 20-17-35.727 [http-nio-8080-exec-5] CollectionBinder - Mapping collection: entity.User.attendance -> attendance
[DEBUG] 2024-05-01 20-17-35.728 [http-nio-8080-exec-5] TableBinder - Retrieving property entity.Attendance.user
[DEBUG] 2024-05-01 20-17-35.728 [http-nio-8080-exec-5] CollectionSecondPass - Mapped collection key: user_id, one-to-many: entity.Attendance
[DEBUG] 2024-05-01 20-17-35.728 [http-nio-8080-exec-5] InFlightMetadataCollectorImpl - Resolving reference to class: entity.User
[DEBUG] 2024-05-01 20-17-35.732 [http-nio-8080-exec-5] InFlightMetadataCollectorImpl - Resolving reference to class: entity.User
[DEBUG] 2024-05-01 20-17-35.767 [http-nio-8080-exec-5] SessionFactoryImpl - Building session factory
[DEBUG] 2024-05-01 20-17-35.768 [http-nio-8080-exec-5] Settings - SessionFactory name : null
[DEBUG] 2024-05-01 20-17-35.768 [http-nio-8080-exec-5] Settings - Automatic flush during beforeCompletion(): enabled
[DEBUG] 2024-05-01 20-17-35.768 [http-nio-8080-exec-5] Settings - Automatic session close at end of transaction: disabled
[DEBUG] 2024-05-01 20-17-35.768 [http-nio-8080-exec-5] Settings - Statistics: disabled
[DEBUG] 2024-05-01 20-17-35.768 [http-nio-8080-exec-5] Settings - Deleted entity synthetic identifier rollback: disabled
[DEBUG] 2024-05-01 20-17-35.768 [http-nio-8080-exec-5] Settings - Default entity-mode: pojo
[DEBUG] 2024-05-01 20-17-35.768 [http-nio-8080-exec-5] Settings - Check Nullability in Core (should be disabled when Bean Validation is on): enabled
[DEBUG] 2024-05-01 20-17-35.768 [http-nio-8080-exec-5] Settings - Allow initialization of lazy state outside session : disabled
[DEBUG] 2024-05-01 20-17-35.768 [http-nio-8080-exec-5] Settings - Using BatchFetchStyle : LEGACY
[DEBUG] 2024-05-01 20-17-35.768 [http-nio-8080-exec-5] Settings - Default batch fetch size: -1
[DEBUG] 2024-05-01 20-17-35.768 [http-nio-8080-exec-5] Settings - Maximum outer join fetch depth: 2
[DEBUG] 2024-05-01 20-17-35.768 [http-nio-8080-exec-5] Settings - Default null ordering: NONE
[DEBUG] 2024-05-01 20-17-35.768 [http-nio-8080-exec-5] Settings - Order SQL updates by primary key: disabled
[DEBUG] 2024-05-01 20-17-35.768 [http-nio-8080-exec-5] Settings - Order SQL inserts for batching: disabled
[DEBUG] 2024-05-01 20-17-35.768 [http-nio-8080-exec-5] Settings - multi-tenancy strategy : NONE
[DEBUG] 2024-05-01 20-17-35.768 [http-nio-8080-exec-5] Settings - JTA Track by Thread: enabled
[DEBUG] 2024-05-01 20-17-35.768 [http-nio-8080-exec-5] Settings - Query language substitutions: {}
[DEBUG] 2024-05-01 20-17-35.768 [http-nio-8080-exec-5] Settings - Named query checking : enabled
[DEBUG] 2024-05-01 20-17-35.768 [http-nio-8080-exec-5] Settings - Second-level cache: disabled
[DEBUG] 2024-05-01 20-17-35.768 [http-nio-8080-exec-5] Settings - Second-level query cache: disabled
[DEBUG] 2024-05-01 20-17-35.768 [http-nio-8080-exec-5] Settings - Second-level query cache factory: null
[DEBUG] 2024-05-01 20-17-35.768 [http-nio-8080-exec-5] Settings - Second-level cache region prefix: null
[DEBUG] 2024-05-01 20-17-35.768 [http-nio-8080-exec-5] Settings - Optimize second-level cache for minimal puts: disabled
[DEBUG] 2024-05-01 20-17-35.768 [http-nio-8080-exec-5] Settings - Structured second-level cache entries: disabled
[DEBUG] 2024-05-01 20-17-35.768 [http-nio-8080-exec-5] Settings - Second-level cache direct-reference entries: disabled
[DEBUG] 2024-05-01 20-17-35.768 [http-nio-8080-exec-5] Settings - Automatic eviction of collection cache: disabled
[DEBUG] 2024-05-01 20-17-35.768 [http-nio-8080-exec-5] Settings - JDBC batch size: 15
[DEBUG] 2024-05-01 20-17-35.768 [http-nio-8080-exec-5] Settings - JDBC batch updates for versioned data: enabled
[DEBUG] 2024-05-01 20-17-35.768 [http-nio-8080-exec-5] Settings - Scrollable result sets: enabled
[DEBUG] 2024-05-01 20-17-35.768 [http-nio-8080-exec-5] Settings - Wrap result sets: disabled
[DEBUG] 2024-05-01 20-17-35.768 [http-nio-8080-exec-5] Settings - JDBC3 getGeneratedKeys(): enabled
[DEBUG] 2024-05-01 20-17-35.768 [http-nio-8080-exec-5] Settings - JDBC result set fetch size: null
[DEBUG] 2024-05-01 20-17-35.768 [http-nio-8080-exec-5] Settings - Connection release mode: AFTER_TRANSACTION
[DEBUG] 2024-05-01 20-17-35.768 [http-nio-8080-exec-5] Settings - Generate SQL with comments: disabled
[DEBUG] 2024-05-01 20-17-35.768 [http-nio-8080-exec-5] Settings - JPA compliance - query : 
[DEBUG] 2024-05-01 20-17-35.768 [http-nio-8080-exec-5] Settings - JPA compliance - closed-handling : 
[DEBUG] 2024-05-01 20-17-35.768 [http-nio-8080-exec-5] Settings - JPA compliance - lists : 
[DEBUG] 2024-05-01 20-17-35.768 [http-nio-8080-exec-5] Settings - JPA compliance - transactions : 
[INFO ] 2024-05-01 20-17-35.828 [http-nio-8080-exec-5] beans - HHH10005002: No explicit CDI BeanManager reference was passed to Hibernate, but CDI is available on the Hibernate ClassLoader.
[DEBUG] 2024-05-01 20-17-35.849 [http-nio-8080-exec-5] SessionFactoryImpl - Session factory constructed with filter configurations : {}
[DEBUG] 2024-05-01 20-17-35.849 [http-nio-8080-exec-5] SessionFactoryImpl - Instantiating session factory with properties: {awt.toolkit=sun.awt.windows.WToolkit, java.specification.version=11, sun.cpu.isalist=amd64, hibernate.c3p0.idle_test_period=3000, sun.jnu.encoding=Cp1252, hibernate.c3p0.min_size=5, sun.arch.data.model=64, java.vendor.url=https://adoptium.net/, catalina.useNaming=true, org.apache.el.GET_CLASSLOADER_USE_PRIVILEGED=false, sun.boot.library.path=C:\Program Files\Java\jdk-11.0.22+7\bin, com.sun.management.jmxremote.ssl=false, sun.java.command=org.apache.catalina.startup.Bootstrap start, jdk.debug=release, java.specification.vendor=Oracle Corporation, java.naming.factory.url.pkgs=org.apache.naming, java.version.date=2024-01-16, java.home=C:\Program Files\Java\jdk-11.0.22+7, ignore.endorsed.dirs=, file.separator=\, java.vm.compressedOopsMode=Zero based, line.separator=
, hibernate.c3p0.timeout=300, java.specification.name=Java Platform API Specification, java.vm.specification.vendor=Oracle Corporation, com.sun.management.jmxremote.password.file=C:\Users\cheve\AppData\Local\JetBrains\IntelliJIdea2023.3\tomcat\e583dc0b-35df-491d-b4e3-c6be821192bb\jmxremote.password, package.definition=sun.,java.,org.apache.catalina.,org.apache.coyote.,org.apache.jasper.,org.apache.naming.,org.apache.tomcat., jdk.tls.ephemeralDHKeySize=2048, hibernate.hbm2ddl.auto=update, user.script=, java.util.logging.config.file=C:\Users\cheve\AppData\Local\JetBrains\IntelliJIdea2023.3\tomcat\e583dc0b-35df-491d-b4e3-c6be821192bb\conf\logging.properties, java.protocol.handler.pkgs=org.apache.catalina.webresources, sun.management.compiler=HotSpot 64-Bit Tiered Compilers, java.runtime.version=11.0.22+7, user.name=cheve, file.encoding=Cp1252, java.vendor.version=Temurin-11.0.22+7, hibernate.connection.driver_class=com.mysql.cj.jdbc.Driver, java.io.tmpdir=C:\Program Files\apache-tomcat-8.5.98\temp, tomcat.util.scan.StandardJarScanFilter.jarsToScan=log4j-taglib*.jar,log4j-web*.jar,log4javascript*.jar,slf4j-taglib*.jar, com.sun.management.jmxremote.port=1099, java.version=11.0.22, tomcat.util.scan.StandardJarScanFilter.jarsToSkip=annotations-api.jar,ant-junit*.jar,ant-launcher*.jar,ant*.jar,asm-*.jar,aspectj*.jar,bcel*.jar,biz.aQute.bnd*.jar,bootstrap.jar,catalina-ant.jar,catalina-ha.jar,catalina-jmx-remote.jar,catalina-storeconfig.jar,catalina-tribes.jar,catalina-ws.jar,catalina.jar,cglib-*.jar,cobertura-*.jar,commons-beanutils*.jar,commons-codec*.jar,commons-collections*.jar,commons-compress*.jar,commons-daemon.jar,commons-dbcp*.jar,commons-digester*.jar,commons-fileupload*.jar,commons-httpclient*.jar,commons-io*.jar,commons-lang*.jar,commons-logging*.jar,commons-math*.jar,commons-pool*.jar,derby-*.jar,dom4j-*.jar,easymock-*.jar,ecj-*.jar,el-api.jar,geronimo-spec-jaxrpc*.jar,h2*.jar,ha-api-*.jar,hamcrest-*.jar,hibernate*.jar,httpclient*.jar,icu4j-*.jar,jasper-el.jar,jasper.jar,jaspic-api.jar,jaxb-*.jar,jaxen-*.jar,jaxws-rt-*.jar,jdom-*.jar,jetty-*.jar,jmx-tools.jar,jmx.jar,jsp-api.jar,jstl.jar,jta*.jar,junit-*.jar,junit.jar,log4j*.jar,mail*.jar,objenesis-*.jar,oraclepki.jar,org.hamcrest.core_*.jar,org.junit_*.jar,oro-*.jar,servlet-api-*.jar,servlet-api.jar,slf4j*.jar,taglibs-standard-spec-*.jar,tagsoup-*.jar,tomcat-api.jar,tomcat-coyote.jar,tomcat-dbcp.jar,tomcat-i18n-*.jar,tomcat-jdbc.jar,tomcat-jni.jar,tomcat-juli-adapters.jar,tomcat-juli.jar,tomcat-util-scan.jar,tomcat-util.jar,tomcat-websocket.jar,tools.jar,unboundid-ldapsdk-*.jar,websocket-api.jar,wsdl4j*.jar,xercesImpl.jar,xml-apis.jar,xmlParserAPIs-*.jar,xmlParserAPIs.jar,xom-*.jar, java.vm.specification.name=Java Virtual Machine Specification, java.awt.printerjob=sun.awt.windows.WPrinterJob, sun.os.patch.level=, connection.driver_class=com.mysql.cj.jdbc.Driver, java.library.path=C:\Program Files\Java\jdk-11.0.22+7\bin;C:\Windows\Sun\Java\bin;C:\Windows\system32;C:\Windows;C:\Windows\system32;C:\Windows;C:\Windows\System32\Wbem;C:\Windows\System32\WindowsPowerShell\v1.0\;C:\Windows\System32\OpenSSH\;C:\Program Files (x86)\NVIDIA Corporation\PhysX\Common;C:\Program Files\NVIDIA Corporation\NVIDIA NvDLISR;C:\Program Files\Git\cmd;C:\Users\cheve\AppData\Local\Microsoft\WindowsApps;C:\Microsoft VS Code\bin;., java.vendor=Eclipse Adoptium, java.specification.maintenance.version=2, java.rmi.server.randomIDs=true, sun.io.unicode.encoding=UnicodeLittle, tomcat.util.buf.StringCache.byte.enabled=true, sun.desktop=windows, hibernate.dialect=org.hibernate.dialect.MySQLDialect, java.class.path=C:\Program Files\apache-tomcat-8.5.98\bin\bootstrap.jar;C:\Program Files\apache-tomcat-8.5.98\bin\tomcat-juli.jar, java.vm.vendor=Eclipse Adoptium, user.variant=, user.timezone=America/Chicago, os.name=Windows 11, java.vm.specification.version=11, sun.java.launcher=SUN_STANDARD, user.country=US, com.sun.management.jmxremote=, sun.cpu.endian=little, user.home=C:\Users\cheve, hibernate.c3p0.max_statements=50, user.language=en, java.awt.graphicsenv=sun.awt.Win32GraphicsEnvironment, package.access=sun.,org.apache.catalina.,org.apache.coyote.,org.apache.jasper.,org.apache.tomcat., server.loader=, com.sun.management.jmxremote.access.file=C:\Users\cheve\AppData\Local\JetBrains\IntelliJIdea2023.3\tomcat\e583dc0b-35df-491d-b4e3-c6be821192bb\jmxremote.access, hibernate.c3p0.max_size=20, java.naming.factory.initial=org.apache.naming.java.javaURLContextFactory, path.separator=;, common.loader="C:/Program Files/apache-tomcat-8.5.98/lib","C:/Program Files/apache-tomcat-8.5.98/lib/*.jar","C:\Program Files\apache-tomcat-8.5.98/lib","C:\Program Files\apache-tomcat-8.5.98/lib/*.jar", hibernate.connection.username=****, os.version=10.0, java.runtime.name=OpenJDK Runtime Environment, hibernate.connection.url=jdbc:mysql://awseb-e-dpzejsp2a8-stack-awsebrdsdatabase-wz6ttdxqntx5.cfruplhcesjs.us-east-2.rds.amazonaws.com:3306/clockit, java.vm.name=OpenJDK 64-Bit Server VM, hibernate.show_sql=true, java.vendor.url.bug=https://github.com/adoptium/adoptium-support/issues, catalina.home=C:\Program Files\apache-tomcat-8.5.98, user.dir=C:\Program Files\apache-tomcat-8.5.98\bin, os.arch=amd64, hibernate.connection.password=****, catalina.base=C:\Users\cheve\AppData\Local\JetBrains\IntelliJIdea2023.3\tomcat\e583dc0b-35df-491d-b4e3-c6be821192bb, shared.loader=, hibernate.boot.CfgXmlAccessService.key=org.hibernate.boot.cfgxml.spi.LoadedConfig@5dacc7d6, java.util.logging.manager=org.apache.juli.ClassLoaderLogManager, java.vm.info=mixed mode, java.vm.version=11.0.22+7, hibernate.bytecode.use_reflection_optimizer=false, java.rmi.server.hostname=127.0.0.1, connection.url=jdbc:mysql://awseb-e-dpzejsp2a8-stack-awsebrdsdatabase-wz6ttdxqntx5.cfruplhcesjs.us-east-2.rds.amazonaws.com:3306/clockit, java.class.version=55.0}
[DEBUG] 2024-05-01 20-17-35.867 [http-nio-8080-exec-5] TypeSafeActivator - Unable to acquire Bean Validation ValidatorFactory, skipping activation
[DEBUG] 2024-05-01 20-17-35.867 [http-nio-8080-exec-5] JaccIntegrator - Skipping JACC integration as it was not enabled
[DEBUG] 2024-05-01 20-17-35.868 [http-nio-8080-exec-5] SessionFactoryImpl - Instantiated session factory
[DEBUG] 2024-05-01 20-17-35.868 [http-nio-8080-exec-5] TypeConfiguration$Scope - Scoping TypeConfiguration [org.hibernate.type.spi.TypeConfiguration@d08429c] to SessionFactoryImpl [org.hibernate.internal.SessionFactoryImpl@f726d0e]
[DEBUG] 2024-05-01 20-17-35.916 [http-nio-8080-exec-5] ClassLoaderAccessImpl - Not known whether passed class name [entity.User] is safe
[DEBUG] 2024-05-01 20-17-35.916 [http-nio-8080-exec-5] ClassLoaderAccessImpl - No temp ClassLoader provided; using live ClassLoader for loading potentially unsafe class : entity.User
[DEBUG] 2024-05-01 20-17-35.939 [http-nio-8080-exec-5] ClassLoaderAccessImpl - Not known whether passed class name [entity.User] is safe
[DEBUG] 2024-05-01 20-17-35.939 [http-nio-8080-exec-5] ClassLoaderAccessImpl - No temp ClassLoader provided; using live ClassLoader for loading potentially unsafe class : entity.User
[DEBUG] 2024-05-01 20-17-36.145 [http-nio-8080-exec-5] ClassLoaderAccessImpl - Not known whether passed class name [entity.Attendance] is safe
[DEBUG] 2024-05-01 20-17-36.146 [http-nio-8080-exec-5] ClassLoaderAccessImpl - No temp ClassLoader provided; using live ClassLoader for loading potentially unsafe class : entity.Attendance
[DEBUG] 2024-05-01 20-17-36.146 [http-nio-8080-exec-5] ClassLoaderAccessImpl - Not known whether passed class name [entity.Attendance] is safe
[DEBUG] 2024-05-01 20-17-36.146 [http-nio-8080-exec-5] ClassLoaderAccessImpl - No temp ClassLoader provided; using live ClassLoader for loading potentially unsafe class : entity.Attendance
[DEBUG] 2024-05-01 20-17-36.163 [http-nio-8080-exec-5] AbstractCollectionPersister - Static SQL for collection: entity.User.attendance
[DEBUG] 2024-05-01 20-17-36.163 [http-nio-8080-exec-5] AbstractCollectionPersister -  Row insert: update attendance set user_id=? where attendance_id=?
[DEBUG] 2024-05-01 20-17-36.163 [http-nio-8080-exec-5] AbstractCollectionPersister -  Row update: update attendance set  where attendance_id=?
[DEBUG] 2024-05-01 20-17-36.163 [http-nio-8080-exec-5] AbstractCollectionPersister -  Row delete: update attendance set user_id=null where user_id=? and attendance_id=?
[DEBUG] 2024-05-01 20-17-36.163 [http-nio-8080-exec-5] AbstractCollectionPersister -  One-shot delete: update attendance set user_id=null where user_id=?
[DEBUG] 2024-05-01 20-17-36.167 [http-nio-8080-exec-5] AbstractEntityPersister - Static SQL for entity: entity.User
[DEBUG] 2024-05-01 20-17-36.167 [http-nio-8080-exec-5] AbstractEntityPersister -  Version select: select user_id from users where user_id =?
[DEBUG] 2024-05-01 20-17-36.167 [http-nio-8080-exec-5] AbstractEntityPersister -  Snapshot select: select user_.user_id, user_.password_hash as password2_1_, user_.username as username3_1_ from users user_ where user_.user_id=?
[DEBUG] 2024-05-01 20-17-36.167 [http-nio-8080-exec-5] AbstractEntityPersister -  Insert 0: insert into users (password_hash, username, user_id) values (?, ?, ?)
[DEBUG] 2024-05-01 20-17-36.167 [http-nio-8080-exec-5] AbstractEntityPersister -  Update 0: update users set password_hash=?, username=? where user_id=?
[DEBUG] 2024-05-01 20-17-36.167 [http-nio-8080-exec-5] AbstractEntityPersister -  Delete 0: delete from users where user_id=?
[DEBUG] 2024-05-01 20-17-36.167 [http-nio-8080-exec-5] AbstractEntityPersister -  Identity insert: insert into users (password_hash, username) values (?, ?)
[DEBUG] 2024-05-01 20-17-36.194 [http-nio-8080-exec-5] QuerySpacesImpl - Adding QuerySpace : uid = <gen:0> -> org.hibernate.loader.plan.build.internal.spaces.EntityQuerySpaceImpl@10b82ed6]
[DEBUG] 2024-05-01 20-17-36.195 [http-nio-8080-exec-5] MetamodelGraphWalker - Visiting attribute path : attendance
[DEBUG] 2024-05-01 20-17-36.200 [http-nio-8080-exec-5] QuerySpacesImpl - Adding QuerySpace : uid = <gen:1> -> org.hibernate.loader.plan.build.internal.spaces.CollectionQuerySpaceImpl@64351e02]
[DEBUG] 2024-05-01 20-17-36.203 [http-nio-8080-exec-5] QuerySpacesImpl - Adding QuerySpace : uid = <gen:2> -> org.hibernate.loader.plan.build.internal.spaces.EntityQuerySpaceImpl@606f9dd4]
[DEBUG] 2024-05-01 20-17-36.204 [http-nio-8080-exec-5] MetamodelGraphWalker - Visiting attribute path : attendance.clockInTime
[DEBUG] 2024-05-01 20-17-36.204 [http-nio-8080-exec-5] MetamodelGraphWalker - Visiting attribute path : attendance.clockOutTime
[DEBUG] 2024-05-01 20-17-36.204 [http-nio-8080-exec-5] MetamodelGraphWalker - Visiting attribute path : attendance.clockedStatus
[DEBUG] 2024-05-01 20-17-36.204 [http-nio-8080-exec-5] MetamodelGraphWalker - Visiting attribute path : attendance.date
[DEBUG] 2024-05-01 20-17-36.204 [http-nio-8080-exec-5] MetamodelGraphWalker - Visiting attribute path : attendance.user
[DEBUG] 2024-05-01 20-17-36.204 [http-nio-8080-exec-5] MetamodelGraphWalker - Property path deemed to be circular : attendance.user
[DEBUG] 2024-05-01 20-17-36.205 [http-nio-8080-exec-5] MetamodelGraphWalker - Visiting attribute path : passwordHash
[DEBUG] 2024-05-01 20-17-36.205 [http-nio-8080-exec-5] MetamodelGraphWalker - Visiting attribute path : username
[DEBUG] 2024-05-01 20-17-36.205 [http-nio-8080-exec-5] FetchStyleLoadPlanBuildingAssociationVisitationStrategy - Building LoadPlan...
[DEBUG] 2024-05-01 20-17-36.218 [http-nio-8080-exec-5] LoadQueryJoinAndFetchProcessor - processing queryspace <gen:0>
[DEBUG] 2024-05-01 20-17-36.225 [http-nio-8080-exec-5] LoadPlanTreePrinter - LoadPlan(entity=entity.User)
    - Returns
       - EntityReturnImpl(entity=entity.User, querySpaceUid=<gen:0>, path=entity.User)
          - CollectionAttributeFetchImpl(collection=entity.User.attendance, querySpaceUid=<gen:1>, path=entity.User.attendance)
             - (collection element) CollectionFetchableElementEntityGraph(entity=entity.Attendance, querySpaceUid=<gen:2>, path=entity.User.attendance.<elements>)
    - QuerySpaces
       - EntityQuerySpaceImpl(uid=<gen:0>, entity=entity.User)
          - SQL table alias mapping - user0_
          - alias suffix - 0_
          - suffixed key columns - {user_id1_1_0_}
          - JOIN (JoinDefinedByMetadata(attendance)) : <gen:0> -> <gen:1>
             - CollectionQuerySpaceImpl(uid=<gen:1>, collection=entity.User.attendance)
                - SQL table alias mapping - attendance1_
                - alias suffix - 1_
                - suffixed key columns - {user_id6_0_1_}
                - entity-element alias suffix - 2_
                - 2_entity-element suffixed key columns - attendan1_0_2_
                - JOIN (JoinDefinedByMetadata(elements)) : <gen:1> -> <gen:2>
                   - EntityQuerySpaceImpl(uid=<gen:2>, entity=entity.Attendance)
                      - SQL table alias mapping - attendance1_
                      - alias suffix - 2_
                      - suffixed key columns - {attendan1_0_2_}

[DEBUG] 2024-05-01 20-17-36.226 [http-nio-8080-exec-5] EntityLoader - Static select for entity entity.User [NONE]: select user0_.user_id as user_id1_1_0_, user0_.password_hash as password2_1_0_, user0_.username as username3_1_0_, attendance1_.user_id as user_id6_0_1_, attendance1_.attendance_id as attendan1_0_1_, attendance1_.attendance_id as attendan1_0_2_, attendance1_.clock_in_time as clock_in2_0_2_, attendance1_.clock_out_time as clock_ou3_0_2_, attendance1_.status as status4_0_2_, attendance1_.date as date5_0_2_, attendance1_.user_id as user_id6_0_2_ from users user0_ left outer join attendance attendance1_ on user0_.user_id=attendance1_.user_id where user0_.user_id=?
[DEBUG] 2024-05-01 20-17-36.227 [http-nio-8080-exec-5] QuerySpacesImpl - Adding QuerySpace : uid = <gen:0> -> org.hibernate.loader.plan.build.internal.spaces.EntityQuerySpaceImpl@3b14acc9]
[DEBUG] 2024-05-01 20-17-36.227 [http-nio-8080-exec-5] MetamodelGraphWalker - Visiting attribute path : attendance
[DEBUG] 2024-05-01 20-17-36.227 [http-nio-8080-exec-5] QuerySpacesImpl - Adding QuerySpace : uid = <gen:1> -> org.hibernate.loader.plan.build.internal.spaces.CollectionQuerySpaceImpl@4f947ffd]
[DEBUG] 2024-05-01 20-17-36.227 [http-nio-8080-exec-5] QuerySpacesImpl - Adding QuerySpace : uid = <gen:2> -> org.hibernate.loader.plan.build.internal.spaces.EntityQuerySpaceImpl@17bb13bf]
[DEBUG] 2024-05-01 20-17-36.227 [http-nio-8080-exec-5] MetamodelGraphWalker - Visiting attribute path : attendance.clockInTime
[DEBUG] 2024-05-01 20-17-36.227 [http-nio-8080-exec-5] MetamodelGraphWalker - Visiting attribute path : attendance.clockOutTime
[DEBUG] 2024-05-01 20-17-36.227 [http-nio-8080-exec-5] MetamodelGraphWalker - Visiting attribute path : attendance.clockedStatus
[DEBUG] 2024-05-01 20-17-36.227 [http-nio-8080-exec-5] MetamodelGraphWalker - Visiting attribute path : attendance.date
[DEBUG] 2024-05-01 20-17-36.227 [http-nio-8080-exec-5] MetamodelGraphWalker - Visiting attribute path : attendance.user
[DEBUG] 2024-05-01 20-17-36.227 [http-nio-8080-exec-5] MetamodelGraphWalker - Property path deemed to be circular : attendance.user
[DEBUG] 2024-05-01 20-17-36.227 [http-nio-8080-exec-5] MetamodelGraphWalker - Visiting attribute path : passwordHash
[DEBUG] 2024-05-01 20-17-36.227 [http-nio-8080-exec-5] MetamodelGraphWalker - Visiting attribute path : username
[DEBUG] 2024-05-01 20-17-36.227 [http-nio-8080-exec-5] FetchStyleLoadPlanBuildingAssociationVisitationStrategy - Building LoadPlan...
[DEBUG] 2024-05-01 20-17-36.227 [http-nio-8080-exec-5] LoadQueryJoinAndFetchProcessor - processing queryspace <gen:0>
[DEBUG] 2024-05-01 20-17-36.227 [http-nio-8080-exec-5] LoadPlanTreePrinter - LoadPlan(entity=entity.User)
    - Returns
       - EntityReturnImpl(entity=entity.User, querySpaceUid=<gen:0>, path=entity.User)
          - CollectionAttributeFetchImpl(collection=entity.User.attendance, querySpaceUid=<gen:1>, path=entity.User.attendance)
             - (collection element) CollectionFetchableElementEntityGraph(entity=entity.Attendance, querySpaceUid=<gen:2>, path=entity.User.attendance.<elements>)
    - QuerySpaces
       - EntityQuerySpaceImpl(uid=<gen:0>, entity=entity.User)
          - SQL table alias mapping - user0_
          - alias suffix - 0_
          - suffixed key columns - {user_id1_1_0_}
          - JOIN (JoinDefinedByMetadata(attendance)) : <gen:0> -> <gen:1>
             - CollectionQuerySpaceImpl(uid=<gen:1>, collection=entity.User.attendance)
                - SQL table alias mapping - attendance1_
                - alias suffix - 1_
                - suffixed key columns - {user_id6_0_1_}
                - entity-element alias suffix - 2_
                - 2_entity-element suffixed key columns - attendan1_0_2_
                - JOIN (JoinDefinedByMetadata(elements)) : <gen:1> -> <gen:2>
                   - EntityQuerySpaceImpl(uid=<gen:2>, entity=entity.Attendance)
                      - SQL table alias mapping - attendance1_
                      - alias suffix - 2_
                      - suffixed key columns - {attendan1_0_2_}

[DEBUG] 2024-05-01 20-17-36.227 [http-nio-8080-exec-5] EntityLoader - Static select for entity entity.User [READ]: select user0_.user_id as user_id1_1_0_, user0_.password_hash as password2_1_0_, user0_.username as username3_1_0_, attendance1_.user_id as user_id6_0_1_, attendance1_.attendance_id as attendan1_0_1_, attendance1_.attendance_id as attendan1_0_2_, attendance1_.clock_in_time as clock_in2_0_2_, attendance1_.clock_out_time as clock_ou3_0_2_, attendance1_.status as status4_0_2_, attendance1_.date as date5_0_2_, attendance1_.user_id as user_id6_0_2_ from users user0_ left outer join attendance attendance1_ on user0_.user_id=attendance1_.user_id where user0_.user_id=?
[DEBUG] 2024-05-01 20-17-36.240 [http-nio-8080-exec-5] Loader - Static select for action ACTION_MERGE on entity entity.User: select user0_.user_id as user_id1_1_1_, user0_.password_hash as password2_1_1_, user0_.username as username3_1_1_, attendance1_.user_id as user_id6_0_3_, attendance1_.attendance_id as attendan1_0_3_, attendance1_.attendance_id as attendan1_0_0_, attendance1_.clock_in_time as clock_in2_0_0_, attendance1_.clock_out_time as clock_ou3_0_0_, attendance1_.status as status4_0_0_, attendance1_.date as date5_0_0_, attendance1_.user_id as user_id6_0_0_ from users user0_ left outer join attendance attendance1_ on user0_.user_id=attendance1_.user_id where user0_.user_id=?
[DEBUG] 2024-05-01 20-17-36.241 [http-nio-8080-exec-5] Loader - Static select for action ACTION_REFRESH on entity entity.User: select user0_.user_id as user_id1_1_1_, user0_.password_hash as password2_1_1_, user0_.username as username3_1_1_, attendance1_.user_id as user_id6_0_3_, attendance1_.attendance_id as attendan1_0_3_, attendance1_.attendance_id as attendan1_0_0_, attendance1_.clock_in_time as clock_in2_0_0_, attendance1_.clock_out_time as clock_ou3_0_0_, attendance1_.status as status4_0_0_, attendance1_.date as date5_0_0_, attendance1_.user_id as user_id6_0_0_ from users user0_ left outer join attendance attendance1_ on user0_.user_id=attendance1_.user_id where user0_.user_id=?
[DEBUG] 2024-05-01 20-17-36.241 [http-nio-8080-exec-5] AbstractEntityPersister - Static SQL for entity: entity.Attendance
[DEBUG] 2024-05-01 20-17-36.241 [http-nio-8080-exec-5] AbstractEntityPersister -  Version select: select attendance_id from attendance where attendance_id =?
[DEBUG] 2024-05-01 20-17-36.241 [http-nio-8080-exec-5] AbstractEntityPersister -  Snapshot select: select attendance_.attendance_id, attendance_.clock_in_time as clock_in2_0_, attendance_.clock_out_time as clock_ou3_0_, attendance_.status as status4_0_, attendance_.date as date5_0_, attendance_.user_id as user_id6_0_ from attendance attendance_ where attendance_.attendance_id=?
[DEBUG] 2024-05-01 20-17-36.241 [http-nio-8080-exec-5] AbstractEntityPersister -  Insert 0: insert into attendance (clock_in_time, clock_out_time, status, date, user_id, attendance_id) values (?, ?, ?, ?, ?, ?)
[DEBUG] 2024-05-01 20-17-36.241 [http-nio-8080-exec-5] AbstractEntityPersister -  Update 0: update attendance set clock_in_time=?, clock_out_time=?, status=?, date=?, user_id=? where attendance_id=?
[DEBUG] 2024-05-01 20-17-36.241 [http-nio-8080-exec-5] AbstractEntityPersister -  Delete 0: delete from attendance where attendance_id=?
[DEBUG] 2024-05-01 20-17-36.241 [http-nio-8080-exec-5] AbstractEntityPersister -  Identity insert: insert into attendance (clock_in_time, clock_out_time, status, date, user_id) values (?, ?, ?, ?, ?)
[DEBUG] 2024-05-01 20-17-36.241 [http-nio-8080-exec-5] QuerySpacesImpl - Adding QuerySpace : uid = <gen:0> -> org.hibernate.loader.plan.build.internal.spaces.EntityQuerySpaceImpl@834f379]
[DEBUG] 2024-05-01 20-17-36.241 [http-nio-8080-exec-5] MetamodelGraphWalker - Visiting attribute path : clockInTime
[DEBUG] 2024-05-01 20-17-36.241 [http-nio-8080-exec-5] MetamodelGraphWalker - Visiting attribute path : clockOutTime
[DEBUG] 2024-05-01 20-17-36.241 [http-nio-8080-exec-5] MetamodelGraphWalker - Visiting attribute path : clockedStatus
[DEBUG] 2024-05-01 20-17-36.241 [http-nio-8080-exec-5] MetamodelGraphWalker - Visiting attribute path : date
[DEBUG] 2024-05-01 20-17-36.241 [http-nio-8080-exec-5] MetamodelGraphWalker - Visiting attribute path : user
[DEBUG] 2024-05-01 20-17-36.241 [http-nio-8080-exec-5] QuerySpacesImpl - Adding QuerySpace : uid = <gen:1> -> org.hibernate.loader.plan.build.internal.spaces.EntityQuerySpaceImpl@2da8a605]
[DEBUG] 2024-05-01 20-17-36.242 [http-nio-8080-exec-5] MetamodelGraphWalker - Visiting attribute path : user.attendance
[DEBUG] 2024-05-01 20-17-36.242 [http-nio-8080-exec-5] MetamodelGraphWalker - Property path deemed to be circular : user.attendance
[DEBUG] 2024-05-01 20-17-36.242 [http-nio-8080-exec-5] MetamodelGraphWalker - Visiting attribute path : user.passwordHash
[DEBUG] 2024-05-01 20-17-36.242 [http-nio-8080-exec-5] MetamodelGraphWalker - Visiting attribute path : user.username
[DEBUG] 2024-05-01 20-17-36.242 [http-nio-8080-exec-5] FetchStyleLoadPlanBuildingAssociationVisitationStrategy - Building LoadPlan...
[DEBUG] 2024-05-01 20-17-36.242 [http-nio-8080-exec-5] LoadQueryJoinAndFetchProcessor - processing queryspace <gen:0>
[DEBUG] 2024-05-01 20-17-36.242 [http-nio-8080-exec-5] LoadPlanTreePrinter - LoadPlan(entity=entity.Attendance)
    - Returns
       - EntityReturnImpl(entity=entity.Attendance, querySpaceUid=<gen:0>, path=entity.Attendance)
          - EntityAttributeFetchImpl(entity=entity.User, querySpaceUid=<gen:1>, path=entity.Attendance.user)
    - QuerySpaces
       - EntityQuerySpaceImpl(uid=<gen:0>, entity=entity.Attendance)
          - SQL table alias mapping - attendance0_
          - alias suffix - 0_
          - suffixed key columns - {attendan1_0_0_}
          - JOIN (JoinDefinedByMetadata(user)) : <gen:0> -> <gen:1>
             - EntityQuerySpaceImpl(uid=<gen:1>, entity=entity.User)
                - SQL table alias mapping - user1_
                - alias suffix - 1_
                - suffixed key columns - {user_id1_1_1_}

[DEBUG] 2024-05-01 20-17-36.242 [http-nio-8080-exec-5] EntityLoader - Static select for entity entity.Attendance [NONE]: select attendance0_.attendance_id as attendan1_0_0_, attendance0_.clock_in_time as clock_in2_0_0_, attendance0_.clock_out_time as clock_ou3_0_0_, attendance0_.status as status4_0_0_, attendance0_.date as date5_0_0_, attendance0_.user_id as user_id6_0_0_, user1_.user_id as user_id1_1_1_, user1_.password_hash as password2_1_1_, user1_.username as username3_1_1_ from attendance attendance0_ left outer join users user1_ on attendance0_.user_id=user1_.user_id where attendance0_.attendance_id=?
[DEBUG] 2024-05-01 20-17-36.243 [http-nio-8080-exec-5] QuerySpacesImpl - Adding QuerySpace : uid = <gen:0> -> org.hibernate.loader.plan.build.internal.spaces.EntityQuerySpaceImpl@4073c4df]
[DEBUG] 2024-05-01 20-17-36.243 [http-nio-8080-exec-5] MetamodelGraphWalker - Visiting attribute path : clockInTime
[DEBUG] 2024-05-01 20-17-36.243 [http-nio-8080-exec-5] MetamodelGraphWalker - Visiting attribute path : clockOutTime
[DEBUG] 2024-05-01 20-17-36.243 [http-nio-8080-exec-5] MetamodelGraphWalker - Visiting attribute path : clockedStatus
[DEBUG] 2024-05-01 20-17-36.243 [http-nio-8080-exec-5] MetamodelGraphWalker - Visiting attribute path : date
[DEBUG] 2024-05-01 20-17-36.243 [http-nio-8080-exec-5] MetamodelGraphWalker - Visiting attribute path : user
[DEBUG] 2024-05-01 20-17-36.243 [http-nio-8080-exec-5] QuerySpacesImpl - Adding QuerySpace : uid = <gen:1> -> org.hibernate.loader.plan.build.internal.spaces.EntityQuerySpaceImpl@285ca8a6]
[DEBUG] 2024-05-01 20-17-36.243 [http-nio-8080-exec-5] MetamodelGraphWalker - Visiting attribute path : user.attendance
[DEBUG] 2024-05-01 20-17-36.243 [http-nio-8080-exec-5] MetamodelGraphWalker - Property path deemed to be circular : user.attendance
[DEBUG] 2024-05-01 20-17-36.243 [http-nio-8080-exec-5] MetamodelGraphWalker - Visiting attribute path : user.passwordHash
[DEBUG] 2024-05-01 20-17-36.243 [http-nio-8080-exec-5] MetamodelGraphWalker - Visiting attribute path : user.username
[DEBUG] 2024-05-01 20-17-36.243 [http-nio-8080-exec-5] FetchStyleLoadPlanBuildingAssociationVisitationStrategy - Building LoadPlan...
[DEBUG] 2024-05-01 20-17-36.243 [http-nio-8080-exec-5] LoadQueryJoinAndFetchProcessor - processing queryspace <gen:0>
[DEBUG] 2024-05-01 20-17-36.243 [http-nio-8080-exec-5] LoadPlanTreePrinter - LoadPlan(entity=entity.Attendance)
    - Returns
       - EntityReturnImpl(entity=entity.Attendance, querySpaceUid=<gen:0>, path=entity.Attendance)
          - EntityAttributeFetchImpl(entity=entity.User, querySpaceUid=<gen:1>, path=entity.Attendance.user)
    - QuerySpaces
       - EntityQuerySpaceImpl(uid=<gen:0>, entity=entity.Attendance)
          - SQL table alias mapping - attendance0_
          - alias suffix - 0_
          - suffixed key columns - {attendan1_0_0_}
          - JOIN (JoinDefinedByMetadata(user)) : <gen:0> -> <gen:1>
             - EntityQuerySpaceImpl(uid=<gen:1>, entity=entity.User)
                - SQL table alias mapping - user1_
                - alias suffix - 1_
                - suffixed key columns - {user_id1_1_1_}

[DEBUG] 2024-05-01 20-17-36.243 [http-nio-8080-exec-5] EntityLoader - Static select for entity entity.Attendance [READ]: select attendance0_.attendance_id as attendan1_0_0_, attendance0_.clock_in_time as clock_in2_0_0_, attendance0_.clock_out_time as clock_ou3_0_0_, attendance0_.status as status4_0_0_, attendance0_.date as date5_0_0_, attendance0_.user_id as user_id6_0_0_, user1_.user_id as user_id1_1_1_, user1_.password_hash as password2_1_1_, user1_.username as username3_1_1_ from attendance attendance0_ left outer join users user1_ on attendance0_.user_id=user1_.user_id where attendance0_.attendance_id=?
[DEBUG] 2024-05-01 20-17-36.243 [http-nio-8080-exec-5] Loader - Static select for action ACTION_MERGE on entity entity.Attendance: select attendance0_.attendance_id as attendan1_0_0_, attendance0_.clock_in_time as clock_in2_0_0_, attendance0_.clock_out_time as clock_ou3_0_0_, attendance0_.status as status4_0_0_, attendance0_.date as date5_0_0_, attendance0_.user_id as user_id6_0_0_ from attendance attendance0_ where attendance0_.attendance_id=?
[DEBUG] 2024-05-01 20-17-36.243 [http-nio-8080-exec-5] Loader - Static select for action ACTION_REFRESH on entity entity.Attendance: select attendance0_.attendance_id as attendan1_0_0_, attendance0_.clock_in_time as clock_in2_0_0_, attendance0_.clock_out_time as clock_ou3_0_0_, attendance0_.status as status4_0_0_, attendance0_.date as date5_0_0_, attendance0_.user_id as user_id6_0_0_ from attendance attendance0_ where attendance0_.attendance_id=?
[DEBUG] 2024-05-01 20-17-36.248 [http-nio-8080-exec-5] QuerySpacesImpl - Adding QuerySpace : uid = <gen:0> -> org.hibernate.loader.plan.build.internal.spaces.CollectionQuerySpaceImpl@370b976f]
[DEBUG] 2024-05-01 20-17-36.248 [http-nio-8080-exec-5] QuerySpacesImpl - Adding QuerySpace : uid = <gen:1> -> org.hibernate.loader.plan.build.internal.spaces.EntityQuerySpaceImpl@1ff295b3]
[DEBUG] 2024-05-01 20-17-36.248 [http-nio-8080-exec-5] MetamodelGraphWalker - Visiting attribute path : clockInTime
[DEBUG] 2024-05-01 20-17-36.248 [http-nio-8080-exec-5] MetamodelGraphWalker - Visiting attribute path : clockOutTime
[DEBUG] 2024-05-01 20-17-36.248 [http-nio-8080-exec-5] MetamodelGraphWalker - Visiting attribute path : clockedStatus
[DEBUG] 2024-05-01 20-17-36.248 [http-nio-8080-exec-5] MetamodelGraphWalker - Visiting attribute path : date
[DEBUG] 2024-05-01 20-17-36.248 [http-nio-8080-exec-5] MetamodelGraphWalker - Visiting attribute path : user
[DEBUG] 2024-05-01 20-17-36.248 [http-nio-8080-exec-5] MetamodelGraphWalker - Property path deemed to be circular : user
[DEBUG] 2024-05-01 20-17-36.248 [http-nio-8080-exec-5] FetchStyleLoadPlanBuildingAssociationVisitationStrategy - Building LoadPlan...
[DEBUG] 2024-05-01 20-17-36.250 [http-nio-8080-exec-5] LoadQueryJoinAndFetchProcessor - processing queryspace <gen:0>
[DEBUG] 2024-05-01 20-17-36.250 [http-nio-8080-exec-5] LoadPlanTreePrinter - LoadPlan(collection=entity.User.attendance)
    - Returns
       - CollectionReturnImpl(collection=entity.User.attendance, querySpaceUid=<gen:0>, path=[entity.User.attendance])
          - (collection element) CollectionFetchableElementEntityGraph(entity=entity.Attendance, querySpaceUid=<gen:1>, path=[entity.User.attendance].<elements>)
    - QuerySpaces
       - CollectionQuerySpaceImpl(uid=<gen:0>, collection=entity.User.attendance)
          - SQL table alias mapping - attendance0_
          - alias suffix - 0_
          - suffixed key columns - {user_id6_0_0_}
          - entity-element alias suffix - 1_
          - 1_entity-element suffixed key columns - attendan1_0_1_
          - JOIN (JoinDefinedByMetadata(elements)) : <gen:0> -> <gen:1>
             - EntityQuerySpaceImpl(uid=<gen:1>, entity=entity.Attendance)
                - SQL table alias mapping - attendance0_
                - alias suffix - 1_
                - suffixed key columns - {attendan1_0_1_}

[DEBUG] 2024-05-01 20-17-36.251 [http-nio-8080-exec-5] CollectionLoader - Static select for collection entity.User.attendance: select attendance0_.user_id as user_id6_0_0_, attendance0_.attendance_id as attendan1_0_0_, attendance0_.attendance_id as attendan1_0_1_, attendance0_.clock_in_time as clock_in2_0_1_, attendance0_.clock_out_time as clock_ou3_0_1_, attendance0_.status as status4_0_1_, attendance0_.date as date5_0_1_, attendance0_.user_id as user_id6_0_1_ from attendance attendance0_ where attendance0_.user_id=?
[INFO ] 2024-05-01 20-17-36.352 [http-nio-8080-exec-5] access - HHH10001501: Connection obtained from JdbcConnectionAccess [org.hibernate.engine.jdbc.env.internal.JdbcEnvironmentInitiator$ConnectionProviderJdbcConnectionAccess@1222a5f9] for (non-JTA) DDL execution was not in auto-commit mode; the Connection 'local transaction' will be committed and the Connection will be set into auto-commit mode.
[DEBUG] 2024-05-01 20-17-36.580 [http-nio-8080-exec-5] Table - No alter strings for table : attendance
[DEBUG] 2024-05-01 20-17-36.580 [http-nio-8080-exec-5] Table - No alter strings for table : users
[DEBUG] 2024-05-01 20-17-36.804 [http-nio-8080-exec-5] JtaPlatformInitiator - No JtaPlatform was specified, checking resolver
[DEBUG] 2024-05-01 20-17-36.807 [http-nio-8080-exec-5] JtaPlatformResolverInitiator - No JtaPlatformResolver was specified, using default [org.hibernate.engine.transaction.jta.platform.internal.StandardJtaPlatformResolver]
[DEBUG] 2024-05-01 20-17-36.819 [http-nio-8080-exec-5] StandardJtaPlatformResolver - Could not resolve JtaPlatform, using default [org.hibernate.engine.transaction.jta.platform.internal.NoJtaPlatform]
[INFO ] 2024-05-01 20-17-36.819 [http-nio-8080-exec-5] JtaPlatformInitiator - HHH000490: Using JtaPlatform implementation: [org.hibernate.engine.transaction.jta.platform.internal.NoJtaPlatform]
[DEBUG] 2024-05-01 20-17-36.820 [http-nio-8080-exec-5] NamedQueryRepository - Checking 0 named HQL queries
[DEBUG] 2024-05-01 20-17-36.820 [http-nio-8080-exec-5] NamedQueryRepository - Checking 0 named SQL queries
[DEBUG] 2024-05-01 20-17-36.822 [http-nio-8080-exec-5] SessionFactoryRegistry - Initializing SessionFactoryRegistry : org.hibernate.internal.SessionFactoryRegistry@720f4694
[DEBUG] 2024-05-01 20-17-36.823 [http-nio-8080-exec-5] SessionFactoryRegistry - Registering SessionFactory: 3c33b6fc-7ea0-4ebd-993f-bdcece66bc85 (<unnamed>)
[DEBUG] 2024-05-01 20-17-36.823 [http-nio-8080-exec-5] SessionFactoryRegistry - Not binding SessionFactory to JNDI, no JNDI name configured
[DEBUG] 2024-05-01 20-17-36.904 [http-nio-8080-exec-5] StatisticsInitiator - Statistics initialized [enabled=false]
[DEBUG] 2024-05-01 20-17-36.938 [http-nio-8080-exec-5] CriteriaQueryImpl - Rendered criteria query -> select generatedAlias0 from User as generatedAlias0 where generatedAlias0.username=:param0
[DEBUG] 2024-05-01 20-17-36.952 [http-nio-8080-exec-5] QueryTranslatorFactoryInitiator - QueryTranslatorFactory: org.hibernate.hql.internal.ast.ASTQueryTranslatorFactory@34099f13
[DEBUG] 2024-05-01 20-17-36.974 [http-nio-8080-exec-5] QueryTranslatorImpl - parse() - HQL: select generatedAlias0 from entity.User as generatedAlias0 where generatedAlias0.username=:param0
[DEBUG] 2024-05-01 20-17-36.978 [http-nio-8080-exec-5] ErrorTracker - throwQueryException() : no errors
[DEBUG] 2024-05-01 20-17-36.984 [http-nio-8080-exec-5] QueryTranslatorImpl - --- HQL AST ---
 \-[QUERY] Node: 'query'
    +-[SELECT_FROM] Node: 'SELECT_FROM'
    |  +-[FROM] Node: 'from'
    |  |  \-[RANGE] Node: 'RANGE'
    |  |     +-[DOT] Node: '.'
    |  |     |  +-[IDENT] Node: 'entity'
    |  |     |  \-[IDENT] Node: 'User'
    |  |     \-[ALIAS] Node: 'generatedAlias0'
    |  \-[SELECT] Node: 'select'
    |     \-[IDENT] Node: 'generatedAlias0'
    \-[WHERE] Node: 'where'
       \-[EQ] Node: '='
          +-[DOT] Node: '.'
          |  +-[IDENT] Node: 'generatedAlias0'
          |  \-[IDENT] Node: 'username'
          \-[COLON] Node: ':'
             \-[IDENT] Node: 'param0'

[DEBUG] 2024-05-01 20-17-37.002 [http-nio-8080-exec-5] HqlSqlBaseWalker - select << begin [level=1, statement=select]
[DEBUG] 2024-05-01 20-17-37.013 [http-nio-8080-exec-5] FromElement - FromClause{level=1} : entity.User (generatedAlias0) -> user0_
[DEBUG] 2024-05-01 20-17-37.014 [http-nio-8080-exec-5] FromReferenceNode - Resolved : generatedAlias0 -> user0_.user_id
[DEBUG] 2024-05-01 20-17-37.016 [http-nio-8080-exec-5] FromReferenceNode - Resolved : generatedAlias0 -> user0_.user_id
[DEBUG] 2024-05-01 20-17-37.017 [http-nio-8080-exec-5] DotNode - getDataType() : username -> org.hibernate.type.StringType@314c3399
[DEBUG] 2024-05-01 20-17-37.018 [http-nio-8080-exec-5] FromReferenceNode - Resolved : generatedAlias0.username -> user0_.username
[DEBUG] 2024-05-01 20-17-37.020 [http-nio-8080-exec-5] HqlSqlBaseWalker - select : finishing up [level=1, statement=select]
[DEBUG] 2024-05-01 20-17-37.020 [http-nio-8080-exec-5] HqlSqlWalker - processQuery() :  ( SELECT ( {select clause} user0_.user_id ) ( FromClause{level=1} users user0_ ) ( where ( = ( user0_.username user0_.user_id username ) ? ) ) )
[DEBUG] 2024-05-01 20-17-37.028 [http-nio-8080-exec-5] JoinProcessor - Using FROM fragment [users user0_]
[DEBUG] 2024-05-01 20-17-37.029 [http-nio-8080-exec-5] HqlSqlBaseWalker - select >> end [level=1, statement=select]
[DEBUG] 2024-05-01 20-17-37.029 [http-nio-8080-exec-5] QueryTranslatorImpl - --- SQL AST ---
 \-[SELECT] QueryNode: 'SELECT'  querySpaces (users)
    +-[SELECT_CLAUSE] SelectClause: '{select clause}'
    |  +-[ALIAS_REF] IdentNode: 'user0_.user_id as user_id1_1_' {alias=generatedAlias0, className=entity.User, tableAlias=user0_}
    |  \-[SQL_TOKEN] SqlFragment: 'user0_.password_hash as password2_1_, user0_.username as username3_1_'
    +-[FROM] FromClause: 'from' FromClause{level=1, fromElementCounter=1, fromElements=1, fromElementByClassAlias=[generatedAlias0], fromElementByTableAlias=[user0_], fromElementsByPath=[], collectionJoinFromElementsByPath=[], impliedElements=[]}
    |  \-[FROM_FRAGMENT] FromElement: 'users user0_' FromElement{explicit,not a collection join,not a fetch join,fetch non-lazy properties,classAlias=generatedAlias0,role=null,tableName=users,tableAlias=user0_,origin=null,columns={,className=entity.User}}
    \-[WHERE] SqlNode: 'where'
       \-[EQ] BinaryLogicOperatorNode: '='
          +-[DOT] DotNode: 'user0_.username' {propertyName=username,dereferenceType=PRIMITIVE,getPropertyPath=username,path=generatedAlias0.username,tableAlias=user0_,className=entity.User,classAlias=generatedAlias0}
          |  +-[ALIAS_REF] IdentNode: 'user0_.user_id' {alias=generatedAlias0, className=entity.User, tableAlias=user0_}
          |  \-[IDENT] IdentNode: 'username' {originalText=username}
          \-[NAMED_PARAM] ParameterNode: '?' {name=param0, expectedType=org.hibernate.type.StringType@314c3399}

[DEBUG] 2024-05-01 20-17-37.029 [http-nio-8080-exec-5] ErrorTracker - throwQueryException() : no errors
[DEBUG] 2024-05-01 20-17-37.033 [http-nio-8080-exec-5] QueryTranslatorImpl - HQL: select generatedAlias0 from entity.User as generatedAlias0 where generatedAlias0.username=:param0
[DEBUG] 2024-05-01 20-17-37.033 [http-nio-8080-exec-5] QueryTranslatorImpl - SQL: select user0_.user_id as user_id1_1_, user0_.password_hash as password2_1_, user0_.username as username3_1_ from users user0_ where user0_.username=?
[DEBUG] 2024-05-01 20-17-37.033 [http-nio-8080-exec-5] ErrorTracker - throwQueryException() : no errors
[DEBUG] 2024-05-01 20-17-37.049 [http-nio-8080-exec-5] SQL - select user0_.user_id as user_id1_1_, user0_.password_hash as password2_1_, user0_.username as username3_1_ from users user0_ where user0_.username=?
[DEBUG] 2024-05-01 20-17-37.145 [http-nio-8080-exec-5] Loader - Result set row: 0
[DEBUG] 2024-05-01 20-17-37.152 [http-nio-8080-exec-5] Loader - Result row: EntityKey[entity.User#4]
[DEBUG] 2024-05-01 20-17-37.166 [http-nio-8080-exec-5] TwoPhaseLoad - Resolving attributes for [entity.User#4]
[DEBUG] 2024-05-01 20-17-37.167 [http-nio-8080-exec-5] TwoPhaseLoad - Processing attribute `attendance` : value = NOT NULL COLLECTION
[DEBUG] 2024-05-01 20-17-37.168 [http-nio-8080-exec-5] TwoPhaseLoad - Attribute (`attendance`)  - enhanced for lazy-loading? - false
[DEBUG] 2024-05-01 20-17-37.175 [http-nio-8080-exec-5] TwoPhaseLoad - Processing attribute `passwordHash` : value = null
[DEBUG] 2024-05-01 20-17-37.175 [http-nio-8080-exec-5] TwoPhaseLoad - Attribute (`passwordHash`)  - enhanced for lazy-loading? - false
[DEBUG] 2024-05-01 20-17-37.175 [http-nio-8080-exec-5] TwoPhaseLoad - Processing attribute `username` : value = kevg
[DEBUG] 2024-05-01 20-17-37.175 [http-nio-8080-exec-5] TwoPhaseLoad - Attribute (`username`)  - enhanced for lazy-loading? - false
[DEBUG] 2024-05-01 20-17-37.176 [http-nio-8080-exec-5] TwoPhaseLoad - Done materializing entity [entity.User#4]
[DEBUG] 2024-05-01 20-17-37.178 [http-nio-8080-exec-5] AbstractLoadPlanBasedCollectionInitializer - Loading collection: [entity.User.attendance#4]
[DEBUG] 2024-05-01 20-17-37.179 [http-nio-8080-exec-5] SQL - select attendance0_.user_id as user_id6_0_0_, attendance0_.attendance_id as attendan1_0_0_, attendance0_.attendance_id as attendan1_0_1_, attendance0_.clock_in_time as clock_in2_0_1_, attendance0_.clock_out_time as clock_ou3_0_1_, attendance0_.status as status4_0_1_, attendance0_.date as date5_0_1_, attendance0_.user_id as user_id6_0_1_ from attendance attendance0_ where attendance0_.user_id=?
[DEBUG] 2024-05-01 20-17-37.230 [http-nio-8080-exec-5] ResultSetProcessorImpl - Preparing collection initializer : [entity.User.attendance#4]
[DEBUG] 2024-05-01 20-17-37.236 [http-nio-8080-exec-5] CollectionLoadContext - 1 collections were found in result set for role: entity.User.attendance
[DEBUG] 2024-05-01 20-17-37.236 [http-nio-8080-exec-5] CollectionLoadContext - Collection fully initialized: [entity.User.attendance#4]
[DEBUG] 2024-05-01 20-17-37.236 [http-nio-8080-exec-5] CollectionLoadContext - 1 collections initialized for role: entity.User.attendance
[DEBUG] 2024-05-01 20-17-37.237 [http-nio-8080-exec-5] ResourceRegistryStandardImpl - HHH000387: ResultSet's statement was not registered
[DEBUG] 2024-05-01 20-17-37.237 [http-nio-8080-exec-5] AbstractLoadPlanBasedCollectionInitializer - Done loading collection
[DEBUG] 2024-05-01 20-17-37.238 [http-nio-8080-exec-5] LogicalConnectionManagedImpl - Initiating JDBC connection release from afterTransaction
[DEBUG] 2024-05-01 20-18-05.317 [Hibernate Connection Pool Validation Thread] DriverManagerConnectionProviderImpl - Connection pool now considered primed; min-size will be maintained
